[2024-07-01T18:39:48.618+0000] {processor.py:161} INFO - Started process (PID=38) to work on /home/airflow/.local/lib/python3.12/site-packages/airflow/example_dags/example_skip_dag.py
[2024-07-01T18:39:48.621+0000] {processor.py:830} INFO - Processing file /home/airflow/.local/lib/python3.12/site-packages/airflow/example_dags/example_skip_dag.py for tasks to queue
[2024-07-01T18:39:48.646+0000] {logging_mixin.py:188} INFO - [2024-07-01T18:39:48.645+0000] {dagbag.py:545} INFO - Filling up the DagBag from /home/airflow/.local/lib/python3.12/site-packages/airflow/example_dags/example_skip_dag.py
[2024-07-01T18:39:48.672+0000] {processor.py:840} INFO - DAG(s) 'example_skip_dag' retrieved from /home/airflow/.local/lib/python3.12/site-packages/airflow/example_dags/example_skip_dag.py
[2024-07-01T18:39:49.566+0000] {logging_mixin.py:188} INFO - [2024-07-01T18:39:49.564+0000] {override.py:1829} INFO - Created Permission View: can read on DAG:example_skip_dag
[2024-07-01T18:39:49.614+0000] {logging_mixin.py:188} INFO - [2024-07-01T18:39:49.613+0000] {override.py:1829} INFO - Created Permission View: can delete on DAG:example_skip_dag
[2024-07-01T18:39:49.639+0000] {logging_mixin.py:188} INFO - [2024-07-01T18:39:49.638+0000] {override.py:1829} INFO - Created Permission View: can edit on DAG:example_skip_dag
[2024-07-01T18:39:49.641+0000] {logging_mixin.py:188} INFO - [2024-07-01T18:39:49.641+0000] {dag.py:3096} INFO - Sync 1 DAGs
[2024-07-01T18:39:49.678+0000] {logging_mixin.py:188} INFO - [2024-07-01T18:39:49.677+0000] {dag.py:3118} INFO - Creating ORM DAG for example_skip_dag
[2024-07-01T18:39:49.716+0000] {logging_mixin.py:188} INFO - [2024-07-01T18:39:49.716+0000] {dag.py:3954} INFO - Setting next_dagrun for example_skip_dag to 2024-06-30 00:00:00+00:00, run_after=2024-07-01 00:00:00+00:00
[2024-07-01T18:39:49.804+0000] {processor.py:183} INFO - Processing /home/airflow/.local/lib/python3.12/site-packages/airflow/example_dags/example_skip_dag.py took 1.202 seconds
[2024-07-01T18:40:20.773+0000] {processor.py:161} INFO - Started process (PID=96) to work on /home/airflow/.local/lib/python3.12/site-packages/airflow/example_dags/example_skip_dag.py
[2024-07-01T18:40:20.788+0000] {processor.py:830} INFO - Processing file /home/airflow/.local/lib/python3.12/site-packages/airflow/example_dags/example_skip_dag.py for tasks to queue
[2024-07-01T18:40:20.803+0000] {logging_mixin.py:188} INFO - [2024-07-01T18:40:20.802+0000] {dagbag.py:545} INFO - Filling up the DagBag from /home/airflow/.local/lib/python3.12/site-packages/airflow/example_dags/example_skip_dag.py
[2024-07-01T18:40:20.851+0000] {processor.py:840} INFO - DAG(s) 'example_skip_dag' retrieved from /home/airflow/.local/lib/python3.12/site-packages/airflow/example_dags/example_skip_dag.py
[2024-07-01T18:40:20.937+0000] {logging_mixin.py:188} INFO - [2024-07-01T18:40:20.936+0000] {dag.py:3096} INFO - Sync 1 DAGs
[2024-07-01T18:40:21.045+0000] {logging_mixin.py:188} INFO - [2024-07-01T18:40:21.044+0000] {dag.py:3954} INFO - Setting next_dagrun for example_skip_dag to 2024-06-30 00:00:00+00:00, run_after=2024-07-01 00:00:00+00:00
[2024-07-01T18:40:21.133+0000] {processor.py:183} INFO - Processing /home/airflow/.local/lib/python3.12/site-packages/airflow/example_dags/example_skip_dag.py took 0.388 seconds
[2024-07-01T18:40:51.664+0000] {processor.py:161} INFO - Started process (PID=151) to work on /home/airflow/.local/lib/python3.12/site-packages/airflow/example_dags/example_skip_dag.py
[2024-07-01T18:40:51.668+0000] {processor.py:830} INFO - Processing file /home/airflow/.local/lib/python3.12/site-packages/airflow/example_dags/example_skip_dag.py for tasks to queue
[2024-07-01T18:40:51.672+0000] {logging_mixin.py:188} INFO - [2024-07-01T18:40:51.671+0000] {dagbag.py:545} INFO - Filling up the DagBag from /home/airflow/.local/lib/python3.12/site-packages/airflow/example_dags/example_skip_dag.py
[2024-07-01T18:40:51.702+0000] {processor.py:840} INFO - DAG(s) 'example_skip_dag' retrieved from /home/airflow/.local/lib/python3.12/site-packages/airflow/example_dags/example_skip_dag.py
[2024-07-01T18:40:51.783+0000] {logging_mixin.py:188} INFO - [2024-07-01T18:40:51.782+0000] {dag.py:3096} INFO - Sync 1 DAGs
[2024-07-01T18:40:51.881+0000] {logging_mixin.py:188} INFO - [2024-07-01T18:40:51.880+0000] {dag.py:3954} INFO - Setting next_dagrun for example_skip_dag to 2024-06-30 00:00:00+00:00, run_after=2024-07-01 00:00:00+00:00
[2024-07-01T18:40:52.013+0000] {processor.py:183} INFO - Processing /home/airflow/.local/lib/python3.12/site-packages/airflow/example_dags/example_skip_dag.py took 0.364 seconds
[2024-07-01T18:41:22.887+0000] {processor.py:161} INFO - Started process (PID=209) to work on /home/airflow/.local/lib/python3.12/site-packages/airflow/example_dags/example_skip_dag.py
[2024-07-01T18:41:22.896+0000] {processor.py:830} INFO - Processing file /home/airflow/.local/lib/python3.12/site-packages/airflow/example_dags/example_skip_dag.py for tasks to queue
[2024-07-01T18:41:22.901+0000] {logging_mixin.py:188} INFO - [2024-07-01T18:41:22.900+0000] {dagbag.py:545} INFO - Filling up the DagBag from /home/airflow/.local/lib/python3.12/site-packages/airflow/example_dags/example_skip_dag.py
[2024-07-01T18:41:22.929+0000] {processor.py:840} INFO - DAG(s) 'example_skip_dag' retrieved from /home/airflow/.local/lib/python3.12/site-packages/airflow/example_dags/example_skip_dag.py
[2024-07-01T18:41:23.018+0000] {logging_mixin.py:188} INFO - [2024-07-01T18:41:23.018+0000] {dag.py:3096} INFO - Sync 1 DAGs
[2024-07-01T18:41:23.101+0000] {logging_mixin.py:188} INFO - [2024-07-01T18:41:23.100+0000] {dag.py:3954} INFO - Setting next_dagrun for example_skip_dag to 2024-06-30 00:00:00+00:00, run_after=2024-07-01 00:00:00+00:00
[2024-07-01T18:41:23.201+0000] {processor.py:183} INFO - Processing /home/airflow/.local/lib/python3.12/site-packages/airflow/example_dags/example_skip_dag.py took 0.330 seconds
[2024-07-01T18:41:53.714+0000] {processor.py:161} INFO - Started process (PID=267) to work on /home/airflow/.local/lib/python3.12/site-packages/airflow/example_dags/example_skip_dag.py
[2024-07-01T18:41:53.745+0000] {processor.py:830} INFO - Processing file /home/airflow/.local/lib/python3.12/site-packages/airflow/example_dags/example_skip_dag.py for tasks to queue
[2024-07-01T18:41:53.755+0000] {logging_mixin.py:188} INFO - [2024-07-01T18:41:53.754+0000] {dagbag.py:545} INFO - Filling up the DagBag from /home/airflow/.local/lib/python3.12/site-packages/airflow/example_dags/example_skip_dag.py
[2024-07-01T18:41:53.794+0000] {processor.py:840} INFO - DAG(s) 'example_skip_dag' retrieved from /home/airflow/.local/lib/python3.12/site-packages/airflow/example_dags/example_skip_dag.py
[2024-07-01T18:41:53.945+0000] {logging_mixin.py:188} INFO - [2024-07-01T18:41:53.944+0000] {dag.py:3096} INFO - Sync 1 DAGs
[2024-07-01T18:41:54.137+0000] {logging_mixin.py:188} INFO - [2024-07-01T18:41:54.136+0000] {dag.py:3954} INFO - Setting next_dagrun for example_skip_dag to 2024-06-30 00:00:00+00:00, run_after=2024-07-01 00:00:00+00:00
[2024-07-01T18:41:54.317+0000] {processor.py:183} INFO - Processing /home/airflow/.local/lib/python3.12/site-packages/airflow/example_dags/example_skip_dag.py took 0.639 seconds
[2024-07-01T18:42:24.864+0000] {processor.py:161} INFO - Started process (PID=325) to work on /home/airflow/.local/lib/python3.12/site-packages/airflow/example_dags/example_skip_dag.py
[2024-07-01T18:42:24.877+0000] {processor.py:830} INFO - Processing file /home/airflow/.local/lib/python3.12/site-packages/airflow/example_dags/example_skip_dag.py for tasks to queue
[2024-07-01T18:42:24.882+0000] {logging_mixin.py:188} INFO - [2024-07-01T18:42:24.881+0000] {dagbag.py:545} INFO - Filling up the DagBag from /home/airflow/.local/lib/python3.12/site-packages/airflow/example_dags/example_skip_dag.py
[2024-07-01T18:42:24.910+0000] {processor.py:840} INFO - DAG(s) 'example_skip_dag' retrieved from /home/airflow/.local/lib/python3.12/site-packages/airflow/example_dags/example_skip_dag.py
[2024-07-01T18:42:25.009+0000] {logging_mixin.py:188} INFO - [2024-07-01T18:42:25.008+0000] {dag.py:3096} INFO - Sync 1 DAGs
[2024-07-01T18:42:25.112+0000] {logging_mixin.py:188} INFO - [2024-07-01T18:42:25.112+0000] {dag.py:3954} INFO - Setting next_dagrun for example_skip_dag to 2024-06-30 00:00:00+00:00, run_after=2024-07-01 00:00:00+00:00
[2024-07-01T18:42:25.191+0000] {processor.py:183} INFO - Processing /home/airflow/.local/lib/python3.12/site-packages/airflow/example_dags/example_skip_dag.py took 0.353 seconds
[2024-07-01T18:42:55.352+0000] {processor.py:161} INFO - Started process (PID=383) to work on /home/airflow/.local/lib/python3.12/site-packages/airflow/example_dags/example_skip_dag.py
[2024-07-01T18:42:55.356+0000] {processor.py:830} INFO - Processing file /home/airflow/.local/lib/python3.12/site-packages/airflow/example_dags/example_skip_dag.py for tasks to queue
[2024-07-01T18:42:55.361+0000] {logging_mixin.py:188} INFO - [2024-07-01T18:42:55.360+0000] {dagbag.py:545} INFO - Filling up the DagBag from /home/airflow/.local/lib/python3.12/site-packages/airflow/example_dags/example_skip_dag.py
[2024-07-01T18:42:55.380+0000] {processor.py:840} INFO - DAG(s) 'example_skip_dag' retrieved from /home/airflow/.local/lib/python3.12/site-packages/airflow/example_dags/example_skip_dag.py
[2024-07-01T18:42:55.450+0000] {logging_mixin.py:188} INFO - [2024-07-01T18:42:55.449+0000] {dag.py:3096} INFO - Sync 1 DAGs
[2024-07-01T18:42:55.528+0000] {logging_mixin.py:188} INFO - [2024-07-01T18:42:55.527+0000] {dag.py:3954} INFO - Setting next_dagrun for example_skip_dag to 2024-06-30 00:00:00+00:00, run_after=2024-07-01 00:00:00+00:00
[2024-07-01T18:42:55.585+0000] {processor.py:183} INFO - Processing /home/airflow/.local/lib/python3.12/site-packages/airflow/example_dags/example_skip_dag.py took 0.249 seconds
[2024-07-01T18:43:25.773+0000] {processor.py:161} INFO - Started process (PID=441) to work on /home/airflow/.local/lib/python3.12/site-packages/airflow/example_dags/example_skip_dag.py
[2024-07-01T18:43:25.775+0000] {processor.py:830} INFO - Processing file /home/airflow/.local/lib/python3.12/site-packages/airflow/example_dags/example_skip_dag.py for tasks to queue
[2024-07-01T18:43:25.778+0000] {logging_mixin.py:188} INFO - [2024-07-01T18:43:25.778+0000] {dagbag.py:545} INFO - Filling up the DagBag from /home/airflow/.local/lib/python3.12/site-packages/airflow/example_dags/example_skip_dag.py
[2024-07-01T18:43:25.793+0000] {processor.py:840} INFO - DAG(s) 'example_skip_dag' retrieved from /home/airflow/.local/lib/python3.12/site-packages/airflow/example_dags/example_skip_dag.py
[2024-07-01T18:43:25.831+0000] {logging_mixin.py:188} INFO - [2024-07-01T18:43:25.831+0000] {dag.py:3096} INFO - Sync 1 DAGs
[2024-07-01T18:43:25.875+0000] {logging_mixin.py:188} INFO - [2024-07-01T18:43:25.874+0000] {dag.py:3954} INFO - Setting next_dagrun for example_skip_dag to 2024-06-30 00:00:00+00:00, run_after=2024-07-01 00:00:00+00:00
[2024-07-01T18:43:25.916+0000] {processor.py:183} INFO - Processing /home/airflow/.local/lib/python3.12/site-packages/airflow/example_dags/example_skip_dag.py took 0.152 seconds
[2024-07-01T18:43:56.048+0000] {processor.py:161} INFO - Started process (PID=499) to work on /home/airflow/.local/lib/python3.12/site-packages/airflow/example_dags/example_skip_dag.py
[2024-07-01T18:43:56.051+0000] {processor.py:830} INFO - Processing file /home/airflow/.local/lib/python3.12/site-packages/airflow/example_dags/example_skip_dag.py for tasks to queue
[2024-07-01T18:43:56.054+0000] {logging_mixin.py:188} INFO - [2024-07-01T18:43:56.054+0000] {dagbag.py:545} INFO - Filling up the DagBag from /home/airflow/.local/lib/python3.12/site-packages/airflow/example_dags/example_skip_dag.py
[2024-07-01T18:43:56.067+0000] {processor.py:840} INFO - DAG(s) 'example_skip_dag' retrieved from /home/airflow/.local/lib/python3.12/site-packages/airflow/example_dags/example_skip_dag.py
[2024-07-01T18:43:56.112+0000] {logging_mixin.py:188} INFO - [2024-07-01T18:43:56.112+0000] {dag.py:3096} INFO - Sync 1 DAGs
[2024-07-01T18:43:56.162+0000] {logging_mixin.py:188} INFO - [2024-07-01T18:43:56.162+0000] {dag.py:3954} INFO - Setting next_dagrun for example_skip_dag to 2024-06-30 00:00:00+00:00, run_after=2024-07-01 00:00:00+00:00
[2024-07-01T18:43:56.215+0000] {processor.py:183} INFO - Processing /home/airflow/.local/lib/python3.12/site-packages/airflow/example_dags/example_skip_dag.py took 0.178 seconds
