[2024-07-01T18:39:55.202+0000] {processor.py:161} INFO - Started process (PID=52) to work on /home/airflow/.local/lib/python3.12/site-packages/airflow/example_dags/example_task_group_decorator.py
[2024-07-01T18:39:55.204+0000] {processor.py:830} INFO - Processing file /home/airflow/.local/lib/python3.12/site-packages/airflow/example_dags/example_task_group_decorator.py for tasks to queue
[2024-07-01T18:39:55.217+0000] {logging_mixin.py:188} INFO - [2024-07-01T18:39:55.216+0000] {dagbag.py:545} INFO - Filling up the DagBag from /home/airflow/.local/lib/python3.12/site-packages/airflow/example_dags/example_task_group_decorator.py
[2024-07-01T18:39:55.290+0000] {processor.py:840} INFO - DAG(s) 'example_task_group_decorator' retrieved from /home/airflow/.local/lib/python3.12/site-packages/airflow/example_dags/example_task_group_decorator.py
[2024-07-01T18:39:56.044+0000] {logging_mixin.py:188} INFO - [2024-07-01T18:39:56.041+0000] {override.py:1829} INFO - Created Permission View: can read on DAG:example_task_group_decorator
[2024-07-01T18:39:56.094+0000] {logging_mixin.py:188} INFO - [2024-07-01T18:39:56.093+0000] {override.py:1829} INFO - Created Permission View: can delete on DAG:example_task_group_decorator
[2024-07-01T18:39:56.142+0000] {logging_mixin.py:188} INFO - [2024-07-01T18:39:56.141+0000] {override.py:1829} INFO - Created Permission View: can edit on DAG:example_task_group_decorator
[2024-07-01T18:39:56.154+0000] {logging_mixin.py:188} INFO - [2024-07-01T18:39:56.154+0000] {dag.py:3096} INFO - Sync 1 DAGs
[2024-07-01T18:39:56.227+0000] {logging_mixin.py:188} INFO - [2024-07-01T18:39:56.221+0000] {dag.py:3118} INFO - Creating ORM DAG for example_task_group_decorator
[2024-07-01T18:39:56.269+0000] {logging_mixin.py:188} INFO - [2024-07-01T18:39:56.268+0000] {dag.py:3954} INFO - Setting next_dagrun for example_task_group_decorator to 2024-06-30 00:00:00+00:00, run_after=2024-07-01 00:00:00+00:00
[2024-07-01T18:39:56.342+0000] {processor.py:183} INFO - Processing /home/airflow/.local/lib/python3.12/site-packages/airflow/example_dags/example_task_group_decorator.py took 1.164 seconds
[2024-07-01T18:40:26.451+0000] {processor.py:161} INFO - Started process (PID=110) to work on /home/airflow/.local/lib/python3.12/site-packages/airflow/example_dags/example_task_group_decorator.py
[2024-07-01T18:40:26.454+0000] {processor.py:830} INFO - Processing file /home/airflow/.local/lib/python3.12/site-packages/airflow/example_dags/example_task_group_decorator.py for tasks to queue
[2024-07-01T18:40:26.458+0000] {logging_mixin.py:188} INFO - [2024-07-01T18:40:26.457+0000] {dagbag.py:545} INFO - Filling up the DagBag from /home/airflow/.local/lib/python3.12/site-packages/airflow/example_dags/example_task_group_decorator.py
[2024-07-01T18:40:26.521+0000] {processor.py:840} INFO - DAG(s) 'example_task_group_decorator' retrieved from /home/airflow/.local/lib/python3.12/site-packages/airflow/example_dags/example_task_group_decorator.py
[2024-07-01T18:40:26.583+0000] {logging_mixin.py:188} INFO - [2024-07-01T18:40:26.582+0000] {dag.py:3096} INFO - Sync 1 DAGs
[2024-07-01T18:40:26.620+0000] {logging_mixin.py:188} INFO - [2024-07-01T18:40:26.619+0000] {dag.py:3954} INFO - Setting next_dagrun for example_task_group_decorator to 2024-06-30 00:00:00+00:00, run_after=2024-07-01 00:00:00+00:00
[2024-07-01T18:40:26.667+0000] {processor.py:183} INFO - Processing /home/airflow/.local/lib/python3.12/site-packages/airflow/example_dags/example_task_group_decorator.py took 0.225 seconds
[2024-07-01T18:40:57.268+0000] {processor.py:161} INFO - Started process (PID=166) to work on /home/airflow/.local/lib/python3.12/site-packages/airflow/example_dags/example_task_group_decorator.py
[2024-07-01T18:40:57.274+0000] {processor.py:830} INFO - Processing file /home/airflow/.local/lib/python3.12/site-packages/airflow/example_dags/example_task_group_decorator.py for tasks to queue
[2024-07-01T18:40:57.281+0000] {logging_mixin.py:188} INFO - [2024-07-01T18:40:57.280+0000] {dagbag.py:545} INFO - Filling up the DagBag from /home/airflow/.local/lib/python3.12/site-packages/airflow/example_dags/example_task_group_decorator.py
[2024-07-01T18:40:57.357+0000] {processor.py:840} INFO - DAG(s) 'example_task_group_decorator' retrieved from /home/airflow/.local/lib/python3.12/site-packages/airflow/example_dags/example_task_group_decorator.py
[2024-07-01T18:40:57.479+0000] {logging_mixin.py:188} INFO - [2024-07-01T18:40:57.478+0000] {dag.py:3096} INFO - Sync 1 DAGs
[2024-07-01T18:40:57.593+0000] {logging_mixin.py:188} INFO - [2024-07-01T18:40:57.592+0000] {dag.py:3954} INFO - Setting next_dagrun for example_task_group_decorator to 2024-06-30 00:00:00+00:00, run_after=2024-07-01 00:00:00+00:00
[2024-07-01T18:40:57.688+0000] {processor.py:183} INFO - Processing /home/airflow/.local/lib/python3.12/site-packages/airflow/example_dags/example_task_group_decorator.py took 0.456 seconds
[2024-07-01T18:41:28.534+0000] {processor.py:161} INFO - Started process (PID=224) to work on /home/airflow/.local/lib/python3.12/site-packages/airflow/example_dags/example_task_group_decorator.py
[2024-07-01T18:41:28.539+0000] {processor.py:830} INFO - Processing file /home/airflow/.local/lib/python3.12/site-packages/airflow/example_dags/example_task_group_decorator.py for tasks to queue
[2024-07-01T18:41:28.552+0000] {logging_mixin.py:188} INFO - [2024-07-01T18:41:28.551+0000] {dagbag.py:545} INFO - Filling up the DagBag from /home/airflow/.local/lib/python3.12/site-packages/airflow/example_dags/example_task_group_decorator.py
[2024-07-01T18:41:28.630+0000] {processor.py:840} INFO - DAG(s) 'example_task_group_decorator' retrieved from /home/airflow/.local/lib/python3.12/site-packages/airflow/example_dags/example_task_group_decorator.py
[2024-07-01T18:41:28.813+0000] {logging_mixin.py:188} INFO - [2024-07-01T18:41:28.813+0000] {dag.py:3096} INFO - Sync 1 DAGs
[2024-07-01T18:41:29.054+0000] {logging_mixin.py:188} INFO - [2024-07-01T18:41:29.053+0000] {dag.py:3954} INFO - Setting next_dagrun for example_task_group_decorator to 2024-06-30 00:00:00+00:00, run_after=2024-07-01 00:00:00+00:00
[2024-07-01T18:41:29.176+0000] {processor.py:183} INFO - Processing /home/airflow/.local/lib/python3.12/site-packages/airflow/example_dags/example_task_group_decorator.py took 0.671 seconds
[2024-07-01T18:41:59.637+0000] {processor.py:161} INFO - Started process (PID=282) to work on /home/airflow/.local/lib/python3.12/site-packages/airflow/example_dags/example_task_group_decorator.py
[2024-07-01T18:41:59.639+0000] {processor.py:830} INFO - Processing file /home/airflow/.local/lib/python3.12/site-packages/airflow/example_dags/example_task_group_decorator.py for tasks to queue
[2024-07-01T18:41:59.655+0000] {logging_mixin.py:188} INFO - [2024-07-01T18:41:59.654+0000] {dagbag.py:545} INFO - Filling up the DagBag from /home/airflow/.local/lib/python3.12/site-packages/airflow/example_dags/example_task_group_decorator.py
[2024-07-01T18:41:59.711+0000] {processor.py:840} INFO - DAG(s) 'example_task_group_decorator' retrieved from /home/airflow/.local/lib/python3.12/site-packages/airflow/example_dags/example_task_group_decorator.py
[2024-07-01T18:41:59.796+0000] {logging_mixin.py:188} INFO - [2024-07-01T18:41:59.795+0000] {dag.py:3096} INFO - Sync 1 DAGs
[2024-07-01T18:41:59.871+0000] {logging_mixin.py:188} INFO - [2024-07-01T18:41:59.871+0000] {dag.py:3954} INFO - Setting next_dagrun for example_task_group_decorator to 2024-06-30 00:00:00+00:00, run_after=2024-07-01 00:00:00+00:00
[2024-07-01T18:41:59.931+0000] {processor.py:183} INFO - Processing /home/airflow/.local/lib/python3.12/site-packages/airflow/example_dags/example_task_group_decorator.py took 0.309 seconds
[2024-07-01T18:42:30.866+0000] {processor.py:161} INFO - Started process (PID=339) to work on /home/airflow/.local/lib/python3.12/site-packages/airflow/example_dags/example_task_group_decorator.py
[2024-07-01T18:42:30.899+0000] {processor.py:830} INFO - Processing file /home/airflow/.local/lib/python3.12/site-packages/airflow/example_dags/example_task_group_decorator.py for tasks to queue
[2024-07-01T18:42:30.918+0000] {logging_mixin.py:188} INFO - [2024-07-01T18:42:30.917+0000] {dagbag.py:545} INFO - Filling up the DagBag from /home/airflow/.local/lib/python3.12/site-packages/airflow/example_dags/example_task_group_decorator.py
[2024-07-01T18:42:31.016+0000] {processor.py:840} INFO - DAG(s) 'example_task_group_decorator' retrieved from /home/airflow/.local/lib/python3.12/site-packages/airflow/example_dags/example_task_group_decorator.py
[2024-07-01T18:42:31.238+0000] {logging_mixin.py:188} INFO - [2024-07-01T18:42:31.237+0000] {dag.py:3096} INFO - Sync 1 DAGs
[2024-07-01T18:42:31.389+0000] {logging_mixin.py:188} INFO - [2024-07-01T18:42:31.382+0000] {dag.py:3954} INFO - Setting next_dagrun for example_task_group_decorator to 2024-06-30 00:00:00+00:00, run_after=2024-07-01 00:00:00+00:00
[2024-07-01T18:42:31.543+0000] {processor.py:183} INFO - Processing /home/airflow/.local/lib/python3.12/site-packages/airflow/example_dags/example_task_group_decorator.py took 0.710 seconds
[2024-07-01T18:43:02.465+0000] {processor.py:161} INFO - Started process (PID=397) to work on /home/airflow/.local/lib/python3.12/site-packages/airflow/example_dags/example_task_group_decorator.py
[2024-07-01T18:43:02.468+0000] {processor.py:830} INFO - Processing file /home/airflow/.local/lib/python3.12/site-packages/airflow/example_dags/example_task_group_decorator.py for tasks to queue
[2024-07-01T18:43:02.474+0000] {logging_mixin.py:188} INFO - [2024-07-01T18:43:02.473+0000] {dagbag.py:545} INFO - Filling up the DagBag from /home/airflow/.local/lib/python3.12/site-packages/airflow/example_dags/example_task_group_decorator.py
[2024-07-01T18:43:02.518+0000] {processor.py:840} INFO - DAG(s) 'example_task_group_decorator' retrieved from /home/airflow/.local/lib/python3.12/site-packages/airflow/example_dags/example_task_group_decorator.py
[2024-07-01T18:43:02.598+0000] {logging_mixin.py:188} INFO - [2024-07-01T18:43:02.597+0000] {dag.py:3096} INFO - Sync 1 DAGs
[2024-07-01T18:43:02.673+0000] {logging_mixin.py:188} INFO - [2024-07-01T18:43:02.672+0000] {dag.py:3954} INFO - Setting next_dagrun for example_task_group_decorator to 2024-06-30 00:00:00+00:00, run_after=2024-07-01 00:00:00+00:00
[2024-07-01T18:43:02.747+0000] {processor.py:183} INFO - Processing /home/airflow/.local/lib/python3.12/site-packages/airflow/example_dags/example_task_group_decorator.py took 0.293 seconds
[2024-07-01T18:43:33.209+0000] {processor.py:161} INFO - Started process (PID=455) to work on /home/airflow/.local/lib/python3.12/site-packages/airflow/example_dags/example_task_group_decorator.py
[2024-07-01T18:43:33.214+0000] {processor.py:830} INFO - Processing file /home/airflow/.local/lib/python3.12/site-packages/airflow/example_dags/example_task_group_decorator.py for tasks to queue
[2024-07-01T18:43:33.220+0000] {logging_mixin.py:188} INFO - [2024-07-01T18:43:33.218+0000] {dagbag.py:545} INFO - Filling up the DagBag from /home/airflow/.local/lib/python3.12/site-packages/airflow/example_dags/example_task_group_decorator.py
[2024-07-01T18:43:33.312+0000] {processor.py:840} INFO - DAG(s) 'example_task_group_decorator' retrieved from /home/airflow/.local/lib/python3.12/site-packages/airflow/example_dags/example_task_group_decorator.py
[2024-07-01T18:43:33.421+0000] {logging_mixin.py:188} INFO - [2024-07-01T18:43:33.420+0000] {dag.py:3096} INFO - Sync 1 DAGs
[2024-07-01T18:43:33.571+0000] {logging_mixin.py:188} INFO - [2024-07-01T18:43:33.571+0000] {dag.py:3954} INFO - Setting next_dagrun for example_task_group_decorator to 2024-06-30 00:00:00+00:00, run_after=2024-07-01 00:00:00+00:00
[2024-07-01T18:43:33.684+0000] {processor.py:183} INFO - Processing /home/airflow/.local/lib/python3.12/site-packages/airflow/example_dags/example_task_group_decorator.py took 0.496 seconds
[2024-07-01T18:44:04.271+0000] {processor.py:161} INFO - Started process (PID=513) to work on /home/airflow/.local/lib/python3.12/site-packages/airflow/example_dags/example_task_group_decorator.py
[2024-07-01T18:44:04.273+0000] {processor.py:830} INFO - Processing file /home/airflow/.local/lib/python3.12/site-packages/airflow/example_dags/example_task_group_decorator.py for tasks to queue
[2024-07-01T18:44:04.278+0000] {logging_mixin.py:188} INFO - [2024-07-01T18:44:04.277+0000] {dagbag.py:545} INFO - Filling up the DagBag from /home/airflow/.local/lib/python3.12/site-packages/airflow/example_dags/example_task_group_decorator.py
[2024-07-01T18:44:04.336+0000] {processor.py:840} INFO - DAG(s) 'example_task_group_decorator' retrieved from /home/airflow/.local/lib/python3.12/site-packages/airflow/example_dags/example_task_group_decorator.py
[2024-07-01T18:44:04.389+0000] {logging_mixin.py:188} INFO - [2024-07-01T18:44:04.389+0000] {dag.py:3096} INFO - Sync 1 DAGs
[2024-07-01T18:44:04.433+0000] {logging_mixin.py:188} INFO - [2024-07-01T18:44:04.433+0000] {dag.py:3954} INFO - Setting next_dagrun for example_task_group_decorator to 2024-06-30 00:00:00+00:00, run_after=2024-07-01 00:00:00+00:00
[2024-07-01T18:44:04.491+0000] {processor.py:183} INFO - Processing /home/airflow/.local/lib/python3.12/site-packages/airflow/example_dags/example_task_group_decorator.py took 0.238 seconds
