[2024-07-01T18:39:48.603+0000] {processor.py:161} INFO - Started process (PID=37) to work on /home/airflow/.local/lib/python3.12/site-packages/airflow/example_dags/example_sensor_decorator.py
[2024-07-01T18:39:48.606+0000] {processor.py:830} INFO - Processing file /home/airflow/.local/lib/python3.12/site-packages/airflow/example_dags/example_sensor_decorator.py for tasks to queue
[2024-07-01T18:39:48.611+0000] {logging_mixin.py:188} INFO - [2024-07-01T18:39:48.609+0000] {dagbag.py:545} INFO - Filling up the DagBag from /home/airflow/.local/lib/python3.12/site-packages/airflow/example_dags/example_sensor_decorator.py
[2024-07-01T18:39:48.670+0000] {processor.py:840} INFO - DAG(s) 'example_sensor_decorator' retrieved from /home/airflow/.local/lib/python3.12/site-packages/airflow/example_dags/example_sensor_decorator.py
[2024-07-01T18:39:49.547+0000] {logging_mixin.py:188} INFO - [2024-07-01T18:39:49.542+0000] {override.py:1829} INFO - Created Permission View: can read on DAG:example_sensor_decorator
[2024-07-01T18:39:49.601+0000] {logging_mixin.py:188} INFO - [2024-07-01T18:39:49.600+0000] {override.py:1829} INFO - Created Permission View: can delete on DAG:example_sensor_decorator
[2024-07-01T18:39:49.628+0000] {logging_mixin.py:188} INFO - [2024-07-01T18:39:49.627+0000] {override.py:1829} INFO - Created Permission View: can edit on DAG:example_sensor_decorator
[2024-07-01T18:39:49.631+0000] {logging_mixin.py:188} INFO - [2024-07-01T18:39:49.631+0000] {dag.py:3096} INFO - Sync 1 DAGs
[2024-07-01T18:39:49.671+0000] {logging_mixin.py:188} INFO - [2024-07-01T18:39:49.671+0000] {dag.py:3118} INFO - Creating ORM DAG for example_sensor_decorator
[2024-07-01T18:39:49.673+0000] {logging_mixin.py:188} INFO - [2024-07-01T18:39:49.673+0000] {dag.py:3954} INFO - Setting next_dagrun for example_sensor_decorator to None, run_after=None
[2024-07-01T18:39:49.738+0000] {processor.py:183} INFO - Processing /home/airflow/.local/lib/python3.12/site-packages/airflow/example_dags/example_sensor_decorator.py took 1.148 seconds
[2024-07-01T18:40:20.282+0000] {processor.py:161} INFO - Started process (PID=95) to work on /home/airflow/.local/lib/python3.12/site-packages/airflow/example_dags/example_sensor_decorator.py
[2024-07-01T18:40:20.293+0000] {processor.py:830} INFO - Processing file /home/airflow/.local/lib/python3.12/site-packages/airflow/example_dags/example_sensor_decorator.py for tasks to queue
[2024-07-01T18:40:20.301+0000] {logging_mixin.py:188} INFO - [2024-07-01T18:40:20.300+0000] {dagbag.py:545} INFO - Filling up the DagBag from /home/airflow/.local/lib/python3.12/site-packages/airflow/example_dags/example_sensor_decorator.py
[2024-07-01T18:40:20.355+0000] {processor.py:840} INFO - DAG(s) 'example_sensor_decorator' retrieved from /home/airflow/.local/lib/python3.12/site-packages/airflow/example_dags/example_sensor_decorator.py
[2024-07-01T18:40:20.454+0000] {logging_mixin.py:188} INFO - [2024-07-01T18:40:20.452+0000] {dag.py:3096} INFO - Sync 1 DAGs
[2024-07-01T18:40:20.511+0000] {logging_mixin.py:188} INFO - [2024-07-01T18:40:20.510+0000] {dag.py:3954} INFO - Setting next_dagrun for example_sensor_decorator to None, run_after=None
[2024-07-01T18:40:20.626+0000] {processor.py:183} INFO - Processing /home/airflow/.local/lib/python3.12/site-packages/airflow/example_dags/example_sensor_decorator.py took 0.410 seconds
[2024-07-01T18:40:51.663+0000] {processor.py:161} INFO - Started process (PID=150) to work on /home/airflow/.local/lib/python3.12/site-packages/airflow/example_dags/example_sensor_decorator.py
[2024-07-01T18:40:51.666+0000] {processor.py:830} INFO - Processing file /home/airflow/.local/lib/python3.12/site-packages/airflow/example_dags/example_sensor_decorator.py for tasks to queue
[2024-07-01T18:40:51.671+0000] {logging_mixin.py:188} INFO - [2024-07-01T18:40:51.670+0000] {dagbag.py:545} INFO - Filling up the DagBag from /home/airflow/.local/lib/python3.12/site-packages/airflow/example_dags/example_sensor_decorator.py
[2024-07-01T18:40:51.689+0000] {processor.py:840} INFO - DAG(s) 'example_sensor_decorator' retrieved from /home/airflow/.local/lib/python3.12/site-packages/airflow/example_dags/example_sensor_decorator.py
[2024-07-01T18:40:51.766+0000] {logging_mixin.py:188} INFO - [2024-07-01T18:40:51.765+0000] {dag.py:3096} INFO - Sync 1 DAGs
[2024-07-01T18:40:51.825+0000] {logging_mixin.py:188} INFO - [2024-07-01T18:40:51.824+0000] {dag.py:3954} INFO - Setting next_dagrun for example_sensor_decorator to None, run_after=None
[2024-07-01T18:40:51.951+0000] {processor.py:183} INFO - Processing /home/airflow/.local/lib/python3.12/site-packages/airflow/example_dags/example_sensor_decorator.py took 0.302 seconds
[2024-07-01T18:41:22.881+0000] {processor.py:161} INFO - Started process (PID=208) to work on /home/airflow/.local/lib/python3.12/site-packages/airflow/example_dags/example_sensor_decorator.py
[2024-07-01T18:41:22.895+0000] {processor.py:830} INFO - Processing file /home/airflow/.local/lib/python3.12/site-packages/airflow/example_dags/example_sensor_decorator.py for tasks to queue
[2024-07-01T18:41:22.901+0000] {logging_mixin.py:188} INFO - [2024-07-01T18:41:22.900+0000] {dagbag.py:545} INFO - Filling up the DagBag from /home/airflow/.local/lib/python3.12/site-packages/airflow/example_dags/example_sensor_decorator.py
[2024-07-01T18:41:22.920+0000] {processor.py:840} INFO - DAG(s) 'example_sensor_decorator' retrieved from /home/airflow/.local/lib/python3.12/site-packages/airflow/example_dags/example_sensor_decorator.py
[2024-07-01T18:41:22.984+0000] {logging_mixin.py:188} INFO - [2024-07-01T18:41:22.982+0000] {dag.py:3096} INFO - Sync 1 DAGs
[2024-07-01T18:41:23.041+0000] {logging_mixin.py:188} INFO - [2024-07-01T18:41:23.040+0000] {dag.py:3954} INFO - Setting next_dagrun for example_sensor_decorator to None, run_after=None
[2024-07-01T18:41:23.124+0000] {processor.py:183} INFO - Processing /home/airflow/.local/lib/python3.12/site-packages/airflow/example_dags/example_sensor_decorator.py took 0.253 seconds
[2024-07-01T18:41:53.704+0000] {processor.py:161} INFO - Started process (PID=266) to work on /home/airflow/.local/lib/python3.12/site-packages/airflow/example_dags/example_sensor_decorator.py
[2024-07-01T18:41:53.735+0000] {processor.py:830} INFO - Processing file /home/airflow/.local/lib/python3.12/site-packages/airflow/example_dags/example_sensor_decorator.py for tasks to queue
[2024-07-01T18:41:53.757+0000] {logging_mixin.py:188} INFO - [2024-07-01T18:41:53.756+0000] {dagbag.py:545} INFO - Filling up the DagBag from /home/airflow/.local/lib/python3.12/site-packages/airflow/example_dags/example_sensor_decorator.py
[2024-07-01T18:41:53.784+0000] {processor.py:840} INFO - DAG(s) 'example_sensor_decorator' retrieved from /home/airflow/.local/lib/python3.12/site-packages/airflow/example_dags/example_sensor_decorator.py
[2024-07-01T18:41:53.918+0000] {logging_mixin.py:188} INFO - [2024-07-01T18:41:53.918+0000] {dag.py:3096} INFO - Sync 1 DAGs
[2024-07-01T18:41:53.996+0000] {logging_mixin.py:188} INFO - [2024-07-01T18:41:53.995+0000] {dag.py:3954} INFO - Setting next_dagrun for example_sensor_decorator to None, run_after=None
[2024-07-01T18:41:54.132+0000] {processor.py:183} INFO - Processing /home/airflow/.local/lib/python3.12/site-packages/airflow/example_dags/example_sensor_decorator.py took 0.455 seconds
[2024-07-01T18:42:24.395+0000] {processor.py:161} INFO - Started process (PID=324) to work on /home/airflow/.local/lib/python3.12/site-packages/airflow/example_dags/example_sensor_decorator.py
[2024-07-01T18:42:24.398+0000] {processor.py:830} INFO - Processing file /home/airflow/.local/lib/python3.12/site-packages/airflow/example_dags/example_sensor_decorator.py for tasks to queue
[2024-07-01T18:42:24.403+0000] {logging_mixin.py:188} INFO - [2024-07-01T18:42:24.402+0000] {dagbag.py:545} INFO - Filling up the DagBag from /home/airflow/.local/lib/python3.12/site-packages/airflow/example_dags/example_sensor_decorator.py
[2024-07-01T18:42:24.424+0000] {processor.py:840} INFO - DAG(s) 'example_sensor_decorator' retrieved from /home/airflow/.local/lib/python3.12/site-packages/airflow/example_dags/example_sensor_decorator.py
[2024-07-01T18:42:24.486+0000] {logging_mixin.py:188} INFO - [2024-07-01T18:42:24.485+0000] {dag.py:3096} INFO - Sync 1 DAGs
[2024-07-01T18:42:24.546+0000] {logging_mixin.py:188} INFO - [2024-07-01T18:42:24.546+0000] {dag.py:3954} INFO - Setting next_dagrun for example_sensor_decorator to None, run_after=None
[2024-07-01T18:42:24.668+0000] {processor.py:183} INFO - Processing /home/airflow/.local/lib/python3.12/site-packages/airflow/example_dags/example_sensor_decorator.py took 0.290 seconds
[2024-07-01T18:42:54.876+0000] {processor.py:161} INFO - Started process (PID=380) to work on /home/airflow/.local/lib/python3.12/site-packages/airflow/example_dags/example_sensor_decorator.py
[2024-07-01T18:42:54.879+0000] {processor.py:830} INFO - Processing file /home/airflow/.local/lib/python3.12/site-packages/airflow/example_dags/example_sensor_decorator.py for tasks to queue
[2024-07-01T18:42:54.884+0000] {logging_mixin.py:188} INFO - [2024-07-01T18:42:54.883+0000] {dagbag.py:545} INFO - Filling up the DagBag from /home/airflow/.local/lib/python3.12/site-packages/airflow/example_dags/example_sensor_decorator.py
[2024-07-01T18:42:54.904+0000] {processor.py:840} INFO - DAG(s) 'example_sensor_decorator' retrieved from /home/airflow/.local/lib/python3.12/site-packages/airflow/example_dags/example_sensor_decorator.py
[2024-07-01T18:42:54.969+0000] {logging_mixin.py:188} INFO - [2024-07-01T18:42:54.968+0000] {dag.py:3096} INFO - Sync 1 DAGs
[2024-07-01T18:42:55.011+0000] {logging_mixin.py:188} INFO - [2024-07-01T18:42:55.010+0000] {dag.py:3954} INFO - Setting next_dagrun for example_sensor_decorator to None, run_after=None
[2024-07-01T18:42:55.086+0000] {processor.py:183} INFO - Processing /home/airflow/.local/lib/python3.12/site-packages/airflow/example_dags/example_sensor_decorator.py took 0.222 seconds
[2024-07-01T18:43:25.402+0000] {processor.py:161} INFO - Started process (PID=438) to work on /home/airflow/.local/lib/python3.12/site-packages/airflow/example_dags/example_sensor_decorator.py
[2024-07-01T18:43:25.415+0000] {processor.py:830} INFO - Processing file /home/airflow/.local/lib/python3.12/site-packages/airflow/example_dags/example_sensor_decorator.py for tasks to queue
[2024-07-01T18:43:25.418+0000] {logging_mixin.py:188} INFO - [2024-07-01T18:43:25.417+0000] {dagbag.py:545} INFO - Filling up the DagBag from /home/airflow/.local/lib/python3.12/site-packages/airflow/example_dags/example_sensor_decorator.py
[2024-07-01T18:43:25.436+0000] {processor.py:840} INFO - DAG(s) 'example_sensor_decorator' retrieved from /home/airflow/.local/lib/python3.12/site-packages/airflow/example_dags/example_sensor_decorator.py
[2024-07-01T18:43:25.485+0000] {logging_mixin.py:188} INFO - [2024-07-01T18:43:25.485+0000] {dag.py:3096} INFO - Sync 1 DAGs
[2024-07-01T18:43:25.525+0000] {logging_mixin.py:188} INFO - [2024-07-01T18:43:25.524+0000] {dag.py:3954} INFO - Setting next_dagrun for example_sensor_decorator to None, run_after=None
[2024-07-01T18:43:25.590+0000] {processor.py:183} INFO - Processing /home/airflow/.local/lib/python3.12/site-packages/airflow/example_dags/example_sensor_decorator.py took 0.203 seconds
[2024-07-01T18:43:55.742+0000] {processor.py:161} INFO - Started process (PID=496) to work on /home/airflow/.local/lib/python3.12/site-packages/airflow/example_dags/example_sensor_decorator.py
[2024-07-01T18:43:55.745+0000] {processor.py:830} INFO - Processing file /home/airflow/.local/lib/python3.12/site-packages/airflow/example_dags/example_sensor_decorator.py for tasks to queue
[2024-07-01T18:43:55.748+0000] {logging_mixin.py:188} INFO - [2024-07-01T18:43:55.747+0000] {dagbag.py:545} INFO - Filling up the DagBag from /home/airflow/.local/lib/python3.12/site-packages/airflow/example_dags/example_sensor_decorator.py
[2024-07-01T18:43:55.758+0000] {processor.py:840} INFO - DAG(s) 'example_sensor_decorator' retrieved from /home/airflow/.local/lib/python3.12/site-packages/airflow/example_dags/example_sensor_decorator.py
[2024-07-01T18:43:55.799+0000] {logging_mixin.py:188} INFO - [2024-07-01T18:43:55.799+0000] {dag.py:3096} INFO - Sync 1 DAGs
[2024-07-01T18:43:55.828+0000] {logging_mixin.py:188} INFO - [2024-07-01T18:43:55.827+0000] {dag.py:3954} INFO - Setting next_dagrun for example_sensor_decorator to None, run_after=None
[2024-07-01T18:43:55.874+0000] {processor.py:183} INFO - Processing /home/airflow/.local/lib/python3.12/site-packages/airflow/example_dags/example_sensor_decorator.py took 0.141 seconds
