[2024-07-01T18:40:08.282+0000] {processor.py:161} INFO - Started process (PID=75) to work on /home/airflow/.local/lib/python3.12/site-packages/airflow/example_dags/example_python_operator.py
[2024-07-01T18:40:08.288+0000] {processor.py:830} INFO - Processing file /home/airflow/.local/lib/python3.12/site-packages/airflow/example_dags/example_python_operator.py for tasks to queue
[2024-07-01T18:40:08.304+0000] {logging_mixin.py:188} INFO - [2024-07-01T18:40:08.303+0000] {dagbag.py:545} INFO - Filling up the DagBag from /home/airflow/.local/lib/python3.12/site-packages/airflow/example_dags/example_python_operator.py
[2024-07-01T18:40:08.370+0000] {processor.py:840} INFO - DAG(s) 'example_python_operator' retrieved from /home/airflow/.local/lib/python3.12/site-packages/airflow/example_dags/example_python_operator.py
[2024-07-01T18:40:09.044+0000] {logging_mixin.py:188} INFO - [2024-07-01T18:40:09.041+0000] {override.py:1829} INFO - Created Permission View: can read on DAG:example_python_operator
[2024-07-01T18:40:09.095+0000] {logging_mixin.py:188} INFO - [2024-07-01T18:40:09.094+0000] {override.py:1829} INFO - Created Permission View: can delete on DAG:example_python_operator
[2024-07-01T18:40:09.123+0000] {logging_mixin.py:188} INFO - [2024-07-01T18:40:09.122+0000] {override.py:1829} INFO - Created Permission View: can edit on DAG:example_python_operator
[2024-07-01T18:40:09.130+0000] {logging_mixin.py:188} INFO - [2024-07-01T18:40:09.129+0000] {dag.py:3096} INFO - Sync 1 DAGs
[2024-07-01T18:40:09.183+0000] {logging_mixin.py:188} INFO - [2024-07-01T18:40:09.182+0000] {dag.py:3118} INFO - Creating ORM DAG for example_python_operator
[2024-07-01T18:40:09.186+0000] {logging_mixin.py:188} INFO - [2024-07-01T18:40:09.185+0000] {dag.py:3954} INFO - Setting next_dagrun for example_python_operator to None, run_after=None
[2024-07-01T18:40:09.255+0000] {processor.py:183} INFO - Processing /home/airflow/.local/lib/python3.12/site-packages/airflow/example_dags/example_python_operator.py took 0.996 seconds
[2024-07-01T18:40:40.109+0000] {processor.py:161} INFO - Started process (PID=133) to work on /home/airflow/.local/lib/python3.12/site-packages/airflow/example_dags/example_python_operator.py
[2024-07-01T18:40:40.113+0000] {processor.py:830} INFO - Processing file /home/airflow/.local/lib/python3.12/site-packages/airflow/example_dags/example_python_operator.py for tasks to queue
[2024-07-01T18:40:40.119+0000] {logging_mixin.py:188} INFO - [2024-07-01T18:40:40.118+0000] {dagbag.py:545} INFO - Filling up the DagBag from /home/airflow/.local/lib/python3.12/site-packages/airflow/example_dags/example_python_operator.py
[2024-07-01T18:40:40.164+0000] {processor.py:840} INFO - DAG(s) 'example_python_operator' retrieved from /home/airflow/.local/lib/python3.12/site-packages/airflow/example_dags/example_python_operator.py
[2024-07-01T18:40:40.270+0000] {logging_mixin.py:188} INFO - [2024-07-01T18:40:40.269+0000] {dag.py:3096} INFO - Sync 1 DAGs
[2024-07-01T18:40:40.349+0000] {logging_mixin.py:188} INFO - [2024-07-01T18:40:40.348+0000] {dag.py:3954} INFO - Setting next_dagrun for example_python_operator to None, run_after=None
[2024-07-01T18:40:40.457+0000] {processor.py:183} INFO - Processing /home/airflow/.local/lib/python3.12/site-packages/airflow/example_dags/example_python_operator.py took 0.366 seconds
[2024-07-01T18:41:10.995+0000] {processor.py:161} INFO - Started process (PID=190) to work on /home/airflow/.local/lib/python3.12/site-packages/airflow/example_dags/example_python_operator.py
[2024-07-01T18:41:11.003+0000] {processor.py:830} INFO - Processing file /home/airflow/.local/lib/python3.12/site-packages/airflow/example_dags/example_python_operator.py for tasks to queue
[2024-07-01T18:41:11.010+0000] {logging_mixin.py:188} INFO - [2024-07-01T18:41:11.009+0000] {dagbag.py:545} INFO - Filling up the DagBag from /home/airflow/.local/lib/python3.12/site-packages/airflow/example_dags/example_python_operator.py
[2024-07-01T18:41:11.064+0000] {processor.py:840} INFO - DAG(s) 'example_python_operator' retrieved from /home/airflow/.local/lib/python3.12/site-packages/airflow/example_dags/example_python_operator.py
[2024-07-01T18:41:11.191+0000] {logging_mixin.py:188} INFO - [2024-07-01T18:41:11.183+0000] {dag.py:3096} INFO - Sync 1 DAGs
[2024-07-01T18:41:11.293+0000] {logging_mixin.py:188} INFO - [2024-07-01T18:41:11.293+0000] {dag.py:3954} INFO - Setting next_dagrun for example_python_operator to None, run_after=None
[2024-07-01T18:41:11.395+0000] {processor.py:183} INFO - Processing /home/airflow/.local/lib/python3.12/site-packages/airflow/example_dags/example_python_operator.py took 0.415 seconds
[2024-07-01T18:41:42.277+0000] {processor.py:161} INFO - Started process (PID=248) to work on /home/airflow/.local/lib/python3.12/site-packages/airflow/example_dags/example_python_operator.py
[2024-07-01T18:41:42.309+0000] {processor.py:830} INFO - Processing file /home/airflow/.local/lib/python3.12/site-packages/airflow/example_dags/example_python_operator.py for tasks to queue
[2024-07-01T18:41:42.313+0000] {logging_mixin.py:188} INFO - [2024-07-01T18:41:42.312+0000] {dagbag.py:545} INFO - Filling up the DagBag from /home/airflow/.local/lib/python3.12/site-packages/airflow/example_dags/example_python_operator.py
[2024-07-01T18:41:42.371+0000] {processor.py:840} INFO - DAG(s) 'example_python_operator' retrieved from /home/airflow/.local/lib/python3.12/site-packages/airflow/example_dags/example_python_operator.py
[2024-07-01T18:41:42.457+0000] {logging_mixin.py:188} INFO - [2024-07-01T18:41:42.457+0000] {dag.py:3096} INFO - Sync 1 DAGs
[2024-07-01T18:41:42.515+0000] {logging_mixin.py:188} INFO - [2024-07-01T18:41:42.515+0000] {dag.py:3954} INFO - Setting next_dagrun for example_python_operator to None, run_after=None
[2024-07-01T18:41:42.595+0000] {processor.py:183} INFO - Processing /home/airflow/.local/lib/python3.12/site-packages/airflow/example_dags/example_python_operator.py took 0.330 seconds
[2024-07-01T18:42:13.219+0000] {processor.py:161} INFO - Started process (PID=306) to work on /home/airflow/.local/lib/python3.12/site-packages/airflow/example_dags/example_python_operator.py
[2024-07-01T18:42:13.224+0000] {processor.py:830} INFO - Processing file /home/airflow/.local/lib/python3.12/site-packages/airflow/example_dags/example_python_operator.py for tasks to queue
[2024-07-01T18:42:13.229+0000] {logging_mixin.py:188} INFO - [2024-07-01T18:42:13.228+0000] {dagbag.py:545} INFO - Filling up the DagBag from /home/airflow/.local/lib/python3.12/site-packages/airflow/example_dags/example_python_operator.py
[2024-07-01T18:42:13.261+0000] {processor.py:840} INFO - DAG(s) 'example_python_operator' retrieved from /home/airflow/.local/lib/python3.12/site-packages/airflow/example_dags/example_python_operator.py
[2024-07-01T18:42:13.372+0000] {logging_mixin.py:188} INFO - [2024-07-01T18:42:13.372+0000] {dag.py:3096} INFO - Sync 1 DAGs
[2024-07-01T18:42:13.435+0000] {logging_mixin.py:188} INFO - [2024-07-01T18:42:13.434+0000] {dag.py:3954} INFO - Setting next_dagrun for example_python_operator to None, run_after=None
[2024-07-01T18:42:13.520+0000] {processor.py:183} INFO - Processing /home/airflow/.local/lib/python3.12/site-packages/airflow/example_dags/example_python_operator.py took 0.317 seconds
[2024-07-01T18:42:44.026+0000] {processor.py:161} INFO - Started process (PID=361) to work on /home/airflow/.local/lib/python3.12/site-packages/airflow/example_dags/example_python_operator.py
[2024-07-01T18:42:44.028+0000] {processor.py:830} INFO - Processing file /home/airflow/.local/lib/python3.12/site-packages/airflow/example_dags/example_python_operator.py for tasks to queue
[2024-07-01T18:42:44.036+0000] {logging_mixin.py:188} INFO - [2024-07-01T18:42:44.032+0000] {dagbag.py:545} INFO - Filling up the DagBag from /home/airflow/.local/lib/python3.12/site-packages/airflow/example_dags/example_python_operator.py
[2024-07-01T18:42:44.083+0000] {processor.py:840} INFO - DAG(s) 'example_python_operator' retrieved from /home/airflow/.local/lib/python3.12/site-packages/airflow/example_dags/example_python_operator.py
[2024-07-01T18:42:44.169+0000] {logging_mixin.py:188} INFO - [2024-07-01T18:42:44.168+0000] {dag.py:3096} INFO - Sync 1 DAGs
[2024-07-01T18:42:44.209+0000] {logging_mixin.py:188} INFO - [2024-07-01T18:42:44.208+0000] {dag.py:3954} INFO - Setting next_dagrun for example_python_operator to None, run_after=None
[2024-07-01T18:42:44.274+0000] {processor.py:183} INFO - Processing /home/airflow/.local/lib/python3.12/site-packages/airflow/example_dags/example_python_operator.py took 0.268 seconds
[2024-07-01T18:43:15.088+0000] {processor.py:161} INFO - Started process (PID=419) to work on /home/airflow/.local/lib/python3.12/site-packages/airflow/example_dags/example_python_operator.py
[2024-07-01T18:43:15.090+0000] {processor.py:830} INFO - Processing file /home/airflow/.local/lib/python3.12/site-packages/airflow/example_dags/example_python_operator.py for tasks to queue
[2024-07-01T18:43:15.093+0000] {logging_mixin.py:188} INFO - [2024-07-01T18:43:15.093+0000] {dagbag.py:545} INFO - Filling up the DagBag from /home/airflow/.local/lib/python3.12/site-packages/airflow/example_dags/example_python_operator.py
[2024-07-01T18:43:15.114+0000] {processor.py:840} INFO - DAG(s) 'example_python_operator' retrieved from /home/airflow/.local/lib/python3.12/site-packages/airflow/example_dags/example_python_operator.py
[2024-07-01T18:43:15.167+0000] {logging_mixin.py:188} INFO - [2024-07-01T18:43:15.166+0000] {dag.py:3096} INFO - Sync 1 DAGs
[2024-07-01T18:43:15.199+0000] {logging_mixin.py:188} INFO - [2024-07-01T18:43:15.199+0000] {dag.py:3954} INFO - Setting next_dagrun for example_python_operator to None, run_after=None
[2024-07-01T18:43:15.246+0000] {processor.py:183} INFO - Processing /home/airflow/.local/lib/python3.12/site-packages/airflow/example_dags/example_python_operator.py took 0.171 seconds
[2024-07-01T18:43:45.408+0000] {processor.py:161} INFO - Started process (PID=477) to work on /home/airflow/.local/lib/python3.12/site-packages/airflow/example_dags/example_python_operator.py
[2024-07-01T18:43:45.411+0000] {processor.py:830} INFO - Processing file /home/airflow/.local/lib/python3.12/site-packages/airflow/example_dags/example_python_operator.py for tasks to queue
[2024-07-01T18:43:45.415+0000] {logging_mixin.py:188} INFO - [2024-07-01T18:43:45.414+0000] {dagbag.py:545} INFO - Filling up the DagBag from /home/airflow/.local/lib/python3.12/site-packages/airflow/example_dags/example_python_operator.py
[2024-07-01T18:43:45.437+0000] {processor.py:840} INFO - DAG(s) 'example_python_operator' retrieved from /home/airflow/.local/lib/python3.12/site-packages/airflow/example_dags/example_python_operator.py
[2024-07-01T18:43:45.496+0000] {logging_mixin.py:188} INFO - [2024-07-01T18:43:45.495+0000] {dag.py:3096} INFO - Sync 1 DAGs
[2024-07-01T18:43:45.531+0000] {logging_mixin.py:188} INFO - [2024-07-01T18:43:45.530+0000] {dag.py:3954} INFO - Setting next_dagrun for example_python_operator to None, run_after=None
[2024-07-01T18:43:45.581+0000] {processor.py:183} INFO - Processing /home/airflow/.local/lib/python3.12/site-packages/airflow/example_dags/example_python_operator.py took 0.186 seconds
[2024-07-01T18:44:16.737+0000] {processor.py:161} INFO - Started process (PID=535) to work on /home/airflow/.local/lib/python3.12/site-packages/airflow/example_dags/example_python_operator.py
[2024-07-01T18:44:16.742+0000] {processor.py:830} INFO - Processing file /home/airflow/.local/lib/python3.12/site-packages/airflow/example_dags/example_python_operator.py for tasks to queue
[2024-07-01T18:44:16.754+0000] {logging_mixin.py:188} INFO - [2024-07-01T18:44:16.753+0000] {dagbag.py:545} INFO - Filling up the DagBag from /home/airflow/.local/lib/python3.12/site-packages/airflow/example_dags/example_python_operator.py
[2024-07-01T18:44:16.805+0000] {processor.py:840} INFO - DAG(s) 'example_python_operator' retrieved from /home/airflow/.local/lib/python3.12/site-packages/airflow/example_dags/example_python_operator.py
[2024-07-01T18:44:16.879+0000] {logging_mixin.py:188} INFO - [2024-07-01T18:44:16.877+0000] {dag.py:3096} INFO - Sync 1 DAGs
[2024-07-01T18:44:16.936+0000] {logging_mixin.py:188} INFO - [2024-07-01T18:44:16.935+0000] {dag.py:3954} INFO - Setting next_dagrun for example_python_operator to None, run_after=None
[2024-07-01T18:44:17.031+0000] {processor.py:183} INFO - Processing /home/airflow/.local/lib/python3.12/site-packages/airflow/example_dags/example_python_operator.py took 0.320 seconds
