[2024-07-01T18:40:00.875+0000] {processor.py:161} INFO - Started process (PID=63) to work on /home/airflow/.local/lib/python3.12/site-packages/airflow/example_dags/example_branch_python_dop_operator_3.py
[2024-07-01T18:40:00.881+0000] {processor.py:830} INFO - Processing file /home/airflow/.local/lib/python3.12/site-packages/airflow/example_dags/example_branch_python_dop_operator_3.py for tasks to queue
[2024-07-01T18:40:00.885+0000] {logging_mixin.py:188} INFO - [2024-07-01T18:40:00.884+0000] {dagbag.py:545} INFO - Filling up the DagBag from /home/airflow/.local/lib/python3.12/site-packages/airflow/example_dags/example_branch_python_dop_operator_3.py
[2024-07-01T18:40:00.926+0000] {processor.py:840} INFO - DAG(s) 'example_branch_dop_operator_v3' retrieved from /home/airflow/.local/lib/python3.12/site-packages/airflow/example_dags/example_branch_python_dop_operator_3.py
[2024-07-01T18:40:01.324+0000] {logging_mixin.py:188} INFO - [2024-07-01T18:40:01.322+0000] {override.py:1829} INFO - Created Permission View: can read on DAG:example_branch_dop_operator_v3
[2024-07-01T18:40:01.388+0000] {logging_mixin.py:188} INFO - [2024-07-01T18:40:01.386+0000] {override.py:1829} INFO - Created Permission View: can delete on DAG:example_branch_dop_operator_v3
[2024-07-01T18:40:01.417+0000] {logging_mixin.py:188} INFO - [2024-07-01T18:40:01.416+0000] {override.py:1829} INFO - Created Permission View: can edit on DAG:example_branch_dop_operator_v3
[2024-07-01T18:40:01.420+0000] {logging_mixin.py:188} INFO - [2024-07-01T18:40:01.419+0000] {dag.py:3096} INFO - Sync 1 DAGs
[2024-07-01T18:40:01.487+0000] {logging_mixin.py:188} INFO - [2024-07-01T18:40:01.487+0000] {dag.py:3118} INFO - Creating ORM DAG for example_branch_dop_operator_v3
[2024-07-01T18:40:01.558+0000] {logging_mixin.py:188} INFO - [2024-07-01T18:40:01.558+0000] {dag.py:3954} INFO - Setting next_dagrun for example_branch_dop_operator_v3 to 2024-07-01 18:39:00+00:00, run_after=2024-07-01 18:40:00+00:00
[2024-07-01T18:40:01.634+0000] {processor.py:183} INFO - Processing /home/airflow/.local/lib/python3.12/site-packages/airflow/example_dags/example_branch_python_dop_operator_3.py took 0.776 seconds
[2024-07-01T18:40:32.426+0000] {processor.py:161} INFO - Started process (PID=121) to work on /home/airflow/.local/lib/python3.12/site-packages/airflow/example_dags/example_branch_python_dop_operator_3.py
[2024-07-01T18:40:32.431+0000] {processor.py:830} INFO - Processing file /home/airflow/.local/lib/python3.12/site-packages/airflow/example_dags/example_branch_python_dop_operator_3.py for tasks to queue
[2024-07-01T18:40:32.437+0000] {logging_mixin.py:188} INFO - [2024-07-01T18:40:32.436+0000] {dagbag.py:545} INFO - Filling up the DagBag from /home/airflow/.local/lib/python3.12/site-packages/airflow/example_dags/example_branch_python_dop_operator_3.py
[2024-07-01T18:40:32.465+0000] {processor.py:840} INFO - DAG(s) 'example_branch_dop_operator_v3' retrieved from /home/airflow/.local/lib/python3.12/site-packages/airflow/example_dags/example_branch_python_dop_operator_3.py
[2024-07-01T18:40:32.541+0000] {logging_mixin.py:188} INFO - [2024-07-01T18:40:32.541+0000] {dag.py:3096} INFO - Sync 1 DAGs
[2024-07-01T18:40:32.657+0000] {logging_mixin.py:188} INFO - [2024-07-01T18:40:32.657+0000] {dag.py:3954} INFO - Setting next_dagrun for example_branch_dop_operator_v3 to 2024-07-01 18:39:00+00:00, run_after=2024-07-01 18:40:00+00:00
[2024-07-01T18:40:32.733+0000] {processor.py:183} INFO - Processing /home/airflow/.local/lib/python3.12/site-packages/airflow/example_dags/example_branch_python_dop_operator_3.py took 0.339 seconds
[2024-07-01T18:41:04.439+0000] {processor.py:161} INFO - Started process (PID=179) to work on /home/airflow/.local/lib/python3.12/site-packages/airflow/example_dags/example_branch_python_dop_operator_3.py
[2024-07-01T18:41:04.443+0000] {processor.py:830} INFO - Processing file /home/airflow/.local/lib/python3.12/site-packages/airflow/example_dags/example_branch_python_dop_operator_3.py for tasks to queue
[2024-07-01T18:41:04.455+0000] {logging_mixin.py:188} INFO - [2024-07-01T18:41:04.452+0000] {dagbag.py:545} INFO - Filling up the DagBag from /home/airflow/.local/lib/python3.12/site-packages/airflow/example_dags/example_branch_python_dop_operator_3.py
[2024-07-01T18:41:04.494+0000] {processor.py:840} INFO - DAG(s) 'example_branch_dop_operator_v3' retrieved from /home/airflow/.local/lib/python3.12/site-packages/airflow/example_dags/example_branch_python_dop_operator_3.py
[2024-07-01T18:41:04.606+0000] {logging_mixin.py:188} INFO - [2024-07-01T18:41:04.602+0000] {dag.py:3096} INFO - Sync 1 DAGs
[2024-07-01T18:41:04.800+0000] {logging_mixin.py:188} INFO - [2024-07-01T18:41:04.799+0000] {dag.py:3954} INFO - Setting next_dagrun for example_branch_dop_operator_v3 to 2024-07-01 18:40:00+00:00, run_after=2024-07-01 18:41:00+00:00
[2024-07-01T18:41:04.946+0000] {processor.py:183} INFO - Processing /home/airflow/.local/lib/python3.12/site-packages/airflow/example_dags/example_branch_python_dop_operator_3.py took 0.529 seconds
[2024-07-01T18:41:35.548+0000] {processor.py:161} INFO - Started process (PID=235) to work on /home/airflow/.local/lib/python3.12/site-packages/airflow/example_dags/example_branch_python_dop_operator_3.py
[2024-07-01T18:41:35.557+0000] {processor.py:830} INFO - Processing file /home/airflow/.local/lib/python3.12/site-packages/airflow/example_dags/example_branch_python_dop_operator_3.py for tasks to queue
[2024-07-01T18:41:35.562+0000] {logging_mixin.py:188} INFO - [2024-07-01T18:41:35.561+0000] {dagbag.py:545} INFO - Filling up the DagBag from /home/airflow/.local/lib/python3.12/site-packages/airflow/example_dags/example_branch_python_dop_operator_3.py
[2024-07-01T18:41:35.592+0000] {processor.py:840} INFO - DAG(s) 'example_branch_dop_operator_v3' retrieved from /home/airflow/.local/lib/python3.12/site-packages/airflow/example_dags/example_branch_python_dop_operator_3.py
[2024-07-01T18:41:35.655+0000] {logging_mixin.py:188} INFO - [2024-07-01T18:41:35.653+0000] {dag.py:3096} INFO - Sync 1 DAGs
[2024-07-01T18:41:35.796+0000] {logging_mixin.py:188} INFO - [2024-07-01T18:41:35.795+0000] {dag.py:3954} INFO - Setting next_dagrun for example_branch_dop_operator_v3 to 2024-07-01 18:40:00+00:00, run_after=2024-07-01 18:41:00+00:00
[2024-07-01T18:41:35.880+0000] {processor.py:183} INFO - Processing /home/airflow/.local/lib/python3.12/site-packages/airflow/example_dags/example_branch_python_dop_operator_3.py took 0.344 seconds
[2024-07-01T18:42:06.396+0000] {processor.py:161} INFO - Started process (PID=293) to work on /home/airflow/.local/lib/python3.12/site-packages/airflow/example_dags/example_branch_python_dop_operator_3.py
[2024-07-01T18:42:06.398+0000] {processor.py:830} INFO - Processing file /home/airflow/.local/lib/python3.12/site-packages/airflow/example_dags/example_branch_python_dop_operator_3.py for tasks to queue
[2024-07-01T18:42:06.403+0000] {logging_mixin.py:188} INFO - [2024-07-01T18:42:06.401+0000] {dagbag.py:545} INFO - Filling up the DagBag from /home/airflow/.local/lib/python3.12/site-packages/airflow/example_dags/example_branch_python_dop_operator_3.py
[2024-07-01T18:42:06.437+0000] {processor.py:840} INFO - DAG(s) 'example_branch_dop_operator_v3' retrieved from /home/airflow/.local/lib/python3.12/site-packages/airflow/example_dags/example_branch_python_dop_operator_3.py
[2024-07-01T18:42:06.502+0000] {logging_mixin.py:188} INFO - [2024-07-01T18:42:06.501+0000] {dag.py:3096} INFO - Sync 1 DAGs
[2024-07-01T18:42:06.578+0000] {logging_mixin.py:188} INFO - [2024-07-01T18:42:06.577+0000] {dag.py:3954} INFO - Setting next_dagrun for example_branch_dop_operator_v3 to 2024-07-01 18:41:00+00:00, run_after=2024-07-01 18:42:00+00:00
[2024-07-01T18:42:06.638+0000] {processor.py:183} INFO - Processing /home/airflow/.local/lib/python3.12/site-packages/airflow/example_dags/example_branch_python_dop_operator_3.py took 0.258 seconds
[2024-07-01T18:42:37.091+0000] {processor.py:161} INFO - Started process (PID=350) to work on /home/airflow/.local/lib/python3.12/site-packages/airflow/example_dags/example_branch_python_dop_operator_3.py
[2024-07-01T18:42:37.097+0000] {processor.py:830} INFO - Processing file /home/airflow/.local/lib/python3.12/site-packages/airflow/example_dags/example_branch_python_dop_operator_3.py for tasks to queue
[2024-07-01T18:42:37.171+0000] {logging_mixin.py:188} INFO - [2024-07-01T18:42:37.115+0000] {dagbag.py:545} INFO - Filling up the DagBag from /home/airflow/.local/lib/python3.12/site-packages/airflow/example_dags/example_branch_python_dop_operator_3.py
[2024-07-01T18:42:37.241+0000] {processor.py:840} INFO - DAG(s) 'example_branch_dop_operator_v3' retrieved from /home/airflow/.local/lib/python3.12/site-packages/airflow/example_dags/example_branch_python_dop_operator_3.py
[2024-07-01T18:42:37.342+0000] {logging_mixin.py:188} INFO - [2024-07-01T18:42:37.341+0000] {dag.py:3096} INFO - Sync 1 DAGs
[2024-07-01T18:42:37.464+0000] {logging_mixin.py:188} INFO - [2024-07-01T18:42:37.463+0000] {dag.py:3954} INFO - Setting next_dagrun for example_branch_dop_operator_v3 to 2024-07-01 18:41:00+00:00, run_after=2024-07-01 18:42:00+00:00
[2024-07-01T18:42:37.589+0000] {processor.py:183} INFO - Processing /home/airflow/.local/lib/python3.12/site-packages/airflow/example_dags/example_branch_python_dop_operator_3.py took 0.527 seconds
[2024-07-01T18:43:08.509+0000] {processor.py:161} INFO - Started process (PID=408) to work on /home/airflow/.local/lib/python3.12/site-packages/airflow/example_dags/example_branch_python_dop_operator_3.py
[2024-07-01T18:43:08.511+0000] {processor.py:830} INFO - Processing file /home/airflow/.local/lib/python3.12/site-packages/airflow/example_dags/example_branch_python_dop_operator_3.py for tasks to queue
[2024-07-01T18:43:08.514+0000] {logging_mixin.py:188} INFO - [2024-07-01T18:43:08.513+0000] {dagbag.py:545} INFO - Filling up the DagBag from /home/airflow/.local/lib/python3.12/site-packages/airflow/example_dags/example_branch_python_dop_operator_3.py
[2024-07-01T18:43:08.529+0000] {processor.py:840} INFO - DAG(s) 'example_branch_dop_operator_v3' retrieved from /home/airflow/.local/lib/python3.12/site-packages/airflow/example_dags/example_branch_python_dop_operator_3.py
[2024-07-01T18:43:08.566+0000] {logging_mixin.py:188} INFO - [2024-07-01T18:43:08.566+0000] {dag.py:3096} INFO - Sync 1 DAGs
[2024-07-01T18:43:08.627+0000] {logging_mixin.py:188} INFO - [2024-07-01T18:43:08.626+0000] {dag.py:3954} INFO - Setting next_dagrun for example_branch_dop_operator_v3 to 2024-07-01 18:42:00+00:00, run_after=2024-07-01 18:43:00+00:00
[2024-07-01T18:43:08.671+0000] {processor.py:183} INFO - Processing /home/airflow/.local/lib/python3.12/site-packages/airflow/example_dags/example_branch_python_dop_operator_3.py took 0.171 seconds
[2024-07-01T18:43:39.229+0000] {processor.py:161} INFO - Started process (PID=466) to work on /home/airflow/.local/lib/python3.12/site-packages/airflow/example_dags/example_branch_python_dop_operator_3.py
[2024-07-01T18:43:39.232+0000] {processor.py:830} INFO - Processing file /home/airflow/.local/lib/python3.12/site-packages/airflow/example_dags/example_branch_python_dop_operator_3.py for tasks to queue
[2024-07-01T18:43:39.236+0000] {logging_mixin.py:188} INFO - [2024-07-01T18:43:39.235+0000] {dagbag.py:545} INFO - Filling up the DagBag from /home/airflow/.local/lib/python3.12/site-packages/airflow/example_dags/example_branch_python_dop_operator_3.py
[2024-07-01T18:43:39.264+0000] {processor.py:840} INFO - DAG(s) 'example_branch_dop_operator_v3' retrieved from /home/airflow/.local/lib/python3.12/site-packages/airflow/example_dags/example_branch_python_dop_operator_3.py
[2024-07-01T18:43:39.337+0000] {logging_mixin.py:188} INFO - [2024-07-01T18:43:39.336+0000] {dag.py:3096} INFO - Sync 1 DAGs
[2024-07-01T18:43:39.453+0000] {logging_mixin.py:188} INFO - [2024-07-01T18:43:39.452+0000] {dag.py:3954} INFO - Setting next_dagrun for example_branch_dop_operator_v3 to 2024-07-01 18:42:00+00:00, run_after=2024-07-01 18:43:00+00:00
[2024-07-01T18:43:39.559+0000] {processor.py:183} INFO - Processing /home/airflow/.local/lib/python3.12/site-packages/airflow/example_dags/example_branch_python_dop_operator_3.py took 0.344 seconds
[2024-07-01T18:44:09.803+0000] {processor.py:161} INFO - Started process (PID=524) to work on /home/airflow/.local/lib/python3.12/site-packages/airflow/example_dags/example_branch_python_dop_operator_3.py
[2024-07-01T18:44:09.805+0000] {processor.py:830} INFO - Processing file /home/airflow/.local/lib/python3.12/site-packages/airflow/example_dags/example_branch_python_dop_operator_3.py for tasks to queue
[2024-07-01T18:44:09.810+0000] {logging_mixin.py:188} INFO - [2024-07-01T18:44:09.810+0000] {dagbag.py:545} INFO - Filling up the DagBag from /home/airflow/.local/lib/python3.12/site-packages/airflow/example_dags/example_branch_python_dop_operator_3.py
[2024-07-01T18:44:09.841+0000] {processor.py:840} INFO - DAG(s) 'example_branch_dop_operator_v3' retrieved from /home/airflow/.local/lib/python3.12/site-packages/airflow/example_dags/example_branch_python_dop_operator_3.py
[2024-07-01T18:44:09.939+0000] {logging_mixin.py:188} INFO - [2024-07-01T18:44:09.938+0000] {dag.py:3096} INFO - Sync 1 DAGs
[2024-07-01T18:44:10.092+0000] {logging_mixin.py:188} INFO - [2024-07-01T18:44:10.092+0000] {dag.py:3954} INFO - Setting next_dagrun for example_branch_dop_operator_v3 to 2024-07-01 18:43:00+00:00, run_after=2024-07-01 18:44:00+00:00
[2024-07-01T18:44:10.141+0000] {processor.py:183} INFO - Processing /home/airflow/.local/lib/python3.12/site-packages/airflow/example_dags/example_branch_python_dop_operator_3.py took 0.356 seconds
