[2024-07-01T18:40:17.339+0000] {processor.py:161} INFO - Started process (PID=88) to work on /home/airflow/.local/lib/python3.12/site-packages/airflow/example_dags/example_params_trigger_ui.py
[2024-07-01T18:40:17.344+0000] {processor.py:830} INFO - Processing file /home/airflow/.local/lib/python3.12/site-packages/airflow/example_dags/example_params_trigger_ui.py for tasks to queue
[2024-07-01T18:40:17.356+0000] {logging_mixin.py:188} INFO - [2024-07-01T18:40:17.355+0000] {dagbag.py:545} INFO - Filling up the DagBag from /home/airflow/.local/lib/python3.12/site-packages/airflow/example_dags/example_params_trigger_ui.py
[2024-07-01T18:40:17.458+0000] {processor.py:840} INFO - DAG(s) 'example_params_trigger_ui' retrieved from /home/airflow/.local/lib/python3.12/site-packages/airflow/example_dags/example_params_trigger_ui.py
[2024-07-01T18:40:18.202+0000] {logging_mixin.py:188} INFO - [2024-07-01T18:40:18.200+0000] {override.py:1829} INFO - Created Permission View: can read on DAG:example_params_trigger_ui
[2024-07-01T18:40:18.284+0000] {logging_mixin.py:188} INFO - [2024-07-01T18:40:18.284+0000] {override.py:1829} INFO - Created Permission View: can delete on DAG:example_params_trigger_ui
[2024-07-01T18:40:18.340+0000] {logging_mixin.py:188} INFO - [2024-07-01T18:40:18.339+0000] {override.py:1829} INFO - Created Permission View: can edit on DAG:example_params_trigger_ui
[2024-07-01T18:40:18.411+0000] {logging_mixin.py:188} INFO - [2024-07-01T18:40:18.410+0000] {dag.py:3096} INFO - Sync 1 DAGs
[2024-07-01T18:40:18.497+0000] {logging_mixin.py:188} INFO - [2024-07-01T18:40:18.497+0000] {dag.py:3118} INFO - Creating ORM DAG for example_params_trigger_ui
[2024-07-01T18:40:18.503+0000] {logging_mixin.py:188} INFO - [2024-07-01T18:40:18.502+0000] {dag.py:3954} INFO - Setting next_dagrun for example_params_trigger_ui to None, run_after=None
[2024-07-01T18:40:18.647+0000] {processor.py:183} INFO - Processing /home/airflow/.local/lib/python3.12/site-packages/airflow/example_dags/example_params_trigger_ui.py took 1.329 seconds
[2024-07-01T18:40:49.856+0000] {processor.py:161} INFO - Started process (PID=146) to work on /home/airflow/.local/lib/python3.12/site-packages/airflow/example_dags/example_params_trigger_ui.py
[2024-07-01T18:40:49.871+0000] {processor.py:830} INFO - Processing file /home/airflow/.local/lib/python3.12/site-packages/airflow/example_dags/example_params_trigger_ui.py for tasks to queue
[2024-07-01T18:40:49.898+0000] {logging_mixin.py:188} INFO - [2024-07-01T18:40:49.893+0000] {dagbag.py:545} INFO - Filling up the DagBag from /home/airflow/.local/lib/python3.12/site-packages/airflow/example_dags/example_params_trigger_ui.py
[2024-07-01T18:40:50.032+0000] {processor.py:840} INFO - DAG(s) 'example_params_trigger_ui' retrieved from /home/airflow/.local/lib/python3.12/site-packages/airflow/example_dags/example_params_trigger_ui.py
[2024-07-01T18:40:50.574+0000] {logging_mixin.py:188} INFO - [2024-07-01T18:40:50.573+0000] {dag.py:3096} INFO - Sync 1 DAGs
[2024-07-01T18:40:50.775+0000] {logging_mixin.py:188} INFO - [2024-07-01T18:40:50.774+0000] {dag.py:3954} INFO - Setting next_dagrun for example_params_trigger_ui to None, run_after=None
[2024-07-01T18:40:51.004+0000] {processor.py:183} INFO - Processing /home/airflow/.local/lib/python3.12/site-packages/airflow/example_dags/example_params_trigger_ui.py took 1.264 seconds
[2024-07-01T18:41:21.463+0000] {processor.py:161} INFO - Started process (PID=206) to work on /home/airflow/.local/lib/python3.12/site-packages/airflow/example_dags/example_params_trigger_ui.py
[2024-07-01T18:41:21.465+0000] {processor.py:830} INFO - Processing file /home/airflow/.local/lib/python3.12/site-packages/airflow/example_dags/example_params_trigger_ui.py for tasks to queue
[2024-07-01T18:41:21.470+0000] {logging_mixin.py:188} INFO - [2024-07-01T18:41:21.469+0000] {dagbag.py:545} INFO - Filling up the DagBag from /home/airflow/.local/lib/python3.12/site-packages/airflow/example_dags/example_params_trigger_ui.py
[2024-07-01T18:41:21.509+0000] {processor.py:840} INFO - DAG(s) 'example_params_trigger_ui' retrieved from /home/airflow/.local/lib/python3.12/site-packages/airflow/example_dags/example_params_trigger_ui.py
[2024-07-01T18:41:21.656+0000] {logging_mixin.py:188} INFO - [2024-07-01T18:41:21.655+0000] {dag.py:3096} INFO - Sync 1 DAGs
[2024-07-01T18:41:21.696+0000] {logging_mixin.py:188} INFO - [2024-07-01T18:41:21.696+0000] {dag.py:3954} INFO - Setting next_dagrun for example_params_trigger_ui to None, run_after=None
[2024-07-01T18:41:21.758+0000] {processor.py:183} INFO - Processing /home/airflow/.local/lib/python3.12/site-packages/airflow/example_dags/example_params_trigger_ui.py took 0.307 seconds
[2024-07-01T18:41:52.783+0000] {processor.py:161} INFO - Started process (PID=264) to work on /home/airflow/.local/lib/python3.12/site-packages/airflow/example_dags/example_params_trigger_ui.py
[2024-07-01T18:41:52.786+0000] {processor.py:830} INFO - Processing file /home/airflow/.local/lib/python3.12/site-packages/airflow/example_dags/example_params_trigger_ui.py for tasks to queue
[2024-07-01T18:41:52.800+0000] {logging_mixin.py:188} INFO - [2024-07-01T18:41:52.799+0000] {dagbag.py:545} INFO - Filling up the DagBag from /home/airflow/.local/lib/python3.12/site-packages/airflow/example_dags/example_params_trigger_ui.py
[2024-07-01T18:41:52.928+0000] {processor.py:840} INFO - DAG(s) 'example_params_trigger_ui' retrieved from /home/airflow/.local/lib/python3.12/site-packages/airflow/example_dags/example_params_trigger_ui.py
[2024-07-01T18:41:53.311+0000] {logging_mixin.py:188} INFO - [2024-07-01T18:41:53.311+0000] {dag.py:3096} INFO - Sync 1 DAGs
[2024-07-01T18:41:53.398+0000] {logging_mixin.py:188} INFO - [2024-07-01T18:41:53.396+0000] {dag.py:3954} INFO - Setting next_dagrun for example_params_trigger_ui to None, run_after=None
[2024-07-01T18:41:53.497+0000] {processor.py:183} INFO - Processing /home/airflow/.local/lib/python3.12/site-packages/airflow/example_dags/example_params_trigger_ui.py took 0.740 seconds
[2024-07-01T18:42:23.863+0000] {processor.py:161} INFO - Started process (PID=323) to work on /home/airflow/.local/lib/python3.12/site-packages/airflow/example_dags/example_params_trigger_ui.py
[2024-07-01T18:42:23.867+0000] {processor.py:830} INFO - Processing file /home/airflow/.local/lib/python3.12/site-packages/airflow/example_dags/example_params_trigger_ui.py for tasks to queue
[2024-07-01T18:42:23.873+0000] {logging_mixin.py:188} INFO - [2024-07-01T18:42:23.872+0000] {dagbag.py:545} INFO - Filling up the DagBag from /home/airflow/.local/lib/python3.12/site-packages/airflow/example_dags/example_params_trigger_ui.py
[2024-07-01T18:42:23.928+0000] {processor.py:840} INFO - DAG(s) 'example_params_trigger_ui' retrieved from /home/airflow/.local/lib/python3.12/site-packages/airflow/example_dags/example_params_trigger_ui.py
[2024-07-01T18:42:24.143+0000] {logging_mixin.py:188} INFO - [2024-07-01T18:42:24.142+0000] {dag.py:3096} INFO - Sync 1 DAGs
[2024-07-01T18:42:24.206+0000] {logging_mixin.py:188} INFO - [2024-07-01T18:42:24.205+0000] {dag.py:3954} INFO - Setting next_dagrun for example_params_trigger_ui to None, run_after=None
[2024-07-01T18:42:24.267+0000] {processor.py:183} INFO - Processing /home/airflow/.local/lib/python3.12/site-packages/airflow/example_dags/example_params_trigger_ui.py took 0.422 seconds
[2024-07-01T18:42:54.884+0000] {processor.py:161} INFO - Started process (PID=381) to work on /home/airflow/.local/lib/python3.12/site-packages/airflow/example_dags/example_params_trigger_ui.py
[2024-07-01T18:42:54.886+0000] {processor.py:830} INFO - Processing file /home/airflow/.local/lib/python3.12/site-packages/airflow/example_dags/example_params_trigger_ui.py for tasks to queue
[2024-07-01T18:42:54.902+0000] {logging_mixin.py:188} INFO - [2024-07-01T18:42:54.901+0000] {dagbag.py:545} INFO - Filling up the DagBag from /home/airflow/.local/lib/python3.12/site-packages/airflow/example_dags/example_params_trigger_ui.py
[2024-07-01T18:42:54.949+0000] {processor.py:840} INFO - DAG(s) 'example_params_trigger_ui' retrieved from /home/airflow/.local/lib/python3.12/site-packages/airflow/example_dags/example_params_trigger_ui.py
[2024-07-01T18:42:55.124+0000] {logging_mixin.py:188} INFO - [2024-07-01T18:42:55.123+0000] {dag.py:3096} INFO - Sync 1 DAGs
[2024-07-01T18:42:55.175+0000] {logging_mixin.py:188} INFO - [2024-07-01T18:42:55.174+0000] {dag.py:3954} INFO - Setting next_dagrun for example_params_trigger_ui to None, run_after=None
[2024-07-01T18:42:55.243+0000] {processor.py:183} INFO - Processing /home/airflow/.local/lib/python3.12/site-packages/airflow/example_dags/example_params_trigger_ui.py took 0.376 seconds
[2024-07-01T18:43:25.404+0000] {processor.py:161} INFO - Started process (PID=439) to work on /home/airflow/.local/lib/python3.12/site-packages/airflow/example_dags/example_params_trigger_ui.py
[2024-07-01T18:43:25.415+0000] {processor.py:830} INFO - Processing file /home/airflow/.local/lib/python3.12/site-packages/airflow/example_dags/example_params_trigger_ui.py for tasks to queue
[2024-07-01T18:43:25.418+0000] {logging_mixin.py:188} INFO - [2024-07-01T18:43:25.417+0000] {dagbag.py:545} INFO - Filling up the DagBag from /home/airflow/.local/lib/python3.12/site-packages/airflow/example_dags/example_params_trigger_ui.py
[2024-07-01T18:43:25.466+0000] {processor.py:840} INFO - DAG(s) 'example_params_trigger_ui' retrieved from /home/airflow/.local/lib/python3.12/site-packages/airflow/example_dags/example_params_trigger_ui.py
[2024-07-01T18:43:25.599+0000] {logging_mixin.py:188} INFO - [2024-07-01T18:43:25.599+0000] {dag.py:3096} INFO - Sync 1 DAGs
[2024-07-01T18:43:25.640+0000] {logging_mixin.py:188} INFO - [2024-07-01T18:43:25.639+0000] {dag.py:3954} INFO - Setting next_dagrun for example_params_trigger_ui to None, run_after=None
[2024-07-01T18:43:25.691+0000] {processor.py:183} INFO - Processing /home/airflow/.local/lib/python3.12/site-packages/airflow/example_dags/example_params_trigger_ui.py took 0.301 seconds
[2024-07-01T18:43:55.770+0000] {processor.py:161} INFO - Started process (PID=497) to work on /home/airflow/.local/lib/python3.12/site-packages/airflow/example_dags/example_params_trigger_ui.py
[2024-07-01T18:43:55.776+0000] {processor.py:830} INFO - Processing file /home/airflow/.local/lib/python3.12/site-packages/airflow/example_dags/example_params_trigger_ui.py for tasks to queue
[2024-07-01T18:43:55.779+0000] {logging_mixin.py:188} INFO - [2024-07-01T18:43:55.778+0000] {dagbag.py:545} INFO - Filling up the DagBag from /home/airflow/.local/lib/python3.12/site-packages/airflow/example_dags/example_params_trigger_ui.py
[2024-07-01T18:43:55.804+0000] {processor.py:840} INFO - DAG(s) 'example_params_trigger_ui' retrieved from /home/airflow/.local/lib/python3.12/site-packages/airflow/example_dags/example_params_trigger_ui.py
[2024-07-01T18:43:55.888+0000] {logging_mixin.py:188} INFO - [2024-07-01T18:43:55.888+0000] {dag.py:3096} INFO - Sync 1 DAGs
[2024-07-01T18:43:55.917+0000] {logging_mixin.py:188} INFO - [2024-07-01T18:43:55.916+0000] {dag.py:3954} INFO - Setting next_dagrun for example_params_trigger_ui to None, run_after=None
[2024-07-01T18:43:55.967+0000] {processor.py:183} INFO - Processing /home/airflow/.local/lib/python3.12/site-packages/airflow/example_dags/example_params_trigger_ui.py took 0.209 seconds
