[2024-07-01T18:40:02.076+0000] {processor.py:161} INFO - Started process (PID=66) to work on /home/airflow/.local/lib/python3.12/site-packages/airflow/example_dags/example_branch_datetime_operator.py
[2024-07-01T18:40:02.078+0000] {processor.py:830} INFO - Processing file /home/airflow/.local/lib/python3.12/site-packages/airflow/example_dags/example_branch_datetime_operator.py for tasks to queue
[2024-07-01T18:40:02.082+0000] {logging_mixin.py:188} INFO - [2024-07-01T18:40:02.082+0000] {dagbag.py:545} INFO - Filling up the DagBag from /home/airflow/.local/lib/python3.12/site-packages/airflow/example_dags/example_branch_datetime_operator.py
[2024-07-01T18:40:02.117+0000] {processor.py:840} INFO - DAG(s) 'example_branch_datetime_operator', 'example_branch_datetime_operator_3', 'example_branch_datetime_operator_2' retrieved from /home/airflow/.local/lib/python3.12/site-packages/airflow/example_dags/example_branch_datetime_operator.py
[2024-07-01T18:40:02.635+0000] {logging_mixin.py:188} INFO - [2024-07-01T18:40:02.634+0000] {override.py:1829} INFO - Created Permission View: can read on DAG:example_branch_datetime_operator
[2024-07-01T18:40:02.702+0000] {logging_mixin.py:188} INFO - [2024-07-01T18:40:02.702+0000] {override.py:1829} INFO - Created Permission View: can delete on DAG:example_branch_datetime_operator
[2024-07-01T18:40:02.730+0000] {logging_mixin.py:188} INFO - [2024-07-01T18:40:02.730+0000] {override.py:1829} INFO - Created Permission View: can edit on DAG:example_branch_datetime_operator
[2024-07-01T18:40:02.782+0000] {logging_mixin.py:188} INFO - [2024-07-01T18:40:02.782+0000] {override.py:1829} INFO - Created Permission View: can read on DAG:example_branch_datetime_operator_3
[2024-07-01T18:40:02.811+0000] {logging_mixin.py:188} INFO - [2024-07-01T18:40:02.810+0000] {override.py:1829} INFO - Created Permission View: can delete on DAG:example_branch_datetime_operator_3
[2024-07-01T18:40:02.833+0000] {logging_mixin.py:188} INFO - [2024-07-01T18:40:02.832+0000] {override.py:1829} INFO - Created Permission View: can edit on DAG:example_branch_datetime_operator_3
[2024-07-01T18:40:02.891+0000] {logging_mixin.py:188} INFO - [2024-07-01T18:40:02.886+0000] {override.py:1829} INFO - Created Permission View: can read on DAG:example_branch_datetime_operator_2
[2024-07-01T18:40:02.922+0000] {logging_mixin.py:188} INFO - [2024-07-01T18:40:02.921+0000] {override.py:1829} INFO - Created Permission View: can delete on DAG:example_branch_datetime_operator_2
[2024-07-01T18:40:02.956+0000] {logging_mixin.py:188} INFO - [2024-07-01T18:40:02.955+0000] {override.py:1829} INFO - Created Permission View: can edit on DAG:example_branch_datetime_operator_2
[2024-07-01T18:40:02.959+0000] {logging_mixin.py:188} INFO - [2024-07-01T18:40:02.958+0000] {dag.py:3096} INFO - Sync 3 DAGs
[2024-07-01T18:40:03.004+0000] {logging_mixin.py:188} INFO - [2024-07-01T18:40:03.003+0000] {dag.py:3118} INFO - Creating ORM DAG for example_branch_datetime_operator_3
[2024-07-01T18:40:03.010+0000] {logging_mixin.py:188} INFO - [2024-07-01T18:40:03.009+0000] {dag.py:3118} INFO - Creating ORM DAG for example_branch_datetime_operator_2
[2024-07-01T18:40:03.012+0000] {logging_mixin.py:188} INFO - [2024-07-01T18:40:03.012+0000] {dag.py:3118} INFO - Creating ORM DAG for example_branch_datetime_operator
[2024-07-01T18:40:03.056+0000] {logging_mixin.py:188} INFO - [2024-07-01T18:40:03.056+0000] {dag.py:3954} INFO - Setting next_dagrun for example_branch_datetime_operator to 2024-06-30 00:00:00+00:00, run_after=2024-07-01 00:00:00+00:00
[2024-07-01T18:40:03.067+0000] {logging_mixin.py:188} INFO - [2024-07-01T18:40:03.067+0000] {dag.py:3954} INFO - Setting next_dagrun for example_branch_datetime_operator_2 to 2024-06-30 00:00:00+00:00, run_after=2024-07-01 00:00:00+00:00
[2024-07-01T18:40:03.082+0000] {logging_mixin.py:188} INFO - [2024-07-01T18:40:03.081+0000] {dag.py:3954} INFO - Setting next_dagrun for example_branch_datetime_operator_3 to 2024-06-30 00:00:00+00:00, run_after=2024-07-01 00:00:00+00:00
[2024-07-01T18:40:03.183+0000] {processor.py:183} INFO - Processing /home/airflow/.local/lib/python3.12/site-packages/airflow/example_dags/example_branch_datetime_operator.py took 1.126 seconds
[2024-07-01T18:40:33.363+0000] {processor.py:161} INFO - Started process (PID=124) to work on /home/airflow/.local/lib/python3.12/site-packages/airflow/example_dags/example_branch_datetime_operator.py
[2024-07-01T18:40:33.368+0000] {processor.py:830} INFO - Processing file /home/airflow/.local/lib/python3.12/site-packages/airflow/example_dags/example_branch_datetime_operator.py for tasks to queue
[2024-07-01T18:40:33.380+0000] {logging_mixin.py:188} INFO - [2024-07-01T18:40:33.379+0000] {dagbag.py:545} INFO - Filling up the DagBag from /home/airflow/.local/lib/python3.12/site-packages/airflow/example_dags/example_branch_datetime_operator.py
[2024-07-01T18:40:33.440+0000] {processor.py:840} INFO - DAG(s) 'example_branch_datetime_operator_3', 'example_branch_datetime_operator', 'example_branch_datetime_operator_2' retrieved from /home/airflow/.local/lib/python3.12/site-packages/airflow/example_dags/example_branch_datetime_operator.py
[2024-07-01T18:40:33.557+0000] {logging_mixin.py:188} INFO - [2024-07-01T18:40:33.556+0000] {dag.py:3096} INFO - Sync 3 DAGs
[2024-07-01T18:40:33.657+0000] {logging_mixin.py:188} INFO - [2024-07-01T18:40:33.657+0000] {dag.py:3954} INFO - Setting next_dagrun for example_branch_datetime_operator to 2024-06-30 00:00:00+00:00, run_after=2024-07-01 00:00:00+00:00
[2024-07-01T18:40:33.694+0000] {logging_mixin.py:188} INFO - [2024-07-01T18:40:33.693+0000] {dag.py:3954} INFO - Setting next_dagrun for example_branch_datetime_operator_2 to 2024-06-30 00:00:00+00:00, run_after=2024-07-01 00:00:00+00:00
[2024-07-01T18:40:33.729+0000] {logging_mixin.py:188} INFO - [2024-07-01T18:40:33.728+0000] {dag.py:3954} INFO - Setting next_dagrun for example_branch_datetime_operator_3 to 2024-06-30 00:00:00+00:00, run_after=2024-07-01 00:00:00+00:00
[2024-07-01T18:40:33.866+0000] {processor.py:183} INFO - Processing /home/airflow/.local/lib/python3.12/site-packages/airflow/example_dags/example_branch_datetime_operator.py took 0.522 seconds
[2024-07-01T18:41:06.470+0000] {processor.py:161} INFO - Started process (PID=182) to work on /home/airflow/.local/lib/python3.12/site-packages/airflow/example_dags/example_branch_datetime_operator.py
[2024-07-01T18:41:06.474+0000] {processor.py:830} INFO - Processing file /home/airflow/.local/lib/python3.12/site-packages/airflow/example_dags/example_branch_datetime_operator.py for tasks to queue
[2024-07-01T18:41:06.485+0000] {logging_mixin.py:188} INFO - [2024-07-01T18:41:06.484+0000] {dagbag.py:545} INFO - Filling up the DagBag from /home/airflow/.local/lib/python3.12/site-packages/airflow/example_dags/example_branch_datetime_operator.py
[2024-07-01T18:41:06.552+0000] {processor.py:840} INFO - DAG(s) 'example_branch_datetime_operator_3', 'example_branch_datetime_operator_2', 'example_branch_datetime_operator' retrieved from /home/airflow/.local/lib/python3.12/site-packages/airflow/example_dags/example_branch_datetime_operator.py
[2024-07-01T18:41:06.678+0000] {logging_mixin.py:188} INFO - [2024-07-01T18:41:06.677+0000] {dag.py:3096} INFO - Sync 3 DAGs
[2024-07-01T18:41:06.816+0000] {logging_mixin.py:188} INFO - [2024-07-01T18:41:06.815+0000] {dag.py:3954} INFO - Setting next_dagrun for example_branch_datetime_operator to 2024-06-30 00:00:00+00:00, run_after=2024-07-01 00:00:00+00:00
[2024-07-01T18:41:06.859+0000] {logging_mixin.py:188} INFO - [2024-07-01T18:41:06.858+0000] {dag.py:3954} INFO - Setting next_dagrun for example_branch_datetime_operator_2 to 2024-06-30 00:00:00+00:00, run_after=2024-07-01 00:00:00+00:00
[2024-07-01T18:41:06.902+0000] {logging_mixin.py:188} INFO - [2024-07-01T18:41:06.901+0000] {dag.py:3954} INFO - Setting next_dagrun for example_branch_datetime_operator_3 to 2024-06-30 00:00:00+00:00, run_after=2024-07-01 00:00:00+00:00
[2024-07-01T18:41:07.030+0000] {processor.py:183} INFO - Processing /home/airflow/.local/lib/python3.12/site-packages/airflow/example_dags/example_branch_datetime_operator.py took 0.580 seconds
[2024-07-01T18:41:37.650+0000] {processor.py:161} INFO - Started process (PID=238) to work on /home/airflow/.local/lib/python3.12/site-packages/airflow/example_dags/example_branch_datetime_operator.py
[2024-07-01T18:41:37.654+0000] {processor.py:830} INFO - Processing file /home/airflow/.local/lib/python3.12/site-packages/airflow/example_dags/example_branch_datetime_operator.py for tasks to queue
[2024-07-01T18:41:37.669+0000] {logging_mixin.py:188} INFO - [2024-07-01T18:41:37.668+0000] {dagbag.py:545} INFO - Filling up the DagBag from /home/airflow/.local/lib/python3.12/site-packages/airflow/example_dags/example_branch_datetime_operator.py
[2024-07-01T18:41:37.730+0000] {processor.py:840} INFO - DAG(s) 'example_branch_datetime_operator_3', 'example_branch_datetime_operator', 'example_branch_datetime_operator_2' retrieved from /home/airflow/.local/lib/python3.12/site-packages/airflow/example_dags/example_branch_datetime_operator.py
[2024-07-01T18:41:37.888+0000] {logging_mixin.py:188} INFO - [2024-07-01T18:41:37.887+0000] {dag.py:3096} INFO - Sync 3 DAGs
[2024-07-01T18:41:38.001+0000] {logging_mixin.py:188} INFO - [2024-07-01T18:41:38.000+0000] {dag.py:3954} INFO - Setting next_dagrun for example_branch_datetime_operator to 2024-06-30 00:00:00+00:00, run_after=2024-07-01 00:00:00+00:00
[2024-07-01T18:41:38.034+0000] {logging_mixin.py:188} INFO - [2024-07-01T18:41:38.032+0000] {dag.py:3954} INFO - Setting next_dagrun for example_branch_datetime_operator_2 to 2024-06-30 00:00:00+00:00, run_after=2024-07-01 00:00:00+00:00
[2024-07-01T18:41:38.044+0000] {logging_mixin.py:188} INFO - [2024-07-01T18:41:38.043+0000] {dag.py:3954} INFO - Setting next_dagrun for example_branch_datetime_operator_3 to 2024-06-30 00:00:00+00:00, run_after=2024-07-01 00:00:00+00:00
[2024-07-01T18:41:38.159+0000] {processor.py:183} INFO - Processing /home/airflow/.local/lib/python3.12/site-packages/airflow/example_dags/example_branch_datetime_operator.py took 0.547 seconds
[2024-07-01T18:42:08.358+0000] {processor.py:161} INFO - Started process (PID=297) to work on /home/airflow/.local/lib/python3.12/site-packages/airflow/example_dags/example_branch_datetime_operator.py
[2024-07-01T18:42:08.360+0000] {processor.py:830} INFO - Processing file /home/airflow/.local/lib/python3.12/site-packages/airflow/example_dags/example_branch_datetime_operator.py for tasks to queue
[2024-07-01T18:42:08.363+0000] {logging_mixin.py:188} INFO - [2024-07-01T18:42:08.363+0000] {dagbag.py:545} INFO - Filling up the DagBag from /home/airflow/.local/lib/python3.12/site-packages/airflow/example_dags/example_branch_datetime_operator.py
[2024-07-01T18:42:08.386+0000] {processor.py:840} INFO - DAG(s) 'example_branch_datetime_operator_2', 'example_branch_datetime_operator', 'example_branch_datetime_operator_3' retrieved from /home/airflow/.local/lib/python3.12/site-packages/airflow/example_dags/example_branch_datetime_operator.py
[2024-07-01T18:42:08.442+0000] {logging_mixin.py:188} INFO - [2024-07-01T18:42:08.441+0000] {dag.py:3096} INFO - Sync 3 DAGs
[2024-07-01T18:42:08.501+0000] {logging_mixin.py:188} INFO - [2024-07-01T18:42:08.500+0000] {dag.py:3954} INFO - Setting next_dagrun for example_branch_datetime_operator to 2024-06-30 00:00:00+00:00, run_after=2024-07-01 00:00:00+00:00
[2024-07-01T18:42:08.511+0000] {logging_mixin.py:188} INFO - [2024-07-01T18:42:08.511+0000] {dag.py:3954} INFO - Setting next_dagrun for example_branch_datetime_operator_2 to 2024-06-30 00:00:00+00:00, run_after=2024-07-01 00:00:00+00:00
[2024-07-01T18:42:08.517+0000] {logging_mixin.py:188} INFO - [2024-07-01T18:42:08.517+0000] {dag.py:3954} INFO - Setting next_dagrun for example_branch_datetime_operator_3 to 2024-06-30 00:00:00+00:00, run_after=2024-07-01 00:00:00+00:00
[2024-07-01T18:42:08.571+0000] {processor.py:183} INFO - Processing /home/airflow/.local/lib/python3.12/site-packages/airflow/example_dags/example_branch_datetime_operator.py took 0.225 seconds
[2024-07-01T18:42:38.712+0000] {processor.py:161} INFO - Started process (PID=353) to work on /home/airflow/.local/lib/python3.12/site-packages/airflow/example_dags/example_branch_datetime_operator.py
[2024-07-01T18:42:38.715+0000] {processor.py:830} INFO - Processing file /home/airflow/.local/lib/python3.12/site-packages/airflow/example_dags/example_branch_datetime_operator.py for tasks to queue
[2024-07-01T18:42:38.722+0000] {logging_mixin.py:188} INFO - [2024-07-01T18:42:38.719+0000] {dagbag.py:545} INFO - Filling up the DagBag from /home/airflow/.local/lib/python3.12/site-packages/airflow/example_dags/example_branch_datetime_operator.py
[2024-07-01T18:42:38.792+0000] {processor.py:840} INFO - DAG(s) 'example_branch_datetime_operator_3', 'example_branch_datetime_operator_2', 'example_branch_datetime_operator' retrieved from /home/airflow/.local/lib/python3.12/site-packages/airflow/example_dags/example_branch_datetime_operator.py
[2024-07-01T18:42:38.989+0000] {logging_mixin.py:188} INFO - [2024-07-01T18:42:38.988+0000] {dag.py:3096} INFO - Sync 3 DAGs
[2024-07-01T18:42:39.137+0000] {logging_mixin.py:188} INFO - [2024-07-01T18:42:39.135+0000] {dag.py:3954} INFO - Setting next_dagrun for example_branch_datetime_operator to 2024-06-30 00:00:00+00:00, run_after=2024-07-01 00:00:00+00:00
[2024-07-01T18:42:39.187+0000] {logging_mixin.py:188} INFO - [2024-07-01T18:42:39.179+0000] {dag.py:3954} INFO - Setting next_dagrun for example_branch_datetime_operator_2 to 2024-06-30 00:00:00+00:00, run_after=2024-07-01 00:00:00+00:00
[2024-07-01T18:42:39.201+0000] {logging_mixin.py:188} INFO - [2024-07-01T18:42:39.198+0000] {dag.py:3954} INFO - Setting next_dagrun for example_branch_datetime_operator_3 to 2024-06-30 00:00:00+00:00, run_after=2024-07-01 00:00:00+00:00
[2024-07-01T18:42:39.300+0000] {processor.py:183} INFO - Processing /home/airflow/.local/lib/python3.12/site-packages/airflow/example_dags/example_branch_datetime_operator.py took 0.637 seconds
[2024-07-01T18:43:09.813+0000] {processor.py:161} INFO - Started process (PID=411) to work on /home/airflow/.local/lib/python3.12/site-packages/airflow/example_dags/example_branch_datetime_operator.py
[2024-07-01T18:43:09.815+0000] {processor.py:830} INFO - Processing file /home/airflow/.local/lib/python3.12/site-packages/airflow/example_dags/example_branch_datetime_operator.py for tasks to queue
[2024-07-01T18:43:09.819+0000] {logging_mixin.py:188} INFO - [2024-07-01T18:43:09.818+0000] {dagbag.py:545} INFO - Filling up the DagBag from /home/airflow/.local/lib/python3.12/site-packages/airflow/example_dags/example_branch_datetime_operator.py
[2024-07-01T18:43:09.839+0000] {processor.py:840} INFO - DAG(s) 'example_branch_datetime_operator_2', 'example_branch_datetime_operator_3', 'example_branch_datetime_operator' retrieved from /home/airflow/.local/lib/python3.12/site-packages/airflow/example_dags/example_branch_datetime_operator.py
[2024-07-01T18:43:09.902+0000] {logging_mixin.py:188} INFO - [2024-07-01T18:43:09.901+0000] {dag.py:3096} INFO - Sync 3 DAGs
[2024-07-01T18:43:09.951+0000] {logging_mixin.py:188} INFO - [2024-07-01T18:43:09.950+0000] {dag.py:3954} INFO - Setting next_dagrun for example_branch_datetime_operator to 2024-06-30 00:00:00+00:00, run_after=2024-07-01 00:00:00+00:00
[2024-07-01T18:43:09.965+0000] {logging_mixin.py:188} INFO - [2024-07-01T18:43:09.965+0000] {dag.py:3954} INFO - Setting next_dagrun for example_branch_datetime_operator_2 to 2024-06-30 00:00:00+00:00, run_after=2024-07-01 00:00:00+00:00
[2024-07-01T18:43:09.972+0000] {logging_mixin.py:188} INFO - [2024-07-01T18:43:09.972+0000] {dag.py:3954} INFO - Setting next_dagrun for example_branch_datetime_operator_3 to 2024-06-30 00:00:00+00:00, run_after=2024-07-01 00:00:00+00:00
[2024-07-01T18:43:10.016+0000] {processor.py:183} INFO - Processing /home/airflow/.local/lib/python3.12/site-packages/airflow/example_dags/example_branch_datetime_operator.py took 0.216 seconds
[2024-07-01T18:43:40.772+0000] {processor.py:161} INFO - Started process (PID=469) to work on /home/airflow/.local/lib/python3.12/site-packages/airflow/example_dags/example_branch_datetime_operator.py
[2024-07-01T18:43:40.775+0000] {processor.py:830} INFO - Processing file /home/airflow/.local/lib/python3.12/site-packages/airflow/example_dags/example_branch_datetime_operator.py for tasks to queue
[2024-07-01T18:43:40.781+0000] {logging_mixin.py:188} INFO - [2024-07-01T18:43:40.780+0000] {dagbag.py:545} INFO - Filling up the DagBag from /home/airflow/.local/lib/python3.12/site-packages/airflow/example_dags/example_branch_datetime_operator.py
[2024-07-01T18:43:40.814+0000] {processor.py:840} INFO - DAG(s) 'example_branch_datetime_operator_3', 'example_branch_datetime_operator', 'example_branch_datetime_operator_2' retrieved from /home/airflow/.local/lib/python3.12/site-packages/airflow/example_dags/example_branch_datetime_operator.py
[2024-07-01T18:43:40.912+0000] {logging_mixin.py:188} INFO - [2024-07-01T18:43:40.911+0000] {dag.py:3096} INFO - Sync 3 DAGs
[2024-07-01T18:43:41.001+0000] {logging_mixin.py:188} INFO - [2024-07-01T18:43:41.000+0000] {dag.py:3954} INFO - Setting next_dagrun for example_branch_datetime_operator to 2024-06-30 00:00:00+00:00, run_after=2024-07-01 00:00:00+00:00
[2024-07-01T18:43:41.035+0000] {logging_mixin.py:188} INFO - [2024-07-01T18:43:41.034+0000] {dag.py:3954} INFO - Setting next_dagrun for example_branch_datetime_operator_2 to 2024-06-30 00:00:00+00:00, run_after=2024-07-01 00:00:00+00:00
[2024-07-01T18:43:41.049+0000] {logging_mixin.py:188} INFO - [2024-07-01T18:43:41.048+0000] {dag.py:3954} INFO - Setting next_dagrun for example_branch_datetime_operator_3 to 2024-06-30 00:00:00+00:00, run_after=2024-07-01 00:00:00+00:00
[2024-07-01T18:43:41.113+0000] {processor.py:183} INFO - Processing /home/airflow/.local/lib/python3.12/site-packages/airflow/example_dags/example_branch_datetime_operator.py took 0.360 seconds
[2024-07-01T18:44:11.296+0000] {processor.py:161} INFO - Started process (PID=527) to work on /home/airflow/.local/lib/python3.12/site-packages/airflow/example_dags/example_branch_datetime_operator.py
[2024-07-01T18:44:11.298+0000] {processor.py:830} INFO - Processing file /home/airflow/.local/lib/python3.12/site-packages/airflow/example_dags/example_branch_datetime_operator.py for tasks to queue
[2024-07-01T18:44:11.303+0000] {logging_mixin.py:188} INFO - [2024-07-01T18:44:11.302+0000] {dagbag.py:545} INFO - Filling up the DagBag from /home/airflow/.local/lib/python3.12/site-packages/airflow/example_dags/example_branch_datetime_operator.py
[2024-07-01T18:44:11.337+0000] {processor.py:840} INFO - DAG(s) 'example_branch_datetime_operator', 'example_branch_datetime_operator_2', 'example_branch_datetime_operator_3' retrieved from /home/airflow/.local/lib/python3.12/site-packages/airflow/example_dags/example_branch_datetime_operator.py
[2024-07-01T18:44:11.409+0000] {logging_mixin.py:188} INFO - [2024-07-01T18:44:11.408+0000] {dag.py:3096} INFO - Sync 3 DAGs
[2024-07-01T18:44:11.492+0000] {logging_mixin.py:188} INFO - [2024-07-01T18:44:11.491+0000] {dag.py:3954} INFO - Setting next_dagrun for example_branch_datetime_operator to 2024-06-30 00:00:00+00:00, run_after=2024-07-01 00:00:00+00:00
[2024-07-01T18:44:11.514+0000] {logging_mixin.py:188} INFO - [2024-07-01T18:44:11.513+0000] {dag.py:3954} INFO - Setting next_dagrun for example_branch_datetime_operator_2 to 2024-06-30 00:00:00+00:00, run_after=2024-07-01 00:00:00+00:00
[2024-07-01T18:44:11.526+0000] {logging_mixin.py:188} INFO - [2024-07-01T18:44:11.525+0000] {dag.py:3954} INFO - Setting next_dagrun for example_branch_datetime_operator_3 to 2024-06-30 00:00:00+00:00, run_after=2024-07-01 00:00:00+00:00
[2024-07-01T18:44:11.579+0000] {processor.py:183} INFO - Processing /home/airflow/.local/lib/python3.12/site-packages/airflow/example_dags/example_branch_datetime_operator.py took 0.295 seconds
