[2024-07-01T18:39:49.933+0000] {processor.py:161} INFO - Started process (PID=40) to work on /home/airflow/.local/lib/python3.12/site-packages/airflow/example_dags/example_task_group.py
[2024-07-01T18:39:49.935+0000] {processor.py:830} INFO - Processing file /home/airflow/.local/lib/python3.12/site-packages/airflow/example_dags/example_task_group.py for tasks to queue
[2024-07-01T18:39:49.939+0000] {logging_mixin.py:188} INFO - [2024-07-01T18:39:49.939+0000] {dagbag.py:545} INFO - Filling up the DagBag from /home/airflow/.local/lib/python3.12/site-packages/airflow/example_dags/example_task_group.py
[2024-07-01T18:39:49.984+0000] {processor.py:840} INFO - DAG(s) 'example_task_group' retrieved from /home/airflow/.local/lib/python3.12/site-packages/airflow/example_dags/example_task_group.py
[2024-07-01T18:39:50.601+0000] {logging_mixin.py:188} INFO - [2024-07-01T18:39:50.599+0000] {override.py:1829} INFO - Created Permission View: can read on DAG:example_task_group
[2024-07-01T18:39:50.688+0000] {logging_mixin.py:188} INFO - [2024-07-01T18:39:50.687+0000] {override.py:1829} INFO - Created Permission View: can delete on DAG:example_task_group
[2024-07-01T18:39:50.727+0000] {logging_mixin.py:188} INFO - [2024-07-01T18:39:50.726+0000] {override.py:1829} INFO - Created Permission View: can edit on DAG:example_task_group
[2024-07-01T18:39:50.733+0000] {logging_mixin.py:188} INFO - [2024-07-01T18:39:50.733+0000] {dag.py:3096} INFO - Sync 1 DAGs
[2024-07-01T18:39:50.786+0000] {logging_mixin.py:188} INFO - [2024-07-01T18:39:50.785+0000] {dag.py:3118} INFO - Creating ORM DAG for example_task_group
[2024-07-01T18:39:50.824+0000] {logging_mixin.py:188} INFO - [2024-07-01T18:39:50.824+0000] {dag.py:3954} INFO - Setting next_dagrun for example_task_group to 2024-06-30 00:00:00+00:00, run_after=2024-07-01 00:00:00+00:00
[2024-07-01T18:39:50.909+0000] {processor.py:183} INFO - Processing /home/airflow/.local/lib/python3.12/site-packages/airflow/example_dags/example_task_group.py took 0.993 seconds
[2024-07-01T18:40:21.899+0000] {processor.py:161} INFO - Started process (PID=98) to work on /home/airflow/.local/lib/python3.12/site-packages/airflow/example_dags/example_task_group.py
[2024-07-01T18:40:21.904+0000] {processor.py:830} INFO - Processing file /home/airflow/.local/lib/python3.12/site-packages/airflow/example_dags/example_task_group.py for tasks to queue
[2024-07-01T18:40:21.909+0000] {logging_mixin.py:188} INFO - [2024-07-01T18:40:21.908+0000] {dagbag.py:545} INFO - Filling up the DagBag from /home/airflow/.local/lib/python3.12/site-packages/airflow/example_dags/example_task_group.py
[2024-07-01T18:40:21.937+0000] {processor.py:840} INFO - DAG(s) 'example_task_group' retrieved from /home/airflow/.local/lib/python3.12/site-packages/airflow/example_dags/example_task_group.py
[2024-07-01T18:40:22.053+0000] {logging_mixin.py:188} INFO - [2024-07-01T18:40:22.052+0000] {dag.py:3096} INFO - Sync 1 DAGs
[2024-07-01T18:40:22.333+0000] {logging_mixin.py:188} INFO - [2024-07-01T18:40:22.332+0000] {dag.py:3954} INFO - Setting next_dagrun for example_task_group to 2024-06-30 00:00:00+00:00, run_after=2024-07-01 00:00:00+00:00
[2024-07-01T18:40:22.478+0000] {processor.py:183} INFO - Processing /home/airflow/.local/lib/python3.12/site-packages/airflow/example_dags/example_task_group.py took 0.599 seconds
[2024-07-01T18:40:53.099+0000] {processor.py:161} INFO - Started process (PID=154) to work on /home/airflow/.local/lib/python3.12/site-packages/airflow/example_dags/example_task_group.py
[2024-07-01T18:40:53.102+0000] {processor.py:830} INFO - Processing file /home/airflow/.local/lib/python3.12/site-packages/airflow/example_dags/example_task_group.py for tasks to queue
[2024-07-01T18:40:53.109+0000] {logging_mixin.py:188} INFO - [2024-07-01T18:40:53.107+0000] {dagbag.py:545} INFO - Filling up the DagBag from /home/airflow/.local/lib/python3.12/site-packages/airflow/example_dags/example_task_group.py
[2024-07-01T18:40:53.155+0000] {processor.py:840} INFO - DAG(s) 'example_task_group' retrieved from /home/airflow/.local/lib/python3.12/site-packages/airflow/example_dags/example_task_group.py
[2024-07-01T18:40:53.282+0000] {logging_mixin.py:188} INFO - [2024-07-01T18:40:53.282+0000] {dag.py:3096} INFO - Sync 1 DAGs
[2024-07-01T18:40:53.409+0000] {logging_mixin.py:188} INFO - [2024-07-01T18:40:53.408+0000] {dag.py:3954} INFO - Setting next_dagrun for example_task_group to 2024-06-30 00:00:00+00:00, run_after=2024-07-01 00:00:00+00:00
[2024-07-01T18:40:53.535+0000] {processor.py:183} INFO - Processing /home/airflow/.local/lib/python3.12/site-packages/airflow/example_dags/example_task_group.py took 0.461 seconds
[2024-07-01T18:41:23.698+0000] {processor.py:161} INFO - Started process (PID=212) to work on /home/airflow/.local/lib/python3.12/site-packages/airflow/example_dags/example_task_group.py
[2024-07-01T18:41:23.701+0000] {processor.py:830} INFO - Processing file /home/airflow/.local/lib/python3.12/site-packages/airflow/example_dags/example_task_group.py for tasks to queue
[2024-07-01T18:41:23.707+0000] {logging_mixin.py:188} INFO - [2024-07-01T18:41:23.706+0000] {dagbag.py:545} INFO - Filling up the DagBag from /home/airflow/.local/lib/python3.12/site-packages/airflow/example_dags/example_task_group.py
[2024-07-01T18:41:23.730+0000] {processor.py:840} INFO - DAG(s) 'example_task_group' retrieved from /home/airflow/.local/lib/python3.12/site-packages/airflow/example_dags/example_task_group.py
[2024-07-01T18:41:23.790+0000] {logging_mixin.py:188} INFO - [2024-07-01T18:41:23.789+0000] {dag.py:3096} INFO - Sync 1 DAGs
[2024-07-01T18:41:23.863+0000] {logging_mixin.py:188} INFO - [2024-07-01T18:41:23.862+0000] {dag.py:3954} INFO - Setting next_dagrun for example_task_group to 2024-06-30 00:00:00+00:00, run_after=2024-07-01 00:00:00+00:00
[2024-07-01T18:41:23.929+0000] {processor.py:183} INFO - Processing /home/airflow/.local/lib/python3.12/site-packages/airflow/example_dags/example_task_group.py took 0.245 seconds
[2024-07-01T18:41:55.187+0000] {processor.py:161} INFO - Started process (PID=270) to work on /home/airflow/.local/lib/python3.12/site-packages/airflow/example_dags/example_task_group.py
[2024-07-01T18:41:55.210+0000] {processor.py:830} INFO - Processing file /home/airflow/.local/lib/python3.12/site-packages/airflow/example_dags/example_task_group.py for tasks to queue
[2024-07-01T18:41:55.261+0000] {logging_mixin.py:188} INFO - [2024-07-01T18:41:55.252+0000] {dagbag.py:545} INFO - Filling up the DagBag from /home/airflow/.local/lib/python3.12/site-packages/airflow/example_dags/example_task_group.py
[2024-07-01T18:41:55.342+0000] {processor.py:840} INFO - DAG(s) 'example_task_group' retrieved from /home/airflow/.local/lib/python3.12/site-packages/airflow/example_dags/example_task_group.py
[2024-07-01T18:41:55.504+0000] {logging_mixin.py:188} INFO - [2024-07-01T18:41:55.503+0000] {dag.py:3096} INFO - Sync 1 DAGs
[2024-07-01T18:41:55.640+0000] {logging_mixin.py:188} INFO - [2024-07-01T18:41:55.640+0000] {dag.py:3954} INFO - Setting next_dagrun for example_task_group to 2024-06-30 00:00:00+00:00, run_after=2024-07-01 00:00:00+00:00
[2024-07-01T18:41:55.728+0000] {processor.py:183} INFO - Processing /home/airflow/.local/lib/python3.12/site-packages/airflow/example_dags/example_task_group.py took 0.586 seconds
[2024-07-01T18:42:26.310+0000] {processor.py:161} INFO - Started process (PID=333) to work on /home/airflow/.local/lib/python3.12/site-packages/airflow/example_dags/example_task_group.py
[2024-07-01T18:42:26.314+0000] {processor.py:830} INFO - Processing file /home/airflow/.local/lib/python3.12/site-packages/airflow/example_dags/example_task_group.py for tasks to queue
[2024-07-01T18:42:26.320+0000] {logging_mixin.py:188} INFO - [2024-07-01T18:42:26.320+0000] {dagbag.py:545} INFO - Filling up the DagBag from /home/airflow/.local/lib/python3.12/site-packages/airflow/example_dags/example_task_group.py
[2024-07-01T18:42:26.347+0000] {processor.py:840} INFO - DAG(s) 'example_task_group' retrieved from /home/airflow/.local/lib/python3.12/site-packages/airflow/example_dags/example_task_group.py
[2024-07-01T18:42:26.405+0000] {logging_mixin.py:188} INFO - [2024-07-01T18:42:26.405+0000] {dag.py:3096} INFO - Sync 1 DAGs
[2024-07-01T18:42:26.477+0000] {logging_mixin.py:188} INFO - [2024-07-01T18:42:26.476+0000] {dag.py:3954} INFO - Setting next_dagrun for example_task_group to 2024-06-30 00:00:00+00:00, run_after=2024-07-01 00:00:00+00:00
[2024-07-01T18:42:26.539+0000] {processor.py:183} INFO - Processing /home/airflow/.local/lib/python3.12/site-packages/airflow/example_dags/example_task_group.py took 0.241 seconds
[2024-07-01T18:42:56.700+0000] {processor.py:161} INFO - Started process (PID=391) to work on /home/airflow/.local/lib/python3.12/site-packages/airflow/example_dags/example_task_group.py
[2024-07-01T18:42:56.703+0000] {processor.py:830} INFO - Processing file /home/airflow/.local/lib/python3.12/site-packages/airflow/example_dags/example_task_group.py for tasks to queue
[2024-07-01T18:42:56.708+0000] {logging_mixin.py:188} INFO - [2024-07-01T18:42:56.707+0000] {dagbag.py:545} INFO - Filling up the DagBag from /home/airflow/.local/lib/python3.12/site-packages/airflow/example_dags/example_task_group.py
[2024-07-01T18:42:56.730+0000] {processor.py:840} INFO - DAG(s) 'example_task_group' retrieved from /home/airflow/.local/lib/python3.12/site-packages/airflow/example_dags/example_task_group.py
[2024-07-01T18:42:56.811+0000] {logging_mixin.py:188} INFO - [2024-07-01T18:42:56.810+0000] {dag.py:3096} INFO - Sync 1 DAGs
[2024-07-01T18:42:56.888+0000] {logging_mixin.py:188} INFO - [2024-07-01T18:42:56.887+0000] {dag.py:3954} INFO - Setting next_dagrun for example_task_group to 2024-06-30 00:00:00+00:00, run_after=2024-07-01 00:00:00+00:00
[2024-07-01T18:42:56.954+0000] {processor.py:183} INFO - Processing /home/airflow/.local/lib/python3.12/site-packages/airflow/example_dags/example_task_group.py took 0.270 seconds
[2024-07-01T18:43:27.114+0000] {processor.py:161} INFO - Started process (PID=449) to work on /home/airflow/.local/lib/python3.12/site-packages/airflow/example_dags/example_task_group.py
[2024-07-01T18:43:27.117+0000] {processor.py:830} INFO - Processing file /home/airflow/.local/lib/python3.12/site-packages/airflow/example_dags/example_task_group.py for tasks to queue
[2024-07-01T18:43:27.124+0000] {logging_mixin.py:188} INFO - [2024-07-01T18:43:27.122+0000] {dagbag.py:545} INFO - Filling up the DagBag from /home/airflow/.local/lib/python3.12/site-packages/airflow/example_dags/example_task_group.py
[2024-07-01T18:43:27.153+0000] {processor.py:840} INFO - DAG(s) 'example_task_group' retrieved from /home/airflow/.local/lib/python3.12/site-packages/airflow/example_dags/example_task_group.py
[2024-07-01T18:43:27.246+0000] {logging_mixin.py:188} INFO - [2024-07-01T18:43:27.246+0000] {dag.py:3096} INFO - Sync 1 DAGs
[2024-07-01T18:43:27.317+0000] {logging_mixin.py:188} INFO - [2024-07-01T18:43:27.317+0000] {dag.py:3954} INFO - Setting next_dagrun for example_task_group to 2024-06-30 00:00:00+00:00, run_after=2024-07-01 00:00:00+00:00
[2024-07-01T18:43:27.377+0000] {processor.py:183} INFO - Processing /home/airflow/.local/lib/python3.12/site-packages/airflow/example_dags/example_task_group.py took 0.278 seconds
[2024-07-01T18:43:57.508+0000] {processor.py:161} INFO - Started process (PID=507) to work on /home/airflow/.local/lib/python3.12/site-packages/airflow/example_dags/example_task_group.py
[2024-07-01T18:43:57.524+0000] {processor.py:830} INFO - Processing file /home/airflow/.local/lib/python3.12/site-packages/airflow/example_dags/example_task_group.py for tasks to queue
[2024-07-01T18:43:57.527+0000] {logging_mixin.py:188} INFO - [2024-07-01T18:43:57.526+0000] {dagbag.py:545} INFO - Filling up the DagBag from /home/airflow/.local/lib/python3.12/site-packages/airflow/example_dags/example_task_group.py
[2024-07-01T18:43:57.538+0000] {processor.py:840} INFO - DAG(s) 'example_task_group' retrieved from /home/airflow/.local/lib/python3.12/site-packages/airflow/example_dags/example_task_group.py
[2024-07-01T18:43:57.575+0000] {logging_mixin.py:188} INFO - [2024-07-01T18:43:57.575+0000] {dag.py:3096} INFO - Sync 1 DAGs
[2024-07-01T18:43:57.622+0000] {logging_mixin.py:188} INFO - [2024-07-01T18:43:57.621+0000] {dag.py:3954} INFO - Setting next_dagrun for example_task_group to 2024-06-30 00:00:00+00:00, run_after=2024-07-01 00:00:00+00:00
[2024-07-01T18:43:57.683+0000] {processor.py:183} INFO - Processing /home/airflow/.local/lib/python3.12/site-packages/airflow/example_dags/example_task_group.py took 0.183 seconds
