[2024-07-01T18:40:06.737+0000] {processor.py:161} INFO - Started process (PID=73) to work on /home/airflow/.local/lib/python3.12/site-packages/airflow/example_dags/example_local_kubernetes_executor.py
[2024-07-01T18:40:06.744+0000] {processor.py:830} INFO - Processing file /home/airflow/.local/lib/python3.12/site-packages/airflow/example_dags/example_local_kubernetes_executor.py for tasks to queue
[2024-07-01T18:40:06.752+0000] {logging_mixin.py:188} INFO - [2024-07-01T18:40:06.750+0000] {dagbag.py:545} INFO - Filling up the DagBag from /home/airflow/.local/lib/python3.12/site-packages/airflow/example_dags/example_local_kubernetes_executor.py
[2024-07-01T18:40:06.798+0000] {processor.py:840} INFO - DAG(s) 'example_local_kubernetes_executor' retrieved from /home/airflow/.local/lib/python3.12/site-packages/airflow/example_dags/example_local_kubernetes_executor.py
[2024-07-01T18:40:07.467+0000] {logging_mixin.py:188} INFO - [2024-07-01T18:40:07.464+0000] {override.py:1829} INFO - Created Permission View: can read on DAG:example_local_kubernetes_executor
[2024-07-01T18:40:07.509+0000] {logging_mixin.py:188} INFO - [2024-07-01T18:40:07.508+0000] {override.py:1829} INFO - Created Permission View: can delete on DAG:example_local_kubernetes_executor
[2024-07-01T18:40:07.543+0000] {logging_mixin.py:188} INFO - [2024-07-01T18:40:07.542+0000] {override.py:1829} INFO - Created Permission View: can edit on DAG:example_local_kubernetes_executor
[2024-07-01T18:40:07.546+0000] {logging_mixin.py:188} INFO - [2024-07-01T18:40:07.545+0000] {dag.py:3096} INFO - Sync 1 DAGs
[2024-07-01T18:40:07.591+0000] {logging_mixin.py:188} INFO - [2024-07-01T18:40:07.590+0000] {dag.py:3118} INFO - Creating ORM DAG for example_local_kubernetes_executor
[2024-07-01T18:40:07.594+0000] {logging_mixin.py:188} INFO - [2024-07-01T18:40:07.593+0000] {dag.py:3954} INFO - Setting next_dagrun for example_local_kubernetes_executor to None, run_after=None
[2024-07-01T18:40:07.666+0000] {processor.py:183} INFO - Processing /home/airflow/.local/lib/python3.12/site-packages/airflow/example_dags/example_local_kubernetes_executor.py took 0.942 seconds
[2024-07-01T18:40:38.455+0000] {processor.py:161} INFO - Started process (PID=131) to work on /home/airflow/.local/lib/python3.12/site-packages/airflow/example_dags/example_local_kubernetes_executor.py
[2024-07-01T18:40:38.485+0000] {processor.py:830} INFO - Processing file /home/airflow/.local/lib/python3.12/site-packages/airflow/example_dags/example_local_kubernetes_executor.py for tasks to queue
[2024-07-01T18:40:38.503+0000] {logging_mixin.py:188} INFO - [2024-07-01T18:40:38.500+0000] {dagbag.py:545} INFO - Filling up the DagBag from /home/airflow/.local/lib/python3.12/site-packages/airflow/example_dags/example_local_kubernetes_executor.py
[2024-07-01T18:40:38.543+0000] {processor.py:840} INFO - DAG(s) 'example_local_kubernetes_executor' retrieved from /home/airflow/.local/lib/python3.12/site-packages/airflow/example_dags/example_local_kubernetes_executor.py
[2024-07-01T18:40:38.813+0000] {logging_mixin.py:188} INFO - [2024-07-01T18:40:38.812+0000] {dag.py:3096} INFO - Sync 1 DAGs
[2024-07-01T18:40:38.915+0000] {logging_mixin.py:188} INFO - [2024-07-01T18:40:38.915+0000] {dag.py:3954} INFO - Setting next_dagrun for example_local_kubernetes_executor to None, run_after=None
[2024-07-01T18:40:39.034+0000] {processor.py:183} INFO - Processing /home/airflow/.local/lib/python3.12/site-packages/airflow/example_dags/example_local_kubernetes_executor.py took 0.622 seconds
[2024-07-01T18:41:09.480+0000] {processor.py:161} INFO - Started process (PID=189) to work on /home/airflow/.local/lib/python3.12/site-packages/airflow/example_dags/example_local_kubernetes_executor.py
[2024-07-01T18:41:09.496+0000] {processor.py:830} INFO - Processing file /home/airflow/.local/lib/python3.12/site-packages/airflow/example_dags/example_local_kubernetes_executor.py for tasks to queue
[2024-07-01T18:41:09.503+0000] {logging_mixin.py:188} INFO - [2024-07-01T18:41:09.502+0000] {dagbag.py:545} INFO - Filling up the DagBag from /home/airflow/.local/lib/python3.12/site-packages/airflow/example_dags/example_local_kubernetes_executor.py
[2024-07-01T18:41:09.559+0000] {processor.py:840} INFO - DAG(s) 'example_local_kubernetes_executor' retrieved from /home/airflow/.local/lib/python3.12/site-packages/airflow/example_dags/example_local_kubernetes_executor.py
[2024-07-01T18:41:09.724+0000] {logging_mixin.py:188} INFO - [2024-07-01T18:41:09.723+0000] {dag.py:3096} INFO - Sync 1 DAGs
[2024-07-01T18:41:09.799+0000] {logging_mixin.py:188} INFO - [2024-07-01T18:41:09.798+0000] {dag.py:3954} INFO - Setting next_dagrun for example_local_kubernetes_executor to None, run_after=None
[2024-07-01T18:41:09.864+0000] {processor.py:183} INFO - Processing /home/airflow/.local/lib/python3.12/site-packages/airflow/example_dags/example_local_kubernetes_executor.py took 0.402 seconds
[2024-07-01T18:41:40.950+0000] {processor.py:161} INFO - Started process (PID=247) to work on /home/airflow/.local/lib/python3.12/site-packages/airflow/example_dags/example_local_kubernetes_executor.py
[2024-07-01T18:41:40.953+0000] {processor.py:830} INFO - Processing file /home/airflow/.local/lib/python3.12/site-packages/airflow/example_dags/example_local_kubernetes_executor.py for tasks to queue
[2024-07-01T18:41:40.956+0000] {logging_mixin.py:188} INFO - [2024-07-01T18:41:40.956+0000] {dagbag.py:545} INFO - Filling up the DagBag from /home/airflow/.local/lib/python3.12/site-packages/airflow/example_dags/example_local_kubernetes_executor.py
[2024-07-01T18:41:40.973+0000] {processor.py:840} INFO - DAG(s) 'example_local_kubernetes_executor' retrieved from /home/airflow/.local/lib/python3.12/site-packages/airflow/example_dags/example_local_kubernetes_executor.py
[2024-07-01T18:41:41.075+0000] {logging_mixin.py:188} INFO - [2024-07-01T18:41:41.075+0000] {dag.py:3096} INFO - Sync 1 DAGs
[2024-07-01T18:41:41.121+0000] {logging_mixin.py:188} INFO - [2024-07-01T18:41:41.121+0000] {dag.py:3954} INFO - Setting next_dagrun for example_local_kubernetes_executor to None, run_after=None
[2024-07-01T18:41:41.182+0000] {processor.py:183} INFO - Processing /home/airflow/.local/lib/python3.12/site-packages/airflow/example_dags/example_local_kubernetes_executor.py took 0.245 seconds
[2024-07-01T18:42:12.835+0000] {processor.py:161} INFO - Started process (PID=305) to work on /home/airflow/.local/lib/python3.12/site-packages/airflow/example_dags/example_local_kubernetes_executor.py
[2024-07-01T18:42:12.838+0000] {processor.py:830} INFO - Processing file /home/airflow/.local/lib/python3.12/site-packages/airflow/example_dags/example_local_kubernetes_executor.py for tasks to queue
[2024-07-01T18:42:12.844+0000] {logging_mixin.py:188} INFO - [2024-07-01T18:42:12.843+0000] {dagbag.py:545} INFO - Filling up the DagBag from /home/airflow/.local/lib/python3.12/site-packages/airflow/example_dags/example_local_kubernetes_executor.py
[2024-07-01T18:42:12.864+0000] {processor.py:840} INFO - DAG(s) 'example_local_kubernetes_executor' retrieved from /home/airflow/.local/lib/python3.12/site-packages/airflow/example_dags/example_local_kubernetes_executor.py
[2024-07-01T18:42:12.982+0000] {logging_mixin.py:188} INFO - [2024-07-01T18:42:12.982+0000] {dag.py:3096} INFO - Sync 1 DAGs
[2024-07-01T18:42:13.031+0000] {logging_mixin.py:188} INFO - [2024-07-01T18:42:13.031+0000] {dag.py:3954} INFO - Setting next_dagrun for example_local_kubernetes_executor to None, run_after=None
[2024-07-01T18:42:13.102+0000] {processor.py:183} INFO - Processing /home/airflow/.local/lib/python3.12/site-packages/airflow/example_dags/example_local_kubernetes_executor.py took 0.285 seconds
[2024-07-01T18:42:43.592+0000] {processor.py:161} INFO - Started process (PID=360) to work on /home/airflow/.local/lib/python3.12/site-packages/airflow/example_dags/example_local_kubernetes_executor.py
[2024-07-01T18:42:43.595+0000] {processor.py:830} INFO - Processing file /home/airflow/.local/lib/python3.12/site-packages/airflow/example_dags/example_local_kubernetes_executor.py for tasks to queue
[2024-07-01T18:42:43.599+0000] {logging_mixin.py:188} INFO - [2024-07-01T18:42:43.599+0000] {dagbag.py:545} INFO - Filling up the DagBag from /home/airflow/.local/lib/python3.12/site-packages/airflow/example_dags/example_local_kubernetes_executor.py
[2024-07-01T18:42:43.619+0000] {processor.py:840} INFO - DAG(s) 'example_local_kubernetes_executor' retrieved from /home/airflow/.local/lib/python3.12/site-packages/airflow/example_dags/example_local_kubernetes_executor.py
[2024-07-01T18:42:43.756+0000] {logging_mixin.py:188} INFO - [2024-07-01T18:42:43.755+0000] {dag.py:3096} INFO - Sync 1 DAGs
[2024-07-01T18:42:43.821+0000] {logging_mixin.py:188} INFO - [2024-07-01T18:42:43.820+0000] {dag.py:3954} INFO - Setting next_dagrun for example_local_kubernetes_executor to None, run_after=None
[2024-07-01T18:42:43.893+0000] {processor.py:183} INFO - Processing /home/airflow/.local/lib/python3.12/site-packages/airflow/example_dags/example_local_kubernetes_executor.py took 0.317 seconds
[2024-07-01T18:43:14.072+0000] {processor.py:161} INFO - Started process (PID=418) to work on /home/airflow/.local/lib/python3.12/site-packages/airflow/example_dags/example_local_kubernetes_executor.py
[2024-07-01T18:43:14.074+0000] {processor.py:830} INFO - Processing file /home/airflow/.local/lib/python3.12/site-packages/airflow/example_dags/example_local_kubernetes_executor.py for tasks to queue
[2024-07-01T18:43:14.077+0000] {logging_mixin.py:188} INFO - [2024-07-01T18:43:14.076+0000] {dagbag.py:545} INFO - Filling up the DagBag from /home/airflow/.local/lib/python3.12/site-packages/airflow/example_dags/example_local_kubernetes_executor.py
[2024-07-01T18:43:14.088+0000] {processor.py:840} INFO - DAG(s) 'example_local_kubernetes_executor' retrieved from /home/airflow/.local/lib/python3.12/site-packages/airflow/example_dags/example_local_kubernetes_executor.py
[2024-07-01T18:43:14.167+0000] {logging_mixin.py:188} INFO - [2024-07-01T18:43:14.166+0000] {dag.py:3096} INFO - Sync 1 DAGs
[2024-07-01T18:43:14.192+0000] {logging_mixin.py:188} INFO - [2024-07-01T18:43:14.192+0000] {dag.py:3954} INFO - Setting next_dagrun for example_local_kubernetes_executor to None, run_after=None
[2024-07-01T18:43:14.233+0000] {processor.py:183} INFO - Processing /home/airflow/.local/lib/python3.12/site-packages/airflow/example_dags/example_local_kubernetes_executor.py took 0.169 seconds
[2024-07-01T18:43:45.055+0000] {processor.py:161} INFO - Started process (PID=476) to work on /home/airflow/.local/lib/python3.12/site-packages/airflow/example_dags/example_local_kubernetes_executor.py
[2024-07-01T18:43:45.057+0000] {processor.py:830} INFO - Processing file /home/airflow/.local/lib/python3.12/site-packages/airflow/example_dags/example_local_kubernetes_executor.py for tasks to queue
[2024-07-01T18:43:45.063+0000] {logging_mixin.py:188} INFO - [2024-07-01T18:43:45.062+0000] {dagbag.py:545} INFO - Filling up the DagBag from /home/airflow/.local/lib/python3.12/site-packages/airflow/example_dags/example_local_kubernetes_executor.py
[2024-07-01T18:43:45.092+0000] {processor.py:840} INFO - DAG(s) 'example_local_kubernetes_executor' retrieved from /home/airflow/.local/lib/python3.12/site-packages/airflow/example_dags/example_local_kubernetes_executor.py
[2024-07-01T18:43:45.245+0000] {logging_mixin.py:188} INFO - [2024-07-01T18:43:45.244+0000] {dag.py:3096} INFO - Sync 1 DAGs
[2024-07-01T18:43:45.280+0000] {logging_mixin.py:188} INFO - [2024-07-01T18:43:45.280+0000] {dag.py:3954} INFO - Setting next_dagrun for example_local_kubernetes_executor to None, run_after=None
[2024-07-01T18:43:45.338+0000] {processor.py:183} INFO - Processing /home/airflow/.local/lib/python3.12/site-packages/airflow/example_dags/example_local_kubernetes_executor.py took 0.295 seconds
[2024-07-01T18:44:16.177+0000] {processor.py:161} INFO - Started process (PID=534) to work on /home/airflow/.local/lib/python3.12/site-packages/airflow/example_dags/example_local_kubernetes_executor.py
[2024-07-01T18:44:16.178+0000] {processor.py:830} INFO - Processing file /home/airflow/.local/lib/python3.12/site-packages/airflow/example_dags/example_local_kubernetes_executor.py for tasks to queue
[2024-07-01T18:44:16.181+0000] {logging_mixin.py:188} INFO - [2024-07-01T18:44:16.181+0000] {dagbag.py:545} INFO - Filling up the DagBag from /home/airflow/.local/lib/python3.12/site-packages/airflow/example_dags/example_local_kubernetes_executor.py
[2024-07-01T18:44:16.196+0000] {processor.py:840} INFO - DAG(s) 'example_local_kubernetes_executor' retrieved from /home/airflow/.local/lib/python3.12/site-packages/airflow/example_dags/example_local_kubernetes_executor.py
[2024-07-01T18:44:16.296+0000] {logging_mixin.py:188} INFO - [2024-07-01T18:44:16.295+0000] {dag.py:3096} INFO - Sync 1 DAGs
[2024-07-01T18:44:16.338+0000] {logging_mixin.py:188} INFO - [2024-07-01T18:44:16.338+0000] {dag.py:3954} INFO - Setting next_dagrun for example_local_kubernetes_executor to None, run_after=None
[2024-07-01T18:44:16.459+0000] {processor.py:183} INFO - Processing /home/airflow/.local/lib/python3.12/site-packages/airflow/example_dags/example_local_kubernetes_executor.py took 0.291 seconds
