[2024-07-01T18:40:16.049+0000] {processor.py:161} INFO - Started process (PID=86) to work on /home/airflow/.local/lib/python3.12/site-packages/airflow/example_dags/example_sla_dag.py
[2024-07-01T18:40:16.064+0000] {processor.py:830} INFO - Processing file /home/airflow/.local/lib/python3.12/site-packages/airflow/example_dags/example_sla_dag.py for tasks to queue
[2024-07-01T18:40:16.081+0000] {logging_mixin.py:188} INFO - [2024-07-01T18:40:16.080+0000] {dagbag.py:545} INFO - Filling up the DagBag from /home/airflow/.local/lib/python3.12/site-packages/airflow/example_dags/example_sla_dag.py
[2024-07-01T18:40:16.136+0000] {processor.py:840} INFO - DAG(s) 'example_sla_dag' retrieved from /home/airflow/.local/lib/python3.12/site-packages/airflow/example_dags/example_sla_dag.py
[2024-07-01T18:40:16.758+0000] {logging_mixin.py:188} INFO - [2024-07-01T18:40:16.756+0000] {override.py:1829} INFO - Created Permission View: can read on DAG:example_sla_dag
[2024-07-01T18:40:16.832+0000] {logging_mixin.py:188} INFO - [2024-07-01T18:40:16.831+0000] {override.py:1829} INFO - Created Permission View: can delete on DAG:example_sla_dag
[2024-07-01T18:40:16.862+0000] {logging_mixin.py:188} INFO - [2024-07-01T18:40:16.861+0000] {override.py:1829} INFO - Created Permission View: can edit on DAG:example_sla_dag
[2024-07-01T18:40:16.865+0000] {logging_mixin.py:188} INFO - [2024-07-01T18:40:16.864+0000] {dag.py:3096} INFO - Sync 1 DAGs
[2024-07-01T18:40:16.926+0000] {logging_mixin.py:188} INFO - [2024-07-01T18:40:16.924+0000] {dag.py:3118} INFO - Creating ORM DAG for example_sla_dag
[2024-07-01T18:40:16.997+0000] {logging_mixin.py:188} INFO - [2024-07-01T18:40:16.997+0000] {dag.py:3954} INFO - Setting next_dagrun for example_sla_dag to 2024-07-01 18:38:00+00:00, run_after=2024-07-01 18:40:00+00:00
[2024-07-01T18:40:17.103+0000] {processor.py:183} INFO - Processing /home/airflow/.local/lib/python3.12/site-packages/airflow/example_dags/example_sla_dag.py took 1.076 seconds
[2024-07-01T18:40:47.639+0000] {processor.py:161} INFO - Started process (PID=144) to work on /home/airflow/.local/lib/python3.12/site-packages/airflow/example_dags/example_sla_dag.py
[2024-07-01T18:40:47.643+0000] {processor.py:830} INFO - Processing file /home/airflow/.local/lib/python3.12/site-packages/airflow/example_dags/example_sla_dag.py for tasks to queue
[2024-07-01T18:40:47.650+0000] {logging_mixin.py:188} INFO - [2024-07-01T18:40:47.648+0000] {dagbag.py:545} INFO - Filling up the DagBag from /home/airflow/.local/lib/python3.12/site-packages/airflow/example_dags/example_sla_dag.py
[2024-07-01T18:40:47.687+0000] {processor.py:840} INFO - DAG(s) 'example_sla_dag' retrieved from /home/airflow/.local/lib/python3.12/site-packages/airflow/example_dags/example_sla_dag.py
[2024-07-01T18:40:47.762+0000] {logging_mixin.py:188} INFO - [2024-07-01T18:40:47.762+0000] {dag.py:3096} INFO - Sync 1 DAGs
[2024-07-01T18:40:47.909+0000] {logging_mixin.py:188} INFO - [2024-07-01T18:40:47.908+0000] {dag.py:3954} INFO - Setting next_dagrun for example_sla_dag to 2024-07-01 18:38:00+00:00, run_after=2024-07-01 18:40:00+00:00
[2024-07-01T18:40:48.000+0000] {processor.py:183} INFO - Processing /home/airflow/.local/lib/python3.12/site-packages/airflow/example_dags/example_sla_dag.py took 0.389 seconds
[2024-07-01T18:41:18.156+0000] {processor.py:161} INFO - Started process (PID=202) to work on /home/airflow/.local/lib/python3.12/site-packages/airflow/example_dags/example_sla_dag.py
[2024-07-01T18:41:18.161+0000] {processor.py:830} INFO - Processing file /home/airflow/.local/lib/python3.12/site-packages/airflow/example_dags/example_sla_dag.py for tasks to queue
[2024-07-01T18:41:18.169+0000] {logging_mixin.py:188} INFO - [2024-07-01T18:41:18.168+0000] {dagbag.py:545} INFO - Filling up the DagBag from /home/airflow/.local/lib/python3.12/site-packages/airflow/example_dags/example_sla_dag.py
[2024-07-01T18:41:18.199+0000] {processor.py:840} INFO - DAG(s) 'example_sla_dag' retrieved from /home/airflow/.local/lib/python3.12/site-packages/airflow/example_dags/example_sla_dag.py
[2024-07-01T18:41:18.271+0000] {logging_mixin.py:188} INFO - [2024-07-01T18:41:18.271+0000] {dag.py:3096} INFO - Sync 1 DAGs
[2024-07-01T18:41:18.383+0000] {logging_mixin.py:188} INFO - [2024-07-01T18:41:18.382+0000] {dag.py:3954} INFO - Setting next_dagrun for example_sla_dag to 2024-07-01 18:38:00+00:00, run_after=2024-07-01 18:40:00+00:00
[2024-07-01T18:41:18.489+0000] {processor.py:183} INFO - Processing /home/airflow/.local/lib/python3.12/site-packages/airflow/example_dags/example_sla_dag.py took 0.357 seconds
[2024-07-01T18:41:49.003+0000] {processor.py:161} INFO - Started process (PID=260) to work on /home/airflow/.local/lib/python3.12/site-packages/airflow/example_dags/example_sla_dag.py
[2024-07-01T18:41:49.006+0000] {processor.py:830} INFO - Processing file /home/airflow/.local/lib/python3.12/site-packages/airflow/example_dags/example_sla_dag.py for tasks to queue
[2024-07-01T18:41:49.010+0000] {logging_mixin.py:188} INFO - [2024-07-01T18:41:49.009+0000] {dagbag.py:545} INFO - Filling up the DagBag from /home/airflow/.local/lib/python3.12/site-packages/airflow/example_dags/example_sla_dag.py
[2024-07-01T18:41:49.057+0000] {processor.py:840} INFO - DAG(s) 'example_sla_dag' retrieved from /home/airflow/.local/lib/python3.12/site-packages/airflow/example_dags/example_sla_dag.py
[2024-07-01T18:41:49.163+0000] {logging_mixin.py:188} INFO - [2024-07-01T18:41:49.162+0000] {dag.py:3096} INFO - Sync 1 DAGs
[2024-07-01T18:41:49.231+0000] {logging_mixin.py:188} INFO - [2024-07-01T18:41:49.230+0000] {dag.py:3954} INFO - Setting next_dagrun for example_sla_dag to 2024-07-01 18:38:00+00:00, run_after=2024-07-01 18:40:00+00:00
[2024-07-01T18:41:49.283+0000] {processor.py:183} INFO - Processing /home/airflow/.local/lib/python3.12/site-packages/airflow/example_dags/example_sla_dag.py took 0.296 seconds
[2024-07-01T18:42:19.735+0000] {processor.py:161} INFO - Started process (PID=318) to work on /home/airflow/.local/lib/python3.12/site-packages/airflow/example_dags/example_sla_dag.py
[2024-07-01T18:42:19.749+0000] {processor.py:830} INFO - Processing file /home/airflow/.local/lib/python3.12/site-packages/airflow/example_dags/example_sla_dag.py for tasks to queue
[2024-07-01T18:42:19.756+0000] {logging_mixin.py:188} INFO - [2024-07-01T18:42:19.755+0000] {dagbag.py:545} INFO - Filling up the DagBag from /home/airflow/.local/lib/python3.12/site-packages/airflow/example_dags/example_sla_dag.py
[2024-07-01T18:42:19.856+0000] {processor.py:840} INFO - DAG(s) 'example_sla_dag' retrieved from /home/airflow/.local/lib/python3.12/site-packages/airflow/example_dags/example_sla_dag.py
[2024-07-01T18:42:19.991+0000] {logging_mixin.py:188} INFO - [2024-07-01T18:42:19.990+0000] {dag.py:3096} INFO - Sync 1 DAGs
[2024-07-01T18:42:20.085+0000] {logging_mixin.py:188} INFO - [2024-07-01T18:42:20.085+0000] {dag.py:3954} INFO - Setting next_dagrun for example_sla_dag to 2024-07-01 18:40:00+00:00, run_after=2024-07-01 18:42:00+00:00
[2024-07-01T18:42:20.183+0000] {processor.py:183} INFO - Processing /home/airflow/.local/lib/python3.12/site-packages/airflow/example_dags/example_sla_dag.py took 0.469 seconds
[2024-07-01T18:42:51.080+0000] {processor.py:161} INFO - Started process (PID=375) to work on /home/airflow/.local/lib/python3.12/site-packages/airflow/example_dags/example_sla_dag.py
[2024-07-01T18:42:51.084+0000] {processor.py:830} INFO - Processing file /home/airflow/.local/lib/python3.12/site-packages/airflow/example_dags/example_sla_dag.py for tasks to queue
[2024-07-01T18:42:51.089+0000] {logging_mixin.py:188} INFO - [2024-07-01T18:42:51.088+0000] {dagbag.py:545} INFO - Filling up the DagBag from /home/airflow/.local/lib/python3.12/site-packages/airflow/example_dags/example_sla_dag.py
[2024-07-01T18:42:51.126+0000] {processor.py:840} INFO - DAG(s) 'example_sla_dag' retrieved from /home/airflow/.local/lib/python3.12/site-packages/airflow/example_dags/example_sla_dag.py
[2024-07-01T18:42:51.230+0000] {logging_mixin.py:188} INFO - [2024-07-01T18:42:51.229+0000] {dag.py:3096} INFO - Sync 1 DAGs
[2024-07-01T18:42:51.350+0000] {logging_mixin.py:188} INFO - [2024-07-01T18:42:51.350+0000] {dag.py:3954} INFO - Setting next_dagrun for example_sla_dag to 2024-07-01 18:40:00+00:00, run_after=2024-07-01 18:42:00+00:00
[2024-07-01T18:42:51.419+0000] {processor.py:183} INFO - Processing /home/airflow/.local/lib/python3.12/site-packages/airflow/example_dags/example_sla_dag.py took 0.359 seconds
[2024-07-01T18:43:21.885+0000] {processor.py:161} INFO - Started process (PID=433) to work on /home/airflow/.local/lib/python3.12/site-packages/airflow/example_dags/example_sla_dag.py
[2024-07-01T18:43:21.887+0000] {processor.py:830} INFO - Processing file /home/airflow/.local/lib/python3.12/site-packages/airflow/example_dags/example_sla_dag.py for tasks to queue
[2024-07-01T18:43:21.894+0000] {logging_mixin.py:188} INFO - [2024-07-01T18:43:21.893+0000] {dagbag.py:545} INFO - Filling up the DagBag from /home/airflow/.local/lib/python3.12/site-packages/airflow/example_dags/example_sla_dag.py
[2024-07-01T18:43:21.924+0000] {processor.py:840} INFO - DAG(s) 'example_sla_dag' retrieved from /home/airflow/.local/lib/python3.12/site-packages/airflow/example_dags/example_sla_dag.py
[2024-07-01T18:43:21.980+0000] {logging_mixin.py:188} INFO - [2024-07-01T18:43:21.980+0000] {dag.py:3096} INFO - Sync 1 DAGs
[2024-07-01T18:43:22.052+0000] {logging_mixin.py:188} INFO - [2024-07-01T18:43:22.052+0000] {dag.py:3954} INFO - Setting next_dagrun for example_sla_dag to 2024-07-01 18:40:00+00:00, run_after=2024-07-01 18:42:00+00:00
[2024-07-01T18:43:22.107+0000] {processor.py:183} INFO - Processing /home/airflow/.local/lib/python3.12/site-packages/airflow/example_dags/example_sla_dag.py took 0.233 seconds
[2024-07-01T18:43:52.383+0000] {processor.py:161} INFO - Started process (PID=491) to work on /home/airflow/.local/lib/python3.12/site-packages/airflow/example_dags/example_sla_dag.py
[2024-07-01T18:43:52.385+0000] {processor.py:830} INFO - Processing file /home/airflow/.local/lib/python3.12/site-packages/airflow/example_dags/example_sla_dag.py for tasks to queue
[2024-07-01T18:43:52.388+0000] {logging_mixin.py:188} INFO - [2024-07-01T18:43:52.387+0000] {dagbag.py:545} INFO - Filling up the DagBag from /home/airflow/.local/lib/python3.12/site-packages/airflow/example_dags/example_sla_dag.py
[2024-07-01T18:43:52.405+0000] {processor.py:840} INFO - DAG(s) 'example_sla_dag' retrieved from /home/airflow/.local/lib/python3.12/site-packages/airflow/example_dags/example_sla_dag.py
[2024-07-01T18:43:52.441+0000] {logging_mixin.py:188} INFO - [2024-07-01T18:43:52.441+0000] {dag.py:3096} INFO - Sync 1 DAGs
[2024-07-01T18:43:52.485+0000] {logging_mixin.py:188} INFO - [2024-07-01T18:43:52.484+0000] {dag.py:3954} INFO - Setting next_dagrun for example_sla_dag to 2024-07-01 18:40:00+00:00, run_after=2024-07-01 18:42:00+00:00
[2024-07-01T18:43:52.523+0000] {processor.py:183} INFO - Processing /home/airflow/.local/lib/python3.12/site-packages/airflow/example_dags/example_sla_dag.py took 0.149 seconds
[2024-07-01T18:44:23.513+0000] {processor.py:161} INFO - Started process (PID=549) to work on /home/airflow/.local/lib/python3.12/site-packages/airflow/example_dags/example_sla_dag.py
[2024-07-01T18:44:23.514+0000] {processor.py:830} INFO - Processing file /home/airflow/.local/lib/python3.12/site-packages/airflow/example_dags/example_sla_dag.py for tasks to queue
[2024-07-01T18:44:23.518+0000] {logging_mixin.py:188} INFO - [2024-07-01T18:44:23.517+0000] {dagbag.py:545} INFO - Filling up the DagBag from /home/airflow/.local/lib/python3.12/site-packages/airflow/example_dags/example_sla_dag.py
[2024-07-01T18:44:23.533+0000] {processor.py:840} INFO - DAG(s) 'example_sla_dag' retrieved from /home/airflow/.local/lib/python3.12/site-packages/airflow/example_dags/example_sla_dag.py
[2024-07-01T18:44:23.569+0000] {logging_mixin.py:188} INFO - [2024-07-01T18:44:23.568+0000] {dag.py:3096} INFO - Sync 1 DAGs
[2024-07-01T18:44:23.615+0000] {logging_mixin.py:188} INFO - [2024-07-01T18:44:23.615+0000] {dag.py:3954} INFO - Setting next_dagrun for example_sla_dag to 2024-07-01 18:42:00+00:00, run_after=2024-07-01 18:44:00+00:00
[2024-07-01T18:44:23.655+0000] {processor.py:183} INFO - Processing /home/airflow/.local/lib/python3.12/site-packages/airflow/example_dags/example_sla_dag.py took 0.152 seconds
