[2024-07-01T18:39:53.381+0000] {processor.py:161} INFO - Started process (PID=50) to work on /home/airflow/.local/lib/python3.12/site-packages/airflow/example_dags/example_subdag_operator.py
[2024-07-01T18:39:53.404+0000] {processor.py:830} INFO - Processing file /home/airflow/.local/lib/python3.12/site-packages/airflow/example_dags/example_subdag_operator.py for tasks to queue
[2024-07-01T18:39:53.428+0000] {logging_mixin.py:188} INFO - [2024-07-01T18:39:53.427+0000] {dagbag.py:545} INFO - Filling up the DagBag from /home/airflow/.local/lib/python3.12/site-packages/airflow/example_dags/example_subdag_operator.py
[2024-07-01T18:39:53.627+0000] {processor.py:840} INFO - DAG(s) 'example_subdag_operator.section-1', 'example_subdag_operator.section-2', 'example_subdag_operator' retrieved from /home/airflow/.local/lib/python3.12/site-packages/airflow/example_dags/example_subdag_operator.py
[2024-07-01T18:39:54.426+0000] {logging_mixin.py:188} INFO - [2024-07-01T18:39:54.424+0000] {override.py:1829} INFO - Created Permission View: can read on DAG:example_subdag_operator
[2024-07-01T18:39:54.500+0000] {logging_mixin.py:188} INFO - [2024-07-01T18:39:54.499+0000] {override.py:1829} INFO - Created Permission View: can delete on DAG:example_subdag_operator
[2024-07-01T18:39:54.546+0000] {logging_mixin.py:188} INFO - [2024-07-01T18:39:54.546+0000] {override.py:1829} INFO - Created Permission View: can edit on DAG:example_subdag_operator
[2024-07-01T18:39:54.548+0000] {logging_mixin.py:188} INFO - [2024-07-01T18:39:54.547+0000] {dag.py:3096} INFO - Sync 3 DAGs
[2024-07-01T18:39:54.625+0000] {logging_mixin.py:188} INFO - [2024-07-01T18:39:54.625+0000] {dag.py:3118} INFO - Creating ORM DAG for example_subdag_operator.section-2
[2024-07-01T18:39:54.641+0000] {logging_mixin.py:188} INFO - [2024-07-01T18:39:54.641+0000] {dag.py:3118} INFO - Creating ORM DAG for example_subdag_operator
[2024-07-01T18:39:54.658+0000] {logging_mixin.py:188} INFO - [2024-07-01T18:39:54.657+0000] {dag.py:3118} INFO - Creating ORM DAG for example_subdag_operator.section-1
[2024-07-01T18:39:54.759+0000] {logging_mixin.py:188} INFO - [2024-07-01T18:39:54.758+0000] {dag.py:3954} INFO - Setting next_dagrun for example_subdag_operator to 2022-01-01 00:00:00+00:00, run_after=2022-01-01 00:00:00+00:00
[2024-07-01T18:39:54.771+0000] {logging_mixin.py:188} INFO - [2024-07-01T18:39:54.762+0000] {dag.py:3954} INFO - Setting next_dagrun for example_subdag_operator.section-1 to None, run_after=None
[2024-07-01T18:39:54.777+0000] {logging_mixin.py:188} INFO - [2024-07-01T18:39:54.776+0000] {dag.py:3954} INFO - Setting next_dagrun for example_subdag_operator.section-2 to None, run_after=None
[2024-07-01T18:39:54.866+0000] {logging_mixin.py:188} INFO - [2024-07-01T18:39:54.866+0000] {dag.py:3096} INFO - Sync 2 DAGs
[2024-07-01T18:39:54.897+0000] {logging_mixin.py:188} INFO - [2024-07-01T18:39:54.897+0000] {dag.py:3954} INFO - Setting next_dagrun for example_subdag_operator.section-1 to None, run_after=None
[2024-07-01T18:39:54.919+0000] {logging_mixin.py:188} INFO - [2024-07-01T18:39:54.918+0000] {dag.py:3954} INFO - Setting next_dagrun for example_subdag_operator.section-2 to None, run_after=None
[2024-07-01T18:39:55.010+0000] {processor.py:183} INFO - Processing /home/airflow/.local/lib/python3.12/site-packages/airflow/example_dags/example_subdag_operator.py took 1.771 seconds
[2024-07-01T18:40:25.532+0000] {processor.py:161} INFO - Started process (PID=108) to work on /home/airflow/.local/lib/python3.12/site-packages/airflow/example_dags/example_subdag_operator.py
[2024-07-01T18:40:25.535+0000] {processor.py:830} INFO - Processing file /home/airflow/.local/lib/python3.12/site-packages/airflow/example_dags/example_subdag_operator.py for tasks to queue
[2024-07-01T18:40:25.540+0000] {logging_mixin.py:188} INFO - [2024-07-01T18:40:25.539+0000] {dagbag.py:545} INFO - Filling up the DagBag from /home/airflow/.local/lib/python3.12/site-packages/airflow/example_dags/example_subdag_operator.py
[2024-07-01T18:40:25.633+0000] {processor.py:840} INFO - DAG(s) 'example_subdag_operator.section-1', 'example_subdag_operator.section-2', 'example_subdag_operator' retrieved from /home/airflow/.local/lib/python3.12/site-packages/airflow/example_dags/example_subdag_operator.py
[2024-07-01T18:40:25.699+0000] {logging_mixin.py:188} INFO - [2024-07-01T18:40:25.699+0000] {dag.py:3096} INFO - Sync 3 DAGs
[2024-07-01T18:40:25.820+0000] {logging_mixin.py:188} INFO - [2024-07-01T18:40:25.819+0000] {dag.py:3954} INFO - Setting next_dagrun for example_subdag_operator to 2022-01-01 00:00:00+00:00, run_after=2022-01-01 00:00:00+00:00
[2024-07-01T18:40:25.840+0000] {logging_mixin.py:188} INFO - [2024-07-01T18:40:25.839+0000] {dag.py:3954} INFO - Setting next_dagrun for example_subdag_operator.section-1 to None, run_after=None
[2024-07-01T18:40:25.854+0000] {logging_mixin.py:188} INFO - [2024-07-01T18:40:25.854+0000] {dag.py:3954} INFO - Setting next_dagrun for example_subdag_operator.section-2 to None, run_after=None
[2024-07-01T18:40:25.909+0000] {logging_mixin.py:188} INFO - [2024-07-01T18:40:25.898+0000] {dag.py:3096} INFO - Sync 2 DAGs
[2024-07-01T18:40:25.934+0000] {logging_mixin.py:188} INFO - [2024-07-01T18:40:25.933+0000] {dag.py:3954} INFO - Setting next_dagrun for example_subdag_operator.section-1 to None, run_after=None
[2024-07-01T18:40:25.938+0000] {logging_mixin.py:188} INFO - [2024-07-01T18:40:25.937+0000] {dag.py:3954} INFO - Setting next_dagrun for example_subdag_operator.section-2 to None, run_after=None
[2024-07-01T18:40:26.001+0000] {processor.py:183} INFO - Processing /home/airflow/.local/lib/python3.12/site-packages/airflow/example_dags/example_subdag_operator.py took 0.486 seconds
[2024-07-01T18:40:56.310+0000] {processor.py:161} INFO - Started process (PID=164) to work on /home/airflow/.local/lib/python3.12/site-packages/airflow/example_dags/example_subdag_operator.py
[2024-07-01T18:40:56.317+0000] {processor.py:830} INFO - Processing file /home/airflow/.local/lib/python3.12/site-packages/airflow/example_dags/example_subdag_operator.py for tasks to queue
[2024-07-01T18:40:56.350+0000] {logging_mixin.py:188} INFO - [2024-07-01T18:40:56.344+0000] {dagbag.py:545} INFO - Filling up the DagBag from /home/airflow/.local/lib/python3.12/site-packages/airflow/example_dags/example_subdag_operator.py
[2024-07-01T18:40:56.554+0000] {processor.py:840} INFO - DAG(s) 'example_subdag_operator.section-1', 'example_subdag_operator.section-2', 'example_subdag_operator' retrieved from /home/airflow/.local/lib/python3.12/site-packages/airflow/example_dags/example_subdag_operator.py
[2024-07-01T18:40:56.667+0000] {logging_mixin.py:188} INFO - [2024-07-01T18:40:56.666+0000] {dag.py:3096} INFO - Sync 3 DAGs
[2024-07-01T18:40:56.831+0000] {logging_mixin.py:188} INFO - [2024-07-01T18:40:56.831+0000] {dag.py:3954} INFO - Setting next_dagrun for example_subdag_operator to 2022-01-01 00:00:00+00:00, run_after=2022-01-01 00:00:00+00:00
[2024-07-01T18:40:56.883+0000] {logging_mixin.py:188} INFO - [2024-07-01T18:40:56.882+0000] {dag.py:3954} INFO - Setting next_dagrun for example_subdag_operator.section-1 to None, run_after=None
[2024-07-01T18:40:56.900+0000] {logging_mixin.py:188} INFO - [2024-07-01T18:40:56.900+0000] {dag.py:3954} INFO - Setting next_dagrun for example_subdag_operator.section-2 to None, run_after=None
[2024-07-01T18:40:56.949+0000] {logging_mixin.py:188} INFO - [2024-07-01T18:40:56.948+0000] {dag.py:3096} INFO - Sync 2 DAGs
[2024-07-01T18:40:56.976+0000] {logging_mixin.py:188} INFO - [2024-07-01T18:40:56.976+0000] {dag.py:3954} INFO - Setting next_dagrun for example_subdag_operator.section-1 to None, run_after=None
[2024-07-01T18:40:56.979+0000] {logging_mixin.py:188} INFO - [2024-07-01T18:40:56.978+0000] {dag.py:3954} INFO - Setting next_dagrun for example_subdag_operator.section-2 to None, run_after=None
[2024-07-01T18:40:57.070+0000] {processor.py:183} INFO - Processing /home/airflow/.local/lib/python3.12/site-packages/airflow/example_dags/example_subdag_operator.py took 0.788 seconds
[2024-07-01T18:41:27.537+0000] {processor.py:161} INFO - Started process (PID=222) to work on /home/airflow/.local/lib/python3.12/site-packages/airflow/example_dags/example_subdag_operator.py
[2024-07-01T18:41:27.541+0000] {processor.py:830} INFO - Processing file /home/airflow/.local/lib/python3.12/site-packages/airflow/example_dags/example_subdag_operator.py for tasks to queue
[2024-07-01T18:41:27.552+0000] {logging_mixin.py:188} INFO - [2024-07-01T18:41:27.551+0000] {dagbag.py:545} INFO - Filling up the DagBag from /home/airflow/.local/lib/python3.12/site-packages/airflow/example_dags/example_subdag_operator.py
[2024-07-01T18:41:27.710+0000] {processor.py:840} INFO - DAG(s) 'example_subdag_operator.section-1', 'example_subdag_operator.section-2', 'example_subdag_operator' retrieved from /home/airflow/.local/lib/python3.12/site-packages/airflow/example_dags/example_subdag_operator.py
[2024-07-01T18:41:27.838+0000] {logging_mixin.py:188} INFO - [2024-07-01T18:41:27.830+0000] {dag.py:3096} INFO - Sync 3 DAGs
[2024-07-01T18:41:28.075+0000] {logging_mixin.py:188} INFO - [2024-07-01T18:41:28.057+0000] {dag.py:3954} INFO - Setting next_dagrun for example_subdag_operator to 2022-01-01 00:00:00+00:00, run_after=2022-01-01 00:00:00+00:00
[2024-07-01T18:41:28.108+0000] {logging_mixin.py:188} INFO - [2024-07-01T18:41:28.107+0000] {dag.py:3954} INFO - Setting next_dagrun for example_subdag_operator.section-1 to None, run_after=None
[2024-07-01T18:41:28.150+0000] {logging_mixin.py:188} INFO - [2024-07-01T18:41:28.137+0000] {dag.py:3954} INFO - Setting next_dagrun for example_subdag_operator.section-2 to None, run_after=None
[2024-07-01T18:41:28.238+0000] {logging_mixin.py:188} INFO - [2024-07-01T18:41:28.237+0000] {dag.py:3096} INFO - Sync 2 DAGs
[2024-07-01T18:41:28.286+0000] {logging_mixin.py:188} INFO - [2024-07-01T18:41:28.285+0000] {dag.py:3954} INFO - Setting next_dagrun for example_subdag_operator.section-1 to None, run_after=None
[2024-07-01T18:41:28.295+0000] {logging_mixin.py:188} INFO - [2024-07-01T18:41:28.292+0000] {dag.py:3954} INFO - Setting next_dagrun for example_subdag_operator.section-2 to None, run_after=None
[2024-07-01T18:41:28.352+0000] {processor.py:183} INFO - Processing /home/airflow/.local/lib/python3.12/site-packages/airflow/example_dags/example_subdag_operator.py took 0.835 seconds
[2024-07-01T18:41:59.220+0000] {processor.py:161} INFO - Started process (PID=280) to work on /home/airflow/.local/lib/python3.12/site-packages/airflow/example_dags/example_subdag_operator.py
[2024-07-01T18:41:59.227+0000] {processor.py:830} INFO - Processing file /home/airflow/.local/lib/python3.12/site-packages/airflow/example_dags/example_subdag_operator.py for tasks to queue
[2024-07-01T18:41:59.235+0000] {logging_mixin.py:188} INFO - [2024-07-01T18:41:59.234+0000] {dagbag.py:545} INFO - Filling up the DagBag from /home/airflow/.local/lib/python3.12/site-packages/airflow/example_dags/example_subdag_operator.py
[2024-07-01T18:41:59.317+0000] {processor.py:840} INFO - DAG(s) 'example_subdag_operator.section-1', 'example_subdag_operator.section-2', 'example_subdag_operator' retrieved from /home/airflow/.local/lib/python3.12/site-packages/airflow/example_dags/example_subdag_operator.py
[2024-07-01T18:41:59.401+0000] {logging_mixin.py:188} INFO - [2024-07-01T18:41:59.400+0000] {dag.py:3096} INFO - Sync 3 DAGs
[2024-07-01T18:41:59.491+0000] {logging_mixin.py:188} INFO - [2024-07-01T18:41:59.489+0000] {dag.py:3954} INFO - Setting next_dagrun for example_subdag_operator to 2022-01-01 00:00:00+00:00, run_after=2022-01-01 00:00:00+00:00
[2024-07-01T18:41:59.504+0000] {logging_mixin.py:188} INFO - [2024-07-01T18:41:59.504+0000] {dag.py:3954} INFO - Setting next_dagrun for example_subdag_operator.section-1 to None, run_after=None
[2024-07-01T18:41:59.510+0000] {logging_mixin.py:188} INFO - [2024-07-01T18:41:59.509+0000] {dag.py:3954} INFO - Setting next_dagrun for example_subdag_operator.section-2 to None, run_after=None
[2024-07-01T18:41:59.533+0000] {logging_mixin.py:188} INFO - [2024-07-01T18:41:59.532+0000] {dag.py:3096} INFO - Sync 2 DAGs
[2024-07-01T18:41:59.550+0000] {logging_mixin.py:188} INFO - [2024-07-01T18:41:59.549+0000] {dag.py:3954} INFO - Setting next_dagrun for example_subdag_operator.section-1 to None, run_after=None
[2024-07-01T18:41:59.553+0000] {logging_mixin.py:188} INFO - [2024-07-01T18:41:59.552+0000] {dag.py:3954} INFO - Setting next_dagrun for example_subdag_operator.section-2 to None, run_after=None
[2024-07-01T18:41:59.603+0000] {processor.py:183} INFO - Processing /home/airflow/.local/lib/python3.12/site-packages/airflow/example_dags/example_subdag_operator.py took 0.408 seconds
[2024-07-01T18:42:29.867+0000] {processor.py:161} INFO - Started process (PID=337) to work on /home/airflow/.local/lib/python3.12/site-packages/airflow/example_dags/example_subdag_operator.py
[2024-07-01T18:42:29.900+0000] {processor.py:830} INFO - Processing file /home/airflow/.local/lib/python3.12/site-packages/airflow/example_dags/example_subdag_operator.py for tasks to queue
[2024-07-01T18:42:29.906+0000] {logging_mixin.py:188} INFO - [2024-07-01T18:42:29.905+0000] {dagbag.py:545} INFO - Filling up the DagBag from /home/airflow/.local/lib/python3.12/site-packages/airflow/example_dags/example_subdag_operator.py
[2024-07-01T18:42:30.090+0000] {processor.py:840} INFO - DAG(s) 'example_subdag_operator.section-1', 'example_subdag_operator.section-2', 'example_subdag_operator' retrieved from /home/airflow/.local/lib/python3.12/site-packages/airflow/example_dags/example_subdag_operator.py
[2024-07-01T18:42:30.260+0000] {logging_mixin.py:188} INFO - [2024-07-01T18:42:30.251+0000] {dag.py:3096} INFO - Sync 3 DAGs
[2024-07-01T18:42:30.524+0000] {logging_mixin.py:188} INFO - [2024-07-01T18:42:30.523+0000] {dag.py:3954} INFO - Setting next_dagrun for example_subdag_operator to 2022-01-01 00:00:00+00:00, run_after=2022-01-01 00:00:00+00:00
[2024-07-01T18:42:30.597+0000] {logging_mixin.py:188} INFO - [2024-07-01T18:42:30.596+0000] {dag.py:3954} INFO - Setting next_dagrun for example_subdag_operator.section-1 to None, run_after=None
[2024-07-01T18:42:30.621+0000] {logging_mixin.py:188} INFO - [2024-07-01T18:42:30.620+0000] {dag.py:3954} INFO - Setting next_dagrun for example_subdag_operator.section-2 to None, run_after=None
[2024-07-01T18:42:30.699+0000] {logging_mixin.py:188} INFO - [2024-07-01T18:42:30.698+0000] {dag.py:3096} INFO - Sync 2 DAGs
[2024-07-01T18:42:30.749+0000] {logging_mixin.py:188} INFO - [2024-07-01T18:42:30.748+0000] {dag.py:3954} INFO - Setting next_dagrun for example_subdag_operator.section-1 to None, run_after=None
[2024-07-01T18:42:30.755+0000] {logging_mixin.py:188} INFO - [2024-07-01T18:42:30.754+0000] {dag.py:3954} INFO - Setting next_dagrun for example_subdag_operator.section-2 to None, run_after=None
[2024-07-01T18:42:30.885+0000] {processor.py:183} INFO - Processing /home/airflow/.local/lib/python3.12/site-packages/airflow/example_dags/example_subdag_operator.py took 1.053 seconds
[2024-07-01T18:43:01.115+0000] {processor.py:161} INFO - Started process (PID=395) to work on /home/airflow/.local/lib/python3.12/site-packages/airflow/example_dags/example_subdag_operator.py
[2024-07-01T18:43:01.118+0000] {processor.py:830} INFO - Processing file /home/airflow/.local/lib/python3.12/site-packages/airflow/example_dags/example_subdag_operator.py for tasks to queue
[2024-07-01T18:43:01.122+0000] {logging_mixin.py:188} INFO - [2024-07-01T18:43:01.121+0000] {dagbag.py:545} INFO - Filling up the DagBag from /home/airflow/.local/lib/python3.12/site-packages/airflow/example_dags/example_subdag_operator.py
[2024-07-01T18:43:01.190+0000] {processor.py:840} INFO - DAG(s) 'example_subdag_operator.section-1', 'example_subdag_operator.section-2', 'example_subdag_operator' retrieved from /home/airflow/.local/lib/python3.12/site-packages/airflow/example_dags/example_subdag_operator.py
[2024-07-01T18:43:01.252+0000] {logging_mixin.py:188} INFO - [2024-07-01T18:43:01.251+0000] {dag.py:3096} INFO - Sync 3 DAGs
[2024-07-01T18:43:01.341+0000] {logging_mixin.py:188} INFO - [2024-07-01T18:43:01.341+0000] {dag.py:3954} INFO - Setting next_dagrun for example_subdag_operator to 2022-01-01 00:00:00+00:00, run_after=2022-01-01 00:00:00+00:00
[2024-07-01T18:43:01.364+0000] {logging_mixin.py:188} INFO - [2024-07-01T18:43:01.363+0000] {dag.py:3954} INFO - Setting next_dagrun for example_subdag_operator.section-1 to None, run_after=None
[2024-07-01T18:43:01.375+0000] {logging_mixin.py:188} INFO - [2024-07-01T18:43:01.371+0000] {dag.py:3954} INFO - Setting next_dagrun for example_subdag_operator.section-2 to None, run_after=None
[2024-07-01T18:43:01.403+0000] {logging_mixin.py:188} INFO - [2024-07-01T18:43:01.402+0000] {dag.py:3096} INFO - Sync 2 DAGs
[2024-07-01T18:43:01.422+0000] {logging_mixin.py:188} INFO - [2024-07-01T18:43:01.421+0000] {dag.py:3954} INFO - Setting next_dagrun for example_subdag_operator.section-1 to None, run_after=None
[2024-07-01T18:43:01.424+0000] {logging_mixin.py:188} INFO - [2024-07-01T18:43:01.423+0000] {dag.py:3954} INFO - Setting next_dagrun for example_subdag_operator.section-2 to None, run_after=None
[2024-07-01T18:43:01.463+0000] {processor.py:183} INFO - Processing /home/airflow/.local/lib/python3.12/site-packages/airflow/example_dags/example_subdag_operator.py took 0.363 seconds
[2024-07-01T18:43:31.818+0000] {processor.py:161} INFO - Started process (PID=453) to work on /home/airflow/.local/lib/python3.12/site-packages/airflow/example_dags/example_subdag_operator.py
[2024-07-01T18:43:31.822+0000] {processor.py:830} INFO - Processing file /home/airflow/.local/lib/python3.12/site-packages/airflow/example_dags/example_subdag_operator.py for tasks to queue
[2024-07-01T18:43:31.831+0000] {logging_mixin.py:188} INFO - [2024-07-01T18:43:31.830+0000] {dagbag.py:545} INFO - Filling up the DagBag from /home/airflow/.local/lib/python3.12/site-packages/airflow/example_dags/example_subdag_operator.py
[2024-07-01T18:43:31.916+0000] {processor.py:840} INFO - DAG(s) 'example_subdag_operator.section-1', 'example_subdag_operator.section-2', 'example_subdag_operator' retrieved from /home/airflow/.local/lib/python3.12/site-packages/airflow/example_dags/example_subdag_operator.py
[2024-07-01T18:43:31.976+0000] {logging_mixin.py:188} INFO - [2024-07-01T18:43:31.975+0000] {dag.py:3096} INFO - Sync 3 DAGs
[2024-07-01T18:43:32.069+0000] {logging_mixin.py:188} INFO - [2024-07-01T18:43:32.068+0000] {dag.py:3954} INFO - Setting next_dagrun for example_subdag_operator to 2022-01-01 00:00:00+00:00, run_after=2022-01-01 00:00:00+00:00
[2024-07-01T18:43:32.080+0000] {logging_mixin.py:188} INFO - [2024-07-01T18:43:32.079+0000] {dag.py:3954} INFO - Setting next_dagrun for example_subdag_operator.section-1 to None, run_after=None
[2024-07-01T18:43:32.085+0000] {logging_mixin.py:188} INFO - [2024-07-01T18:43:32.085+0000] {dag.py:3954} INFO - Setting next_dagrun for example_subdag_operator.section-2 to None, run_after=None
[2024-07-01T18:43:32.106+0000] {logging_mixin.py:188} INFO - [2024-07-01T18:43:32.105+0000] {dag.py:3096} INFO - Sync 2 DAGs
[2024-07-01T18:43:32.120+0000] {logging_mixin.py:188} INFO - [2024-07-01T18:43:32.120+0000] {dag.py:3954} INFO - Setting next_dagrun for example_subdag_operator.section-1 to None, run_after=None
[2024-07-01T18:43:32.122+0000] {logging_mixin.py:188} INFO - [2024-07-01T18:43:32.122+0000] {dag.py:3954} INFO - Setting next_dagrun for example_subdag_operator.section-2 to None, run_after=None
[2024-07-01T18:43:32.159+0000] {processor.py:183} INFO - Processing /home/airflow/.local/lib/python3.12/site-packages/airflow/example_dags/example_subdag_operator.py took 0.358 seconds
[2024-07-01T18:44:03.025+0000] {processor.py:161} INFO - Started process (PID=511) to work on /home/airflow/.local/lib/python3.12/site-packages/airflow/example_dags/example_subdag_operator.py
[2024-07-01T18:44:03.027+0000] {processor.py:830} INFO - Processing file /home/airflow/.local/lib/python3.12/site-packages/airflow/example_dags/example_subdag_operator.py for tasks to queue
[2024-07-01T18:44:03.036+0000] {logging_mixin.py:188} INFO - [2024-07-01T18:44:03.035+0000] {dagbag.py:545} INFO - Filling up the DagBag from /home/airflow/.local/lib/python3.12/site-packages/airflow/example_dags/example_subdag_operator.py
[2024-07-01T18:44:03.081+0000] {processor.py:840} INFO - DAG(s) 'example_subdag_operator.section-1', 'example_subdag_operator.section-2', 'example_subdag_operator' retrieved from /home/airflow/.local/lib/python3.12/site-packages/airflow/example_dags/example_subdag_operator.py
[2024-07-01T18:44:03.121+0000] {logging_mixin.py:188} INFO - [2024-07-01T18:44:03.121+0000] {dag.py:3096} INFO - Sync 3 DAGs
[2024-07-01T18:44:03.169+0000] {logging_mixin.py:188} INFO - [2024-07-01T18:44:03.168+0000] {dag.py:3954} INFO - Setting next_dagrun for example_subdag_operator to 2022-01-01 00:00:00+00:00, run_after=2022-01-01 00:00:00+00:00
[2024-07-01T18:44:03.179+0000] {logging_mixin.py:188} INFO - [2024-07-01T18:44:03.178+0000] {dag.py:3954} INFO - Setting next_dagrun for example_subdag_operator.section-1 to None, run_after=None
[2024-07-01T18:44:03.183+0000] {logging_mixin.py:188} INFO - [2024-07-01T18:44:03.182+0000] {dag.py:3954} INFO - Setting next_dagrun for example_subdag_operator.section-2 to None, run_after=None
[2024-07-01T18:44:03.200+0000] {logging_mixin.py:188} INFO - [2024-07-01T18:44:03.199+0000] {dag.py:3096} INFO - Sync 2 DAGs
[2024-07-01T18:44:03.211+0000] {logging_mixin.py:188} INFO - [2024-07-01T18:44:03.211+0000] {dag.py:3954} INFO - Setting next_dagrun for example_subdag_operator.section-1 to None, run_after=None
[2024-07-01T18:44:03.212+0000] {logging_mixin.py:188} INFO - [2024-07-01T18:44:03.212+0000] {dag.py:3954} INFO - Setting next_dagrun for example_subdag_operator.section-2 to None, run_after=None
[2024-07-01T18:44:03.239+0000] {processor.py:183} INFO - Processing /home/airflow/.local/lib/python3.12/site-packages/airflow/example_dags/example_subdag_operator.py took 0.224 seconds
