[2024-07-01T18:39:58.484+0000] {processor.py:161} INFO - Started process (PID=58) to work on /home/airflow/.local/lib/python3.12/site-packages/airflow/example_dags/example_time_delta_sensor_async.py
[2024-07-01T18:39:58.490+0000] {processor.py:830} INFO - Processing file /home/airflow/.local/lib/python3.12/site-packages/airflow/example_dags/example_time_delta_sensor_async.py for tasks to queue
[2024-07-01T18:39:58.500+0000] {logging_mixin.py:188} INFO - [2024-07-01T18:39:58.498+0000] {dagbag.py:545} INFO - Filling up the DagBag from /home/airflow/.local/lib/python3.12/site-packages/airflow/example_dags/example_time_delta_sensor_async.py
[2024-07-01T18:39:58.518+0000] {processor.py:840} INFO - DAG(s) 'example_time_delta_sensor_async' retrieved from /home/airflow/.local/lib/python3.12/site-packages/airflow/example_dags/example_time_delta_sensor_async.py
[2024-07-01T18:39:58.981+0000] {logging_mixin.py:188} INFO - [2024-07-01T18:39:58.979+0000] {override.py:1829} INFO - Created Permission View: can read on DAG:example_time_delta_sensor_async
[2024-07-01T18:39:59.018+0000] {logging_mixin.py:188} INFO - [2024-07-01T18:39:59.017+0000] {override.py:1829} INFO - Created Permission View: can delete on DAG:example_time_delta_sensor_async
[2024-07-01T18:39:59.045+0000] {logging_mixin.py:188} INFO - [2024-07-01T18:39:59.044+0000] {override.py:1829} INFO - Created Permission View: can edit on DAG:example_time_delta_sensor_async
[2024-07-01T18:39:59.047+0000] {logging_mixin.py:188} INFO - [2024-07-01T18:39:59.047+0000] {dag.py:3096} INFO - Sync 1 DAGs
[2024-07-01T18:39:59.090+0000] {logging_mixin.py:188} INFO - [2024-07-01T18:39:59.089+0000] {dag.py:3118} INFO - Creating ORM DAG for example_time_delta_sensor_async
[2024-07-01T18:39:59.093+0000] {logging_mixin.py:188} INFO - [2024-07-01T18:39:59.093+0000] {dag.py:3954} INFO - Setting next_dagrun for example_time_delta_sensor_async to None, run_after=None
[2024-07-01T18:39:59.169+0000] {processor.py:183} INFO - Processing /home/airflow/.local/lib/python3.12/site-packages/airflow/example_dags/example_time_delta_sensor_async.py took 0.716 seconds
[2024-07-01T18:40:29.417+0000] {processor.py:161} INFO - Started process (PID=116) to work on /home/airflow/.local/lib/python3.12/site-packages/airflow/example_dags/example_time_delta_sensor_async.py
[2024-07-01T18:40:29.420+0000] {processor.py:830} INFO - Processing file /home/airflow/.local/lib/python3.12/site-packages/airflow/example_dags/example_time_delta_sensor_async.py for tasks to queue
[2024-07-01T18:40:29.425+0000] {logging_mixin.py:188} INFO - [2024-07-01T18:40:29.424+0000] {dagbag.py:545} INFO - Filling up the DagBag from /home/airflow/.local/lib/python3.12/site-packages/airflow/example_dags/example_time_delta_sensor_async.py
[2024-07-01T18:40:29.441+0000] {processor.py:840} INFO - DAG(s) 'example_time_delta_sensor_async' retrieved from /home/airflow/.local/lib/python3.12/site-packages/airflow/example_dags/example_time_delta_sensor_async.py
[2024-07-01T18:40:29.503+0000] {logging_mixin.py:188} INFO - [2024-07-01T18:40:29.502+0000] {dag.py:3096} INFO - Sync 1 DAGs
[2024-07-01T18:40:29.541+0000] {logging_mixin.py:188} INFO - [2024-07-01T18:40:29.541+0000] {dag.py:3954} INFO - Setting next_dagrun for example_time_delta_sensor_async to None, run_after=None
[2024-07-01T18:40:29.618+0000] {processor.py:183} INFO - Processing /home/airflow/.local/lib/python3.12/site-packages/airflow/example_dags/example_time_delta_sensor_async.py took 0.223 seconds
[2024-07-01T18:41:01.040+0000] {processor.py:161} INFO - Started process (PID=172) to work on /home/airflow/.local/lib/python3.12/site-packages/airflow/example_dags/example_time_delta_sensor_async.py
[2024-07-01T18:41:01.055+0000] {processor.py:830} INFO - Processing file /home/airflow/.local/lib/python3.12/site-packages/airflow/example_dags/example_time_delta_sensor_async.py for tasks to queue
[2024-07-01T18:41:01.063+0000] {logging_mixin.py:188} INFO - [2024-07-01T18:41:01.061+0000] {dagbag.py:545} INFO - Filling up the DagBag from /home/airflow/.local/lib/python3.12/site-packages/airflow/example_dags/example_time_delta_sensor_async.py
[2024-07-01T18:41:01.091+0000] {processor.py:840} INFO - DAG(s) 'example_time_delta_sensor_async' retrieved from /home/airflow/.local/lib/python3.12/site-packages/airflow/example_dags/example_time_delta_sensor_async.py
[2024-07-01T18:41:01.353+0000] {logging_mixin.py:188} INFO - [2024-07-01T18:41:01.353+0000] {dag.py:3096} INFO - Sync 1 DAGs
[2024-07-01T18:41:01.504+0000] {logging_mixin.py:188} INFO - [2024-07-01T18:41:01.503+0000] {dag.py:3954} INFO - Setting next_dagrun for example_time_delta_sensor_async to None, run_after=None
[2024-07-01T18:41:01.693+0000] {processor.py:183} INFO - Processing /home/airflow/.local/lib/python3.12/site-packages/airflow/example_dags/example_time_delta_sensor_async.py took 0.723 seconds
[2024-07-01T18:41:32.004+0000] {processor.py:161} INFO - Started process (PID=230) to work on /home/airflow/.local/lib/python3.12/site-packages/airflow/example_dags/example_time_delta_sensor_async.py
[2024-07-01T18:41:32.012+0000] {processor.py:830} INFO - Processing file /home/airflow/.local/lib/python3.12/site-packages/airflow/example_dags/example_time_delta_sensor_async.py for tasks to queue
[2024-07-01T18:41:32.037+0000] {logging_mixin.py:188} INFO - [2024-07-01T18:41:32.036+0000] {dagbag.py:545} INFO - Filling up the DagBag from /home/airflow/.local/lib/python3.12/site-packages/airflow/example_dags/example_time_delta_sensor_async.py
[2024-07-01T18:41:32.062+0000] {processor.py:840} INFO - DAG(s) 'example_time_delta_sensor_async' retrieved from /home/airflow/.local/lib/python3.12/site-packages/airflow/example_dags/example_time_delta_sensor_async.py
[2024-07-01T18:41:32.216+0000] {logging_mixin.py:188} INFO - [2024-07-01T18:41:32.215+0000] {dag.py:3096} INFO - Sync 1 DAGs
[2024-07-01T18:41:32.320+0000] {logging_mixin.py:188} INFO - [2024-07-01T18:41:32.320+0000] {dag.py:3954} INFO - Setting next_dagrun for example_time_delta_sensor_async to None, run_after=None
[2024-07-01T18:41:32.511+0000] {processor.py:183} INFO - Processing /home/airflow/.local/lib/python3.12/site-packages/airflow/example_dags/example_time_delta_sensor_async.py took 0.535 seconds
[2024-07-01T18:42:03.156+0000] {processor.py:161} INFO - Started process (PID=288) to work on /home/airflow/.local/lib/python3.12/site-packages/airflow/example_dags/example_time_delta_sensor_async.py
[2024-07-01T18:42:03.158+0000] {processor.py:830} INFO - Processing file /home/airflow/.local/lib/python3.12/site-packages/airflow/example_dags/example_time_delta_sensor_async.py for tasks to queue
[2024-07-01T18:42:03.165+0000] {logging_mixin.py:188} INFO - [2024-07-01T18:42:03.164+0000] {dagbag.py:545} INFO - Filling up the DagBag from /home/airflow/.local/lib/python3.12/site-packages/airflow/example_dags/example_time_delta_sensor_async.py
[2024-07-01T18:42:03.177+0000] {processor.py:840} INFO - DAG(s) 'example_time_delta_sensor_async' retrieved from /home/airflow/.local/lib/python3.12/site-packages/airflow/example_dags/example_time_delta_sensor_async.py
[2024-07-01T18:42:03.233+0000] {logging_mixin.py:188} INFO - [2024-07-01T18:42:03.233+0000] {dag.py:3096} INFO - Sync 1 DAGs
[2024-07-01T18:42:03.266+0000] {logging_mixin.py:188} INFO - [2024-07-01T18:42:03.266+0000] {dag.py:3954} INFO - Setting next_dagrun for example_time_delta_sensor_async to None, run_after=None
[2024-07-01T18:42:03.328+0000] {processor.py:183} INFO - Processing /home/airflow/.local/lib/python3.12/site-packages/airflow/example_dags/example_time_delta_sensor_async.py took 0.181 seconds
[2024-07-01T18:42:33.967+0000] {processor.py:161} INFO - Started process (PID=345) to work on /home/airflow/.local/lib/python3.12/site-packages/airflow/example_dags/example_time_delta_sensor_async.py
[2024-07-01T18:42:33.974+0000] {processor.py:830} INFO - Processing file /home/airflow/.local/lib/python3.12/site-packages/airflow/example_dags/example_time_delta_sensor_async.py for tasks to queue
[2024-07-01T18:42:33.979+0000] {logging_mixin.py:188} INFO - [2024-07-01T18:42:33.979+0000] {dagbag.py:545} INFO - Filling up the DagBag from /home/airflow/.local/lib/python3.12/site-packages/airflow/example_dags/example_time_delta_sensor_async.py
[2024-07-01T18:42:33.995+0000] {processor.py:840} INFO - DAG(s) 'example_time_delta_sensor_async' retrieved from /home/airflow/.local/lib/python3.12/site-packages/airflow/example_dags/example_time_delta_sensor_async.py
[2024-07-01T18:42:34.052+0000] {logging_mixin.py:188} INFO - [2024-07-01T18:42:34.051+0000] {dag.py:3096} INFO - Sync 1 DAGs
[2024-07-01T18:42:34.192+0000] {logging_mixin.py:188} INFO - [2024-07-01T18:42:34.191+0000] {dag.py:3954} INFO - Setting next_dagrun for example_time_delta_sensor_async to None, run_after=None
[2024-07-01T18:42:34.422+0000] {processor.py:183} INFO - Processing /home/airflow/.local/lib/python3.12/site-packages/airflow/example_dags/example_time_delta_sensor_async.py took 0.477 seconds
[2024-07-01T18:43:04.581+0000] {processor.py:161} INFO - Started process (PID=403) to work on /home/airflow/.local/lib/python3.12/site-packages/airflow/example_dags/example_time_delta_sensor_async.py
[2024-07-01T18:43:04.582+0000] {processor.py:830} INFO - Processing file /home/airflow/.local/lib/python3.12/site-packages/airflow/example_dags/example_time_delta_sensor_async.py for tasks to queue
[2024-07-01T18:43:04.585+0000] {logging_mixin.py:188} INFO - [2024-07-01T18:43:04.585+0000] {dagbag.py:545} INFO - Filling up the DagBag from /home/airflow/.local/lib/python3.12/site-packages/airflow/example_dags/example_time_delta_sensor_async.py
[2024-07-01T18:43:04.600+0000] {processor.py:840} INFO - DAG(s) 'example_time_delta_sensor_async' retrieved from /home/airflow/.local/lib/python3.12/site-packages/airflow/example_dags/example_time_delta_sensor_async.py
[2024-07-01T18:43:04.653+0000] {logging_mixin.py:188} INFO - [2024-07-01T18:43:04.652+0000] {dag.py:3096} INFO - Sync 1 DAGs
[2024-07-01T18:43:04.701+0000] {logging_mixin.py:188} INFO - [2024-07-01T18:43:04.700+0000] {dag.py:3954} INFO - Setting next_dagrun for example_time_delta_sensor_async to None, run_after=None
[2024-07-01T18:43:04.765+0000] {processor.py:183} INFO - Processing /home/airflow/.local/lib/python3.12/site-packages/airflow/example_dags/example_time_delta_sensor_async.py took 0.198 seconds
[2024-07-01T18:43:35.132+0000] {processor.py:161} INFO - Started process (PID=461) to work on /home/airflow/.local/lib/python3.12/site-packages/airflow/example_dags/example_time_delta_sensor_async.py
[2024-07-01T18:43:35.136+0000] {processor.py:830} INFO - Processing file /home/airflow/.local/lib/python3.12/site-packages/airflow/example_dags/example_time_delta_sensor_async.py for tasks to queue
[2024-07-01T18:43:35.146+0000] {logging_mixin.py:188} INFO - [2024-07-01T18:43:35.143+0000] {dagbag.py:545} INFO - Filling up the DagBag from /home/airflow/.local/lib/python3.12/site-packages/airflow/example_dags/example_time_delta_sensor_async.py
[2024-07-01T18:43:35.173+0000] {processor.py:840} INFO - DAG(s) 'example_time_delta_sensor_async' retrieved from /home/airflow/.local/lib/python3.12/site-packages/airflow/example_dags/example_time_delta_sensor_async.py
[2024-07-01T18:43:35.259+0000] {logging_mixin.py:188} INFO - [2024-07-01T18:43:35.258+0000] {dag.py:3096} INFO - Sync 1 DAGs
[2024-07-01T18:43:35.316+0000] {logging_mixin.py:188} INFO - [2024-07-01T18:43:35.315+0000] {dag.py:3954} INFO - Setting next_dagrun for example_time_delta_sensor_async to None, run_after=None
[2024-07-01T18:43:35.415+0000] {processor.py:183} INFO - Processing /home/airflow/.local/lib/python3.12/site-packages/airflow/example_dags/example_time_delta_sensor_async.py took 0.301 seconds
[2024-07-01T18:44:05.980+0000] {processor.py:161} INFO - Started process (PID=519) to work on /home/airflow/.local/lib/python3.12/site-packages/airflow/example_dags/example_time_delta_sensor_async.py
[2024-07-01T18:44:05.982+0000] {processor.py:830} INFO - Processing file /home/airflow/.local/lib/python3.12/site-packages/airflow/example_dags/example_time_delta_sensor_async.py for tasks to queue
[2024-07-01T18:44:05.986+0000] {logging_mixin.py:188} INFO - [2024-07-01T18:44:05.985+0000] {dagbag.py:545} INFO - Filling up the DagBag from /home/airflow/.local/lib/python3.12/site-packages/airflow/example_dags/example_time_delta_sensor_async.py
[2024-07-01T18:44:05.995+0000] {processor.py:840} INFO - DAG(s) 'example_time_delta_sensor_async' retrieved from /home/airflow/.local/lib/python3.12/site-packages/airflow/example_dags/example_time_delta_sensor_async.py
[2024-07-01T18:44:06.042+0000] {logging_mixin.py:188} INFO - [2024-07-01T18:44:06.041+0000] {dag.py:3096} INFO - Sync 1 DAGs
[2024-07-01T18:44:06.091+0000] {logging_mixin.py:188} INFO - [2024-07-01T18:44:06.090+0000] {dag.py:3954} INFO - Setting next_dagrun for example_time_delta_sensor_async to None, run_after=None
[2024-07-01T18:44:06.139+0000] {processor.py:183} INFO - Processing /home/airflow/.local/lib/python3.12/site-packages/airflow/example_dags/example_time_delta_sensor_async.py took 0.169 seconds
