[2024-07-01T18:39:56.011+0000] {processor.py:161} INFO - Started process (PID=53) to work on /home/airflow/.local/lib/python3.12/site-packages/airflow/example_dags/example_dynamic_task_mapping.py
[2024-07-01T18:39:56.017+0000] {processor.py:830} INFO - Processing file /home/airflow/.local/lib/python3.12/site-packages/airflow/example_dags/example_dynamic_task_mapping.py for tasks to queue
[2024-07-01T18:39:56.032+0000] {logging_mixin.py:188} INFO - [2024-07-01T18:39:56.031+0000] {dagbag.py:545} INFO - Filling up the DagBag from /home/airflow/.local/lib/python3.12/site-packages/airflow/example_dags/example_dynamic_task_mapping.py
[2024-07-01T18:39:56.057+0000] {processor.py:840} INFO - DAG(s) 'example_dynamic_task_mapping' retrieved from /home/airflow/.local/lib/python3.12/site-packages/airflow/example_dags/example_dynamic_task_mapping.py
[2024-07-01T18:39:56.645+0000] {logging_mixin.py:188} INFO - [2024-07-01T18:39:56.642+0000] {override.py:1829} INFO - Created Permission View: can read on DAG:example_dynamic_task_mapping
[2024-07-01T18:39:56.693+0000] {logging_mixin.py:188} INFO - [2024-07-01T18:39:56.691+0000] {override.py:1829} INFO - Created Permission View: can delete on DAG:example_dynamic_task_mapping
[2024-07-01T18:39:56.722+0000] {logging_mixin.py:188} INFO - [2024-07-01T18:39:56.721+0000] {override.py:1829} INFO - Created Permission View: can edit on DAG:example_dynamic_task_mapping
[2024-07-01T18:39:56.725+0000] {logging_mixin.py:188} INFO - [2024-07-01T18:39:56.724+0000] {dag.py:3096} INFO - Sync 1 DAGs
[2024-07-01T18:39:56.778+0000] {logging_mixin.py:188} INFO - [2024-07-01T18:39:56.778+0000] {dag.py:3118} INFO - Creating ORM DAG for example_dynamic_task_mapping
[2024-07-01T18:39:56.805+0000] {logging_mixin.py:188} INFO - [2024-07-01T18:39:56.804+0000] {dag.py:3954} INFO - Setting next_dagrun for example_dynamic_task_mapping to 2022-03-04 00:00:00+00:00, run_after=2022-03-05 00:00:00+00:00
[2024-07-01T18:39:56.875+0000] {processor.py:183} INFO - Processing /home/airflow/.local/lib/python3.12/site-packages/airflow/example_dags/example_dynamic_task_mapping.py took 0.915 seconds
[2024-07-01T18:40:27.469+0000] {processor.py:161} INFO - Started process (PID=111) to work on /home/airflow/.local/lib/python3.12/site-packages/airflow/example_dags/example_dynamic_task_mapping.py
[2024-07-01T18:40:27.471+0000] {processor.py:830} INFO - Processing file /home/airflow/.local/lib/python3.12/site-packages/airflow/example_dags/example_dynamic_task_mapping.py for tasks to queue
[2024-07-01T18:40:27.474+0000] {logging_mixin.py:188} INFO - [2024-07-01T18:40:27.474+0000] {dagbag.py:545} INFO - Filling up the DagBag from /home/airflow/.local/lib/python3.12/site-packages/airflow/example_dags/example_dynamic_task_mapping.py
[2024-07-01T18:40:27.486+0000] {processor.py:840} INFO - DAG(s) 'example_dynamic_task_mapping' retrieved from /home/airflow/.local/lib/python3.12/site-packages/airflow/example_dags/example_dynamic_task_mapping.py
[2024-07-01T18:40:27.541+0000] {logging_mixin.py:188} INFO - [2024-07-01T18:40:27.540+0000] {dag.py:3096} INFO - Sync 1 DAGs
[2024-07-01T18:40:27.613+0000] {logging_mixin.py:188} INFO - [2024-07-01T18:40:27.612+0000] {dag.py:3954} INFO - Setting next_dagrun for example_dynamic_task_mapping to 2022-03-04 00:00:00+00:00, run_after=2022-03-05 00:00:00+00:00
[2024-07-01T18:40:27.664+0000] {processor.py:183} INFO - Processing /home/airflow/.local/lib/python3.12/site-packages/airflow/example_dags/example_dynamic_task_mapping.py took 0.203 seconds
[2024-07-01T18:40:57.827+0000] {processor.py:161} INFO - Started process (PID=167) to work on /home/airflow/.local/lib/python3.12/site-packages/airflow/example_dags/example_dynamic_task_mapping.py
[2024-07-01T18:40:57.830+0000] {processor.py:830} INFO - Processing file /home/airflow/.local/lib/python3.12/site-packages/airflow/example_dags/example_dynamic_task_mapping.py for tasks to queue
[2024-07-01T18:40:57.838+0000] {logging_mixin.py:188} INFO - [2024-07-01T18:40:57.837+0000] {dagbag.py:545} INFO - Filling up the DagBag from /home/airflow/.local/lib/python3.12/site-packages/airflow/example_dags/example_dynamic_task_mapping.py
[2024-07-01T18:40:57.861+0000] {processor.py:840} INFO - DAG(s) 'example_dynamic_task_mapping' retrieved from /home/airflow/.local/lib/python3.12/site-packages/airflow/example_dags/example_dynamic_task_mapping.py
[2024-07-01T18:40:57.938+0000] {logging_mixin.py:188} INFO - [2024-07-01T18:40:57.937+0000] {dag.py:3096} INFO - Sync 1 DAGs
[2024-07-01T18:40:58.110+0000] {logging_mixin.py:188} INFO - [2024-07-01T18:40:58.107+0000] {dag.py:3954} INFO - Setting next_dagrun for example_dynamic_task_mapping to 2022-03-04 00:00:00+00:00, run_after=2022-03-05 00:00:00+00:00
[2024-07-01T18:40:58.303+0000] {processor.py:183} INFO - Processing /home/airflow/.local/lib/python3.12/site-packages/airflow/example_dags/example_dynamic_task_mapping.py took 0.493 seconds
[2024-07-01T18:41:29.012+0000] {processor.py:161} INFO - Started process (PID=225) to work on /home/airflow/.local/lib/python3.12/site-packages/airflow/example_dags/example_dynamic_task_mapping.py
[2024-07-01T18:41:29.024+0000] {processor.py:830} INFO - Processing file /home/airflow/.local/lib/python3.12/site-packages/airflow/example_dags/example_dynamic_task_mapping.py for tasks to queue
[2024-07-01T18:41:29.030+0000] {logging_mixin.py:188} INFO - [2024-07-01T18:41:29.029+0000] {dagbag.py:545} INFO - Filling up the DagBag from /home/airflow/.local/lib/python3.12/site-packages/airflow/example_dags/example_dynamic_task_mapping.py
[2024-07-01T18:41:29.075+0000] {processor.py:840} INFO - DAG(s) 'example_dynamic_task_mapping' retrieved from /home/airflow/.local/lib/python3.12/site-packages/airflow/example_dags/example_dynamic_task_mapping.py
[2024-07-01T18:41:29.182+0000] {logging_mixin.py:188} INFO - [2024-07-01T18:41:29.181+0000] {dag.py:3096} INFO - Sync 1 DAGs
[2024-07-01T18:41:29.348+0000] {logging_mixin.py:188} INFO - [2024-07-01T18:41:29.343+0000] {dag.py:3954} INFO - Setting next_dagrun for example_dynamic_task_mapping to 2022-03-04 00:00:00+00:00, run_after=2022-03-05 00:00:00+00:00
[2024-07-01T18:41:29.459+0000] {processor.py:183} INFO - Processing /home/airflow/.local/lib/python3.12/site-packages/airflow/example_dags/example_dynamic_task_mapping.py took 0.478 seconds
[2024-07-01T18:41:59.698+0000] {processor.py:161} INFO - Started process (PID=283) to work on /home/airflow/.local/lib/python3.12/site-packages/airflow/example_dags/example_dynamic_task_mapping.py
[2024-07-01T18:41:59.701+0000] {processor.py:830} INFO - Processing file /home/airflow/.local/lib/python3.12/site-packages/airflow/example_dags/example_dynamic_task_mapping.py for tasks to queue
[2024-07-01T18:41:59.708+0000] {logging_mixin.py:188} INFO - [2024-07-01T18:41:59.708+0000] {dagbag.py:545} INFO - Filling up the DagBag from /home/airflow/.local/lib/python3.12/site-packages/airflow/example_dags/example_dynamic_task_mapping.py
[2024-07-01T18:41:59.734+0000] {processor.py:840} INFO - DAG(s) 'example_dynamic_task_mapping' retrieved from /home/airflow/.local/lib/python3.12/site-packages/airflow/example_dags/example_dynamic_task_mapping.py
[2024-07-01T18:41:59.792+0000] {logging_mixin.py:188} INFO - [2024-07-01T18:41:59.792+0000] {dag.py:3096} INFO - Sync 1 DAGs
[2024-07-01T18:41:59.871+0000] {logging_mixin.py:188} INFO - [2024-07-01T18:41:59.870+0000] {dag.py:3954} INFO - Setting next_dagrun for example_dynamic_task_mapping to 2022-03-04 00:00:00+00:00, run_after=2022-03-05 00:00:00+00:00
[2024-07-01T18:41:59.923+0000] {processor.py:183} INFO - Processing /home/airflow/.local/lib/python3.12/site-packages/airflow/example_dags/example_dynamic_task_mapping.py took 0.240 seconds
[2024-07-01T18:42:31.247+0000] {processor.py:161} INFO - Started process (PID=340) to work on /home/airflow/.local/lib/python3.12/site-packages/airflow/example_dags/example_dynamic_task_mapping.py
[2024-07-01T18:42:31.268+0000] {processor.py:830} INFO - Processing file /home/airflow/.local/lib/python3.12/site-packages/airflow/example_dags/example_dynamic_task_mapping.py for tasks to queue
[2024-07-01T18:42:31.303+0000] {logging_mixin.py:188} INFO - [2024-07-01T18:42:31.302+0000] {dagbag.py:545} INFO - Filling up the DagBag from /home/airflow/.local/lib/python3.12/site-packages/airflow/example_dags/example_dynamic_task_mapping.py
[2024-07-01T18:42:31.362+0000] {processor.py:840} INFO - DAG(s) 'example_dynamic_task_mapping' retrieved from /home/airflow/.local/lib/python3.12/site-packages/airflow/example_dags/example_dynamic_task_mapping.py
[2024-07-01T18:42:31.528+0000] {logging_mixin.py:188} INFO - [2024-07-01T18:42:31.527+0000] {dag.py:3096} INFO - Sync 1 DAGs
[2024-07-01T18:42:31.745+0000] {logging_mixin.py:188} INFO - [2024-07-01T18:42:31.744+0000] {dag.py:3954} INFO - Setting next_dagrun for example_dynamic_task_mapping to 2022-03-04 00:00:00+00:00, run_after=2022-03-05 00:00:00+00:00
[2024-07-01T18:42:31.893+0000] {processor.py:183} INFO - Processing /home/airflow/.local/lib/python3.12/site-packages/airflow/example_dags/example_dynamic_task_mapping.py took 0.688 seconds
[2024-07-01T18:43:02.473+0000] {processor.py:161} INFO - Started process (PID=398) to work on /home/airflow/.local/lib/python3.12/site-packages/airflow/example_dags/example_dynamic_task_mapping.py
[2024-07-01T18:43:02.476+0000] {processor.py:830} INFO - Processing file /home/airflow/.local/lib/python3.12/site-packages/airflow/example_dags/example_dynamic_task_mapping.py for tasks to queue
[2024-07-01T18:43:02.482+0000] {logging_mixin.py:188} INFO - [2024-07-01T18:43:02.481+0000] {dagbag.py:545} INFO - Filling up the DagBag from /home/airflow/.local/lib/python3.12/site-packages/airflow/example_dags/example_dynamic_task_mapping.py
[2024-07-01T18:43:02.500+0000] {processor.py:840} INFO - DAG(s) 'example_dynamic_task_mapping' retrieved from /home/airflow/.local/lib/python3.12/site-packages/airflow/example_dags/example_dynamic_task_mapping.py
[2024-07-01T18:43:02.546+0000] {logging_mixin.py:188} INFO - [2024-07-01T18:43:02.545+0000] {dag.py:3096} INFO - Sync 1 DAGs
[2024-07-01T18:43:02.612+0000] {logging_mixin.py:188} INFO - [2024-07-01T18:43:02.612+0000] {dag.py:3954} INFO - Setting next_dagrun for example_dynamic_task_mapping to 2022-03-04 00:00:00+00:00, run_after=2022-03-05 00:00:00+00:00
[2024-07-01T18:43:02.672+0000] {processor.py:183} INFO - Processing /home/airflow/.local/lib/python3.12/site-packages/airflow/example_dags/example_dynamic_task_mapping.py took 0.212 seconds
[2024-07-01T18:43:33.212+0000] {processor.py:161} INFO - Started process (PID=456) to work on /home/airflow/.local/lib/python3.12/site-packages/airflow/example_dags/example_dynamic_task_mapping.py
[2024-07-01T18:43:33.215+0000] {processor.py:830} INFO - Processing file /home/airflow/.local/lib/python3.12/site-packages/airflow/example_dags/example_dynamic_task_mapping.py for tasks to queue
[2024-07-01T18:43:33.224+0000] {logging_mixin.py:188} INFO - [2024-07-01T18:43:33.224+0000] {dagbag.py:545} INFO - Filling up the DagBag from /home/airflow/.local/lib/python3.12/site-packages/airflow/example_dags/example_dynamic_task_mapping.py
[2024-07-01T18:43:33.247+0000] {processor.py:840} INFO - DAG(s) 'example_dynamic_task_mapping' retrieved from /home/airflow/.local/lib/python3.12/site-packages/airflow/example_dags/example_dynamic_task_mapping.py
[2024-07-01T18:43:33.342+0000] {logging_mixin.py:188} INFO - [2024-07-01T18:43:33.341+0000] {dag.py:3096} INFO - Sync 1 DAGs
[2024-07-01T18:43:33.458+0000] {logging_mixin.py:188} INFO - [2024-07-01T18:43:33.458+0000] {dag.py:3954} INFO - Setting next_dagrun for example_dynamic_task_mapping to 2022-03-04 00:00:00+00:00, run_after=2022-03-05 00:00:00+00:00
[2024-07-01T18:43:33.563+0000] {processor.py:183} INFO - Processing /home/airflow/.local/lib/python3.12/site-packages/airflow/example_dags/example_dynamic_task_mapping.py took 0.376 seconds
[2024-07-01T18:44:04.270+0000] {processor.py:161} INFO - Started process (PID=514) to work on /home/airflow/.local/lib/python3.12/site-packages/airflow/example_dags/example_dynamic_task_mapping.py
[2024-07-01T18:44:04.272+0000] {processor.py:830} INFO - Processing file /home/airflow/.local/lib/python3.12/site-packages/airflow/example_dags/example_dynamic_task_mapping.py for tasks to queue
[2024-07-01T18:44:04.276+0000] {logging_mixin.py:188} INFO - [2024-07-01T18:44:04.275+0000] {dagbag.py:545} INFO - Filling up the DagBag from /home/airflow/.local/lib/python3.12/site-packages/airflow/example_dags/example_dynamic_task_mapping.py
[2024-07-01T18:44:04.296+0000] {processor.py:840} INFO - DAG(s) 'example_dynamic_task_mapping' retrieved from /home/airflow/.local/lib/python3.12/site-packages/airflow/example_dags/example_dynamic_task_mapping.py
[2024-07-01T18:44:04.337+0000] {logging_mixin.py:188} INFO - [2024-07-01T18:44:04.342+0000] {dag.py:3096} INFO - Sync 1 DAGs
[2024-07-01T18:44:04.389+0000] {logging_mixin.py:188} INFO - [2024-07-01T18:44:04.388+0000] {dag.py:3954} INFO - Setting next_dagrun for example_dynamic_task_mapping to 2022-03-04 00:00:00+00:00, run_after=2022-03-05 00:00:00+00:00
[2024-07-01T18:44:04.434+0000] {processor.py:183} INFO - Processing /home/airflow/.local/lib/python3.12/site-packages/airflow/example_dags/example_dynamic_task_mapping.py took 0.182 seconds
