[2024-07-01T18:40:05.696+0000] {processor.py:161} INFO - Started process (PID=72) to work on /home/airflow/.local/lib/python3.12/site-packages/airflow/example_dags/example_python_decorator.py
[2024-07-01T18:40:05.699+0000] {processor.py:830} INFO - Processing file /home/airflow/.local/lib/python3.12/site-packages/airflow/example_dags/example_python_decorator.py for tasks to queue
[2024-07-01T18:40:05.712+0000] {logging_mixin.py:188} INFO - [2024-07-01T18:40:05.706+0000] {dagbag.py:545} INFO - Filling up the DagBag from /home/airflow/.local/lib/python3.12/site-packages/airflow/example_dags/example_python_decorator.py
[2024-07-01T18:40:05.788+0000] {processor.py:840} INFO - DAG(s) 'example_python_decorator' retrieved from /home/airflow/.local/lib/python3.12/site-packages/airflow/example_dags/example_python_decorator.py
[2024-07-01T18:40:06.368+0000] {logging_mixin.py:188} INFO - [2024-07-01T18:40:06.367+0000] {override.py:1829} INFO - Created Permission View: can read on DAG:example_python_decorator
[2024-07-01T18:40:06.433+0000] {logging_mixin.py:188} INFO - [2024-07-01T18:40:06.432+0000] {override.py:1829} INFO - Created Permission View: can delete on DAG:example_python_decorator
[2024-07-01T18:40:06.466+0000] {logging_mixin.py:188} INFO - [2024-07-01T18:40:06.465+0000] {override.py:1829} INFO - Created Permission View: can edit on DAG:example_python_decorator
[2024-07-01T18:40:06.469+0000] {logging_mixin.py:188} INFO - [2024-07-01T18:40:06.468+0000] {dag.py:3096} INFO - Sync 1 DAGs
[2024-07-01T18:40:06.539+0000] {logging_mixin.py:188} INFO - [2024-07-01T18:40:06.537+0000] {dag.py:3118} INFO - Creating ORM DAG for example_python_decorator
[2024-07-01T18:40:06.546+0000] {logging_mixin.py:188} INFO - [2024-07-01T18:40:06.545+0000] {dag.py:3954} INFO - Setting next_dagrun for example_python_decorator to None, run_after=None
[2024-07-01T18:40:06.621+0000] {processor.py:183} INFO - Processing /home/airflow/.local/lib/python3.12/site-packages/airflow/example_dags/example_python_decorator.py took 0.944 seconds
[2024-07-01T18:40:37.371+0000] {processor.py:161} INFO - Started process (PID=130) to work on /home/airflow/.local/lib/python3.12/site-packages/airflow/example_dags/example_python_decorator.py
[2024-07-01T18:40:37.382+0000] {processor.py:830} INFO - Processing file /home/airflow/.local/lib/python3.12/site-packages/airflow/example_dags/example_python_decorator.py for tasks to queue
[2024-07-01T18:40:37.396+0000] {logging_mixin.py:188} INFO - [2024-07-01T18:40:37.392+0000] {dagbag.py:545} INFO - Filling up the DagBag from /home/airflow/.local/lib/python3.12/site-packages/airflow/example_dags/example_python_decorator.py
[2024-07-01T18:40:37.577+0000] {processor.py:840} INFO - DAG(s) 'example_python_decorator' retrieved from /home/airflow/.local/lib/python3.12/site-packages/airflow/example_dags/example_python_decorator.py
[2024-07-01T18:40:37.837+0000] {logging_mixin.py:188} INFO - [2024-07-01T18:40:37.836+0000] {dag.py:3096} INFO - Sync 1 DAGs
[2024-07-01T18:40:37.987+0000] {logging_mixin.py:188} INFO - [2024-07-01T18:40:37.985+0000] {dag.py:3954} INFO - Setting next_dagrun for example_python_decorator to None, run_after=None
[2024-07-01T18:40:38.150+0000] {processor.py:183} INFO - Processing /home/airflow/.local/lib/python3.12/site-packages/airflow/example_dags/example_python_decorator.py took 0.829 seconds
[2024-07-01T18:41:08.422+0000] {processor.py:161} INFO - Started process (PID=187) to work on /home/airflow/.local/lib/python3.12/site-packages/airflow/example_dags/example_python_decorator.py
[2024-07-01T18:41:08.424+0000] {processor.py:830} INFO - Processing file /home/airflow/.local/lib/python3.12/site-packages/airflow/example_dags/example_python_decorator.py for tasks to queue
[2024-07-01T18:41:08.428+0000] {logging_mixin.py:188} INFO - [2024-07-01T18:41:08.427+0000] {dagbag.py:545} INFO - Filling up the DagBag from /home/airflow/.local/lib/python3.12/site-packages/airflow/example_dags/example_python_decorator.py
[2024-07-01T18:41:08.457+0000] {processor.py:840} INFO - DAG(s) 'example_python_decorator' retrieved from /home/airflow/.local/lib/python3.12/site-packages/airflow/example_dags/example_python_decorator.py
[2024-07-01T18:41:08.519+0000] {logging_mixin.py:188} INFO - [2024-07-01T18:41:08.518+0000] {dag.py:3096} INFO - Sync 1 DAGs
[2024-07-01T18:41:08.579+0000] {logging_mixin.py:188} INFO - [2024-07-01T18:41:08.578+0000] {dag.py:3954} INFO - Setting next_dagrun for example_python_decorator to None, run_after=None
[2024-07-01T18:41:08.675+0000] {processor.py:183} INFO - Processing /home/airflow/.local/lib/python3.12/site-packages/airflow/example_dags/example_python_decorator.py took 0.265 seconds
[2024-07-01T18:41:39.539+0000] {processor.py:161} INFO - Started process (PID=245) to work on /home/airflow/.local/lib/python3.12/site-packages/airflow/example_dags/example_python_decorator.py
[2024-07-01T18:41:39.541+0000] {processor.py:830} INFO - Processing file /home/airflow/.local/lib/python3.12/site-packages/airflow/example_dags/example_python_decorator.py for tasks to queue
[2024-07-01T18:41:39.545+0000] {logging_mixin.py:188} INFO - [2024-07-01T18:41:39.545+0000] {dagbag.py:545} INFO - Filling up the DagBag from /home/airflow/.local/lib/python3.12/site-packages/airflow/example_dags/example_python_decorator.py
[2024-07-01T18:41:39.584+0000] {processor.py:840} INFO - DAG(s) 'example_python_decorator' retrieved from /home/airflow/.local/lib/python3.12/site-packages/airflow/example_dags/example_python_decorator.py
[2024-07-01T18:41:39.657+0000] {logging_mixin.py:188} INFO - [2024-07-01T18:41:39.656+0000] {dag.py:3096} INFO - Sync 1 DAGs
[2024-07-01T18:41:39.700+0000] {logging_mixin.py:188} INFO - [2024-07-01T18:41:39.699+0000] {dag.py:3954} INFO - Setting next_dagrun for example_python_decorator to None, run_after=None
[2024-07-01T18:41:39.773+0000] {processor.py:183} INFO - Processing /home/airflow/.local/lib/python3.12/site-packages/airflow/example_dags/example_python_decorator.py took 0.247 seconds
[2024-07-01T18:42:09.889+0000] {processor.py:161} INFO - Started process (PID=301) to work on /home/airflow/.local/lib/python3.12/site-packages/airflow/example_dags/example_python_decorator.py
[2024-07-01T18:42:09.892+0000] {processor.py:830} INFO - Processing file /home/airflow/.local/lib/python3.12/site-packages/airflow/example_dags/example_python_decorator.py for tasks to queue
[2024-07-01T18:42:09.897+0000] {logging_mixin.py:188} INFO - [2024-07-01T18:42:09.896+0000] {dagbag.py:545} INFO - Filling up the DagBag from /home/airflow/.local/lib/python3.12/site-packages/airflow/example_dags/example_python_decorator.py
[2024-07-01T18:42:09.936+0000] {processor.py:840} INFO - DAG(s) 'example_python_decorator' retrieved from /home/airflow/.local/lib/python3.12/site-packages/airflow/example_dags/example_python_decorator.py
[2024-07-01T18:42:10.000+0000] {logging_mixin.py:188} INFO - [2024-07-01T18:42:10.000+0000] {dag.py:3096} INFO - Sync 1 DAGs
[2024-07-01T18:42:10.047+0000] {logging_mixin.py:188} INFO - [2024-07-01T18:42:10.046+0000] {dag.py:3954} INFO - Setting next_dagrun for example_python_decorator to None, run_after=None
[2024-07-01T18:42:10.126+0000] {processor.py:183} INFO - Processing /home/airflow/.local/lib/python3.12/site-packages/airflow/example_dags/example_python_decorator.py took 0.251 seconds
[2024-07-01T18:42:40.841+0000] {processor.py:161} INFO - Started process (PID=358) to work on /home/airflow/.local/lib/python3.12/site-packages/airflow/example_dags/example_python_decorator.py
[2024-07-01T18:42:40.846+0000] {processor.py:830} INFO - Processing file /home/airflow/.local/lib/python3.12/site-packages/airflow/example_dags/example_python_decorator.py for tasks to queue
[2024-07-01T18:42:40.852+0000] {logging_mixin.py:188} INFO - [2024-07-01T18:42:40.852+0000] {dagbag.py:545} INFO - Filling up the DagBag from /home/airflow/.local/lib/python3.12/site-packages/airflow/example_dags/example_python_decorator.py
[2024-07-01T18:42:40.900+0000] {processor.py:840} INFO - DAG(s) 'example_python_decorator' retrieved from /home/airflow/.local/lib/python3.12/site-packages/airflow/example_dags/example_python_decorator.py
[2024-07-01T18:42:40.968+0000] {logging_mixin.py:188} INFO - [2024-07-01T18:42:40.967+0000] {dag.py:3096} INFO - Sync 1 DAGs
[2024-07-01T18:42:40.996+0000] {logging_mixin.py:188} INFO - [2024-07-01T18:42:40.996+0000] {dag.py:3954} INFO - Setting next_dagrun for example_python_decorator to None, run_after=None
[2024-07-01T18:42:41.081+0000] {processor.py:183} INFO - Processing /home/airflow/.local/lib/python3.12/site-packages/airflow/example_dags/example_python_decorator.py took 0.259 seconds
[2024-07-01T18:43:11.420+0000] {processor.py:161} INFO - Started process (PID=416) to work on /home/airflow/.local/lib/python3.12/site-packages/airflow/example_dags/example_python_decorator.py
[2024-07-01T18:43:11.422+0000] {processor.py:830} INFO - Processing file /home/airflow/.local/lib/python3.12/site-packages/airflow/example_dags/example_python_decorator.py for tasks to queue
[2024-07-01T18:43:11.427+0000] {logging_mixin.py:188} INFO - [2024-07-01T18:43:11.426+0000] {dagbag.py:545} INFO - Filling up the DagBag from /home/airflow/.local/lib/python3.12/site-packages/airflow/example_dags/example_python_decorator.py
[2024-07-01T18:43:11.487+0000] {processor.py:840} INFO - DAG(s) 'example_python_decorator' retrieved from /home/airflow/.local/lib/python3.12/site-packages/airflow/example_dags/example_python_decorator.py
[2024-07-01T18:43:11.557+0000] {logging_mixin.py:188} INFO - [2024-07-01T18:43:11.556+0000] {dag.py:3096} INFO - Sync 1 DAGs
[2024-07-01T18:43:11.592+0000] {logging_mixin.py:188} INFO - [2024-07-01T18:43:11.591+0000] {dag.py:3954} INFO - Setting next_dagrun for example_python_decorator to None, run_after=None
[2024-07-01T18:43:11.639+0000] {processor.py:183} INFO - Processing /home/airflow/.local/lib/python3.12/site-packages/airflow/example_dags/example_python_decorator.py took 0.232 seconds
[2024-07-01T18:43:42.601+0000] {processor.py:161} INFO - Started process (PID=474) to work on /home/airflow/.local/lib/python3.12/site-packages/airflow/example_dags/example_python_decorator.py
[2024-07-01T18:43:42.604+0000] {processor.py:830} INFO - Processing file /home/airflow/.local/lib/python3.12/site-packages/airflow/example_dags/example_python_decorator.py for tasks to queue
[2024-07-01T18:43:42.612+0000] {logging_mixin.py:188} INFO - [2024-07-01T18:43:42.609+0000] {dagbag.py:545} INFO - Filling up the DagBag from /home/airflow/.local/lib/python3.12/site-packages/airflow/example_dags/example_python_decorator.py
[2024-07-01T18:43:42.675+0000] {processor.py:840} INFO - DAG(s) 'example_python_decorator' retrieved from /home/airflow/.local/lib/python3.12/site-packages/airflow/example_dags/example_python_decorator.py
[2024-07-01T18:43:42.787+0000] {logging_mixin.py:188} INFO - [2024-07-01T18:43:42.786+0000] {dag.py:3096} INFO - Sync 1 DAGs
[2024-07-01T18:43:42.850+0000] {logging_mixin.py:188} INFO - [2024-07-01T18:43:42.850+0000] {dag.py:3954} INFO - Setting next_dagrun for example_python_decorator to None, run_after=None
[2024-07-01T18:43:42.945+0000] {processor.py:183} INFO - Processing /home/airflow/.local/lib/python3.12/site-packages/airflow/example_dags/example_python_decorator.py took 0.367 seconds
[2024-07-01T18:44:13.883+0000] {processor.py:161} INFO - Started process (PID=532) to work on /home/airflow/.local/lib/python3.12/site-packages/airflow/example_dags/example_python_decorator.py
[2024-07-01T18:44:13.885+0000] {processor.py:830} INFO - Processing file /home/airflow/.local/lib/python3.12/site-packages/airflow/example_dags/example_python_decorator.py for tasks to queue
[2024-07-01T18:44:13.888+0000] {logging_mixin.py:188} INFO - [2024-07-01T18:44:13.888+0000] {dagbag.py:545} INFO - Filling up the DagBag from /home/airflow/.local/lib/python3.12/site-packages/airflow/example_dags/example_python_decorator.py
[2024-07-01T18:44:13.925+0000] {processor.py:840} INFO - DAG(s) 'example_python_decorator' retrieved from /home/airflow/.local/lib/python3.12/site-packages/airflow/example_dags/example_python_decorator.py
[2024-07-01T18:44:14.015+0000] {logging_mixin.py:188} INFO - [2024-07-01T18:44:14.015+0000] {dag.py:3096} INFO - Sync 1 DAGs
[2024-07-01T18:44:14.050+0000] {logging_mixin.py:188} INFO - [2024-07-01T18:44:14.049+0000] {dag.py:3954} INFO - Setting next_dagrun for example_python_decorator to None, run_after=None
[2024-07-01T18:44:14.105+0000] {processor.py:183} INFO - Processing /home/airflow/.local/lib/python3.12/site-packages/airflow/example_dags/example_python_decorator.py took 0.234 seconds
