[2024-07-01T18:40:16.213+0000] {processor.py:161} INFO - Started process (PID=87) to work on /home/airflow/.local/lib/python3.12/site-packages/airflow/example_dags/example_branch_day_of_week_operator.py
[2024-07-01T18:40:16.216+0000] {processor.py:830} INFO - Processing file /home/airflow/.local/lib/python3.12/site-packages/airflow/example_dags/example_branch_day_of_week_operator.py for tasks to queue
[2024-07-01T18:40:16.224+0000] {logging_mixin.py:188} INFO - [2024-07-01T18:40:16.221+0000] {dagbag.py:545} INFO - Filling up the DagBag from /home/airflow/.local/lib/python3.12/site-packages/airflow/example_dags/example_branch_day_of_week_operator.py
[2024-07-01T18:40:16.255+0000] {processor.py:840} INFO - DAG(s) 'example_weekday_branch_operator' retrieved from /home/airflow/.local/lib/python3.12/site-packages/airflow/example_dags/example_branch_day_of_week_operator.py
[2024-07-01T18:40:16.805+0000] {logging_mixin.py:188} INFO - [2024-07-01T18:40:16.803+0000] {override.py:1829} INFO - Created Permission View: can read on DAG:example_weekday_branch_operator
[2024-07-01T18:40:16.845+0000] {logging_mixin.py:188} INFO - [2024-07-01T18:40:16.845+0000] {override.py:1829} INFO - Created Permission View: can delete on DAG:example_weekday_branch_operator
[2024-07-01T18:40:16.872+0000] {logging_mixin.py:188} INFO - [2024-07-01T18:40:16.871+0000] {override.py:1829} INFO - Created Permission View: can edit on DAG:example_weekday_branch_operator
[2024-07-01T18:40:16.875+0000] {logging_mixin.py:188} INFO - [2024-07-01T18:40:16.874+0000] {dag.py:3096} INFO - Sync 1 DAGs
[2024-07-01T18:40:16.936+0000] {logging_mixin.py:188} INFO - [2024-07-01T18:40:16.935+0000] {dag.py:3118} INFO - Creating ORM DAG for example_weekday_branch_operator
[2024-07-01T18:40:17.018+0000] {logging_mixin.py:188} INFO - [2024-07-01T18:40:17.015+0000] {dag.py:3954} INFO - Setting next_dagrun for example_weekday_branch_operator to 2024-06-30 00:00:00+00:00, run_after=2024-07-01 00:00:00+00:00
[2024-07-01T18:40:17.102+0000] {processor.py:183} INFO - Processing /home/airflow/.local/lib/python3.12/site-packages/airflow/example_dags/example_branch_day_of_week_operator.py took 0.905 seconds
[2024-07-01T18:40:47.640+0000] {processor.py:161} INFO - Started process (PID=145) to work on /home/airflow/.local/lib/python3.12/site-packages/airflow/example_dags/example_branch_day_of_week_operator.py
[2024-07-01T18:40:47.643+0000] {processor.py:830} INFO - Processing file /home/airflow/.local/lib/python3.12/site-packages/airflow/example_dags/example_branch_day_of_week_operator.py for tasks to queue
[2024-07-01T18:40:47.651+0000] {logging_mixin.py:188} INFO - [2024-07-01T18:40:47.648+0000] {dagbag.py:545} INFO - Filling up the DagBag from /home/airflow/.local/lib/python3.12/site-packages/airflow/example_dags/example_branch_day_of_week_operator.py
[2024-07-01T18:40:47.682+0000] {processor.py:840} INFO - DAG(s) 'example_weekday_branch_operator' retrieved from /home/airflow/.local/lib/python3.12/site-packages/airflow/example_dags/example_branch_day_of_week_operator.py
[2024-07-01T18:40:47.758+0000] {logging_mixin.py:188} INFO - [2024-07-01T18:40:47.757+0000] {dag.py:3096} INFO - Sync 1 DAGs
[2024-07-01T18:40:47.878+0000] {logging_mixin.py:188} INFO - [2024-07-01T18:40:47.877+0000] {dag.py:3954} INFO - Setting next_dagrun for example_weekday_branch_operator to 2024-06-30 00:00:00+00:00, run_after=2024-07-01 00:00:00+00:00
[2024-07-01T18:40:47.968+0000] {processor.py:183} INFO - Processing /home/airflow/.local/lib/python3.12/site-packages/airflow/example_dags/example_branch_day_of_week_operator.py took 0.351 seconds
[2024-07-01T18:41:18.608+0000] {processor.py:161} INFO - Started process (PID=203) to work on /home/airflow/.local/lib/python3.12/site-packages/airflow/example_dags/example_branch_day_of_week_operator.py
[2024-07-01T18:41:18.619+0000] {processor.py:830} INFO - Processing file /home/airflow/.local/lib/python3.12/site-packages/airflow/example_dags/example_branch_day_of_week_operator.py for tasks to queue
[2024-07-01T18:41:18.624+0000] {logging_mixin.py:188} INFO - [2024-07-01T18:41:18.623+0000] {dagbag.py:545} INFO - Filling up the DagBag from /home/airflow/.local/lib/python3.12/site-packages/airflow/example_dags/example_branch_day_of_week_operator.py
[2024-07-01T18:41:18.664+0000] {processor.py:840} INFO - DAG(s) 'example_weekday_branch_operator' retrieved from /home/airflow/.local/lib/python3.12/site-packages/airflow/example_dags/example_branch_day_of_week_operator.py
[2024-07-01T18:41:18.760+0000] {logging_mixin.py:188} INFO - [2024-07-01T18:41:18.759+0000] {dag.py:3096} INFO - Sync 1 DAGs
[2024-07-01T18:41:18.829+0000] {logging_mixin.py:188} INFO - [2024-07-01T18:41:18.829+0000] {dag.py:3954} INFO - Setting next_dagrun for example_weekday_branch_operator to 2024-06-30 00:00:00+00:00, run_after=2024-07-01 00:00:00+00:00
[2024-07-01T18:41:18.893+0000] {processor.py:183} INFO - Processing /home/airflow/.local/lib/python3.12/site-packages/airflow/example_dags/example_branch_day_of_week_operator.py took 0.302 seconds
[2024-07-01T18:41:49.384+0000] {processor.py:161} INFO - Started process (PID=261) to work on /home/airflow/.local/lib/python3.12/site-packages/airflow/example_dags/example_branch_day_of_week_operator.py
[2024-07-01T18:41:49.389+0000] {processor.py:830} INFO - Processing file /home/airflow/.local/lib/python3.12/site-packages/airflow/example_dags/example_branch_day_of_week_operator.py for tasks to queue
[2024-07-01T18:41:49.393+0000] {logging_mixin.py:188} INFO - [2024-07-01T18:41:49.393+0000] {dagbag.py:545} INFO - Filling up the DagBag from /home/airflow/.local/lib/python3.12/site-packages/airflow/example_dags/example_branch_day_of_week_operator.py
[2024-07-01T18:41:49.412+0000] {processor.py:840} INFO - DAG(s) 'example_weekday_branch_operator' retrieved from /home/airflow/.local/lib/python3.12/site-packages/airflow/example_dags/example_branch_day_of_week_operator.py
[2024-07-01T18:41:49.461+0000] {logging_mixin.py:188} INFO - [2024-07-01T18:41:49.460+0000] {dag.py:3096} INFO - Sync 1 DAGs
[2024-07-01T18:41:49.511+0000] {logging_mixin.py:188} INFO - [2024-07-01T18:41:49.511+0000] {dag.py:3954} INFO - Setting next_dagrun for example_weekday_branch_operator to 2024-06-30 00:00:00+00:00, run_after=2024-07-01 00:00:00+00:00
[2024-07-01T18:41:49.556+0000] {processor.py:183} INFO - Processing /home/airflow/.local/lib/python3.12/site-packages/airflow/example_dags/example_branch_day_of_week_operator.py took 0.187 seconds
[2024-07-01T18:42:20.365+0000] {processor.py:161} INFO - Started process (PID=319) to work on /home/airflow/.local/lib/python3.12/site-packages/airflow/example_dags/example_branch_day_of_week_operator.py
[2024-07-01T18:42:20.369+0000] {processor.py:830} INFO - Processing file /home/airflow/.local/lib/python3.12/site-packages/airflow/example_dags/example_branch_day_of_week_operator.py for tasks to queue
[2024-07-01T18:42:20.377+0000] {logging_mixin.py:188} INFO - [2024-07-01T18:42:20.376+0000] {dagbag.py:545} INFO - Filling up the DagBag from /home/airflow/.local/lib/python3.12/site-packages/airflow/example_dags/example_branch_day_of_week_operator.py
[2024-07-01T18:42:20.419+0000] {processor.py:840} INFO - DAG(s) 'example_weekday_branch_operator' retrieved from /home/airflow/.local/lib/python3.12/site-packages/airflow/example_dags/example_branch_day_of_week_operator.py
[2024-07-01T18:42:20.528+0000] {logging_mixin.py:188} INFO - [2024-07-01T18:42:20.527+0000] {dag.py:3096} INFO - Sync 1 DAGs
[2024-07-01T18:42:20.687+0000] {logging_mixin.py:188} INFO - [2024-07-01T18:42:20.687+0000] {dag.py:3954} INFO - Setting next_dagrun for example_weekday_branch_operator to 2024-06-30 00:00:00+00:00, run_after=2024-07-01 00:00:00+00:00
[2024-07-01T18:42:20.771+0000] {processor.py:183} INFO - Processing /home/airflow/.local/lib/python3.12/site-packages/airflow/example_dags/example_branch_day_of_week_operator.py took 0.430 seconds
[2024-07-01T18:42:51.557+0000] {processor.py:161} INFO - Started process (PID=376) to work on /home/airflow/.local/lib/python3.12/site-packages/airflow/example_dags/example_branch_day_of_week_operator.py
[2024-07-01T18:42:51.560+0000] {processor.py:830} INFO - Processing file /home/airflow/.local/lib/python3.12/site-packages/airflow/example_dags/example_branch_day_of_week_operator.py for tasks to queue
[2024-07-01T18:42:51.566+0000] {logging_mixin.py:188} INFO - [2024-07-01T18:42:51.564+0000] {dagbag.py:545} INFO - Filling up the DagBag from /home/airflow/.local/lib/python3.12/site-packages/airflow/example_dags/example_branch_day_of_week_operator.py
[2024-07-01T18:42:51.595+0000] {processor.py:840} INFO - DAG(s) 'example_weekday_branch_operator' retrieved from /home/airflow/.local/lib/python3.12/site-packages/airflow/example_dags/example_branch_day_of_week_operator.py
[2024-07-01T18:42:51.651+0000] {logging_mixin.py:188} INFO - [2024-07-01T18:42:51.651+0000] {dag.py:3096} INFO - Sync 1 DAGs
[2024-07-01T18:42:51.751+0000] {logging_mixin.py:188} INFO - [2024-07-01T18:42:51.749+0000] {dag.py:3954} INFO - Setting next_dagrun for example_weekday_branch_operator to 2024-06-30 00:00:00+00:00, run_after=2024-07-01 00:00:00+00:00
[2024-07-01T18:42:51.878+0000] {processor.py:183} INFO - Processing /home/airflow/.local/lib/python3.12/site-packages/airflow/example_dags/example_branch_day_of_week_operator.py took 0.340 seconds
[2024-07-01T18:43:22.217+0000] {processor.py:161} INFO - Started process (PID=434) to work on /home/airflow/.local/lib/python3.12/site-packages/airflow/example_dags/example_branch_day_of_week_operator.py
[2024-07-01T18:43:22.222+0000] {processor.py:830} INFO - Processing file /home/airflow/.local/lib/python3.12/site-packages/airflow/example_dags/example_branch_day_of_week_operator.py for tasks to queue
[2024-07-01T18:43:22.227+0000] {logging_mixin.py:188} INFO - [2024-07-01T18:43:22.226+0000] {dagbag.py:545} INFO - Filling up the DagBag from /home/airflow/.local/lib/python3.12/site-packages/airflow/example_dags/example_branch_day_of_week_operator.py
[2024-07-01T18:43:22.245+0000] {processor.py:840} INFO - DAG(s) 'example_weekday_branch_operator' retrieved from /home/airflow/.local/lib/python3.12/site-packages/airflow/example_dags/example_branch_day_of_week_operator.py
[2024-07-01T18:43:22.303+0000] {logging_mixin.py:188} INFO - [2024-07-01T18:43:22.303+0000] {dag.py:3096} INFO - Sync 1 DAGs
[2024-07-01T18:43:22.358+0000] {logging_mixin.py:188} INFO - [2024-07-01T18:43:22.357+0000] {dag.py:3954} INFO - Setting next_dagrun for example_weekday_branch_operator to 2024-06-30 00:00:00+00:00, run_after=2024-07-01 00:00:00+00:00
[2024-07-01T18:43:22.411+0000] {processor.py:183} INFO - Processing /home/airflow/.local/lib/python3.12/site-packages/airflow/example_dags/example_branch_day_of_week_operator.py took 0.211 seconds
[2024-07-01T18:43:52.588+0000] {processor.py:161} INFO - Started process (PID=492) to work on /home/airflow/.local/lib/python3.12/site-packages/airflow/example_dags/example_branch_day_of_week_operator.py
[2024-07-01T18:43:52.590+0000] {processor.py:830} INFO - Processing file /home/airflow/.local/lib/python3.12/site-packages/airflow/example_dags/example_branch_day_of_week_operator.py for tasks to queue
[2024-07-01T18:43:52.594+0000] {logging_mixin.py:188} INFO - [2024-07-01T18:43:52.593+0000] {dagbag.py:545} INFO - Filling up the DagBag from /home/airflow/.local/lib/python3.12/site-packages/airflow/example_dags/example_branch_day_of_week_operator.py
[2024-07-01T18:43:52.608+0000] {processor.py:840} INFO - DAG(s) 'example_weekday_branch_operator' retrieved from /home/airflow/.local/lib/python3.12/site-packages/airflow/example_dags/example_branch_day_of_week_operator.py
[2024-07-01T18:43:52.646+0000] {logging_mixin.py:188} INFO - [2024-07-01T18:43:52.646+0000] {dag.py:3096} INFO - Sync 1 DAGs
[2024-07-01T18:43:52.684+0000] {logging_mixin.py:188} INFO - [2024-07-01T18:43:52.684+0000] {dag.py:3954} INFO - Setting next_dagrun for example_weekday_branch_operator to 2024-06-30 00:00:00+00:00, run_after=2024-07-01 00:00:00+00:00
[2024-07-01T18:43:52.741+0000] {processor.py:183} INFO - Processing /home/airflow/.local/lib/python3.12/site-packages/airflow/example_dags/example_branch_day_of_week_operator.py took 0.162 seconds
[2024-07-01T18:44:23.712+0000] {processor.py:161} INFO - Started process (PID=550) to work on /home/airflow/.local/lib/python3.12/site-packages/airflow/example_dags/example_branch_day_of_week_operator.py
[2024-07-01T18:44:23.713+0000] {processor.py:830} INFO - Processing file /home/airflow/.local/lib/python3.12/site-packages/airflow/example_dags/example_branch_day_of_week_operator.py for tasks to queue
[2024-07-01T18:44:23.716+0000] {logging_mixin.py:188} INFO - [2024-07-01T18:44:23.715+0000] {dagbag.py:545} INFO - Filling up the DagBag from /home/airflow/.local/lib/python3.12/site-packages/airflow/example_dags/example_branch_day_of_week_operator.py
[2024-07-01T18:44:23.728+0000] {processor.py:840} INFO - DAG(s) 'example_weekday_branch_operator' retrieved from /home/airflow/.local/lib/python3.12/site-packages/airflow/example_dags/example_branch_day_of_week_operator.py
[2024-07-01T18:44:23.767+0000] {logging_mixin.py:188} INFO - [2024-07-01T18:44:23.767+0000] {dag.py:3096} INFO - Sync 1 DAGs
[2024-07-01T18:44:23.814+0000] {logging_mixin.py:188} INFO - [2024-07-01T18:44:23.813+0000] {dag.py:3954} INFO - Setting next_dagrun for example_weekday_branch_operator to 2024-06-30 00:00:00+00:00, run_after=2024-07-01 00:00:00+00:00
[2024-07-01T18:44:23.859+0000] {processor.py:183} INFO - Processing /home/airflow/.local/lib/python3.12/site-packages/airflow/example_dags/example_branch_day_of_week_operator.py took 0.155 seconds
