[2024-07-01T18:40:09.536+0000] {processor.py:161} INFO - Started process (PID=77) to work on /home/airflow/.local/lib/python3.12/site-packages/airflow/example_dags/example_kubernetes_executor.py
[2024-07-01T18:40:09.541+0000] {processor.py:830} INFO - Processing file /home/airflow/.local/lib/python3.12/site-packages/airflow/example_dags/example_kubernetes_executor.py for tasks to queue
[2024-07-01T18:40:09.547+0000] {logging_mixin.py:188} INFO - [2024-07-01T18:40:09.546+0000] {dagbag.py:545} INFO - Filling up the DagBag from /home/airflow/.local/lib/python3.12/site-packages/airflow/example_dags/example_kubernetes_executor.py
[2024-07-01T18:40:09.618+0000] {processor.py:840} INFO - DAG(s) 'example_kubernetes_executor' retrieved from /home/airflow/.local/lib/python3.12/site-packages/airflow/example_dags/example_kubernetes_executor.py
[2024-07-01T18:40:10.150+0000] {logging_mixin.py:188} INFO - [2024-07-01T18:40:10.147+0000] {override.py:1829} INFO - Created Permission View: can read on DAG:example_kubernetes_executor
[2024-07-01T18:40:10.188+0000] {logging_mixin.py:188} INFO - [2024-07-01T18:40:10.187+0000] {override.py:1829} INFO - Created Permission View: can delete on DAG:example_kubernetes_executor
[2024-07-01T18:40:10.229+0000] {logging_mixin.py:188} INFO - [2024-07-01T18:40:10.228+0000] {override.py:1829} INFO - Created Permission View: can edit on DAG:example_kubernetes_executor
[2024-07-01T18:40:10.231+0000] {logging_mixin.py:188} INFO - [2024-07-01T18:40:10.230+0000] {dag.py:3096} INFO - Sync 1 DAGs
[2024-07-01T18:40:10.311+0000] {logging_mixin.py:188} INFO - [2024-07-01T18:40:10.310+0000] {dag.py:3118} INFO - Creating ORM DAG for example_kubernetes_executor
[2024-07-01T18:40:10.364+0000] {logging_mixin.py:188} INFO - [2024-07-01T18:40:10.363+0000] {dag.py:3954} INFO - Setting next_dagrun for example_kubernetes_executor to None, run_after=None
[2024-07-01T18:40:10.466+0000] {processor.py:183} INFO - Processing /home/airflow/.local/lib/python3.12/site-packages/airflow/example_dags/example_kubernetes_executor.py took 0.948 seconds
[2024-07-01T18:40:41.119+0000] {processor.py:161} INFO - Started process (PID=135) to work on /home/airflow/.local/lib/python3.12/site-packages/airflow/example_dags/example_kubernetes_executor.py
[2024-07-01T18:40:41.122+0000] {processor.py:830} INFO - Processing file /home/airflow/.local/lib/python3.12/site-packages/airflow/example_dags/example_kubernetes_executor.py for tasks to queue
[2024-07-01T18:40:41.129+0000] {logging_mixin.py:188} INFO - [2024-07-01T18:40:41.128+0000] {dagbag.py:545} INFO - Filling up the DagBag from /home/airflow/.local/lib/python3.12/site-packages/airflow/example_dags/example_kubernetes_executor.py
[2024-07-01T18:40:41.183+0000] {processor.py:840} INFO - DAG(s) 'example_kubernetes_executor' retrieved from /home/airflow/.local/lib/python3.12/site-packages/airflow/example_dags/example_kubernetes_executor.py
[2024-07-01T18:40:41.387+0000] {logging_mixin.py:188} INFO - [2024-07-01T18:40:41.386+0000] {dag.py:3096} INFO - Sync 1 DAGs
[2024-07-01T18:40:41.446+0000] {logging_mixin.py:188} INFO - [2024-07-01T18:40:41.446+0000] {dag.py:3954} INFO - Setting next_dagrun for example_kubernetes_executor to None, run_after=None
[2024-07-01T18:40:41.536+0000] {processor.py:183} INFO - Processing /home/airflow/.local/lib/python3.12/site-packages/airflow/example_dags/example_kubernetes_executor.py took 0.434 seconds
[2024-07-01T18:41:13.000+0000] {processor.py:161} INFO - Started process (PID=193) to work on /home/airflow/.local/lib/python3.12/site-packages/airflow/example_dags/example_kubernetes_executor.py
[2024-07-01T18:41:13.022+0000] {processor.py:830} INFO - Processing file /home/airflow/.local/lib/python3.12/site-packages/airflow/example_dags/example_kubernetes_executor.py for tasks to queue
[2024-07-01T18:41:13.043+0000] {logging_mixin.py:188} INFO - [2024-07-01T18:41:13.042+0000] {dagbag.py:545} INFO - Filling up the DagBag from /home/airflow/.local/lib/python3.12/site-packages/airflow/example_dags/example_kubernetes_executor.py
[2024-07-01T18:41:13.280+0000] {processor.py:840} INFO - DAG(s) 'example_kubernetes_executor' retrieved from /home/airflow/.local/lib/python3.12/site-packages/airflow/example_dags/example_kubernetes_executor.py
[2024-07-01T18:41:13.482+0000] {logging_mixin.py:188} INFO - [2024-07-01T18:41:13.481+0000] {dag.py:3096} INFO - Sync 1 DAGs
[2024-07-01T18:41:13.605+0000] {logging_mixin.py:188} INFO - [2024-07-01T18:41:13.604+0000] {dag.py:3954} INFO - Setting next_dagrun for example_kubernetes_executor to None, run_after=None
[2024-07-01T18:41:13.820+0000] {processor.py:183} INFO - Processing /home/airflow/.local/lib/python3.12/site-packages/airflow/example_dags/example_kubernetes_executor.py took 0.877 seconds
[2024-07-01T18:41:44.682+0000] {processor.py:161} INFO - Started process (PID=250) to work on /home/airflow/.local/lib/python3.12/site-packages/airflow/example_dags/example_kubernetes_executor.py
[2024-07-01T18:41:44.684+0000] {processor.py:830} INFO - Processing file /home/airflow/.local/lib/python3.12/site-packages/airflow/example_dags/example_kubernetes_executor.py for tasks to queue
[2024-07-01T18:41:44.687+0000] {logging_mixin.py:188} INFO - [2024-07-01T18:41:44.687+0000] {dagbag.py:545} INFO - Filling up the DagBag from /home/airflow/.local/lib/python3.12/site-packages/airflow/example_dags/example_kubernetes_executor.py
[2024-07-01T18:41:44.711+0000] {processor.py:840} INFO - DAG(s) 'example_kubernetes_executor' retrieved from /home/airflow/.local/lib/python3.12/site-packages/airflow/example_dags/example_kubernetes_executor.py
[2024-07-01T18:41:44.800+0000] {logging_mixin.py:188} INFO - [2024-07-01T18:41:44.799+0000] {dag.py:3096} INFO - Sync 1 DAGs
[2024-07-01T18:41:44.828+0000] {logging_mixin.py:188} INFO - [2024-07-01T18:41:44.827+0000] {dag.py:3954} INFO - Setting next_dagrun for example_kubernetes_executor to None, run_after=None
[2024-07-01T18:41:44.873+0000] {processor.py:183} INFO - Processing /home/airflow/.local/lib/python3.12/site-packages/airflow/example_dags/example_kubernetes_executor.py took 0.200 seconds
[2024-07-01T18:42:15.177+0000] {processor.py:161} INFO - Started process (PID=308) to work on /home/airflow/.local/lib/python3.12/site-packages/airflow/example_dags/example_kubernetes_executor.py
[2024-07-01T18:42:15.181+0000] {processor.py:830} INFO - Processing file /home/airflow/.local/lib/python3.12/site-packages/airflow/example_dags/example_kubernetes_executor.py for tasks to queue
[2024-07-01T18:42:15.191+0000] {logging_mixin.py:188} INFO - [2024-07-01T18:42:15.190+0000] {dagbag.py:545} INFO - Filling up the DagBag from /home/airflow/.local/lib/python3.12/site-packages/airflow/example_dags/example_kubernetes_executor.py
[2024-07-01T18:42:15.252+0000] {processor.py:840} INFO - DAG(s) 'example_kubernetes_executor' retrieved from /home/airflow/.local/lib/python3.12/site-packages/airflow/example_dags/example_kubernetes_executor.py
[2024-07-01T18:42:15.481+0000] {logging_mixin.py:188} INFO - [2024-07-01T18:42:15.480+0000] {dag.py:3096} INFO - Sync 1 DAGs
[2024-07-01T18:42:15.528+0000] {logging_mixin.py:188} INFO - [2024-07-01T18:42:15.527+0000] {dag.py:3954} INFO - Setting next_dagrun for example_kubernetes_executor to None, run_after=None
[2024-07-01T18:42:15.601+0000] {processor.py:183} INFO - Processing /home/airflow/.local/lib/python3.12/site-packages/airflow/example_dags/example_kubernetes_executor.py took 0.446 seconds
[2024-07-01T18:42:45.808+0000] {processor.py:161} INFO - Started process (PID=365) to work on /home/airflow/.local/lib/python3.12/site-packages/airflow/example_dags/example_kubernetes_executor.py
[2024-07-01T18:42:45.811+0000] {processor.py:830} INFO - Processing file /home/airflow/.local/lib/python3.12/site-packages/airflow/example_dags/example_kubernetes_executor.py for tasks to queue
[2024-07-01T18:42:45.817+0000] {logging_mixin.py:188} INFO - [2024-07-01T18:42:45.816+0000] {dagbag.py:545} INFO - Filling up the DagBag from /home/airflow/.local/lib/python3.12/site-packages/airflow/example_dags/example_kubernetes_executor.py
[2024-07-01T18:42:45.907+0000] {processor.py:840} INFO - DAG(s) 'example_kubernetes_executor' retrieved from /home/airflow/.local/lib/python3.12/site-packages/airflow/example_dags/example_kubernetes_executor.py
[2024-07-01T18:42:46.249+0000] {logging_mixin.py:188} INFO - [2024-07-01T18:42:46.248+0000] {dag.py:3096} INFO - Sync 1 DAGs
[2024-07-01T18:42:46.314+0000] {logging_mixin.py:188} INFO - [2024-07-01T18:42:46.314+0000] {dag.py:3954} INFO - Setting next_dagrun for example_kubernetes_executor to None, run_after=None
[2024-07-01T18:42:46.422+0000] {processor.py:183} INFO - Processing /home/airflow/.local/lib/python3.12/site-packages/airflow/example_dags/example_kubernetes_executor.py took 0.630 seconds
[2024-07-01T18:43:17.148+0000] {processor.py:161} INFO - Started process (PID=421) to work on /home/airflow/.local/lib/python3.12/site-packages/airflow/example_dags/example_kubernetes_executor.py
[2024-07-01T18:43:17.149+0000] {processor.py:830} INFO - Processing file /home/airflow/.local/lib/python3.12/site-packages/airflow/example_dags/example_kubernetes_executor.py for tasks to queue
[2024-07-01T18:43:17.153+0000] {logging_mixin.py:188} INFO - [2024-07-01T18:43:17.152+0000] {dagbag.py:545} INFO - Filling up the DagBag from /home/airflow/.local/lib/python3.12/site-packages/airflow/example_dags/example_kubernetes_executor.py
[2024-07-01T18:43:17.174+0000] {processor.py:840} INFO - DAG(s) 'example_kubernetes_executor' retrieved from /home/airflow/.local/lib/python3.12/site-packages/airflow/example_dags/example_kubernetes_executor.py
[2024-07-01T18:43:17.255+0000] {logging_mixin.py:188} INFO - [2024-07-01T18:43:17.254+0000] {dag.py:3096} INFO - Sync 1 DAGs
[2024-07-01T18:43:17.285+0000] {logging_mixin.py:188} INFO - [2024-07-01T18:43:17.284+0000] {dag.py:3954} INFO - Setting next_dagrun for example_kubernetes_executor to None, run_after=None
[2024-07-01T18:43:17.333+0000] {processor.py:183} INFO - Processing /home/airflow/.local/lib/python3.12/site-packages/airflow/example_dags/example_kubernetes_executor.py took 0.199 seconds
[2024-07-01T18:43:47.671+0000] {processor.py:161} INFO - Started process (PID=479) to work on /home/airflow/.local/lib/python3.12/site-packages/airflow/example_dags/example_kubernetes_executor.py
[2024-07-01T18:43:47.674+0000] {processor.py:830} INFO - Processing file /home/airflow/.local/lib/python3.12/site-packages/airflow/example_dags/example_kubernetes_executor.py for tasks to queue
[2024-07-01T18:43:47.679+0000] {logging_mixin.py:188} INFO - [2024-07-01T18:43:47.678+0000] {dagbag.py:545} INFO - Filling up the DagBag from /home/airflow/.local/lib/python3.12/site-packages/airflow/example_dags/example_kubernetes_executor.py
[2024-07-01T18:43:47.711+0000] {processor.py:840} INFO - DAG(s) 'example_kubernetes_executor' retrieved from /home/airflow/.local/lib/python3.12/site-packages/airflow/example_dags/example_kubernetes_executor.py
[2024-07-01T18:43:47.787+0000] {logging_mixin.py:188} INFO - [2024-07-01T18:43:47.787+0000] {dag.py:3096} INFO - Sync 1 DAGs
[2024-07-01T18:43:47.811+0000] {logging_mixin.py:188} INFO - [2024-07-01T18:43:47.811+0000] {dag.py:3954} INFO - Setting next_dagrun for example_kubernetes_executor to None, run_after=None
[2024-07-01T18:43:47.848+0000] {processor.py:183} INFO - Processing /home/airflow/.local/lib/python3.12/site-packages/airflow/example_dags/example_kubernetes_executor.py took 0.187 seconds
[2024-07-01T18:44:18.119+0000] {processor.py:161} INFO - Started process (PID=537) to work on /home/airflow/.local/lib/python3.12/site-packages/airflow/example_dags/example_kubernetes_executor.py
[2024-07-01T18:44:18.120+0000] {processor.py:830} INFO - Processing file /home/airflow/.local/lib/python3.12/site-packages/airflow/example_dags/example_kubernetes_executor.py for tasks to queue
[2024-07-01T18:44:18.123+0000] {logging_mixin.py:188} INFO - [2024-07-01T18:44:18.123+0000] {dagbag.py:545} INFO - Filling up the DagBag from /home/airflow/.local/lib/python3.12/site-packages/airflow/example_dags/example_kubernetes_executor.py
[2024-07-01T18:44:18.144+0000] {processor.py:840} INFO - DAG(s) 'example_kubernetes_executor' retrieved from /home/airflow/.local/lib/python3.12/site-packages/airflow/example_dags/example_kubernetes_executor.py
[2024-07-01T18:44:18.251+0000] {logging_mixin.py:188} INFO - [2024-07-01T18:44:18.250+0000] {dag.py:3096} INFO - Sync 1 DAGs
[2024-07-01T18:44:18.285+0000] {logging_mixin.py:188} INFO - [2024-07-01T18:44:18.284+0000] {dag.py:3954} INFO - Setting next_dagrun for example_kubernetes_executor to None, run_after=None
[2024-07-01T18:44:18.342+0000] {processor.py:183} INFO - Processing /home/airflow/.local/lib/python3.12/site-packages/airflow/example_dags/example_kubernetes_executor.py took 0.232 seconds
