[2024-07-01T18:40:11.971+0000] {processor.py:161} INFO - Started process (PID=81) to work on /home/airflow/.local/lib/python3.12/site-packages/airflow/example_dags/example_external_task_marker_dag.py
[2024-07-01T18:40:11.978+0000] {processor.py:830} INFO - Processing file /home/airflow/.local/lib/python3.12/site-packages/airflow/example_dags/example_external_task_marker_dag.py for tasks to queue
[2024-07-01T18:40:11.984+0000] {logging_mixin.py:188} INFO - [2024-07-01T18:40:11.983+0000] {dagbag.py:545} INFO - Filling up the DagBag from /home/airflow/.local/lib/python3.12/site-packages/airflow/example_dags/example_external_task_marker_dag.py
[2024-07-01T18:40:12.003+0000] {processor.py:840} INFO - DAG(s) 'example_external_task_marker_child', 'example_external_task_marker_parent' retrieved from /home/airflow/.local/lib/python3.12/site-packages/airflow/example_dags/example_external_task_marker_dag.py
[2024-07-01T18:40:12.582+0000] {logging_mixin.py:188} INFO - [2024-07-01T18:40:12.581+0000] {override.py:1829} INFO - Created Permission View: can read on DAG:example_external_task_marker_child
[2024-07-01T18:40:12.622+0000] {logging_mixin.py:188} INFO - [2024-07-01T18:40:12.621+0000] {override.py:1829} INFO - Created Permission View: can delete on DAG:example_external_task_marker_child
[2024-07-01T18:40:12.662+0000] {logging_mixin.py:188} INFO - [2024-07-01T18:40:12.661+0000] {override.py:1829} INFO - Created Permission View: can edit on DAG:example_external_task_marker_child
[2024-07-01T18:40:12.741+0000] {logging_mixin.py:188} INFO - [2024-07-01T18:40:12.740+0000] {override.py:1829} INFO - Created Permission View: can read on DAG:example_external_task_marker_parent
[2024-07-01T18:40:12.780+0000] {logging_mixin.py:188} INFO - [2024-07-01T18:40:12.778+0000] {override.py:1829} INFO - Created Permission View: can delete on DAG:example_external_task_marker_parent
[2024-07-01T18:40:12.815+0000] {logging_mixin.py:188} INFO - [2024-07-01T18:40:12.814+0000] {override.py:1829} INFO - Created Permission View: can edit on DAG:example_external_task_marker_parent
[2024-07-01T18:40:12.820+0000] {logging_mixin.py:188} INFO - [2024-07-01T18:40:12.817+0000] {dag.py:3096} INFO - Sync 2 DAGs
[2024-07-01T18:40:12.879+0000] {logging_mixin.py:188} INFO - [2024-07-01T18:40:12.879+0000] {dag.py:3118} INFO - Creating ORM DAG for example_external_task_marker_child
[2024-07-01T18:40:12.883+0000] {logging_mixin.py:188} INFO - [2024-07-01T18:40:12.882+0000] {dag.py:3118} INFO - Creating ORM DAG for example_external_task_marker_parent
[2024-07-01T18:40:12.886+0000] {logging_mixin.py:188} INFO - [2024-07-01T18:40:12.885+0000] {dag.py:3954} INFO - Setting next_dagrun for example_external_task_marker_child to None, run_after=None
[2024-07-01T18:40:12.889+0000] {logging_mixin.py:188} INFO - [2024-07-01T18:40:12.889+0000] {dag.py:3954} INFO - Setting next_dagrun for example_external_task_marker_parent to None, run_after=None
[2024-07-01T18:40:12.979+0000] {processor.py:183} INFO - Processing /home/airflow/.local/lib/python3.12/site-packages/airflow/example_dags/example_external_task_marker_dag.py took 1.031 seconds
[2024-07-01T18:40:43.180+0000] {processor.py:161} INFO - Started process (PID=139) to work on /home/airflow/.local/lib/python3.12/site-packages/airflow/example_dags/example_external_task_marker_dag.py
[2024-07-01T18:40:43.190+0000] {processor.py:830} INFO - Processing file /home/airflow/.local/lib/python3.12/site-packages/airflow/example_dags/example_external_task_marker_dag.py for tasks to queue
[2024-07-01T18:40:43.197+0000] {logging_mixin.py:188} INFO - [2024-07-01T18:40:43.196+0000] {dagbag.py:545} INFO - Filling up the DagBag from /home/airflow/.local/lib/python3.12/site-packages/airflow/example_dags/example_external_task_marker_dag.py
[2024-07-01T18:40:43.253+0000] {processor.py:840} INFO - DAG(s) 'example_external_task_marker_parent', 'example_external_task_marker_child' retrieved from /home/airflow/.local/lib/python3.12/site-packages/airflow/example_dags/example_external_task_marker_dag.py
[2024-07-01T18:40:43.387+0000] {logging_mixin.py:188} INFO - [2024-07-01T18:40:43.387+0000] {dag.py:3096} INFO - Sync 2 DAGs
[2024-07-01T18:40:43.460+0000] {logging_mixin.py:188} INFO - [2024-07-01T18:40:43.459+0000] {dag.py:3954} INFO - Setting next_dagrun for example_external_task_marker_child to None, run_after=None
[2024-07-01T18:40:43.495+0000] {logging_mixin.py:188} INFO - [2024-07-01T18:40:43.494+0000] {dag.py:3954} INFO - Setting next_dagrun for example_external_task_marker_parent to None, run_after=None
[2024-07-01T18:40:43.596+0000] {processor.py:183} INFO - Processing /home/airflow/.local/lib/python3.12/site-packages/airflow/example_dags/example_external_task_marker_dag.py took 0.443 seconds
[2024-07-01T18:41:15.560+0000] {processor.py:161} INFO - Started process (PID=197) to work on /home/airflow/.local/lib/python3.12/site-packages/airflow/example_dags/example_external_task_marker_dag.py
[2024-07-01T18:41:15.565+0000] {processor.py:830} INFO - Processing file /home/airflow/.local/lib/python3.12/site-packages/airflow/example_dags/example_external_task_marker_dag.py for tasks to queue
[2024-07-01T18:41:15.574+0000] {logging_mixin.py:188} INFO - [2024-07-01T18:41:15.572+0000] {dagbag.py:545} INFO - Filling up the DagBag from /home/airflow/.local/lib/python3.12/site-packages/airflow/example_dags/example_external_task_marker_dag.py
[2024-07-01T18:41:15.601+0000] {processor.py:840} INFO - DAG(s) 'example_external_task_marker_child', 'example_external_task_marker_parent' retrieved from /home/airflow/.local/lib/python3.12/site-packages/airflow/example_dags/example_external_task_marker_dag.py
[2024-07-01T18:41:15.692+0000] {logging_mixin.py:188} INFO - [2024-07-01T18:41:15.691+0000] {dag.py:3096} INFO - Sync 2 DAGs
[2024-07-01T18:41:15.752+0000] {logging_mixin.py:188} INFO - [2024-07-01T18:41:15.751+0000] {dag.py:3954} INFO - Setting next_dagrun for example_external_task_marker_child to None, run_after=None
[2024-07-01T18:41:15.773+0000] {logging_mixin.py:188} INFO - [2024-07-01T18:41:15.772+0000] {dag.py:3954} INFO - Setting next_dagrun for example_external_task_marker_parent to None, run_after=None
[2024-07-01T18:41:15.856+0000] {processor.py:183} INFO - Processing /home/airflow/.local/lib/python3.12/site-packages/airflow/example_dags/example_external_task_marker_dag.py took 0.324 seconds
[2024-07-01T18:41:46.342+0000] {processor.py:161} INFO - Started process (PID=255) to work on /home/airflow/.local/lib/python3.12/site-packages/airflow/example_dags/example_external_task_marker_dag.py
[2024-07-01T18:41:46.350+0000] {processor.py:830} INFO - Processing file /home/airflow/.local/lib/python3.12/site-packages/airflow/example_dags/example_external_task_marker_dag.py for tasks to queue
[2024-07-01T18:41:46.353+0000] {logging_mixin.py:188} INFO - [2024-07-01T18:41:46.353+0000] {dagbag.py:545} INFO - Filling up the DagBag from /home/airflow/.local/lib/python3.12/site-packages/airflow/example_dags/example_external_task_marker_dag.py
[2024-07-01T18:41:46.372+0000] {processor.py:840} INFO - DAG(s) 'example_external_task_marker_parent', 'example_external_task_marker_child' retrieved from /home/airflow/.local/lib/python3.12/site-packages/airflow/example_dags/example_external_task_marker_dag.py
[2024-07-01T18:41:46.410+0000] {logging_mixin.py:188} INFO - [2024-07-01T18:41:46.409+0000] {dag.py:3096} INFO - Sync 2 DAGs
[2024-07-01T18:41:46.434+0000] {logging_mixin.py:188} INFO - [2024-07-01T18:41:46.434+0000] {dag.py:3954} INFO - Setting next_dagrun for example_external_task_marker_child to None, run_after=None
[2024-07-01T18:41:46.442+0000] {logging_mixin.py:188} INFO - [2024-07-01T18:41:46.442+0000] {dag.py:3954} INFO - Setting next_dagrun for example_external_task_marker_parent to None, run_after=None
[2024-07-01T18:41:46.504+0000] {processor.py:183} INFO - Processing /home/airflow/.local/lib/python3.12/site-packages/airflow/example_dags/example_external_task_marker_dag.py took 0.172 seconds
[2024-07-01T18:42:17.672+0000] {processor.py:161} INFO - Started process (PID=313) to work on /home/airflow/.local/lib/python3.12/site-packages/airflow/example_dags/example_external_task_marker_dag.py
[2024-07-01T18:42:17.679+0000] {processor.py:830} INFO - Processing file /home/airflow/.local/lib/python3.12/site-packages/airflow/example_dags/example_external_task_marker_dag.py for tasks to queue
[2024-07-01T18:42:17.684+0000] {logging_mixin.py:188} INFO - [2024-07-01T18:42:17.683+0000] {dagbag.py:545} INFO - Filling up the DagBag from /home/airflow/.local/lib/python3.12/site-packages/airflow/example_dags/example_external_task_marker_dag.py
[2024-07-01T18:42:17.708+0000] {processor.py:840} INFO - DAG(s) 'example_external_task_marker_parent', 'example_external_task_marker_child' retrieved from /home/airflow/.local/lib/python3.12/site-packages/airflow/example_dags/example_external_task_marker_dag.py
[2024-07-01T18:42:17.822+0000] {logging_mixin.py:188} INFO - [2024-07-01T18:42:17.820+0000] {dag.py:3096} INFO - Sync 2 DAGs
[2024-07-01T18:42:17.879+0000] {logging_mixin.py:188} INFO - [2024-07-01T18:42:17.878+0000] {dag.py:3954} INFO - Setting next_dagrun for example_external_task_marker_child to None, run_after=None
[2024-07-01T18:42:17.894+0000] {logging_mixin.py:188} INFO - [2024-07-01T18:42:17.893+0000] {dag.py:3954} INFO - Setting next_dagrun for example_external_task_marker_parent to None, run_after=None
[2024-07-01T18:42:17.967+0000] {processor.py:183} INFO - Processing /home/airflow/.local/lib/python3.12/site-packages/airflow/example_dags/example_external_task_marker_dag.py took 0.312 seconds
[2024-07-01T18:42:48.575+0000] {processor.py:161} INFO - Started process (PID=370) to work on /home/airflow/.local/lib/python3.12/site-packages/airflow/example_dags/example_external_task_marker_dag.py
[2024-07-01T18:42:48.584+0000] {processor.py:830} INFO - Processing file /home/airflow/.local/lib/python3.12/site-packages/airflow/example_dags/example_external_task_marker_dag.py for tasks to queue
[2024-07-01T18:42:48.592+0000] {logging_mixin.py:188} INFO - [2024-07-01T18:42:48.591+0000] {dagbag.py:545} INFO - Filling up the DagBag from /home/airflow/.local/lib/python3.12/site-packages/airflow/example_dags/example_external_task_marker_dag.py
[2024-07-01T18:42:48.620+0000] {processor.py:840} INFO - DAG(s) 'example_external_task_marker_parent', 'example_external_task_marker_child' retrieved from /home/airflow/.local/lib/python3.12/site-packages/airflow/example_dags/example_external_task_marker_dag.py
[2024-07-01T18:42:48.704+0000] {logging_mixin.py:188} INFO - [2024-07-01T18:42:48.703+0000] {dag.py:3096} INFO - Sync 2 DAGs
[2024-07-01T18:42:48.750+0000] {logging_mixin.py:188} INFO - [2024-07-01T18:42:48.749+0000] {dag.py:3954} INFO - Setting next_dagrun for example_external_task_marker_child to None, run_after=None
[2024-07-01T18:42:48.765+0000] {logging_mixin.py:188} INFO - [2024-07-01T18:42:48.764+0000] {dag.py:3954} INFO - Setting next_dagrun for example_external_task_marker_parent to None, run_after=None
[2024-07-01T18:42:48.842+0000] {processor.py:183} INFO - Processing /home/airflow/.local/lib/python3.12/site-packages/airflow/example_dags/example_external_task_marker_dag.py took 0.294 seconds
[2024-07-01T18:43:19.485+0000] {processor.py:161} INFO - Started process (PID=427) to work on /home/airflow/.local/lib/python3.12/site-packages/airflow/example_dags/example_external_task_marker_dag.py
[2024-07-01T18:43:19.487+0000] {processor.py:830} INFO - Processing file /home/airflow/.local/lib/python3.12/site-packages/airflow/example_dags/example_external_task_marker_dag.py for tasks to queue
[2024-07-01T18:43:19.494+0000] {logging_mixin.py:188} INFO - [2024-07-01T18:43:19.493+0000] {dagbag.py:545} INFO - Filling up the DagBag from /home/airflow/.local/lib/python3.12/site-packages/airflow/example_dags/example_external_task_marker_dag.py
[2024-07-01T18:43:19.512+0000] {processor.py:840} INFO - DAG(s) 'example_external_task_marker_child', 'example_external_task_marker_parent' retrieved from /home/airflow/.local/lib/python3.12/site-packages/airflow/example_dags/example_external_task_marker_dag.py
[2024-07-01T18:43:19.577+0000] {logging_mixin.py:188} INFO - [2024-07-01T18:43:19.576+0000] {dag.py:3096} INFO - Sync 2 DAGs
[2024-07-01T18:43:19.626+0000] {logging_mixin.py:188} INFO - [2024-07-01T18:43:19.624+0000] {dag.py:3954} INFO - Setting next_dagrun for example_external_task_marker_child to None, run_after=None
[2024-07-01T18:43:19.640+0000] {logging_mixin.py:188} INFO - [2024-07-01T18:43:19.640+0000] {dag.py:3954} INFO - Setting next_dagrun for example_external_task_marker_parent to None, run_after=None
[2024-07-01T18:43:19.694+0000] {processor.py:183} INFO - Processing /home/airflow/.local/lib/python3.12/site-packages/airflow/example_dags/example_external_task_marker_dag.py took 0.223 seconds
[2024-07-01T18:43:50.217+0000] {processor.py:161} INFO - Started process (PID=483) to work on /home/airflow/.local/lib/python3.12/site-packages/airflow/example_dags/example_external_task_marker_dag.py
[2024-07-01T18:43:50.219+0000] {processor.py:830} INFO - Processing file /home/airflow/.local/lib/python3.12/site-packages/airflow/example_dags/example_external_task_marker_dag.py for tasks to queue
[2024-07-01T18:43:50.223+0000] {logging_mixin.py:188} INFO - [2024-07-01T18:43:50.222+0000] {dagbag.py:545} INFO - Filling up the DagBag from /home/airflow/.local/lib/python3.12/site-packages/airflow/example_dags/example_external_task_marker_dag.py
[2024-07-01T18:43:50.234+0000] {processor.py:840} INFO - DAG(s) 'example_external_task_marker_parent', 'example_external_task_marker_child' retrieved from /home/airflow/.local/lib/python3.12/site-packages/airflow/example_dags/example_external_task_marker_dag.py
[2024-07-01T18:43:50.324+0000] {logging_mixin.py:188} INFO - [2024-07-01T18:43:50.322+0000] {dag.py:3096} INFO - Sync 2 DAGs
[2024-07-01T18:43:50.361+0000] {logging_mixin.py:188} INFO - [2024-07-01T18:43:50.361+0000] {dag.py:3954} INFO - Setting next_dagrun for example_external_task_marker_child to None, run_after=None
[2024-07-01T18:43:50.371+0000] {logging_mixin.py:188} INFO - [2024-07-01T18:43:50.371+0000] {dag.py:3954} INFO - Setting next_dagrun for example_external_task_marker_parent to None, run_after=None
[2024-07-01T18:43:50.413+0000] {processor.py:183} INFO - Processing /home/airflow/.local/lib/python3.12/site-packages/airflow/example_dags/example_external_task_marker_dag.py took 0.207 seconds
[2024-07-01T18:44:20.743+0000] {processor.py:161} INFO - Started process (PID=541) to work on /home/airflow/.local/lib/python3.12/site-packages/airflow/example_dags/example_external_task_marker_dag.py
[2024-07-01T18:44:20.746+0000] {processor.py:830} INFO - Processing file /home/airflow/.local/lib/python3.12/site-packages/airflow/example_dags/example_external_task_marker_dag.py for tasks to queue
[2024-07-01T18:44:20.750+0000] {logging_mixin.py:188} INFO - [2024-07-01T18:44:20.749+0000] {dagbag.py:545} INFO - Filling up the DagBag from /home/airflow/.local/lib/python3.12/site-packages/airflow/example_dags/example_external_task_marker_dag.py
[2024-07-01T18:44:20.762+0000] {processor.py:840} INFO - DAG(s) 'example_external_task_marker_parent', 'example_external_task_marker_child' retrieved from /home/airflow/.local/lib/python3.12/site-packages/airflow/example_dags/example_external_task_marker_dag.py
[2024-07-01T18:44:20.812+0000] {logging_mixin.py:188} INFO - [2024-07-01T18:44:20.812+0000] {dag.py:3096} INFO - Sync 2 DAGs
[2024-07-01T18:44:20.847+0000] {logging_mixin.py:188} INFO - [2024-07-01T18:44:20.846+0000] {dag.py:3954} INFO - Setting next_dagrun for example_external_task_marker_child to None, run_after=None
[2024-07-01T18:44:20.855+0000] {logging_mixin.py:188} INFO - [2024-07-01T18:44:20.855+0000] {dag.py:3954} INFO - Setting next_dagrun for example_external_task_marker_parent to None, run_after=None
[2024-07-01T18:44:20.901+0000] {processor.py:183} INFO - Processing /home/airflow/.local/lib/python3.12/site-packages/airflow/example_dags/example_external_task_marker_dag.py took 0.167 seconds
