[2024-07-01T18:40:04.628+0000] {processor.py:161} INFO - Started process (PID=70) to work on /home/airflow/.local/lib/python3.12/site-packages/airflow/example_dags/example_datasets.py
[2024-07-01T18:40:04.653+0000] {processor.py:830} INFO - Processing file /home/airflow/.local/lib/python3.12/site-packages/airflow/example_dags/example_datasets.py for tasks to queue
[2024-07-01T18:40:04.665+0000] {logging_mixin.py:188} INFO - [2024-07-01T18:40:04.664+0000] {dagbag.py:545} INFO - Filling up the DagBag from /home/airflow/.local/lib/python3.12/site-packages/airflow/example_dags/example_datasets.py
[2024-07-01T18:40:04.790+0000] {processor.py:840} INFO - DAG(s) 'dataset_produces_1', 'dataset_consumes_unknown_never_scheduled', 'dataset_consumes_1_never_scheduled', 'conditional_dataset_and_time_based_timetable', 'dataset_consumes_1', 'consume_1_or_both_2_and_3_with_dataset_expressions', 'consume_1_or_2_with_dataset_expressions', 'dataset_consumes_1_and_2', 'dataset_produces_2', 'consume_1_and_2_with_dataset_expressions' retrieved from /home/airflow/.local/lib/python3.12/site-packages/airflow/example_dags/example_datasets.py
[2024-07-01T18:40:05.279+0000] {logging_mixin.py:188} INFO - [2024-07-01T18:40:05.271+0000] {override.py:1829} INFO - Created Permission View: can read on DAG:dataset_produces_1
[2024-07-01T18:40:05.322+0000] {logging_mixin.py:188} INFO - [2024-07-01T18:40:05.322+0000] {override.py:1829} INFO - Created Permission View: can delete on DAG:dataset_produces_1
[2024-07-01T18:40:05.400+0000] {logging_mixin.py:188} INFO - [2024-07-01T18:40:05.382+0000] {override.py:1829} INFO - Created Permission View: can edit on DAG:dataset_produces_1
[2024-07-01T18:40:05.464+0000] {logging_mixin.py:188} INFO - [2024-07-01T18:40:05.462+0000] {override.py:1829} INFO - Created Permission View: can read on DAG:dataset_consumes_unknown_never_scheduled
[2024-07-01T18:40:05.504+0000] {logging_mixin.py:188} INFO - [2024-07-01T18:40:05.503+0000] {override.py:1829} INFO - Created Permission View: can delete on DAG:dataset_consumes_unknown_never_scheduled
[2024-07-01T18:40:05.531+0000] {logging_mixin.py:188} INFO - [2024-07-01T18:40:05.530+0000] {override.py:1829} INFO - Created Permission View: can edit on DAG:dataset_consumes_unknown_never_scheduled
[2024-07-01T18:40:05.589+0000] {logging_mixin.py:188} INFO - [2024-07-01T18:40:05.588+0000] {override.py:1829} INFO - Created Permission View: can read on DAG:dataset_consumes_1_never_scheduled
[2024-07-01T18:40:05.619+0000] {logging_mixin.py:188} INFO - [2024-07-01T18:40:05.618+0000] {override.py:1829} INFO - Created Permission View: can delete on DAG:dataset_consumes_1_never_scheduled
[2024-07-01T18:40:05.649+0000] {logging_mixin.py:188} INFO - [2024-07-01T18:40:05.647+0000] {override.py:1829} INFO - Created Permission View: can edit on DAG:dataset_consumes_1_never_scheduled
[2024-07-01T18:40:05.701+0000] {logging_mixin.py:188} INFO - [2024-07-01T18:40:05.700+0000] {override.py:1829} INFO - Created Permission View: can read on DAG:conditional_dataset_and_time_based_timetable
[2024-07-01T18:40:05.734+0000] {logging_mixin.py:188} INFO - [2024-07-01T18:40:05.733+0000] {override.py:1829} INFO - Created Permission View: can delete on DAG:conditional_dataset_and_time_based_timetable
[2024-07-01T18:40:05.768+0000] {logging_mixin.py:188} INFO - [2024-07-01T18:40:05.767+0000] {override.py:1829} INFO - Created Permission View: can edit on DAG:conditional_dataset_and_time_based_timetable
[2024-07-01T18:40:05.822+0000] {logging_mixin.py:188} INFO - [2024-07-01T18:40:05.822+0000] {override.py:1829} INFO - Created Permission View: can read on DAG:dataset_consumes_1
[2024-07-01T18:40:05.851+0000] {logging_mixin.py:188} INFO - [2024-07-01T18:40:05.850+0000] {override.py:1829} INFO - Created Permission View: can delete on DAG:dataset_consumes_1
[2024-07-01T18:40:05.878+0000] {logging_mixin.py:188} INFO - [2024-07-01T18:40:05.877+0000] {override.py:1829} INFO - Created Permission View: can edit on DAG:dataset_consumes_1
[2024-07-01T18:40:05.935+0000] {logging_mixin.py:188} INFO - [2024-07-01T18:40:05.934+0000] {override.py:1829} INFO - Created Permission View: can read on DAG:consume_1_or_both_2_and_3_with_dataset_expressions
[2024-07-01T18:40:05.970+0000] {logging_mixin.py:188} INFO - [2024-07-01T18:40:05.969+0000] {override.py:1829} INFO - Created Permission View: can delete on DAG:consume_1_or_both_2_and_3_with_dataset_expressions
[2024-07-01T18:40:06.000+0000] {logging_mixin.py:188} INFO - [2024-07-01T18:40:05.999+0000] {override.py:1829} INFO - Created Permission View: can edit on DAG:consume_1_or_both_2_and_3_with_dataset_expressions
[2024-07-01T18:40:06.106+0000] {logging_mixin.py:188} INFO - [2024-07-01T18:40:06.105+0000] {override.py:1829} INFO - Created Permission View: can read on DAG:consume_1_or_2_with_dataset_expressions
[2024-07-01T18:40:06.136+0000] {logging_mixin.py:188} INFO - [2024-07-01T18:40:06.135+0000] {override.py:1829} INFO - Created Permission View: can delete on DAG:consume_1_or_2_with_dataset_expressions
[2024-07-01T18:40:06.168+0000] {logging_mixin.py:188} INFO - [2024-07-01T18:40:06.167+0000] {override.py:1829} INFO - Created Permission View: can edit on DAG:consume_1_or_2_with_dataset_expressions
[2024-07-01T18:40:06.223+0000] {logging_mixin.py:188} INFO - [2024-07-01T18:40:06.222+0000] {override.py:1829} INFO - Created Permission View: can read on DAG:dataset_consumes_1_and_2
[2024-07-01T18:40:06.250+0000] {logging_mixin.py:188} INFO - [2024-07-01T18:40:06.249+0000] {override.py:1829} INFO - Created Permission View: can delete on DAG:dataset_consumes_1_and_2
[2024-07-01T18:40:06.299+0000] {logging_mixin.py:188} INFO - [2024-07-01T18:40:06.298+0000] {override.py:1829} INFO - Created Permission View: can edit on DAG:dataset_consumes_1_and_2
[2024-07-01T18:40:06.375+0000] {logging_mixin.py:188} INFO - [2024-07-01T18:40:06.373+0000] {override.py:1829} INFO - Created Permission View: can read on DAG:dataset_produces_2
[2024-07-01T18:40:06.430+0000] {logging_mixin.py:188} INFO - [2024-07-01T18:40:06.429+0000] {override.py:1829} INFO - Created Permission View: can delete on DAG:dataset_produces_2
[2024-07-01T18:40:06.472+0000] {logging_mixin.py:188} INFO - [2024-07-01T18:40:06.470+0000] {override.py:1829} INFO - Created Permission View: can edit on DAG:dataset_produces_2
[2024-07-01T18:40:06.545+0000] {logging_mixin.py:188} INFO - [2024-07-01T18:40:06.544+0000] {override.py:1829} INFO - Created Permission View: can read on DAG:consume_1_and_2_with_dataset_expressions
[2024-07-01T18:40:06.573+0000] {logging_mixin.py:188} INFO - [2024-07-01T18:40:06.572+0000] {override.py:1829} INFO - Created Permission View: can delete on DAG:consume_1_and_2_with_dataset_expressions
[2024-07-01T18:40:06.602+0000] {logging_mixin.py:188} INFO - [2024-07-01T18:40:06.601+0000] {override.py:1829} INFO - Created Permission View: can edit on DAG:consume_1_and_2_with_dataset_expressions
[2024-07-01T18:40:06.605+0000] {logging_mixin.py:188} INFO - [2024-07-01T18:40:06.605+0000] {dag.py:3096} INFO - Sync 10 DAGs
[2024-07-01T18:40:06.653+0000] {logging_mixin.py:188} INFO - [2024-07-01T18:40:06.651+0000] {dag.py:3118} INFO - Creating ORM DAG for dataset_consumes_1
[2024-07-01T18:40:06.658+0000] {logging_mixin.py:188} INFO - [2024-07-01T18:40:06.658+0000] {dag.py:3118} INFO - Creating ORM DAG for consume_1_and_2_with_dataset_expressions
[2024-07-01T18:40:06.661+0000] {logging_mixin.py:188} INFO - [2024-07-01T18:40:06.660+0000] {dag.py:3118} INFO - Creating ORM DAG for dataset_consumes_1_never_scheduled
[2024-07-01T18:40:06.664+0000] {logging_mixin.py:188} INFO - [2024-07-01T18:40:06.663+0000] {dag.py:3118} INFO - Creating ORM DAG for consume_1_or_both_2_and_3_with_dataset_expressions
[2024-07-01T18:40:06.669+0000] {logging_mixin.py:188} INFO - [2024-07-01T18:40:06.668+0000] {dag.py:3118} INFO - Creating ORM DAG for dataset_produces_1
[2024-07-01T18:40:06.675+0000] {logging_mixin.py:188} INFO - [2024-07-01T18:40:06.675+0000] {dag.py:3118} INFO - Creating ORM DAG for consume_1_or_2_with_dataset_expressions
[2024-07-01T18:40:06.679+0000] {logging_mixin.py:188} INFO - [2024-07-01T18:40:06.678+0000] {dag.py:3118} INFO - Creating ORM DAG for conditional_dataset_and_time_based_timetable
[2024-07-01T18:40:06.681+0000] {logging_mixin.py:188} INFO - [2024-07-01T18:40:06.681+0000] {dag.py:3118} INFO - Creating ORM DAG for dataset_produces_2
[2024-07-01T18:40:06.689+0000] {logging_mixin.py:188} INFO - [2024-07-01T18:40:06.688+0000] {dag.py:3118} INFO - Creating ORM DAG for dataset_consumes_unknown_never_scheduled
[2024-07-01T18:40:06.691+0000] {logging_mixin.py:188} INFO - [2024-07-01T18:40:06.691+0000] {dag.py:3118} INFO - Creating ORM DAG for dataset_consumes_1_and_2
[2024-07-01T18:40:06.760+0000] {logging_mixin.py:188} INFO - [2024-07-01T18:40:06.756+0000] {dag.py:3954} INFO - Setting next_dagrun for conditional_dataset_and_time_based_timetable to 2024-06-26 01:00:00+00:00, run_after=2024-06-26 01:00:00+00:00
[2024-07-01T18:40:06.765+0000] {logging_mixin.py:188} INFO - [2024-07-01T18:40:06.765+0000] {dag.py:3954} INFO - Setting next_dagrun for consume_1_and_2_with_dataset_expressions to None, run_after=None
[2024-07-01T18:40:06.768+0000] {logging_mixin.py:188} INFO - [2024-07-01T18:40:06.767+0000] {dag.py:3954} INFO - Setting next_dagrun for consume_1_or_2_with_dataset_expressions to None, run_after=None
[2024-07-01T18:40:06.770+0000] {logging_mixin.py:188} INFO - [2024-07-01T18:40:06.769+0000] {dag.py:3954} INFO - Setting next_dagrun for consume_1_or_both_2_and_3_with_dataset_expressions to None, run_after=None
[2024-07-01T18:40:06.773+0000] {logging_mixin.py:188} INFO - [2024-07-01T18:40:06.772+0000] {dag.py:3954} INFO - Setting next_dagrun for dataset_consumes_1 to None, run_after=None
[2024-07-01T18:40:06.778+0000] {logging_mixin.py:188} INFO - [2024-07-01T18:40:06.777+0000] {dag.py:3954} INFO - Setting next_dagrun for dataset_consumes_1_and_2 to None, run_after=None
[2024-07-01T18:40:06.782+0000] {logging_mixin.py:188} INFO - [2024-07-01T18:40:06.781+0000] {dag.py:3954} INFO - Setting next_dagrun for dataset_consumes_1_never_scheduled to None, run_after=None
[2024-07-01T18:40:06.784+0000] {logging_mixin.py:188} INFO - [2024-07-01T18:40:06.784+0000] {dag.py:3954} INFO - Setting next_dagrun for dataset_consumes_unknown_never_scheduled to None, run_after=None
[2024-07-01T18:40:06.791+0000] {logging_mixin.py:188} INFO - [2024-07-01T18:40:06.790+0000] {dag.py:3954} INFO - Setting next_dagrun for dataset_produces_1 to 2024-06-30 00:00:00+00:00, run_after=2024-07-01 00:00:00+00:00
[2024-07-01T18:40:06.799+0000] {logging_mixin.py:188} INFO - [2024-07-01T18:40:06.798+0000] {dag.py:3954} INFO - Setting next_dagrun for dataset_produces_2 to None, run_after=None
[2024-07-01T18:40:07.094+0000] {processor.py:183} INFO - Processing /home/airflow/.local/lib/python3.12/site-packages/airflow/example_dags/example_datasets.py took 2.499 seconds
[2024-07-01T18:40:37.359+0000] {processor.py:161} INFO - Started process (PID=129) to work on /home/airflow/.local/lib/python3.12/site-packages/airflow/example_dags/example_datasets.py
[2024-07-01T18:40:37.371+0000] {processor.py:830} INFO - Processing file /home/airflow/.local/lib/python3.12/site-packages/airflow/example_dags/example_datasets.py for tasks to queue
[2024-07-01T18:40:37.417+0000] {logging_mixin.py:188} INFO - [2024-07-01T18:40:37.405+0000] {dagbag.py:545} INFO - Filling up the DagBag from /home/airflow/.local/lib/python3.12/site-packages/airflow/example_dags/example_datasets.py
[2024-07-01T18:40:37.750+0000] {processor.py:840} INFO - DAG(s) 'dataset_consumes_1_never_scheduled', 'conditional_dataset_and_time_based_timetable', 'consume_1_or_both_2_and_3_with_dataset_expressions', 'consume_1_or_2_with_dataset_expressions', 'dataset_consumes_1', 'dataset_produces_2', 'consume_1_and_2_with_dataset_expressions', 'dataset_produces_1', 'dataset_consumes_unknown_never_scheduled', 'dataset_consumes_1_and_2' retrieved from /home/airflow/.local/lib/python3.12/site-packages/airflow/example_dags/example_datasets.py
[2024-07-01T18:40:38.140+0000] {logging_mixin.py:188} INFO - [2024-07-01T18:40:38.139+0000] {dag.py:3096} INFO - Sync 10 DAGs
[2024-07-01T18:40:38.338+0000] {logging_mixin.py:188} INFO - [2024-07-01T18:40:38.338+0000] {dag.py:3954} INFO - Setting next_dagrun for conditional_dataset_and_time_based_timetable to 2024-06-26 01:00:00+00:00, run_after=2024-06-26 01:00:00+00:00
[2024-07-01T18:40:38.396+0000] {logging_mixin.py:188} INFO - [2024-07-01T18:40:38.388+0000] {dag.py:3954} INFO - Setting next_dagrun for consume_1_and_2_with_dataset_expressions to None, run_after=None
[2024-07-01T18:40:38.412+0000] {logging_mixin.py:188} INFO - [2024-07-01T18:40:38.411+0000] {dag.py:3954} INFO - Setting next_dagrun for consume_1_or_2_with_dataset_expressions to None, run_after=None
[2024-07-01T18:40:38.448+0000] {logging_mixin.py:188} INFO - [2024-07-01T18:40:38.447+0000] {dag.py:3954} INFO - Setting next_dagrun for consume_1_or_both_2_and_3_with_dataset_expressions to None, run_after=None
[2024-07-01T18:40:38.500+0000] {logging_mixin.py:188} INFO - [2024-07-01T18:40:38.489+0000] {dag.py:3954} INFO - Setting next_dagrun for dataset_consumes_1 to None, run_after=None
[2024-07-01T18:40:38.508+0000] {logging_mixin.py:188} INFO - [2024-07-01T18:40:38.508+0000] {dag.py:3954} INFO - Setting next_dagrun for dataset_consumes_1_and_2 to None, run_after=None
[2024-07-01T18:40:38.517+0000] {logging_mixin.py:188} INFO - [2024-07-01T18:40:38.516+0000] {dag.py:3954} INFO - Setting next_dagrun for dataset_consumes_1_never_scheduled to None, run_after=None
[2024-07-01T18:40:38.527+0000] {logging_mixin.py:188} INFO - [2024-07-01T18:40:38.527+0000] {dag.py:3954} INFO - Setting next_dagrun for dataset_consumes_unknown_never_scheduled to None, run_after=None
[2024-07-01T18:40:38.542+0000] {logging_mixin.py:188} INFO - [2024-07-01T18:40:38.541+0000] {dag.py:3954} INFO - Setting next_dagrun for dataset_produces_1 to 2024-06-30 00:00:00+00:00, run_after=2024-07-01 00:00:00+00:00
[2024-07-01T18:40:38.555+0000] {logging_mixin.py:188} INFO - [2024-07-01T18:40:38.553+0000] {dag.py:3954} INFO - Setting next_dagrun for dataset_produces_2 to None, run_after=None
[2024-07-01T18:40:38.883+0000] {processor.py:183} INFO - Processing /home/airflow/.local/lib/python3.12/site-packages/airflow/example_dags/example_datasets.py took 1.579 seconds
[2024-07-01T18:41:09.480+0000] {processor.py:161} INFO - Started process (PID=188) to work on /home/airflow/.local/lib/python3.12/site-packages/airflow/example_dags/example_datasets.py
[2024-07-01T18:41:09.497+0000] {processor.py:830} INFO - Processing file /home/airflow/.local/lib/python3.12/site-packages/airflow/example_dags/example_datasets.py for tasks to queue
[2024-07-01T18:41:09.505+0000] {logging_mixin.py:188} INFO - [2024-07-01T18:41:09.503+0000] {dagbag.py:545} INFO - Filling up the DagBag from /home/airflow/.local/lib/python3.12/site-packages/airflow/example_dags/example_datasets.py
[2024-07-01T18:41:09.670+0000] {processor.py:840} INFO - DAG(s) 'consume_1_or_2_with_dataset_expressions', 'dataset_produces_1', 'dataset_consumes_unknown_never_scheduled', 'dataset_consumes_1', 'dataset_consumes_1_and_2', 'consume_1_and_2_with_dataset_expressions', 'conditional_dataset_and_time_based_timetable', 'dataset_produces_2', 'dataset_consumes_1_never_scheduled', 'consume_1_or_both_2_and_3_with_dataset_expressions' retrieved from /home/airflow/.local/lib/python3.12/site-packages/airflow/example_dags/example_datasets.py
[2024-07-01T18:41:09.889+0000] {logging_mixin.py:188} INFO - [2024-07-01T18:41:09.888+0000] {dag.py:3096} INFO - Sync 10 DAGs
[2024-07-01T18:41:09.997+0000] {logging_mixin.py:188} INFO - [2024-07-01T18:41:09.996+0000] {dag.py:3954} INFO - Setting next_dagrun for conditional_dataset_and_time_based_timetable to 2024-06-26 01:00:00+00:00, run_after=2024-06-26 01:00:00+00:00
[2024-07-01T18:41:10.017+0000] {logging_mixin.py:188} INFO - [2024-07-01T18:41:10.016+0000] {dag.py:3954} INFO - Setting next_dagrun for consume_1_and_2_with_dataset_expressions to None, run_after=None
[2024-07-01T18:41:10.023+0000] {logging_mixin.py:188} INFO - [2024-07-01T18:41:10.021+0000] {dag.py:3954} INFO - Setting next_dagrun for consume_1_or_2_with_dataset_expressions to None, run_after=None
[2024-07-01T18:41:10.034+0000] {logging_mixin.py:188} INFO - [2024-07-01T18:41:10.032+0000] {dag.py:3954} INFO - Setting next_dagrun for consume_1_or_both_2_and_3_with_dataset_expressions to None, run_after=None
[2024-07-01T18:41:10.041+0000] {logging_mixin.py:188} INFO - [2024-07-01T18:41:10.040+0000] {dag.py:3954} INFO - Setting next_dagrun for dataset_consumes_1 to None, run_after=None
[2024-07-01T18:41:10.056+0000] {logging_mixin.py:188} INFO - [2024-07-01T18:41:10.048+0000] {dag.py:3954} INFO - Setting next_dagrun for dataset_consumes_1_and_2 to None, run_after=None
[2024-07-01T18:41:10.066+0000] {logging_mixin.py:188} INFO - [2024-07-01T18:41:10.065+0000] {dag.py:3954} INFO - Setting next_dagrun for dataset_consumes_1_never_scheduled to None, run_after=None
[2024-07-01T18:41:10.080+0000] {logging_mixin.py:188} INFO - [2024-07-01T18:41:10.079+0000] {dag.py:3954} INFO - Setting next_dagrun for dataset_consumes_unknown_never_scheduled to None, run_after=None
[2024-07-01T18:41:10.103+0000] {logging_mixin.py:188} INFO - [2024-07-01T18:41:10.102+0000] {dag.py:3954} INFO - Setting next_dagrun for dataset_produces_1 to 2024-06-30 00:00:00+00:00, run_after=2024-07-01 00:00:00+00:00
[2024-07-01T18:41:10.110+0000] {logging_mixin.py:188} INFO - [2024-07-01T18:41:10.109+0000] {dag.py:3954} INFO - Setting next_dagrun for dataset_produces_2 to None, run_after=None
[2024-07-01T18:41:10.321+0000] {processor.py:183} INFO - Processing /home/airflow/.local/lib/python3.12/site-packages/airflow/example_dags/example_datasets.py took 0.858 seconds
[2024-07-01T18:41:40.685+0000] {processor.py:161} INFO - Started process (PID=246) to work on /home/airflow/.local/lib/python3.12/site-packages/airflow/example_dags/example_datasets.py
[2024-07-01T18:41:40.694+0000] {processor.py:830} INFO - Processing file /home/airflow/.local/lib/python3.12/site-packages/airflow/example_dags/example_datasets.py for tasks to queue
[2024-07-01T18:41:40.700+0000] {logging_mixin.py:188} INFO - [2024-07-01T18:41:40.699+0000] {dagbag.py:545} INFO - Filling up the DagBag from /home/airflow/.local/lib/python3.12/site-packages/airflow/example_dags/example_datasets.py
[2024-07-01T18:41:40.758+0000] {processor.py:840} INFO - DAG(s) 'conditional_dataset_and_time_based_timetable', 'dataset_consumes_1_never_scheduled', 'dataset_produces_2', 'consume_1_or_both_2_and_3_with_dataset_expressions', 'dataset_produces_1', 'consume_1_and_2_with_dataset_expressions', 'consume_1_or_2_with_dataset_expressions', 'dataset_consumes_1', 'dataset_consumes_1_and_2', 'dataset_consumes_unknown_never_scheduled' retrieved from /home/airflow/.local/lib/python3.12/site-packages/airflow/example_dags/example_datasets.py
[2024-07-01T18:41:40.911+0000] {logging_mixin.py:188} INFO - [2024-07-01T18:41:40.910+0000] {dag.py:3096} INFO - Sync 10 DAGs
[2024-07-01T18:41:40.988+0000] {logging_mixin.py:188} INFO - [2024-07-01T18:41:40.987+0000] {dag.py:3954} INFO - Setting next_dagrun for conditional_dataset_and_time_based_timetable to 2024-06-26 01:00:00+00:00, run_after=2024-06-26 01:00:00+00:00
[2024-07-01T18:41:40.999+0000] {logging_mixin.py:188} INFO - [2024-07-01T18:41:40.999+0000] {dag.py:3954} INFO - Setting next_dagrun for consume_1_and_2_with_dataset_expressions to None, run_after=None
[2024-07-01T18:41:41.004+0000] {logging_mixin.py:188} INFO - [2024-07-01T18:41:41.003+0000] {dag.py:3954} INFO - Setting next_dagrun for consume_1_or_2_with_dataset_expressions to None, run_after=None
[2024-07-01T18:41:41.008+0000] {logging_mixin.py:188} INFO - [2024-07-01T18:41:41.008+0000] {dag.py:3954} INFO - Setting next_dagrun for consume_1_or_both_2_and_3_with_dataset_expressions to None, run_after=None
[2024-07-01T18:41:41.013+0000] {logging_mixin.py:188} INFO - [2024-07-01T18:41:41.012+0000] {dag.py:3954} INFO - Setting next_dagrun for dataset_consumes_1 to None, run_after=None
[2024-07-01T18:41:41.017+0000] {logging_mixin.py:188} INFO - [2024-07-01T18:41:41.016+0000] {dag.py:3954} INFO - Setting next_dagrun for dataset_consumes_1_and_2 to None, run_after=None
[2024-07-01T18:41:41.021+0000] {logging_mixin.py:188} INFO - [2024-07-01T18:41:41.021+0000] {dag.py:3954} INFO - Setting next_dagrun for dataset_consumes_1_never_scheduled to None, run_after=None
[2024-07-01T18:41:41.026+0000] {logging_mixin.py:188} INFO - [2024-07-01T18:41:41.026+0000] {dag.py:3954} INFO - Setting next_dagrun for dataset_consumes_unknown_never_scheduled to None, run_after=None
[2024-07-01T18:41:41.035+0000] {logging_mixin.py:188} INFO - [2024-07-01T18:41:41.034+0000] {dag.py:3954} INFO - Setting next_dagrun for dataset_produces_1 to 2024-06-30 00:00:00+00:00, run_after=2024-07-01 00:00:00+00:00
[2024-07-01T18:41:41.041+0000] {logging_mixin.py:188} INFO - [2024-07-01T18:41:41.040+0000] {dag.py:3954} INFO - Setting next_dagrun for dataset_produces_2 to None, run_after=None
[2024-07-01T18:41:41.155+0000] {processor.py:183} INFO - Processing /home/airflow/.local/lib/python3.12/site-packages/airflow/example_dags/example_datasets.py took 0.515 seconds
[2024-07-01T18:42:12.204+0000] {processor.py:161} INFO - Started process (PID=304) to work on /home/airflow/.local/lib/python3.12/site-packages/airflow/example_dags/example_datasets.py
[2024-07-01T18:42:12.210+0000] {processor.py:830} INFO - Processing file /home/airflow/.local/lib/python3.12/site-packages/airflow/example_dags/example_datasets.py for tasks to queue
[2024-07-01T18:42:12.217+0000] {logging_mixin.py:188} INFO - [2024-07-01T18:42:12.216+0000] {dagbag.py:545} INFO - Filling up the DagBag from /home/airflow/.local/lib/python3.12/site-packages/airflow/example_dags/example_datasets.py
[2024-07-01T18:42:12.280+0000] {processor.py:840} INFO - DAG(s) 'conditional_dataset_and_time_based_timetable', 'dataset_consumes_1_and_2', 'consume_1_or_both_2_and_3_with_dataset_expressions', 'consume_1_and_2_with_dataset_expressions', 'dataset_consumes_unknown_never_scheduled', 'dataset_produces_1', 'dataset_consumes_1_never_scheduled', 'consume_1_or_2_with_dataset_expressions', 'dataset_consumes_1', 'dataset_produces_2' retrieved from /home/airflow/.local/lib/python3.12/site-packages/airflow/example_dags/example_datasets.py
[2024-07-01T18:42:12.475+0000] {logging_mixin.py:188} INFO - [2024-07-01T18:42:12.475+0000] {dag.py:3096} INFO - Sync 10 DAGs
[2024-07-01T18:42:12.559+0000] {logging_mixin.py:188} INFO - [2024-07-01T18:42:12.558+0000] {dag.py:3954} INFO - Setting next_dagrun for conditional_dataset_and_time_based_timetable to 2024-06-26 01:00:00+00:00, run_after=2024-06-26 01:00:00+00:00
[2024-07-01T18:42:12.571+0000] {logging_mixin.py:188} INFO - [2024-07-01T18:42:12.570+0000] {dag.py:3954} INFO - Setting next_dagrun for consume_1_and_2_with_dataset_expressions to None, run_after=None
[2024-07-01T18:42:12.576+0000] {logging_mixin.py:188} INFO - [2024-07-01T18:42:12.576+0000] {dag.py:3954} INFO - Setting next_dagrun for consume_1_or_2_with_dataset_expressions to None, run_after=None
[2024-07-01T18:42:12.582+0000] {logging_mixin.py:188} INFO - [2024-07-01T18:42:12.581+0000] {dag.py:3954} INFO - Setting next_dagrun for consume_1_or_both_2_and_3_with_dataset_expressions to None, run_after=None
[2024-07-01T18:42:12.587+0000] {logging_mixin.py:188} INFO - [2024-07-01T18:42:12.586+0000] {dag.py:3954} INFO - Setting next_dagrun for dataset_consumes_1 to None, run_after=None
[2024-07-01T18:42:12.592+0000] {logging_mixin.py:188} INFO - [2024-07-01T18:42:12.592+0000] {dag.py:3954} INFO - Setting next_dagrun for dataset_consumes_1_and_2 to None, run_after=None
[2024-07-01T18:42:12.597+0000] {logging_mixin.py:188} INFO - [2024-07-01T18:42:12.597+0000] {dag.py:3954} INFO - Setting next_dagrun for dataset_consumes_1_never_scheduled to None, run_after=None
[2024-07-01T18:42:12.602+0000] {logging_mixin.py:188} INFO - [2024-07-01T18:42:12.602+0000] {dag.py:3954} INFO - Setting next_dagrun for dataset_consumes_unknown_never_scheduled to None, run_after=None
[2024-07-01T18:42:12.613+0000] {logging_mixin.py:188} INFO - [2024-07-01T18:42:12.612+0000] {dag.py:3954} INFO - Setting next_dagrun for dataset_produces_1 to 2024-06-30 00:00:00+00:00, run_after=2024-07-01 00:00:00+00:00
[2024-07-01T18:42:12.618+0000] {logging_mixin.py:188} INFO - [2024-07-01T18:42:12.617+0000] {dag.py:3954} INFO - Setting next_dagrun for dataset_produces_2 to None, run_after=None
[2024-07-01T18:42:12.747+0000] {processor.py:183} INFO - Processing /home/airflow/.local/lib/python3.12/site-packages/airflow/example_dags/example_datasets.py took 0.566 seconds
[2024-07-01T18:42:42.860+0000] {processor.py:161} INFO - Started process (PID=359) to work on /home/airflow/.local/lib/python3.12/site-packages/airflow/example_dags/example_datasets.py
[2024-07-01T18:42:42.862+0000] {processor.py:830} INFO - Processing file /home/airflow/.local/lib/python3.12/site-packages/airflow/example_dags/example_datasets.py for tasks to queue
[2024-07-01T18:42:42.869+0000] {logging_mixin.py:188} INFO - [2024-07-01T18:42:42.868+0000] {dagbag.py:545} INFO - Filling up the DagBag from /home/airflow/.local/lib/python3.12/site-packages/airflow/example_dags/example_datasets.py
[2024-07-01T18:42:42.948+0000] {processor.py:840} INFO - DAG(s) 'consume_1_or_2_with_dataset_expressions', 'consume_1_or_both_2_and_3_with_dataset_expressions', 'dataset_consumes_1_never_scheduled', 'dataset_produces_2', 'dataset_produces_1', 'dataset_consumes_unknown_never_scheduled', 'dataset_consumes_1', 'conditional_dataset_and_time_based_timetable', 'consume_1_and_2_with_dataset_expressions', 'dataset_consumes_1_and_2' retrieved from /home/airflow/.local/lib/python3.12/site-packages/airflow/example_dags/example_datasets.py
[2024-07-01T18:42:43.194+0000] {logging_mixin.py:188} INFO - [2024-07-01T18:42:43.193+0000] {dag.py:3096} INFO - Sync 10 DAGs
[2024-07-01T18:42:43.287+0000] {logging_mixin.py:188} INFO - [2024-07-01T18:42:43.286+0000] {dag.py:3954} INFO - Setting next_dagrun for conditional_dataset_and_time_based_timetable to 2024-06-26 01:00:00+00:00, run_after=2024-06-26 01:00:00+00:00
[2024-07-01T18:42:43.304+0000] {logging_mixin.py:188} INFO - [2024-07-01T18:42:43.303+0000] {dag.py:3954} INFO - Setting next_dagrun for consume_1_and_2_with_dataset_expressions to None, run_after=None
[2024-07-01T18:42:43.309+0000] {logging_mixin.py:188} INFO - [2024-07-01T18:42:43.308+0000] {dag.py:3954} INFO - Setting next_dagrun for consume_1_or_2_with_dataset_expressions to None, run_after=None
[2024-07-01T18:42:43.314+0000] {logging_mixin.py:188} INFO - [2024-07-01T18:42:43.313+0000] {dag.py:3954} INFO - Setting next_dagrun for consume_1_or_both_2_and_3_with_dataset_expressions to None, run_after=None
[2024-07-01T18:42:43.322+0000] {logging_mixin.py:188} INFO - [2024-07-01T18:42:43.322+0000] {dag.py:3954} INFO - Setting next_dagrun for dataset_consumes_1 to None, run_after=None
[2024-07-01T18:42:43.328+0000] {logging_mixin.py:188} INFO - [2024-07-01T18:42:43.327+0000] {dag.py:3954} INFO - Setting next_dagrun for dataset_consumes_1_and_2 to None, run_after=None
[2024-07-01T18:42:43.340+0000] {logging_mixin.py:188} INFO - [2024-07-01T18:42:43.339+0000] {dag.py:3954} INFO - Setting next_dagrun for dataset_consumes_1_never_scheduled to None, run_after=None
[2024-07-01T18:42:43.346+0000] {logging_mixin.py:188} INFO - [2024-07-01T18:42:43.345+0000] {dag.py:3954} INFO - Setting next_dagrun for dataset_consumes_unknown_never_scheduled to None, run_after=None
[2024-07-01T18:42:43.358+0000] {logging_mixin.py:188} INFO - [2024-07-01T18:42:43.357+0000] {dag.py:3954} INFO - Setting next_dagrun for dataset_produces_1 to 2024-06-30 00:00:00+00:00, run_after=2024-07-01 00:00:00+00:00
[2024-07-01T18:42:43.364+0000] {logging_mixin.py:188} INFO - [2024-07-01T18:42:43.364+0000] {dag.py:3954} INFO - Setting next_dagrun for dataset_produces_2 to None, run_after=None
[2024-07-01T18:42:43.485+0000] {processor.py:183} INFO - Processing /home/airflow/.local/lib/python3.12/site-packages/airflow/example_dags/example_datasets.py took 0.641 seconds
[2024-07-01T18:43:13.700+0000] {processor.py:161} INFO - Started process (PID=417) to work on /home/airflow/.local/lib/python3.12/site-packages/airflow/example_dags/example_datasets.py
[2024-07-01T18:43:13.702+0000] {processor.py:830} INFO - Processing file /home/airflow/.local/lib/python3.12/site-packages/airflow/example_dags/example_datasets.py for tasks to queue
[2024-07-01T18:43:13.705+0000] {logging_mixin.py:188} INFO - [2024-07-01T18:43:13.705+0000] {dagbag.py:545} INFO - Filling up the DagBag from /home/airflow/.local/lib/python3.12/site-packages/airflow/example_dags/example_datasets.py
[2024-07-01T18:43:13.738+0000] {processor.py:840} INFO - DAG(s) 'dataset_consumes_1_and_2', 'consume_1_or_both_2_and_3_with_dataset_expressions', 'dataset_produces_1', 'dataset_consumes_1', 'consume_1_or_2_with_dataset_expressions', 'conditional_dataset_and_time_based_timetable', 'consume_1_and_2_with_dataset_expressions', 'dataset_consumes_unknown_never_scheduled', 'dataset_produces_2', 'dataset_consumes_1_never_scheduled' retrieved from /home/airflow/.local/lib/python3.12/site-packages/airflow/example_dags/example_datasets.py
[2024-07-01T18:43:13.841+0000] {logging_mixin.py:188} INFO - [2024-07-01T18:43:13.841+0000] {dag.py:3096} INFO - Sync 10 DAGs
[2024-07-01T18:43:13.886+0000] {logging_mixin.py:188} INFO - [2024-07-01T18:43:13.885+0000] {dag.py:3954} INFO - Setting next_dagrun for conditional_dataset_and_time_based_timetable to 2024-06-26 01:00:00+00:00, run_after=2024-06-26 01:00:00+00:00
[2024-07-01T18:43:13.895+0000] {logging_mixin.py:188} INFO - [2024-07-01T18:43:13.894+0000] {dag.py:3954} INFO - Setting next_dagrun for consume_1_and_2_with_dataset_expressions to None, run_after=None
[2024-07-01T18:43:13.898+0000] {logging_mixin.py:188} INFO - [2024-07-01T18:43:13.897+0000] {dag.py:3954} INFO - Setting next_dagrun for consume_1_or_2_with_dataset_expressions to None, run_after=None
[2024-07-01T18:43:13.901+0000] {logging_mixin.py:188} INFO - [2024-07-01T18:43:13.901+0000] {dag.py:3954} INFO - Setting next_dagrun for consume_1_or_both_2_and_3_with_dataset_expressions to None, run_after=None
[2024-07-01T18:43:13.904+0000] {logging_mixin.py:188} INFO - [2024-07-01T18:43:13.904+0000] {dag.py:3954} INFO - Setting next_dagrun for dataset_consumes_1 to None, run_after=None
[2024-07-01T18:43:13.907+0000] {logging_mixin.py:188} INFO - [2024-07-01T18:43:13.907+0000] {dag.py:3954} INFO - Setting next_dagrun for dataset_consumes_1_and_2 to None, run_after=None
[2024-07-01T18:43:13.910+0000] {logging_mixin.py:188} INFO - [2024-07-01T18:43:13.910+0000] {dag.py:3954} INFO - Setting next_dagrun for dataset_consumes_1_never_scheduled to None, run_after=None
[2024-07-01T18:43:13.913+0000] {logging_mixin.py:188} INFO - [2024-07-01T18:43:13.913+0000] {dag.py:3954} INFO - Setting next_dagrun for dataset_consumes_unknown_never_scheduled to None, run_after=None
[2024-07-01T18:43:13.919+0000] {logging_mixin.py:188} INFO - [2024-07-01T18:43:13.918+0000] {dag.py:3954} INFO - Setting next_dagrun for dataset_produces_1 to 2024-06-30 00:00:00+00:00, run_after=2024-07-01 00:00:00+00:00
[2024-07-01T18:43:13.922+0000] {logging_mixin.py:188} INFO - [2024-07-01T18:43:13.922+0000] {dag.py:3954} INFO - Setting next_dagrun for dataset_produces_2 to None, run_after=None
[2024-07-01T18:43:14.005+0000] {processor.py:183} INFO - Processing /home/airflow/.local/lib/python3.12/site-packages/airflow/example_dags/example_datasets.py took 0.314 seconds
[2024-07-01T18:43:45.044+0000] {processor.py:161} INFO - Started process (PID=475) to work on /home/airflow/.local/lib/python3.12/site-packages/airflow/example_dags/example_datasets.py
[2024-07-01T18:43:45.046+0000] {processor.py:830} INFO - Processing file /home/airflow/.local/lib/python3.12/site-packages/airflow/example_dags/example_datasets.py for tasks to queue
[2024-07-01T18:43:45.050+0000] {logging_mixin.py:188} INFO - [2024-07-01T18:43:45.049+0000] {dagbag.py:545} INFO - Filling up the DagBag from /home/airflow/.local/lib/python3.12/site-packages/airflow/example_dags/example_datasets.py
[2024-07-01T18:43:45.117+0000] {processor.py:840} INFO - DAG(s) 'conditional_dataset_and_time_based_timetable', 'dataset_consumes_1_never_scheduled', 'dataset_produces_1', 'dataset_consumes_1', 'consume_1_or_both_2_and_3_with_dataset_expressions', 'consume_1_and_2_with_dataset_expressions', 'dataset_consumes_unknown_never_scheduled', 'consume_1_or_2_with_dataset_expressions', 'dataset_consumes_1_and_2', 'dataset_produces_2' retrieved from /home/airflow/.local/lib/python3.12/site-packages/airflow/example_dags/example_datasets.py
[2024-07-01T18:43:45.284+0000] {logging_mixin.py:188} INFO - [2024-07-01T18:43:45.283+0000] {dag.py:3096} INFO - Sync 10 DAGs
[2024-07-01T18:43:45.354+0000] {logging_mixin.py:188} INFO - [2024-07-01T18:43:45.353+0000] {dag.py:3954} INFO - Setting next_dagrun for conditional_dataset_and_time_based_timetable to 2024-06-26 01:00:00+00:00, run_after=2024-06-26 01:00:00+00:00
[2024-07-01T18:43:45.366+0000] {logging_mixin.py:188} INFO - [2024-07-01T18:43:45.365+0000] {dag.py:3954} INFO - Setting next_dagrun for consume_1_and_2_with_dataset_expressions to None, run_after=None
[2024-07-01T18:43:45.371+0000] {logging_mixin.py:188} INFO - [2024-07-01T18:43:45.370+0000] {dag.py:3954} INFO - Setting next_dagrun for consume_1_or_2_with_dataset_expressions to None, run_after=None
[2024-07-01T18:43:45.375+0000] {logging_mixin.py:188} INFO - [2024-07-01T18:43:45.374+0000] {dag.py:3954} INFO - Setting next_dagrun for consume_1_or_both_2_and_3_with_dataset_expressions to None, run_after=None
[2024-07-01T18:43:45.378+0000] {logging_mixin.py:188} INFO - [2024-07-01T18:43:45.378+0000] {dag.py:3954} INFO - Setting next_dagrun for dataset_consumes_1 to None, run_after=None
[2024-07-01T18:43:45.382+0000] {logging_mixin.py:188} INFO - [2024-07-01T18:43:45.382+0000] {dag.py:3954} INFO - Setting next_dagrun for dataset_consumes_1_and_2 to None, run_after=None
[2024-07-01T18:43:45.386+0000] {logging_mixin.py:188} INFO - [2024-07-01T18:43:45.386+0000] {dag.py:3954} INFO - Setting next_dagrun for dataset_consumes_1_never_scheduled to None, run_after=None
[2024-07-01T18:43:45.390+0000] {logging_mixin.py:188} INFO - [2024-07-01T18:43:45.390+0000] {dag.py:3954} INFO - Setting next_dagrun for dataset_consumes_unknown_never_scheduled to None, run_after=None
[2024-07-01T18:43:45.397+0000] {logging_mixin.py:188} INFO - [2024-07-01T18:43:45.397+0000] {dag.py:3954} INFO - Setting next_dagrun for dataset_produces_1 to 2024-06-30 00:00:00+00:00, run_after=2024-07-01 00:00:00+00:00
[2024-07-01T18:43:45.401+0000] {logging_mixin.py:188} INFO - [2024-07-01T18:43:45.401+0000] {dag.py:3954} INFO - Setting next_dagrun for dataset_produces_2 to None, run_after=None
[2024-07-01T18:43:45.497+0000] {processor.py:183} INFO - Processing /home/airflow/.local/lib/python3.12/site-packages/airflow/example_dags/example_datasets.py took 0.473 seconds
[2024-07-01T18:44:16.175+0000] {processor.py:161} INFO - Started process (PID=533) to work on /home/airflow/.local/lib/python3.12/site-packages/airflow/example_dags/example_datasets.py
[2024-07-01T18:44:16.178+0000] {processor.py:830} INFO - Processing file /home/airflow/.local/lib/python3.12/site-packages/airflow/example_dags/example_datasets.py for tasks to queue
[2024-07-01T18:44:16.181+0000] {logging_mixin.py:188} INFO - [2024-07-01T18:44:16.181+0000] {dagbag.py:545} INFO - Filling up the DagBag from /home/airflow/.local/lib/python3.12/site-packages/airflow/example_dags/example_datasets.py
[2024-07-01T18:44:16.227+0000] {processor.py:840} INFO - DAG(s) 'dataset_consumes_1_and_2', 'dataset_consumes_1', 'consume_1_or_2_with_dataset_expressions', 'consume_1_or_both_2_and_3_with_dataset_expressions', 'dataset_consumes_1_never_scheduled', 'consume_1_and_2_with_dataset_expressions', 'dataset_produces_1', 'conditional_dataset_and_time_based_timetable', 'dataset_consumes_unknown_never_scheduled', 'dataset_produces_2' retrieved from /home/airflow/.local/lib/python3.12/site-packages/airflow/example_dags/example_datasets.py
[2024-07-01T18:44:16.420+0000] {logging_mixin.py:188} INFO - [2024-07-01T18:44:16.419+0000] {dag.py:3096} INFO - Sync 10 DAGs
[2024-07-01T18:44:16.597+0000] {logging_mixin.py:188} INFO - [2024-07-01T18:44:16.597+0000] {dag.py:3954} INFO - Setting next_dagrun for conditional_dataset_and_time_based_timetable to 2024-06-26 01:00:00+00:00, run_after=2024-06-26 01:00:00+00:00
[2024-07-01T18:44:16.686+0000] {logging_mixin.py:188} INFO - [2024-07-01T18:44:16.685+0000] {dag.py:3954} INFO - Setting next_dagrun for consume_1_and_2_with_dataset_expressions to None, run_after=None
[2024-07-01T18:44:16.701+0000] {logging_mixin.py:188} INFO - [2024-07-01T18:44:16.700+0000] {dag.py:3954} INFO - Setting next_dagrun for consume_1_or_2_with_dataset_expressions to None, run_after=None
[2024-07-01T18:44:16.714+0000] {logging_mixin.py:188} INFO - [2024-07-01T18:44:16.706+0000] {dag.py:3954} INFO - Setting next_dagrun for consume_1_or_both_2_and_3_with_dataset_expressions to None, run_after=None
[2024-07-01T18:44:16.721+0000] {logging_mixin.py:188} INFO - [2024-07-01T18:44:16.721+0000] {dag.py:3954} INFO - Setting next_dagrun for dataset_consumes_1 to None, run_after=None
[2024-07-01T18:44:16.730+0000] {logging_mixin.py:188} INFO - [2024-07-01T18:44:16.726+0000] {dag.py:3954} INFO - Setting next_dagrun for dataset_consumes_1_and_2 to None, run_after=None
[2024-07-01T18:44:16.739+0000] {logging_mixin.py:188} INFO - [2024-07-01T18:44:16.738+0000] {dag.py:3954} INFO - Setting next_dagrun for dataset_consumes_1_never_scheduled to None, run_after=None
[2024-07-01T18:44:16.749+0000] {logging_mixin.py:188} INFO - [2024-07-01T18:44:16.748+0000] {dag.py:3954} INFO - Setting next_dagrun for dataset_consumes_unknown_never_scheduled to None, run_after=None
[2024-07-01T18:44:16.765+0000] {logging_mixin.py:188} INFO - [2024-07-01T18:44:16.764+0000] {dag.py:3954} INFO - Setting next_dagrun for dataset_produces_1 to 2024-06-30 00:00:00+00:00, run_after=2024-07-01 00:00:00+00:00
[2024-07-01T18:44:16.776+0000] {logging_mixin.py:188} INFO - [2024-07-01T18:44:16.775+0000] {dag.py:3954} INFO - Setting next_dagrun for dataset_produces_2 to None, run_after=None
[2024-07-01T18:44:16.941+0000] {processor.py:183} INFO - Processing /home/airflow/.local/lib/python3.12/site-packages/airflow/example_dags/example_datasets.py took 0.775 seconds
