[2024-07-01T18:39:58.112+0000] {processor.py:161} INFO - Started process (PID=57) to work on /home/airflow/.local/lib/python3.12/site-packages/airflow/example_dags/example_trigger_target_dag.py
[2024-07-01T18:39:58.118+0000] {processor.py:830} INFO - Processing file /home/airflow/.local/lib/python3.12/site-packages/airflow/example_dags/example_trigger_target_dag.py for tasks to queue
[2024-07-01T18:39:58.127+0000] {logging_mixin.py:188} INFO - [2024-07-01T18:39:58.126+0000] {dagbag.py:545} INFO - Filling up the DagBag from /home/airflow/.local/lib/python3.12/site-packages/airflow/example_dags/example_trigger_target_dag.py
[2024-07-01T18:39:58.141+0000] {processor.py:840} INFO - DAG(s) 'example_trigger_target_dag' retrieved from /home/airflow/.local/lib/python3.12/site-packages/airflow/example_dags/example_trigger_target_dag.py
[2024-07-01T18:39:58.679+0000] {logging_mixin.py:188} INFO - [2024-07-01T18:39:58.678+0000] {override.py:1829} INFO - Created Permission View: can read on DAG:example_trigger_target_dag
[2024-07-01T18:39:58.714+0000] {logging_mixin.py:188} INFO - [2024-07-01T18:39:58.714+0000] {override.py:1829} INFO - Created Permission View: can delete on DAG:example_trigger_target_dag
[2024-07-01T18:39:58.743+0000] {logging_mixin.py:188} INFO - [2024-07-01T18:39:58.742+0000] {override.py:1829} INFO - Created Permission View: can edit on DAG:example_trigger_target_dag
[2024-07-01T18:39:58.745+0000] {logging_mixin.py:188} INFO - [2024-07-01T18:39:58.745+0000] {dag.py:3096} INFO - Sync 1 DAGs
[2024-07-01T18:39:58.794+0000] {logging_mixin.py:188} INFO - [2024-07-01T18:39:58.794+0000] {dag.py:3118} INFO - Creating ORM DAG for example_trigger_target_dag
[2024-07-01T18:39:58.797+0000] {logging_mixin.py:188} INFO - [2024-07-01T18:39:58.797+0000] {dag.py:3954} INFO - Setting next_dagrun for example_trigger_target_dag to None, run_after=None
[2024-07-01T18:39:58.868+0000] {processor.py:183} INFO - Processing /home/airflow/.local/lib/python3.12/site-packages/airflow/example_dags/example_trigger_target_dag.py took 0.771 seconds
[2024-07-01T18:40:29.254+0000] {processor.py:161} INFO - Started process (PID=115) to work on /home/airflow/.local/lib/python3.12/site-packages/airflow/example_dags/example_trigger_target_dag.py
[2024-07-01T18:40:29.257+0000] {processor.py:830} INFO - Processing file /home/airflow/.local/lib/python3.12/site-packages/airflow/example_dags/example_trigger_target_dag.py for tasks to queue
[2024-07-01T18:40:29.263+0000] {logging_mixin.py:188} INFO - [2024-07-01T18:40:29.262+0000] {dagbag.py:545} INFO - Filling up the DagBag from /home/airflow/.local/lib/python3.12/site-packages/airflow/example_dags/example_trigger_target_dag.py
[2024-07-01T18:40:29.286+0000] {processor.py:840} INFO - DAG(s) 'example_trigger_target_dag' retrieved from /home/airflow/.local/lib/python3.12/site-packages/airflow/example_dags/example_trigger_target_dag.py
[2024-07-01T18:40:29.353+0000] {logging_mixin.py:188} INFO - [2024-07-01T18:40:29.351+0000] {dag.py:3096} INFO - Sync 1 DAGs
[2024-07-01T18:40:29.403+0000] {logging_mixin.py:188} INFO - [2024-07-01T18:40:29.401+0000] {dag.py:3954} INFO - Setting next_dagrun for example_trigger_target_dag to None, run_after=None
[2024-07-01T18:40:29.481+0000] {processor.py:183} INFO - Processing /home/airflow/.local/lib/python3.12/site-packages/airflow/example_dags/example_trigger_target_dag.py took 0.246 seconds
[2024-07-01T18:41:00.850+0000] {processor.py:161} INFO - Started process (PID=171) to work on /home/airflow/.local/lib/python3.12/site-packages/airflow/example_dags/example_trigger_target_dag.py
[2024-07-01T18:41:00.858+0000] {processor.py:830} INFO - Processing file /home/airflow/.local/lib/python3.12/site-packages/airflow/example_dags/example_trigger_target_dag.py for tasks to queue
[2024-07-01T18:41:00.883+0000] {logging_mixin.py:188} INFO - [2024-07-01T18:41:00.878+0000] {dagbag.py:545} INFO - Filling up the DagBag from /home/airflow/.local/lib/python3.12/site-packages/airflow/example_dags/example_trigger_target_dag.py
[2024-07-01T18:41:00.920+0000] {processor.py:840} INFO - DAG(s) 'example_trigger_target_dag' retrieved from /home/airflow/.local/lib/python3.12/site-packages/airflow/example_dags/example_trigger_target_dag.py
[2024-07-01T18:41:01.064+0000] {logging_mixin.py:188} INFO - [2024-07-01T18:41:01.063+0000] {dag.py:3096} INFO - Sync 1 DAGs
[2024-07-01T18:41:01.168+0000] {logging_mixin.py:188} INFO - [2024-07-01T18:41:01.167+0000] {dag.py:3954} INFO - Setting next_dagrun for example_trigger_target_dag to None, run_after=None
[2024-07-01T18:41:01.463+0000] {processor.py:183} INFO - Processing /home/airflow/.local/lib/python3.12/site-packages/airflow/example_dags/example_trigger_target_dag.py took 0.648 seconds
[2024-07-01T18:41:31.702+0000] {processor.py:161} INFO - Started process (PID=229) to work on /home/airflow/.local/lib/python3.12/site-packages/airflow/example_dags/example_trigger_target_dag.py
[2024-07-01T18:41:31.704+0000] {processor.py:830} INFO - Processing file /home/airflow/.local/lib/python3.12/site-packages/airflow/example_dags/example_trigger_target_dag.py for tasks to queue
[2024-07-01T18:41:31.709+0000] {logging_mixin.py:188} INFO - [2024-07-01T18:41:31.708+0000] {dagbag.py:545} INFO - Filling up the DagBag from /home/airflow/.local/lib/python3.12/site-packages/airflow/example_dags/example_trigger_target_dag.py
[2024-07-01T18:41:31.728+0000] {processor.py:840} INFO - DAG(s) 'example_trigger_target_dag' retrieved from /home/airflow/.local/lib/python3.12/site-packages/airflow/example_dags/example_trigger_target_dag.py
[2024-07-01T18:41:31.780+0000] {logging_mixin.py:188} INFO - [2024-07-01T18:41:31.780+0000] {dag.py:3096} INFO - Sync 1 DAGs
[2024-07-01T18:41:31.817+0000] {logging_mixin.py:188} INFO - [2024-07-01T18:41:31.817+0000] {dag.py:3954} INFO - Setting next_dagrun for example_trigger_target_dag to None, run_after=None
[2024-07-01T18:41:31.873+0000] {processor.py:183} INFO - Processing /home/airflow/.local/lib/python3.12/site-packages/airflow/example_dags/example_trigger_target_dag.py took 0.186 seconds
[2024-07-01T18:42:02.141+0000] {processor.py:161} INFO - Started process (PID=287) to work on /home/airflow/.local/lib/python3.12/site-packages/airflow/example_dags/example_trigger_target_dag.py
[2024-07-01T18:42:02.143+0000] {processor.py:830} INFO - Processing file /home/airflow/.local/lib/python3.12/site-packages/airflow/example_dags/example_trigger_target_dag.py for tasks to queue
[2024-07-01T18:42:02.147+0000] {logging_mixin.py:188} INFO - [2024-07-01T18:42:02.146+0000] {dagbag.py:545} INFO - Filling up the DagBag from /home/airflow/.local/lib/python3.12/site-packages/airflow/example_dags/example_trigger_target_dag.py
[2024-07-01T18:42:02.160+0000] {processor.py:840} INFO - DAG(s) 'example_trigger_target_dag' retrieved from /home/airflow/.local/lib/python3.12/site-packages/airflow/example_dags/example_trigger_target_dag.py
[2024-07-01T18:42:02.211+0000] {logging_mixin.py:188} INFO - [2024-07-01T18:42:02.210+0000] {dag.py:3096} INFO - Sync 1 DAGs
[2024-07-01T18:42:02.241+0000] {logging_mixin.py:188} INFO - [2024-07-01T18:42:02.241+0000] {dag.py:3954} INFO - Setting next_dagrun for example_trigger_target_dag to None, run_after=None
[2024-07-01T18:42:02.311+0000] {processor.py:183} INFO - Processing /home/airflow/.local/lib/python3.12/site-packages/airflow/example_dags/example_trigger_target_dag.py took 0.183 seconds
[2024-07-01T18:42:32.693+0000] {processor.py:161} INFO - Started process (PID=344) to work on /home/airflow/.local/lib/python3.12/site-packages/airflow/example_dags/example_trigger_target_dag.py
[2024-07-01T18:42:32.703+0000] {processor.py:830} INFO - Processing file /home/airflow/.local/lib/python3.12/site-packages/airflow/example_dags/example_trigger_target_dag.py for tasks to queue
[2024-07-01T18:42:32.709+0000] {logging_mixin.py:188} INFO - [2024-07-01T18:42:32.708+0000] {dagbag.py:545} INFO - Filling up the DagBag from /home/airflow/.local/lib/python3.12/site-packages/airflow/example_dags/example_trigger_target_dag.py
[2024-07-01T18:42:32.748+0000] {processor.py:840} INFO - DAG(s) 'example_trigger_target_dag' retrieved from /home/airflow/.local/lib/python3.12/site-packages/airflow/example_dags/example_trigger_target_dag.py
[2024-07-01T18:42:32.857+0000] {logging_mixin.py:188} INFO - [2024-07-01T18:42:32.856+0000] {dag.py:3096} INFO - Sync 1 DAGs
[2024-07-01T18:42:32.935+0000] {logging_mixin.py:188} INFO - [2024-07-01T18:42:32.935+0000] {dag.py:3954} INFO - Setting next_dagrun for example_trigger_target_dag to None, run_after=None
[2024-07-01T18:42:33.057+0000] {processor.py:183} INFO - Processing /home/airflow/.local/lib/python3.12/site-packages/airflow/example_dags/example_trigger_target_dag.py took 0.386 seconds
[2024-07-01T18:43:03.339+0000] {processor.py:161} INFO - Started process (PID=402) to work on /home/airflow/.local/lib/python3.12/site-packages/airflow/example_dags/example_trigger_target_dag.py
[2024-07-01T18:43:03.342+0000] {processor.py:830} INFO - Processing file /home/airflow/.local/lib/python3.12/site-packages/airflow/example_dags/example_trigger_target_dag.py for tasks to queue
[2024-07-01T18:43:03.346+0000] {logging_mixin.py:188} INFO - [2024-07-01T18:43:03.345+0000] {dagbag.py:545} INFO - Filling up the DagBag from /home/airflow/.local/lib/python3.12/site-packages/airflow/example_dags/example_trigger_target_dag.py
[2024-07-01T18:43:03.363+0000] {processor.py:840} INFO - DAG(s) 'example_trigger_target_dag' retrieved from /home/airflow/.local/lib/python3.12/site-packages/airflow/example_dags/example_trigger_target_dag.py
[2024-07-01T18:43:03.404+0000] {logging_mixin.py:188} INFO - [2024-07-01T18:43:03.403+0000] {dag.py:3096} INFO - Sync 1 DAGs
[2024-07-01T18:43:03.431+0000] {logging_mixin.py:188} INFO - [2024-07-01T18:43:03.431+0000] {dag.py:3954} INFO - Setting next_dagrun for example_trigger_target_dag to None, run_after=None
[2024-07-01T18:43:03.483+0000] {processor.py:183} INFO - Processing /home/airflow/.local/lib/python3.12/site-packages/airflow/example_dags/example_trigger_target_dag.py took 0.156 seconds
[2024-07-01T18:43:34.129+0000] {processor.py:161} INFO - Started process (PID=460) to work on /home/airflow/.local/lib/python3.12/site-packages/airflow/example_dags/example_trigger_target_dag.py
[2024-07-01T18:43:34.147+0000] {processor.py:830} INFO - Processing file /home/airflow/.local/lib/python3.12/site-packages/airflow/example_dags/example_trigger_target_dag.py for tasks to queue
[2024-07-01T18:43:34.156+0000] {logging_mixin.py:188} INFO - [2024-07-01T18:43:34.155+0000] {dagbag.py:545} INFO - Filling up the DagBag from /home/airflow/.local/lib/python3.12/site-packages/airflow/example_dags/example_trigger_target_dag.py
[2024-07-01T18:43:34.226+0000] {processor.py:840} INFO - DAG(s) 'example_trigger_target_dag' retrieved from /home/airflow/.local/lib/python3.12/site-packages/airflow/example_dags/example_trigger_target_dag.py
[2024-07-01T18:43:34.328+0000] {logging_mixin.py:188} INFO - [2024-07-01T18:43:34.327+0000] {dag.py:3096} INFO - Sync 1 DAGs
[2024-07-01T18:43:34.374+0000] {logging_mixin.py:188} INFO - [2024-07-01T18:43:34.373+0000] {dag.py:3954} INFO - Setting next_dagrun for example_trigger_target_dag to None, run_after=None
[2024-07-01T18:43:34.462+0000] {processor.py:183} INFO - Processing /home/airflow/.local/lib/python3.12/site-packages/airflow/example_dags/example_trigger_target_dag.py took 0.362 seconds
[2024-07-01T18:44:04.780+0000] {processor.py:161} INFO - Started process (PID=518) to work on /home/airflow/.local/lib/python3.12/site-packages/airflow/example_dags/example_trigger_target_dag.py
[2024-07-01T18:44:04.782+0000] {processor.py:830} INFO - Processing file /home/airflow/.local/lib/python3.12/site-packages/airflow/example_dags/example_trigger_target_dag.py for tasks to queue
[2024-07-01T18:44:04.785+0000] {logging_mixin.py:188} INFO - [2024-07-01T18:44:04.784+0000] {dagbag.py:545} INFO - Filling up the DagBag from /home/airflow/.local/lib/python3.12/site-packages/airflow/example_dags/example_trigger_target_dag.py
[2024-07-01T18:44:04.795+0000] {processor.py:840} INFO - DAG(s) 'example_trigger_target_dag' retrieved from /home/airflow/.local/lib/python3.12/site-packages/airflow/example_dags/example_trigger_target_dag.py
[2024-07-01T18:44:04.828+0000] {logging_mixin.py:188} INFO - [2024-07-01T18:44:04.828+0000] {dag.py:3096} INFO - Sync 1 DAGs
[2024-07-01T18:44:04.852+0000] {logging_mixin.py:188} INFO - [2024-07-01T18:44:04.852+0000] {dag.py:3954} INFO - Setting next_dagrun for example_trigger_target_dag to None, run_after=None
[2024-07-01T18:44:04.889+0000] {processor.py:183} INFO - Processing /home/airflow/.local/lib/python3.12/site-packages/airflow/example_dags/example_trigger_target_dag.py took 0.118 seconds
