[2024-07-01T18:40:09.383+0000] {processor.py:161} INFO - Started process (PID=76) to work on /home/airflow/.local/lib/python3.12/site-packages/airflow/example_dags/example_latest_only.py
[2024-07-01T18:40:09.385+0000] {processor.py:830} INFO - Processing file /home/airflow/.local/lib/python3.12/site-packages/airflow/example_dags/example_latest_only.py for tasks to queue
[2024-07-01T18:40:09.393+0000] {logging_mixin.py:188} INFO - [2024-07-01T18:40:09.392+0000] {dagbag.py:545} INFO - Filling up the DagBag from /home/airflow/.local/lib/python3.12/site-packages/airflow/example_dags/example_latest_only.py
[2024-07-01T18:40:09.418+0000] {processor.py:840} INFO - DAG(s) 'latest_only' retrieved from /home/airflow/.local/lib/python3.12/site-packages/airflow/example_dags/example_latest_only.py
[2024-07-01T18:40:09.854+0000] {logging_mixin.py:188} INFO - [2024-07-01T18:40:09.853+0000] {override.py:1829} INFO - Created Permission View: can read on DAG:latest_only
[2024-07-01T18:40:09.898+0000] {logging_mixin.py:188} INFO - [2024-07-01T18:40:09.897+0000] {override.py:1829} INFO - Created Permission View: can delete on DAG:latest_only
[2024-07-01T18:40:09.926+0000] {logging_mixin.py:188} INFO - [2024-07-01T18:40:09.925+0000] {override.py:1829} INFO - Created Permission View: can edit on DAG:latest_only
[2024-07-01T18:40:09.929+0000] {logging_mixin.py:188} INFO - [2024-07-01T18:40:09.928+0000] {dag.py:3096} INFO - Sync 1 DAGs
[2024-07-01T18:40:09.965+0000] {logging_mixin.py:188} INFO - [2024-07-01T18:40:09.965+0000] {dag.py:3118} INFO - Creating ORM DAG for latest_only
[2024-07-01T18:40:10.005+0000] {logging_mixin.py:188} INFO - [2024-07-01T18:40:10.004+0000] {dag.py:3954} INFO - Setting next_dagrun for latest_only to 2024-07-01 12:00:00+00:00, run_after=2024-07-01 16:00:00+00:00
[2024-07-01T18:40:10.076+0000] {processor.py:183} INFO - Processing /home/airflow/.local/lib/python3.12/site-packages/airflow/example_dags/example_latest_only.py took 0.715 seconds
[2024-07-01T18:40:40.612+0000] {processor.py:161} INFO - Started process (PID=134) to work on /home/airflow/.local/lib/python3.12/site-packages/airflow/example_dags/example_latest_only.py
[2024-07-01T18:40:40.614+0000] {processor.py:830} INFO - Processing file /home/airflow/.local/lib/python3.12/site-packages/airflow/example_dags/example_latest_only.py for tasks to queue
[2024-07-01T18:40:40.641+0000] {logging_mixin.py:188} INFO - [2024-07-01T18:40:40.640+0000] {dagbag.py:545} INFO - Filling up the DagBag from /home/airflow/.local/lib/python3.12/site-packages/airflow/example_dags/example_latest_only.py
[2024-07-01T18:40:40.690+0000] {processor.py:840} INFO - DAG(s) 'latest_only' retrieved from /home/airflow/.local/lib/python3.12/site-packages/airflow/example_dags/example_latest_only.py
[2024-07-01T18:40:40.796+0000] {logging_mixin.py:188} INFO - [2024-07-01T18:40:40.795+0000] {dag.py:3096} INFO - Sync 1 DAGs
[2024-07-01T18:40:40.897+0000] {logging_mixin.py:188} INFO - [2024-07-01T18:40:40.896+0000] {dag.py:3954} INFO - Setting next_dagrun for latest_only to 2024-07-01 12:00:00+00:00, run_after=2024-07-01 16:00:00+00:00
[2024-07-01T18:40:41.005+0000] {processor.py:183} INFO - Processing /home/airflow/.local/lib/python3.12/site-packages/airflow/example_dags/example_latest_only.py took 0.422 seconds
[2024-07-01T18:41:11.541+0000] {processor.py:161} INFO - Started process (PID=191) to work on /home/airflow/.local/lib/python3.12/site-packages/airflow/example_dags/example_latest_only.py
[2024-07-01T18:41:11.545+0000] {processor.py:830} INFO - Processing file /home/airflow/.local/lib/python3.12/site-packages/airflow/example_dags/example_latest_only.py for tasks to queue
[2024-07-01T18:41:11.551+0000] {logging_mixin.py:188} INFO - [2024-07-01T18:41:11.550+0000] {dagbag.py:545} INFO - Filling up the DagBag from /home/airflow/.local/lib/python3.12/site-packages/airflow/example_dags/example_latest_only.py
[2024-07-01T18:41:11.584+0000] {processor.py:840} INFO - DAG(s) 'latest_only' retrieved from /home/airflow/.local/lib/python3.12/site-packages/airflow/example_dags/example_latest_only.py
[2024-07-01T18:41:11.677+0000] {logging_mixin.py:188} INFO - [2024-07-01T18:41:11.676+0000] {dag.py:3096} INFO - Sync 1 DAGs
[2024-07-01T18:41:11.824+0000] {logging_mixin.py:188} INFO - [2024-07-01T18:41:11.823+0000] {dag.py:3954} INFO - Setting next_dagrun for latest_only to 2024-07-01 12:00:00+00:00, run_after=2024-07-01 16:00:00+00:00
[2024-07-01T18:41:11.925+0000] {processor.py:183} INFO - Processing /home/airflow/.local/lib/python3.12/site-packages/airflow/example_dags/example_latest_only.py took 0.429 seconds
[2024-07-01T18:41:42.277+0000] {processor.py:161} INFO - Started process (PID=249) to work on /home/airflow/.local/lib/python3.12/site-packages/airflow/example_dags/example_latest_only.py
[2024-07-01T18:41:42.309+0000] {processor.py:830} INFO - Processing file /home/airflow/.local/lib/python3.12/site-packages/airflow/example_dags/example_latest_only.py for tasks to queue
[2024-07-01T18:41:42.313+0000] {logging_mixin.py:188} INFO - [2024-07-01T18:41:42.312+0000] {dagbag.py:545} INFO - Filling up the DagBag from /home/airflow/.local/lib/python3.12/site-packages/airflow/example_dags/example_latest_only.py
[2024-07-01T18:41:42.352+0000] {processor.py:840} INFO - DAG(s) 'latest_only' retrieved from /home/airflow/.local/lib/python3.12/site-packages/airflow/example_dags/example_latest_only.py
[2024-07-01T18:41:42.412+0000] {logging_mixin.py:188} INFO - [2024-07-01T18:41:42.411+0000] {dag.py:3096} INFO - Sync 1 DAGs
[2024-07-01T18:41:42.505+0000] {logging_mixin.py:188} INFO - [2024-07-01T18:41:42.504+0000] {dag.py:3954} INFO - Setting next_dagrun for latest_only to 2024-07-01 12:00:00+00:00, run_after=2024-07-01 16:00:00+00:00
[2024-07-01T18:41:42.576+0000] {processor.py:183} INFO - Processing /home/airflow/.local/lib/python3.12/site-packages/airflow/example_dags/example_latest_only.py took 0.311 seconds
[2024-07-01T18:42:13.619+0000] {processor.py:161} INFO - Started process (PID=307) to work on /home/airflow/.local/lib/python3.12/site-packages/airflow/example_dags/example_latest_only.py
[2024-07-01T18:42:13.623+0000] {processor.py:830} INFO - Processing file /home/airflow/.local/lib/python3.12/site-packages/airflow/example_dags/example_latest_only.py for tasks to queue
[2024-07-01T18:42:13.630+0000] {logging_mixin.py:188} INFO - [2024-07-01T18:42:13.629+0000] {dagbag.py:545} INFO - Filling up the DagBag from /home/airflow/.local/lib/python3.12/site-packages/airflow/example_dags/example_latest_only.py
[2024-07-01T18:42:13.648+0000] {processor.py:840} INFO - DAG(s) 'latest_only' retrieved from /home/airflow/.local/lib/python3.12/site-packages/airflow/example_dags/example_latest_only.py
[2024-07-01T18:42:13.745+0000] {logging_mixin.py:188} INFO - [2024-07-01T18:42:13.744+0000] {dag.py:3096} INFO - Sync 1 DAGs
[2024-07-01T18:42:13.858+0000] {logging_mixin.py:188} INFO - [2024-07-01T18:42:13.857+0000] {dag.py:3954} INFO - Setting next_dagrun for latest_only to 2024-07-01 12:00:00+00:00, run_after=2024-07-01 16:00:00+00:00
[2024-07-01T18:42:13.966+0000] {processor.py:183} INFO - Processing /home/airflow/.local/lib/python3.12/site-packages/airflow/example_dags/example_latest_only.py took 0.362 seconds
[2024-07-01T18:42:44.372+0000] {processor.py:161} INFO - Started process (PID=362) to work on /home/airflow/.local/lib/python3.12/site-packages/airflow/example_dags/example_latest_only.py
[2024-07-01T18:42:44.378+0000] {processor.py:830} INFO - Processing file /home/airflow/.local/lib/python3.12/site-packages/airflow/example_dags/example_latest_only.py for tasks to queue
[2024-07-01T18:42:44.385+0000] {logging_mixin.py:188} INFO - [2024-07-01T18:42:44.384+0000] {dagbag.py:545} INFO - Filling up the DagBag from /home/airflow/.local/lib/python3.12/site-packages/airflow/example_dags/example_latest_only.py
[2024-07-01T18:42:44.402+0000] {processor.py:840} INFO - DAG(s) 'latest_only' retrieved from /home/airflow/.local/lib/python3.12/site-packages/airflow/example_dags/example_latest_only.py
[2024-07-01T18:42:44.487+0000] {logging_mixin.py:188} INFO - [2024-07-01T18:42:44.487+0000] {dag.py:3096} INFO - Sync 1 DAGs
[2024-07-01T18:42:44.595+0000] {logging_mixin.py:188} INFO - [2024-07-01T18:42:44.594+0000] {dag.py:3954} INFO - Setting next_dagrun for latest_only to 2024-07-01 12:00:00+00:00, run_after=2024-07-01 16:00:00+00:00
[2024-07-01T18:42:44.691+0000] {processor.py:183} INFO - Processing /home/airflow/.local/lib/python3.12/site-packages/airflow/example_dags/example_latest_only.py took 0.334 seconds
[2024-07-01T18:43:15.086+0000] {processor.py:161} INFO - Started process (PID=420) to work on /home/airflow/.local/lib/python3.12/site-packages/airflow/example_dags/example_latest_only.py
[2024-07-01T18:43:15.088+0000] {processor.py:830} INFO - Processing file /home/airflow/.local/lib/python3.12/site-packages/airflow/example_dags/example_latest_only.py for tasks to queue
[2024-07-01T18:43:15.092+0000] {logging_mixin.py:188} INFO - [2024-07-01T18:43:15.091+0000] {dagbag.py:545} INFO - Filling up the DagBag from /home/airflow/.local/lib/python3.12/site-packages/airflow/example_dags/example_latest_only.py
[2024-07-01T18:43:15.101+0000] {processor.py:840} INFO - DAG(s) 'latest_only' retrieved from /home/airflow/.local/lib/python3.12/site-packages/airflow/example_dags/example_latest_only.py
[2024-07-01T18:43:15.142+0000] {logging_mixin.py:188} INFO - [2024-07-01T18:43:15.142+0000] {dag.py:3096} INFO - Sync 1 DAGs
[2024-07-01T18:43:15.189+0000] {logging_mixin.py:188} INFO - [2024-07-01T18:43:15.188+0000] {dag.py:3954} INFO - Setting next_dagrun for latest_only to 2024-07-01 12:00:00+00:00, run_after=2024-07-01 16:00:00+00:00
[2024-07-01T18:43:15.240+0000] {processor.py:183} INFO - Processing /home/airflow/.local/lib/python3.12/site-packages/airflow/example_dags/example_latest_only.py took 0.164 seconds
[2024-07-01T18:43:45.559+0000] {processor.py:161} INFO - Started process (PID=478) to work on /home/airflow/.local/lib/python3.12/site-packages/airflow/example_dags/example_latest_only.py
[2024-07-01T18:43:45.561+0000] {processor.py:830} INFO - Processing file /home/airflow/.local/lib/python3.12/site-packages/airflow/example_dags/example_latest_only.py for tasks to queue
[2024-07-01T18:43:45.564+0000] {logging_mixin.py:188} INFO - [2024-07-01T18:43:45.564+0000] {dagbag.py:545} INFO - Filling up the DagBag from /home/airflow/.local/lib/python3.12/site-packages/airflow/example_dags/example_latest_only.py
[2024-07-01T18:43:45.573+0000] {processor.py:840} INFO - DAG(s) 'latest_only' retrieved from /home/airflow/.local/lib/python3.12/site-packages/airflow/example_dags/example_latest_only.py
[2024-07-01T18:43:45.614+0000] {logging_mixin.py:188} INFO - [2024-07-01T18:43:45.614+0000] {dag.py:3096} INFO - Sync 1 DAGs
[2024-07-01T18:43:45.658+0000] {logging_mixin.py:188} INFO - [2024-07-01T18:43:45.657+0000] {dag.py:3954} INFO - Setting next_dagrun for latest_only to 2024-07-01 12:00:00+00:00, run_after=2024-07-01 16:00:00+00:00
[2024-07-01T18:43:45.695+0000] {processor.py:183} INFO - Processing /home/airflow/.local/lib/python3.12/site-packages/airflow/example_dags/example_latest_only.py took 0.145 seconds
[2024-07-01T18:44:17.042+0000] {processor.py:161} INFO - Started process (PID=536) to work on /home/airflow/.local/lib/python3.12/site-packages/airflow/example_dags/example_latest_only.py
[2024-07-01T18:44:17.045+0000] {processor.py:830} INFO - Processing file /home/airflow/.local/lib/python3.12/site-packages/airflow/example_dags/example_latest_only.py for tasks to queue
[2024-07-01T18:44:17.050+0000] {logging_mixin.py:188} INFO - [2024-07-01T18:44:17.049+0000] {dagbag.py:545} INFO - Filling up the DagBag from /home/airflow/.local/lib/python3.12/site-packages/airflow/example_dags/example_latest_only.py
[2024-07-01T18:44:17.061+0000] {processor.py:840} INFO - DAG(s) 'latest_only' retrieved from /home/airflow/.local/lib/python3.12/site-packages/airflow/example_dags/example_latest_only.py
[2024-07-01T18:44:17.105+0000] {logging_mixin.py:188} INFO - [2024-07-01T18:44:17.105+0000] {dag.py:3096} INFO - Sync 1 DAGs
[2024-07-01T18:44:17.167+0000] {logging_mixin.py:188} INFO - [2024-07-01T18:44:17.167+0000] {dag.py:3954} INFO - Setting next_dagrun for latest_only to 2024-07-01 12:00:00+00:00, run_after=2024-07-01 16:00:00+00:00
[2024-07-01T18:44:17.220+0000] {processor.py:183} INFO - Processing /home/airflow/.local/lib/python3.12/site-packages/airflow/example_dags/example_latest_only.py took 0.194 seconds
