[2024-07-01T18:40:14.921+0000] {processor.py:161} INFO - Started process (PID=85) to work on /home/airflow/.local/lib/python3.12/site-packages/airflow/example_dags/example_nested_branch_dag.py
[2024-07-01T18:40:14.929+0000] {processor.py:830} INFO - Processing file /home/airflow/.local/lib/python3.12/site-packages/airflow/example_dags/example_nested_branch_dag.py for tasks to queue
[2024-07-01T18:40:14.936+0000] {logging_mixin.py:188} INFO - [2024-07-01T18:40:14.935+0000] {dagbag.py:545} INFO - Filling up the DagBag from /home/airflow/.local/lib/python3.12/site-packages/airflow/example_dags/example_nested_branch_dag.py
[2024-07-01T18:40:14.998+0000] {processor.py:840} INFO - DAG(s) 'example_nested_branch_dag' retrieved from /home/airflow/.local/lib/python3.12/site-packages/airflow/example_dags/example_nested_branch_dag.py
[2024-07-01T18:40:15.488+0000] {logging_mixin.py:188} INFO - [2024-07-01T18:40:15.487+0000] {override.py:1829} INFO - Created Permission View: can read on DAG:example_nested_branch_dag
[2024-07-01T18:40:15.553+0000] {logging_mixin.py:188} INFO - [2024-07-01T18:40:15.552+0000] {override.py:1829} INFO - Created Permission View: can delete on DAG:example_nested_branch_dag
[2024-07-01T18:40:15.662+0000] {logging_mixin.py:188} INFO - [2024-07-01T18:40:15.650+0000] {override.py:1829} INFO - Created Permission View: can edit on DAG:example_nested_branch_dag
[2024-07-01T18:40:15.696+0000] {logging_mixin.py:188} INFO - [2024-07-01T18:40:15.696+0000] {dag.py:3096} INFO - Sync 1 DAGs
[2024-07-01T18:40:15.771+0000] {logging_mixin.py:188} INFO - [2024-07-01T18:40:15.771+0000] {dag.py:3118} INFO - Creating ORM DAG for example_nested_branch_dag
[2024-07-01T18:40:15.874+0000] {logging_mixin.py:188} INFO - [2024-07-01T18:40:15.874+0000] {dag.py:3954} INFO - Setting next_dagrun for example_nested_branch_dag to 2024-06-30 00:00:00+00:00, run_after=2024-07-01 00:00:00+00:00
[2024-07-01T18:40:16.001+0000] {processor.py:183} INFO - Processing /home/airflow/.local/lib/python3.12/site-packages/airflow/example_dags/example_nested_branch_dag.py took 1.103 seconds
[2024-07-01T18:40:46.970+0000] {processor.py:161} INFO - Started process (PID=143) to work on /home/airflow/.local/lib/python3.12/site-packages/airflow/example_dags/example_nested_branch_dag.py
[2024-07-01T18:40:46.978+0000] {processor.py:830} INFO - Processing file /home/airflow/.local/lib/python3.12/site-packages/airflow/example_dags/example_nested_branch_dag.py for tasks to queue
[2024-07-01T18:40:46.991+0000] {logging_mixin.py:188} INFO - [2024-07-01T18:40:46.987+0000] {dagbag.py:545} INFO - Filling up the DagBag from /home/airflow/.local/lib/python3.12/site-packages/airflow/example_dags/example_nested_branch_dag.py
[2024-07-01T18:40:47.067+0000] {processor.py:840} INFO - DAG(s) 'example_nested_branch_dag' retrieved from /home/airflow/.local/lib/python3.12/site-packages/airflow/example_dags/example_nested_branch_dag.py
[2024-07-01T18:40:47.171+0000] {logging_mixin.py:188} INFO - [2024-07-01T18:40:47.170+0000] {dag.py:3096} INFO - Sync 1 DAGs
[2024-07-01T18:40:47.307+0000] {logging_mixin.py:188} INFO - [2024-07-01T18:40:47.306+0000] {dag.py:3954} INFO - Setting next_dagrun for example_nested_branch_dag to 2024-06-30 00:00:00+00:00, run_after=2024-07-01 00:00:00+00:00
[2024-07-01T18:40:47.444+0000] {processor.py:183} INFO - Processing /home/airflow/.local/lib/python3.12/site-packages/airflow/example_dags/example_nested_branch_dag.py took 0.510 seconds
[2024-07-01T18:41:18.153+0000] {processor.py:161} INFO - Started process (PID=201) to work on /home/airflow/.local/lib/python3.12/site-packages/airflow/example_dags/example_nested_branch_dag.py
[2024-07-01T18:41:18.156+0000] {processor.py:830} INFO - Processing file /home/airflow/.local/lib/python3.12/site-packages/airflow/example_dags/example_nested_branch_dag.py for tasks to queue
[2024-07-01T18:41:18.162+0000] {logging_mixin.py:188} INFO - [2024-07-01T18:41:18.161+0000] {dagbag.py:545} INFO - Filling up the DagBag from /home/airflow/.local/lib/python3.12/site-packages/airflow/example_dags/example_nested_branch_dag.py
[2024-07-01T18:41:18.201+0000] {processor.py:840} INFO - DAG(s) 'example_nested_branch_dag' retrieved from /home/airflow/.local/lib/python3.12/site-packages/airflow/example_dags/example_nested_branch_dag.py
[2024-07-01T18:41:18.316+0000] {logging_mixin.py:188} INFO - [2024-07-01T18:41:18.315+0000] {dag.py:3096} INFO - Sync 1 DAGs
[2024-07-01T18:41:18.378+0000] {logging_mixin.py:188} INFO - [2024-07-01T18:41:18.378+0000] {dag.py:3954} INFO - Setting next_dagrun for example_nested_branch_dag to 2024-06-30 00:00:00+00:00, run_after=2024-07-01 00:00:00+00:00
[2024-07-01T18:41:18.445+0000] {processor.py:183} INFO - Processing /home/airflow/.local/lib/python3.12/site-packages/airflow/example_dags/example_nested_branch_dag.py took 0.313 seconds
[2024-07-01T18:41:48.999+0000] {processor.py:161} INFO - Started process (PID=259) to work on /home/airflow/.local/lib/python3.12/site-packages/airflow/example_dags/example_nested_branch_dag.py
[2024-07-01T18:41:49.002+0000] {processor.py:830} INFO - Processing file /home/airflow/.local/lib/python3.12/site-packages/airflow/example_dags/example_nested_branch_dag.py for tasks to queue
[2024-07-01T18:41:49.012+0000] {logging_mixin.py:188} INFO - [2024-07-01T18:41:49.011+0000] {dagbag.py:545} INFO - Filling up the DagBag from /home/airflow/.local/lib/python3.12/site-packages/airflow/example_dags/example_nested_branch_dag.py
[2024-07-01T18:41:49.060+0000] {processor.py:840} INFO - DAG(s) 'example_nested_branch_dag' retrieved from /home/airflow/.local/lib/python3.12/site-packages/airflow/example_dags/example_nested_branch_dag.py
[2024-07-01T18:41:49.166+0000] {logging_mixin.py:188} INFO - [2024-07-01T18:41:49.165+0000] {dag.py:3096} INFO - Sync 1 DAGs
[2024-07-01T18:41:49.227+0000] {logging_mixin.py:188} INFO - [2024-07-01T18:41:49.226+0000] {dag.py:3954} INFO - Setting next_dagrun for example_nested_branch_dag to 2024-06-30 00:00:00+00:00, run_after=2024-07-01 00:00:00+00:00
[2024-07-01T18:41:49.279+0000] {processor.py:183} INFO - Processing /home/airflow/.local/lib/python3.12/site-packages/airflow/example_dags/example_nested_branch_dag.py took 0.292 seconds
[2024-07-01T18:42:19.750+0000] {processor.py:161} INFO - Started process (PID=317) to work on /home/airflow/.local/lib/python3.12/site-packages/airflow/example_dags/example_nested_branch_dag.py
[2024-07-01T18:42:19.759+0000] {processor.py:830} INFO - Processing file /home/airflow/.local/lib/python3.12/site-packages/airflow/example_dags/example_nested_branch_dag.py for tasks to queue
[2024-07-01T18:42:19.771+0000] {logging_mixin.py:188} INFO - [2024-07-01T18:42:19.768+0000] {dagbag.py:545} INFO - Filling up the DagBag from /home/airflow/.local/lib/python3.12/site-packages/airflow/example_dags/example_nested_branch_dag.py
[2024-07-01T18:42:19.831+0000] {processor.py:840} INFO - DAG(s) 'example_nested_branch_dag' retrieved from /home/airflow/.local/lib/python3.12/site-packages/airflow/example_dags/example_nested_branch_dag.py
[2024-07-01T18:42:19.975+0000] {logging_mixin.py:188} INFO - [2024-07-01T18:42:19.975+0000] {dag.py:3096} INFO - Sync 1 DAGs
[2024-07-01T18:42:20.079+0000] {logging_mixin.py:188} INFO - [2024-07-01T18:42:20.078+0000] {dag.py:3954} INFO - Setting next_dagrun for example_nested_branch_dag to 2024-06-30 00:00:00+00:00, run_after=2024-07-01 00:00:00+00:00
[2024-07-01T18:42:20.187+0000] {processor.py:183} INFO - Processing /home/airflow/.local/lib/python3.12/site-packages/airflow/example_dags/example_nested_branch_dag.py took 0.473 seconds
[2024-07-01T18:42:51.076+0000] {processor.py:161} INFO - Started process (PID=374) to work on /home/airflow/.local/lib/python3.12/site-packages/airflow/example_dags/example_nested_branch_dag.py
[2024-07-01T18:42:51.084+0000] {processor.py:830} INFO - Processing file /home/airflow/.local/lib/python3.12/site-packages/airflow/example_dags/example_nested_branch_dag.py for tasks to queue
[2024-07-01T18:42:51.092+0000] {logging_mixin.py:188} INFO - [2024-07-01T18:42:51.091+0000] {dagbag.py:545} INFO - Filling up the DagBag from /home/airflow/.local/lib/python3.12/site-packages/airflow/example_dags/example_nested_branch_dag.py
[2024-07-01T18:42:51.148+0000] {processor.py:840} INFO - DAG(s) 'example_nested_branch_dag' retrieved from /home/airflow/.local/lib/python3.12/site-packages/airflow/example_dags/example_nested_branch_dag.py
[2024-07-01T18:42:51.279+0000] {logging_mixin.py:188} INFO - [2024-07-01T18:42:51.278+0000] {dag.py:3096} INFO - Sync 1 DAGs
[2024-07-01T18:42:51.378+0000] {logging_mixin.py:188} INFO - [2024-07-01T18:42:51.377+0000] {dag.py:3954} INFO - Setting next_dagrun for example_nested_branch_dag to 2024-06-30 00:00:00+00:00, run_after=2024-07-01 00:00:00+00:00
[2024-07-01T18:42:51.475+0000] {processor.py:183} INFO - Processing /home/airflow/.local/lib/python3.12/site-packages/airflow/example_dags/example_nested_branch_dag.py took 0.419 seconds
[2024-07-01T18:43:21.886+0000] {processor.py:161} INFO - Started process (PID=432) to work on /home/airflow/.local/lib/python3.12/site-packages/airflow/example_dags/example_nested_branch_dag.py
[2024-07-01T18:43:21.890+0000] {processor.py:830} INFO - Processing file /home/airflow/.local/lib/python3.12/site-packages/airflow/example_dags/example_nested_branch_dag.py for tasks to queue
[2024-07-01T18:43:21.895+0000] {logging_mixin.py:188} INFO - [2024-07-01T18:43:21.894+0000] {dagbag.py:545} INFO - Filling up the DagBag from /home/airflow/.local/lib/python3.12/site-packages/airflow/example_dags/example_nested_branch_dag.py
[2024-07-01T18:43:21.932+0000] {processor.py:840} INFO - DAG(s) 'example_nested_branch_dag' retrieved from /home/airflow/.local/lib/python3.12/site-packages/airflow/example_dags/example_nested_branch_dag.py
[2024-07-01T18:43:22.002+0000] {logging_mixin.py:188} INFO - [2024-07-01T18:43:22.002+0000] {dag.py:3096} INFO - Sync 1 DAGs
[2024-07-01T18:43:22.062+0000] {logging_mixin.py:188} INFO - [2024-07-01T18:43:22.062+0000] {dag.py:3954} INFO - Setting next_dagrun for example_nested_branch_dag to 2024-06-30 00:00:00+00:00, run_after=2024-07-01 00:00:00+00:00
[2024-07-01T18:43:22.114+0000] {processor.py:183} INFO - Processing /home/airflow/.local/lib/python3.12/site-packages/airflow/example_dags/example_nested_branch_dag.py took 0.244 seconds
[2024-07-01T18:43:52.232+0000] {processor.py:161} INFO - Started process (PID=490) to work on /home/airflow/.local/lib/python3.12/site-packages/airflow/example_dags/example_nested_branch_dag.py
[2024-07-01T18:43:52.234+0000] {processor.py:830} INFO - Processing file /home/airflow/.local/lib/python3.12/site-packages/airflow/example_dags/example_nested_branch_dag.py for tasks to queue
[2024-07-01T18:43:52.237+0000] {logging_mixin.py:188} INFO - [2024-07-01T18:43:52.237+0000] {dagbag.py:545} INFO - Filling up the DagBag from /home/airflow/.local/lib/python3.12/site-packages/airflow/example_dags/example_nested_branch_dag.py
[2024-07-01T18:43:52.257+0000] {processor.py:840} INFO - DAG(s) 'example_nested_branch_dag' retrieved from /home/airflow/.local/lib/python3.12/site-packages/airflow/example_dags/example_nested_branch_dag.py
[2024-07-01T18:43:52.299+0000] {logging_mixin.py:188} INFO - [2024-07-01T18:43:52.298+0000] {dag.py:3096} INFO - Sync 1 DAGs
[2024-07-01T18:43:52.348+0000] {logging_mixin.py:188} INFO - [2024-07-01T18:43:52.347+0000] {dag.py:3954} INFO - Setting next_dagrun for example_nested_branch_dag to 2024-06-30 00:00:00+00:00, run_after=2024-07-01 00:00:00+00:00
[2024-07-01T18:43:52.390+0000] {processor.py:183} INFO - Processing /home/airflow/.local/lib/python3.12/site-packages/airflow/example_dags/example_nested_branch_dag.py took 0.167 seconds
[2024-07-01T18:44:23.294+0000] {processor.py:161} INFO - Started process (PID=548) to work on /home/airflow/.local/lib/python3.12/site-packages/airflow/example_dags/example_nested_branch_dag.py
[2024-07-01T18:44:23.296+0000] {processor.py:830} INFO - Processing file /home/airflow/.local/lib/python3.12/site-packages/airflow/example_dags/example_nested_branch_dag.py for tasks to queue
[2024-07-01T18:44:23.300+0000] {logging_mixin.py:188} INFO - [2024-07-01T18:44:23.299+0000] {dagbag.py:545} INFO - Filling up the DagBag from /home/airflow/.local/lib/python3.12/site-packages/airflow/example_dags/example_nested_branch_dag.py
[2024-07-01T18:44:23.322+0000] {processor.py:840} INFO - DAG(s) 'example_nested_branch_dag' retrieved from /home/airflow/.local/lib/python3.12/site-packages/airflow/example_dags/example_nested_branch_dag.py
[2024-07-01T18:44:23.370+0000] {logging_mixin.py:188} INFO - [2024-07-01T18:44:23.370+0000] {dag.py:3096} INFO - Sync 1 DAGs
[2024-07-01T18:44:23.415+0000] {logging_mixin.py:188} INFO - [2024-07-01T18:44:23.415+0000] {dag.py:3954} INFO - Setting next_dagrun for example_nested_branch_dag to 2024-06-30 00:00:00+00:00, run_after=2024-07-01 00:00:00+00:00
[2024-07-01T18:44:23.461+0000] {processor.py:183} INFO - Processing /home/airflow/.local/lib/python3.12/site-packages/airflow/example_dags/example_nested_branch_dag.py took 0.178 seconds
