[2024-07-01T18:40:13.136+0000] {processor.py:161} INFO - Started process (PID=83) to work on /home/airflow/.local/lib/python3.12/site-packages/airflow/example_dags/example_setup_teardown.py
[2024-07-01T18:40:13.139+0000] {processor.py:830} INFO - Processing file /home/airflow/.local/lib/python3.12/site-packages/airflow/example_dags/example_setup_teardown.py for tasks to queue
[2024-07-01T18:40:13.143+0000] {logging_mixin.py:188} INFO - [2024-07-01T18:40:13.142+0000] {dagbag.py:545} INFO - Filling up the DagBag from /home/airflow/.local/lib/python3.12/site-packages/airflow/example_dags/example_setup_teardown.py
[2024-07-01T18:40:13.176+0000] {processor.py:840} INFO - DAG(s) 'example_setup_teardown' retrieved from /home/airflow/.local/lib/python3.12/site-packages/airflow/example_dags/example_setup_teardown.py
[2024-07-01T18:40:13.698+0000] {logging_mixin.py:188} INFO - [2024-07-01T18:40:13.693+0000] {override.py:1829} INFO - Created Permission View: can read on DAG:example_setup_teardown
[2024-07-01T18:40:13.745+0000] {logging_mixin.py:188} INFO - [2024-07-01T18:40:13.744+0000] {override.py:1829} INFO - Created Permission View: can delete on DAG:example_setup_teardown
[2024-07-01T18:40:13.776+0000] {logging_mixin.py:188} INFO - [2024-07-01T18:40:13.775+0000] {override.py:1829} INFO - Created Permission View: can edit on DAG:example_setup_teardown
[2024-07-01T18:40:13.779+0000] {logging_mixin.py:188} INFO - [2024-07-01T18:40:13.778+0000] {dag.py:3096} INFO - Sync 1 DAGs
[2024-07-01T18:40:13.833+0000] {logging_mixin.py:188} INFO - [2024-07-01T18:40:13.832+0000] {dag.py:3118} INFO - Creating ORM DAG for example_setup_teardown
[2024-07-01T18:40:13.921+0000] {logging_mixin.py:188} INFO - [2024-07-01T18:40:13.920+0000] {dag.py:3954} INFO - Setting next_dagrun for example_setup_teardown to 2024-06-30 00:00:00+00:00, run_after=2024-07-01 00:00:00+00:00
[2024-07-01T18:40:14.032+0000] {processor.py:183} INFO - Processing /home/airflow/.local/lib/python3.12/site-packages/airflow/example_dags/example_setup_teardown.py took 0.917 seconds
[2024-07-01T18:40:44.969+0000] {processor.py:161} INFO - Started process (PID=141) to work on /home/airflow/.local/lib/python3.12/site-packages/airflow/example_dags/example_setup_teardown.py
[2024-07-01T18:40:44.983+0000] {processor.py:830} INFO - Processing file /home/airflow/.local/lib/python3.12/site-packages/airflow/example_dags/example_setup_teardown.py for tasks to queue
[2024-07-01T18:40:45.010+0000] {logging_mixin.py:188} INFO - [2024-07-01T18:40:45.009+0000] {dagbag.py:545} INFO - Filling up the DagBag from /home/airflow/.local/lib/python3.12/site-packages/airflow/example_dags/example_setup_teardown.py
[2024-07-01T18:40:45.079+0000] {processor.py:840} INFO - DAG(s) 'example_setup_teardown' retrieved from /home/airflow/.local/lib/python3.12/site-packages/airflow/example_dags/example_setup_teardown.py
[2024-07-01T18:40:45.293+0000] {logging_mixin.py:188} INFO - [2024-07-01T18:40:45.292+0000] {dag.py:3096} INFO - Sync 1 DAGs
[2024-07-01T18:40:45.508+0000] {logging_mixin.py:188} INFO - [2024-07-01T18:40:45.507+0000] {dag.py:3954} INFO - Setting next_dagrun for example_setup_teardown to 2024-06-30 00:00:00+00:00, run_after=2024-07-01 00:00:00+00:00
[2024-07-01T18:40:45.777+0000] {processor.py:183} INFO - Processing /home/airflow/.local/lib/python3.12/site-packages/airflow/example_dags/example_setup_teardown.py took 0.844 seconds
[2024-07-01T18:41:15.959+0000] {processor.py:161} INFO - Started process (PID=199) to work on /home/airflow/.local/lib/python3.12/site-packages/airflow/example_dags/example_setup_teardown.py
[2024-07-01T18:41:15.962+0000] {processor.py:830} INFO - Processing file /home/airflow/.local/lib/python3.12/site-packages/airflow/example_dags/example_setup_teardown.py for tasks to queue
[2024-07-01T18:41:15.967+0000] {logging_mixin.py:188} INFO - [2024-07-01T18:41:15.966+0000] {dagbag.py:545} INFO - Filling up the DagBag from /home/airflow/.local/lib/python3.12/site-packages/airflow/example_dags/example_setup_teardown.py
[2024-07-01T18:41:15.987+0000] {processor.py:840} INFO - DAG(s) 'example_setup_teardown' retrieved from /home/airflow/.local/lib/python3.12/site-packages/airflow/example_dags/example_setup_teardown.py
[2024-07-01T18:41:16.064+0000] {logging_mixin.py:188} INFO - [2024-07-01T18:41:16.063+0000] {dag.py:3096} INFO - Sync 1 DAGs
[2024-07-01T18:41:16.139+0000] {logging_mixin.py:188} INFO - [2024-07-01T18:41:16.138+0000] {dag.py:3954} INFO - Setting next_dagrun for example_setup_teardown to 2024-06-30 00:00:00+00:00, run_after=2024-07-01 00:00:00+00:00
[2024-07-01T18:41:16.203+0000] {processor.py:183} INFO - Processing /home/airflow/.local/lib/python3.12/site-packages/airflow/example_dags/example_setup_teardown.py took 0.258 seconds
[2024-07-01T18:41:46.567+0000] {processor.py:161} INFO - Started process (PID=257) to work on /home/airflow/.local/lib/python3.12/site-packages/airflow/example_dags/example_setup_teardown.py
[2024-07-01T18:41:46.574+0000] {processor.py:830} INFO - Processing file /home/airflow/.local/lib/python3.12/site-packages/airflow/example_dags/example_setup_teardown.py for tasks to queue
[2024-07-01T18:41:46.577+0000] {logging_mixin.py:188} INFO - [2024-07-01T18:41:46.576+0000] {dagbag.py:545} INFO - Filling up the DagBag from /home/airflow/.local/lib/python3.12/site-packages/airflow/example_dags/example_setup_teardown.py
[2024-07-01T18:41:46.594+0000] {processor.py:840} INFO - DAG(s) 'example_setup_teardown' retrieved from /home/airflow/.local/lib/python3.12/site-packages/airflow/example_dags/example_setup_teardown.py
[2024-07-01T18:41:46.677+0000] {logging_mixin.py:188} INFO - [2024-07-01T18:41:46.677+0000] {dag.py:3096} INFO - Sync 1 DAGs
[2024-07-01T18:41:46.715+0000] {logging_mixin.py:188} INFO - [2024-07-01T18:41:46.715+0000] {dag.py:3954} INFO - Setting next_dagrun for example_setup_teardown to 2024-06-30 00:00:00+00:00, run_after=2024-07-01 00:00:00+00:00
[2024-07-01T18:41:46.795+0000] {processor.py:183} INFO - Processing /home/airflow/.local/lib/python3.12/site-packages/airflow/example_dags/example_setup_teardown.py took 0.235 seconds
[2024-07-01T18:42:18.121+0000] {processor.py:161} INFO - Started process (PID=315) to work on /home/airflow/.local/lib/python3.12/site-packages/airflow/example_dags/example_setup_teardown.py
[2024-07-01T18:42:18.124+0000] {processor.py:830} INFO - Processing file /home/airflow/.local/lib/python3.12/site-packages/airflow/example_dags/example_setup_teardown.py for tasks to queue
[2024-07-01T18:42:18.136+0000] {logging_mixin.py:188} INFO - [2024-07-01T18:42:18.135+0000] {dagbag.py:545} INFO - Filling up the DagBag from /home/airflow/.local/lib/python3.12/site-packages/airflow/example_dags/example_setup_teardown.py
[2024-07-01T18:42:18.177+0000] {processor.py:840} INFO - DAG(s) 'example_setup_teardown' retrieved from /home/airflow/.local/lib/python3.12/site-packages/airflow/example_dags/example_setup_teardown.py
[2024-07-01T18:42:18.301+0000] {logging_mixin.py:188} INFO - [2024-07-01T18:42:18.300+0000] {dag.py:3096} INFO - Sync 1 DAGs
[2024-07-01T18:42:18.419+0000] {logging_mixin.py:188} INFO - [2024-07-01T18:42:18.418+0000] {dag.py:3954} INFO - Setting next_dagrun for example_setup_teardown to 2024-06-30 00:00:00+00:00, run_after=2024-07-01 00:00:00+00:00
[2024-07-01T18:42:18.529+0000] {processor.py:183} INFO - Processing /home/airflow/.local/lib/python3.12/site-packages/airflow/example_dags/example_setup_teardown.py took 0.429 seconds
[2024-07-01T18:42:49.322+0000] {processor.py:161} INFO - Started process (PID=372) to work on /home/airflow/.local/lib/python3.12/site-packages/airflow/example_dags/example_setup_teardown.py
[2024-07-01T18:42:49.325+0000] {processor.py:830} INFO - Processing file /home/airflow/.local/lib/python3.12/site-packages/airflow/example_dags/example_setup_teardown.py for tasks to queue
[2024-07-01T18:42:49.329+0000] {logging_mixin.py:188} INFO - [2024-07-01T18:42:49.329+0000] {dagbag.py:545} INFO - Filling up the DagBag from /home/airflow/.local/lib/python3.12/site-packages/airflow/example_dags/example_setup_teardown.py
[2024-07-01T18:42:49.350+0000] {processor.py:840} INFO - DAG(s) 'example_setup_teardown' retrieved from /home/airflow/.local/lib/python3.12/site-packages/airflow/example_dags/example_setup_teardown.py
[2024-07-01T18:42:49.425+0000] {logging_mixin.py:188} INFO - [2024-07-01T18:42:49.424+0000] {dag.py:3096} INFO - Sync 1 DAGs
[2024-07-01T18:42:49.533+0000] {logging_mixin.py:188} INFO - [2024-07-01T18:42:49.532+0000] {dag.py:3954} INFO - Setting next_dagrun for example_setup_teardown to 2024-06-30 00:00:00+00:00, run_after=2024-07-01 00:00:00+00:00
[2024-07-01T18:42:49.641+0000] {processor.py:183} INFO - Processing /home/airflow/.local/lib/python3.12/site-packages/airflow/example_dags/example_setup_teardown.py took 0.335 seconds
[2024-07-01T18:43:20.072+0000] {processor.py:161} INFO - Started process (PID=429) to work on /home/airflow/.local/lib/python3.12/site-packages/airflow/example_dags/example_setup_teardown.py
[2024-07-01T18:43:20.075+0000] {processor.py:830} INFO - Processing file /home/airflow/.local/lib/python3.12/site-packages/airflow/example_dags/example_setup_teardown.py for tasks to queue
[2024-07-01T18:43:20.079+0000] {logging_mixin.py:188} INFO - [2024-07-01T18:43:20.078+0000] {dagbag.py:545} INFO - Filling up the DagBag from /home/airflow/.local/lib/python3.12/site-packages/airflow/example_dags/example_setup_teardown.py
[2024-07-01T18:43:20.102+0000] {processor.py:840} INFO - DAG(s) 'example_setup_teardown' retrieved from /home/airflow/.local/lib/python3.12/site-packages/airflow/example_dags/example_setup_teardown.py
[2024-07-01T18:43:20.162+0000] {logging_mixin.py:188} INFO - [2024-07-01T18:43:20.161+0000] {dag.py:3096} INFO - Sync 1 DAGs
[2024-07-01T18:43:20.216+0000] {logging_mixin.py:188} INFO - [2024-07-01T18:43:20.215+0000] {dag.py:3954} INFO - Setting next_dagrun for example_setup_teardown to 2024-06-30 00:00:00+00:00, run_after=2024-07-01 00:00:00+00:00
[2024-07-01T18:43:20.266+0000] {processor.py:183} INFO - Processing /home/airflow/.local/lib/python3.12/site-packages/airflow/example_dags/example_setup_teardown.py took 0.213 seconds
[2024-07-01T18:43:50.488+0000] {processor.py:161} INFO - Started process (PID=485) to work on /home/airflow/.local/lib/python3.12/site-packages/airflow/example_dags/example_setup_teardown.py
[2024-07-01T18:43:50.490+0000] {processor.py:830} INFO - Processing file /home/airflow/.local/lib/python3.12/site-packages/airflow/example_dags/example_setup_teardown.py for tasks to queue
[2024-07-01T18:43:50.494+0000] {logging_mixin.py:188} INFO - [2024-07-01T18:43:50.493+0000] {dagbag.py:545} INFO - Filling up the DagBag from /home/airflow/.local/lib/python3.12/site-packages/airflow/example_dags/example_setup_teardown.py
[2024-07-01T18:43:50.510+0000] {processor.py:840} INFO - DAG(s) 'example_setup_teardown' retrieved from /home/airflow/.local/lib/python3.12/site-packages/airflow/example_dags/example_setup_teardown.py
[2024-07-01T18:43:50.562+0000] {logging_mixin.py:188} INFO - [2024-07-01T18:43:50.561+0000] {dag.py:3096} INFO - Sync 1 DAGs
[2024-07-01T18:43:50.620+0000] {logging_mixin.py:188} INFO - [2024-07-01T18:43:50.619+0000] {dag.py:3954} INFO - Setting next_dagrun for example_setup_teardown to 2024-06-30 00:00:00+00:00, run_after=2024-07-01 00:00:00+00:00
[2024-07-01T18:43:50.667+0000] {processor.py:183} INFO - Processing /home/airflow/.local/lib/python3.12/site-packages/airflow/example_dags/example_setup_teardown.py took 0.191 seconds
[2024-07-01T18:44:21.180+0000] {processor.py:161} INFO - Started process (PID=543) to work on /home/airflow/.local/lib/python3.12/site-packages/airflow/example_dags/example_setup_teardown.py
[2024-07-01T18:44:21.182+0000] {processor.py:830} INFO - Processing file /home/airflow/.local/lib/python3.12/site-packages/airflow/example_dags/example_setup_teardown.py for tasks to queue
[2024-07-01T18:44:21.185+0000] {logging_mixin.py:188} INFO - [2024-07-01T18:44:21.184+0000] {dagbag.py:545} INFO - Filling up the DagBag from /home/airflow/.local/lib/python3.12/site-packages/airflow/example_dags/example_setup_teardown.py
[2024-07-01T18:44:21.199+0000] {processor.py:840} INFO - DAG(s) 'example_setup_teardown' retrieved from /home/airflow/.local/lib/python3.12/site-packages/airflow/example_dags/example_setup_teardown.py
[2024-07-01T18:44:21.229+0000] {logging_mixin.py:188} INFO - [2024-07-01T18:44:21.229+0000] {dag.py:3096} INFO - Sync 1 DAGs
[2024-07-01T18:44:21.266+0000] {logging_mixin.py:188} INFO - [2024-07-01T18:44:21.265+0000] {dag.py:3954} INFO - Setting next_dagrun for example_setup_teardown to 2024-06-30 00:00:00+00:00, run_after=2024-07-01 00:00:00+00:00
[2024-07-01T18:44:21.303+0000] {processor.py:183} INFO - Processing /home/airflow/.local/lib/python3.12/site-packages/airflow/example_dags/example_setup_teardown.py took 0.131 seconds
