[2024-07-01T18:39:51.039+0000] {processor.py:161} INFO - Started process (PID=41) to work on /home/airflow/.local/lib/python3.12/site-packages/airflow/example_dags/example_xcomargs.py
[2024-07-01T18:39:51.044+0000] {processor.py:830} INFO - Processing file /home/airflow/.local/lib/python3.12/site-packages/airflow/example_dags/example_xcomargs.py for tasks to queue
[2024-07-01T18:39:51.051+0000] {logging_mixin.py:188} INFO - [2024-07-01T18:39:51.050+0000] {dagbag.py:545} INFO - Filling up the DagBag from /home/airflow/.local/lib/python3.12/site-packages/airflow/example_dags/example_xcomargs.py
[2024-07-01T18:39:51.086+0000] {processor.py:840} INFO - DAG(s) 'example_xcom_args_with_operators', 'example_xcom_args' retrieved from /home/airflow/.local/lib/python3.12/site-packages/airflow/example_dags/example_xcomargs.py
[2024-07-01T18:39:51.601+0000] {logging_mixin.py:188} INFO - [2024-07-01T18:39:51.598+0000] {override.py:1829} INFO - Created Permission View: can read on DAG:example_xcom_args_with_operators
[2024-07-01T18:39:51.665+0000] {logging_mixin.py:188} INFO - [2024-07-01T18:39:51.664+0000] {override.py:1829} INFO - Created Permission View: can delete on DAG:example_xcom_args_with_operators
[2024-07-01T18:39:51.712+0000] {logging_mixin.py:188} INFO - [2024-07-01T18:39:51.711+0000] {override.py:1829} INFO - Created Permission View: can edit on DAG:example_xcom_args_with_operators
[2024-07-01T18:39:51.817+0000] {logging_mixin.py:188} INFO - [2024-07-01T18:39:51.816+0000] {override.py:1829} INFO - Created Permission View: can read on DAG:example_xcom_args
[2024-07-01T18:39:51.906+0000] {logging_mixin.py:188} INFO - [2024-07-01T18:39:51.905+0000] {override.py:1829} INFO - Created Permission View: can delete on DAG:example_xcom_args
[2024-07-01T18:39:51.945+0000] {logging_mixin.py:188} INFO - [2024-07-01T18:39:51.944+0000] {override.py:1829} INFO - Created Permission View: can edit on DAG:example_xcom_args
[2024-07-01T18:39:51.947+0000] {logging_mixin.py:188} INFO - [2024-07-01T18:39:51.946+0000] {dag.py:3096} INFO - Sync 2 DAGs
[2024-07-01T18:39:52.036+0000] {logging_mixin.py:188} INFO - [2024-07-01T18:39:52.036+0000] {dag.py:3118} INFO - Creating ORM DAG for example_xcom_args_with_operators
[2024-07-01T18:39:52.040+0000] {logging_mixin.py:188} INFO - [2024-07-01T18:39:52.039+0000] {dag.py:3118} INFO - Creating ORM DAG for example_xcom_args
[2024-07-01T18:39:52.044+0000] {logging_mixin.py:188} INFO - [2024-07-01T18:39:52.043+0000] {dag.py:3954} INFO - Setting next_dagrun for example_xcom_args to None, run_after=None
[2024-07-01T18:39:52.050+0000] {logging_mixin.py:188} INFO - [2024-07-01T18:39:52.047+0000] {dag.py:3954} INFO - Setting next_dagrun for example_xcom_args_with_operators to None, run_after=None
[2024-07-01T18:39:52.257+0000] {processor.py:183} INFO - Processing /home/airflow/.local/lib/python3.12/site-packages/airflow/example_dags/example_xcomargs.py took 1.239 seconds
[2024-07-01T18:40:22.662+0000] {processor.py:161} INFO - Started process (PID=99) to work on /home/airflow/.local/lib/python3.12/site-packages/airflow/example_dags/example_xcomargs.py
[2024-07-01T18:40:22.673+0000] {processor.py:830} INFO - Processing file /home/airflow/.local/lib/python3.12/site-packages/airflow/example_dags/example_xcomargs.py for tasks to queue
[2024-07-01T18:40:22.679+0000] {logging_mixin.py:188} INFO - [2024-07-01T18:40:22.678+0000] {dagbag.py:545} INFO - Filling up the DagBag from /home/airflow/.local/lib/python3.12/site-packages/airflow/example_dags/example_xcomargs.py
[2024-07-01T18:40:22.726+0000] {processor.py:840} INFO - DAG(s) 'example_xcom_args_with_operators', 'example_xcom_args' retrieved from /home/airflow/.local/lib/python3.12/site-packages/airflow/example_dags/example_xcomargs.py
[2024-07-01T18:40:23.063+0000] {logging_mixin.py:188} INFO - [2024-07-01T18:40:23.062+0000] {dag.py:3096} INFO - Sync 2 DAGs
[2024-07-01T18:40:23.153+0000] {logging_mixin.py:188} INFO - [2024-07-01T18:40:23.148+0000] {dag.py:3954} INFO - Setting next_dagrun for example_xcom_args to None, run_after=None
[2024-07-01T18:40:23.191+0000] {logging_mixin.py:188} INFO - [2024-07-01T18:40:23.190+0000] {dag.py:3954} INFO - Setting next_dagrun for example_xcom_args_with_operators to None, run_after=None
[2024-07-01T18:40:23.335+0000] {processor.py:183} INFO - Processing /home/airflow/.local/lib/python3.12/site-packages/airflow/example_dags/example_xcomargs.py took 0.706 seconds
[2024-07-01T18:40:53.561+0000] {processor.py:161} INFO - Started process (PID=155) to work on /home/airflow/.local/lib/python3.12/site-packages/airflow/example_dags/example_xcomargs.py
[2024-07-01T18:40:53.571+0000] {processor.py:830} INFO - Processing file /home/airflow/.local/lib/python3.12/site-packages/airflow/example_dags/example_xcomargs.py for tasks to queue
[2024-07-01T18:40:53.575+0000] {logging_mixin.py:188} INFO - [2024-07-01T18:40:53.574+0000] {dagbag.py:545} INFO - Filling up the DagBag from /home/airflow/.local/lib/python3.12/site-packages/airflow/example_dags/example_xcomargs.py
[2024-07-01T18:40:53.625+0000] {processor.py:840} INFO - DAG(s) 'example_xcom_args_with_operators', 'example_xcom_args' retrieved from /home/airflow/.local/lib/python3.12/site-packages/airflow/example_dags/example_xcomargs.py
[2024-07-01T18:40:53.704+0000] {logging_mixin.py:188} INFO - [2024-07-01T18:40:53.703+0000] {dag.py:3096} INFO - Sync 2 DAGs
[2024-07-01T18:40:53.773+0000] {logging_mixin.py:188} INFO - [2024-07-01T18:40:53.771+0000] {dag.py:3954} INFO - Setting next_dagrun for example_xcom_args to None, run_after=None
[2024-07-01T18:40:53.794+0000] {logging_mixin.py:188} INFO - [2024-07-01T18:40:53.793+0000] {dag.py:3954} INFO - Setting next_dagrun for example_xcom_args_with_operators to None, run_after=None
[2024-07-01T18:40:53.863+0000] {processor.py:183} INFO - Processing /home/airflow/.local/lib/python3.12/site-packages/airflow/example_dags/example_xcomargs.py took 0.336 seconds
[2024-07-01T18:41:24.030+0000] {processor.py:161} INFO - Started process (PID=213) to work on /home/airflow/.local/lib/python3.12/site-packages/airflow/example_dags/example_xcomargs.py
[2024-07-01T18:41:24.033+0000] {processor.py:830} INFO - Processing file /home/airflow/.local/lib/python3.12/site-packages/airflow/example_dags/example_xcomargs.py for tasks to queue
[2024-07-01T18:41:24.038+0000] {logging_mixin.py:188} INFO - [2024-07-01T18:41:24.037+0000] {dagbag.py:545} INFO - Filling up the DagBag from /home/airflow/.local/lib/python3.12/site-packages/airflow/example_dags/example_xcomargs.py
[2024-07-01T18:41:24.062+0000] {processor.py:840} INFO - DAG(s) 'example_xcom_args', 'example_xcom_args_with_operators' retrieved from /home/airflow/.local/lib/python3.12/site-packages/airflow/example_dags/example_xcomargs.py
[2024-07-01T18:41:24.135+0000] {logging_mixin.py:188} INFO - [2024-07-01T18:41:24.134+0000] {dag.py:3096} INFO - Sync 2 DAGs
[2024-07-01T18:41:24.189+0000] {logging_mixin.py:188} INFO - [2024-07-01T18:41:24.187+0000] {dag.py:3954} INFO - Setting next_dagrun for example_xcom_args to None, run_after=None
[2024-07-01T18:41:24.203+0000] {logging_mixin.py:188} INFO - [2024-07-01T18:41:24.203+0000] {dag.py:3954} INFO - Setting next_dagrun for example_xcom_args_with_operators to None, run_after=None
[2024-07-01T18:41:24.308+0000] {processor.py:183} INFO - Processing /home/airflow/.local/lib/python3.12/site-packages/airflow/example_dags/example_xcomargs.py took 0.293 seconds
[2024-07-01T18:41:55.185+0000] {processor.py:161} INFO - Started process (PID=271) to work on /home/airflow/.local/lib/python3.12/site-packages/airflow/example_dags/example_xcomargs.py
[2024-07-01T18:41:55.223+0000] {processor.py:830} INFO - Processing file /home/airflow/.local/lib/python3.12/site-packages/airflow/example_dags/example_xcomargs.py for tasks to queue
[2024-07-01T18:41:55.266+0000] {logging_mixin.py:188} INFO - [2024-07-01T18:41:55.265+0000] {dagbag.py:545} INFO - Filling up the DagBag from /home/airflow/.local/lib/python3.12/site-packages/airflow/example_dags/example_xcomargs.py
[2024-07-01T18:41:55.347+0000] {processor.py:840} INFO - DAG(s) 'example_xcom_args_with_operators', 'example_xcom_args' retrieved from /home/airflow/.local/lib/python3.12/site-packages/airflow/example_dags/example_xcomargs.py
[2024-07-01T18:41:55.522+0000] {logging_mixin.py:188} INFO - [2024-07-01T18:41:55.521+0000] {dag.py:3096} INFO - Sync 2 DAGs
[2024-07-01T18:41:55.639+0000] {logging_mixin.py:188} INFO - [2024-07-01T18:41:55.638+0000] {dag.py:3954} INFO - Setting next_dagrun for example_xcom_args to None, run_after=None
[2024-07-01T18:41:55.667+0000] {logging_mixin.py:188} INFO - [2024-07-01T18:41:55.667+0000] {dag.py:3954} INFO - Setting next_dagrun for example_xcom_args_with_operators to None, run_after=None
[2024-07-01T18:41:55.776+0000] {processor.py:183} INFO - Processing /home/airflow/.local/lib/python3.12/site-packages/airflow/example_dags/example_xcomargs.py took 0.624 seconds
[2024-07-01T18:42:26.317+0000] {processor.py:161} INFO - Started process (PID=334) to work on /home/airflow/.local/lib/python3.12/site-packages/airflow/example_dags/example_xcomargs.py
[2024-07-01T18:42:26.320+0000] {processor.py:830} INFO - Processing file /home/airflow/.local/lib/python3.12/site-packages/airflow/example_dags/example_xcomargs.py for tasks to queue
[2024-07-01T18:42:26.324+0000] {logging_mixin.py:188} INFO - [2024-07-01T18:42:26.324+0000] {dagbag.py:545} INFO - Filling up the DagBag from /home/airflow/.local/lib/python3.12/site-packages/airflow/example_dags/example_xcomargs.py
[2024-07-01T18:42:26.354+0000] {processor.py:840} INFO - DAG(s) 'example_xcom_args_with_operators', 'example_xcom_args' retrieved from /home/airflow/.local/lib/python3.12/site-packages/airflow/example_dags/example_xcomargs.py
[2024-07-01T18:42:26.425+0000] {logging_mixin.py:188} INFO - [2024-07-01T18:42:26.424+0000] {dag.py:3096} INFO - Sync 2 DAGs
[2024-07-01T18:42:26.466+0000] {logging_mixin.py:188} INFO - [2024-07-01T18:42:26.465+0000] {dag.py:3954} INFO - Setting next_dagrun for example_xcom_args to None, run_after=None
[2024-07-01T18:42:26.484+0000] {logging_mixin.py:188} INFO - [2024-07-01T18:42:26.483+0000] {dag.py:3954} INFO - Setting next_dagrun for example_xcom_args_with_operators to None, run_after=None
[2024-07-01T18:42:26.537+0000] {processor.py:183} INFO - Processing /home/airflow/.local/lib/python3.12/site-packages/airflow/example_dags/example_xcomargs.py took 0.237 seconds
[2024-07-01T18:42:56.701+0000] {processor.py:161} INFO - Started process (PID=392) to work on /home/airflow/.local/lib/python3.12/site-packages/airflow/example_dags/example_xcomargs.py
[2024-07-01T18:42:56.704+0000] {processor.py:830} INFO - Processing file /home/airflow/.local/lib/python3.12/site-packages/airflow/example_dags/example_xcomargs.py for tasks to queue
[2024-07-01T18:42:56.709+0000] {logging_mixin.py:188} INFO - [2024-07-01T18:42:56.709+0000] {dagbag.py:545} INFO - Filling up the DagBag from /home/airflow/.local/lib/python3.12/site-packages/airflow/example_dags/example_xcomargs.py
[2024-07-01T18:42:56.737+0000] {processor.py:840} INFO - DAG(s) 'example_xcom_args', 'example_xcom_args_with_operators' retrieved from /home/airflow/.local/lib/python3.12/site-packages/airflow/example_dags/example_xcomargs.py
[2024-07-01T18:42:56.820+0000] {logging_mixin.py:188} INFO - [2024-07-01T18:42:56.819+0000] {dag.py:3096} INFO - Sync 2 DAGs
[2024-07-01T18:42:56.879+0000] {logging_mixin.py:188} INFO - [2024-07-01T18:42:56.878+0000] {dag.py:3954} INFO - Setting next_dagrun for example_xcom_args to None, run_after=None
[2024-07-01T18:42:56.890+0000] {logging_mixin.py:188} INFO - [2024-07-01T18:42:56.890+0000] {dag.py:3954} INFO - Setting next_dagrun for example_xcom_args_with_operators to None, run_after=None
[2024-07-01T18:42:56.947+0000] {processor.py:183} INFO - Processing /home/airflow/.local/lib/python3.12/site-packages/airflow/example_dags/example_xcomargs.py took 0.261 seconds
[2024-07-01T18:43:27.123+0000] {processor.py:161} INFO - Started process (PID=450) to work on /home/airflow/.local/lib/python3.12/site-packages/airflow/example_dags/example_xcomargs.py
[2024-07-01T18:43:27.128+0000] {processor.py:830} INFO - Processing file /home/airflow/.local/lib/python3.12/site-packages/airflow/example_dags/example_xcomargs.py for tasks to queue
[2024-07-01T18:43:27.133+0000] {logging_mixin.py:188} INFO - [2024-07-01T18:43:27.132+0000] {dagbag.py:545} INFO - Filling up the DagBag from /home/airflow/.local/lib/python3.12/site-packages/airflow/example_dags/example_xcomargs.py
[2024-07-01T18:43:27.173+0000] {processor.py:840} INFO - DAG(s) 'example_xcom_args', 'example_xcom_args_with_operators' retrieved from /home/airflow/.local/lib/python3.12/site-packages/airflow/example_dags/example_xcomargs.py
[2024-07-01T18:43:27.256+0000] {logging_mixin.py:188} INFO - [2024-07-01T18:43:27.255+0000] {dag.py:3096} INFO - Sync 2 DAGs
[2024-07-01T18:43:27.300+0000] {logging_mixin.py:188} INFO - [2024-07-01T18:43:27.300+0000] {dag.py:3954} INFO - Setting next_dagrun for example_xcom_args to None, run_after=None
[2024-07-01T18:43:27.310+0000] {logging_mixin.py:188} INFO - [2024-07-01T18:43:27.309+0000] {dag.py:3954} INFO - Setting next_dagrun for example_xcom_args_with_operators to None, run_after=None
[2024-07-01T18:43:27.360+0000] {processor.py:183} INFO - Processing /home/airflow/.local/lib/python3.12/site-packages/airflow/example_dags/example_xcomargs.py took 0.259 seconds
[2024-07-01T18:43:57.509+0000] {processor.py:161} INFO - Started process (PID=508) to work on /home/airflow/.local/lib/python3.12/site-packages/airflow/example_dags/example_xcomargs.py
[2024-07-01T18:43:57.524+0000] {processor.py:830} INFO - Processing file /home/airflow/.local/lib/python3.12/site-packages/airflow/example_dags/example_xcomargs.py for tasks to queue
[2024-07-01T18:43:57.527+0000] {logging_mixin.py:188} INFO - [2024-07-01T18:43:57.526+0000] {dagbag.py:545} INFO - Filling up the DagBag from /home/airflow/.local/lib/python3.12/site-packages/airflow/example_dags/example_xcomargs.py
[2024-07-01T18:43:57.541+0000] {processor.py:840} INFO - DAG(s) 'example_xcom_args_with_operators', 'example_xcom_args' retrieved from /home/airflow/.local/lib/python3.12/site-packages/airflow/example_dags/example_xcomargs.py
[2024-07-01T18:43:57.587+0000] {logging_mixin.py:188} INFO - [2024-07-01T18:43:57.587+0000] {dag.py:3096} INFO - Sync 2 DAGs
[2024-07-01T18:43:57.624+0000] {logging_mixin.py:188} INFO - [2024-07-01T18:43:57.623+0000] {dag.py:3954} INFO - Setting next_dagrun for example_xcom_args to None, run_after=None
[2024-07-01T18:43:57.632+0000] {logging_mixin.py:188} INFO - [2024-07-01T18:43:57.631+0000] {dag.py:3954} INFO - Setting next_dagrun for example_xcom_args_with_operators to None, run_after=None
[2024-07-01T18:43:57.689+0000] {processor.py:183} INFO - Processing /home/airflow/.local/lib/python3.12/site-packages/airflow/example_dags/example_xcomargs.py took 0.188 seconds
