[2024-07-01T18:40:03.280+0000] {processor.py:161} INFO - Started process (PID=68) to work on /home/airflow/.local/lib/python3.12/site-packages/airflow/example_dags/example_complex.py
[2024-07-01T18:40:03.283+0000] {processor.py:830} INFO - Processing file /home/airflow/.local/lib/python3.12/site-packages/airflow/example_dags/example_complex.py for tasks to queue
[2024-07-01T18:40:03.288+0000] {logging_mixin.py:188} INFO - [2024-07-01T18:40:03.287+0000] {dagbag.py:545} INFO - Filling up the DagBag from /home/airflow/.local/lib/python3.12/site-packages/airflow/example_dags/example_complex.py
[2024-07-01T18:40:03.346+0000] {processor.py:840} INFO - DAG(s) 'example_complex' retrieved from /home/airflow/.local/lib/python3.12/site-packages/airflow/example_dags/example_complex.py
[2024-07-01T18:40:03.893+0000] {logging_mixin.py:188} INFO - [2024-07-01T18:40:03.891+0000] {override.py:1829} INFO - Created Permission View: can read on DAG:example_complex
[2024-07-01T18:40:03.934+0000] {logging_mixin.py:188} INFO - [2024-07-01T18:40:03.933+0000] {override.py:1829} INFO - Created Permission View: can delete on DAG:example_complex
[2024-07-01T18:40:03.973+0000] {logging_mixin.py:188} INFO - [2024-07-01T18:40:03.972+0000] {override.py:1829} INFO - Created Permission View: can edit on DAG:example_complex
[2024-07-01T18:40:03.978+0000] {logging_mixin.py:188} INFO - [2024-07-01T18:40:03.977+0000] {dag.py:3096} INFO - Sync 1 DAGs
[2024-07-01T18:40:04.026+0000] {logging_mixin.py:188} INFO - [2024-07-01T18:40:04.026+0000] {dag.py:3118} INFO - Creating ORM DAG for example_complex
[2024-07-01T18:40:04.040+0000] {logging_mixin.py:188} INFO - [2024-07-01T18:40:04.039+0000] {dag.py:3954} INFO - Setting next_dagrun for example_complex to None, run_after=None
[2024-07-01T18:40:04.201+0000] {processor.py:183} INFO - Processing /home/airflow/.local/lib/python3.12/site-packages/airflow/example_dags/example_complex.py took 0.937 seconds
[2024-07-01T18:40:34.388+0000] {processor.py:161} INFO - Started process (PID=126) to work on /home/airflow/.local/lib/python3.12/site-packages/airflow/example_dags/example_complex.py
[2024-07-01T18:40:34.390+0000] {processor.py:830} INFO - Processing file /home/airflow/.local/lib/python3.12/site-packages/airflow/example_dags/example_complex.py for tasks to queue
[2024-07-01T18:40:34.410+0000] {logging_mixin.py:188} INFO - [2024-07-01T18:40:34.407+0000] {dagbag.py:545} INFO - Filling up the DagBag from /home/airflow/.local/lib/python3.12/site-packages/airflow/example_dags/example_complex.py
[2024-07-01T18:40:34.476+0000] {processor.py:840} INFO - DAG(s) 'example_complex' retrieved from /home/airflow/.local/lib/python3.12/site-packages/airflow/example_dags/example_complex.py
[2024-07-01T18:40:34.682+0000] {logging_mixin.py:188} INFO - [2024-07-01T18:40:34.681+0000] {dag.py:3096} INFO - Sync 1 DAGs
[2024-07-01T18:40:34.752+0000] {logging_mixin.py:188} INFO - [2024-07-01T18:40:34.751+0000] {dag.py:3954} INFO - Setting next_dagrun for example_complex to None, run_after=None
[2024-07-01T18:40:34.843+0000] {processor.py:183} INFO - Processing /home/airflow/.local/lib/python3.12/site-packages/airflow/example_dags/example_complex.py took 0.492 seconds
[2024-07-01T18:41:07.468+0000] {processor.py:161} INFO - Started process (PID=184) to work on /home/airflow/.local/lib/python3.12/site-packages/airflow/example_dags/example_complex.py
[2024-07-01T18:41:07.474+0000] {processor.py:830} INFO - Processing file /home/airflow/.local/lib/python3.12/site-packages/airflow/example_dags/example_complex.py for tasks to queue
[2024-07-01T18:41:07.479+0000] {logging_mixin.py:188} INFO - [2024-07-01T18:41:07.478+0000] {dagbag.py:545} INFO - Filling up the DagBag from /home/airflow/.local/lib/python3.12/site-packages/airflow/example_dags/example_complex.py
[2024-07-01T18:41:07.529+0000] {processor.py:840} INFO - DAG(s) 'example_complex' retrieved from /home/airflow/.local/lib/python3.12/site-packages/airflow/example_dags/example_complex.py
[2024-07-01T18:41:07.664+0000] {logging_mixin.py:188} INFO - [2024-07-01T18:41:07.663+0000] {dag.py:3096} INFO - Sync 1 DAGs
[2024-07-01T18:41:07.713+0000] {logging_mixin.py:188} INFO - [2024-07-01T18:41:07.712+0000] {dag.py:3954} INFO - Setting next_dagrun for example_complex to None, run_after=None
[2024-07-01T18:41:07.811+0000] {processor.py:183} INFO - Processing /home/airflow/.local/lib/python3.12/site-packages/airflow/example_dags/example_complex.py took 0.372 seconds
[2024-07-01T18:41:38.334+0000] {processor.py:161} INFO - Started process (PID=241) to work on /home/airflow/.local/lib/python3.12/site-packages/airflow/example_dags/example_complex.py
[2024-07-01T18:41:38.337+0000] {processor.py:830} INFO - Processing file /home/airflow/.local/lib/python3.12/site-packages/airflow/example_dags/example_complex.py for tasks to queue
[2024-07-01T18:41:38.343+0000] {logging_mixin.py:188} INFO - [2024-07-01T18:41:38.342+0000] {dagbag.py:545} INFO - Filling up the DagBag from /home/airflow/.local/lib/python3.12/site-packages/airflow/example_dags/example_complex.py
[2024-07-01T18:41:38.383+0000] {processor.py:840} INFO - DAG(s) 'example_complex' retrieved from /home/airflow/.local/lib/python3.12/site-packages/airflow/example_dags/example_complex.py
[2024-07-01T18:41:38.613+0000] {logging_mixin.py:188} INFO - [2024-07-01T18:41:38.609+0000] {dag.py:3096} INFO - Sync 1 DAGs
[2024-07-01T18:41:38.694+0000] {logging_mixin.py:188} INFO - [2024-07-01T18:41:38.693+0000] {dag.py:3954} INFO - Setting next_dagrun for example_complex to None, run_after=None
[2024-07-01T18:41:38.755+0000] {processor.py:183} INFO - Processing /home/airflow/.local/lib/python3.12/site-packages/airflow/example_dags/example_complex.py took 0.439 seconds
[2024-07-01T18:42:09.460+0000] {processor.py:161} INFO - Started process (PID=298) to work on /home/airflow/.local/lib/python3.12/site-packages/airflow/example_dags/example_complex.py
[2024-07-01T18:42:09.470+0000] {processor.py:830} INFO - Processing file /home/airflow/.local/lib/python3.12/site-packages/airflow/example_dags/example_complex.py for tasks to queue
[2024-07-01T18:42:09.477+0000] {logging_mixin.py:188} INFO - [2024-07-01T18:42:09.475+0000] {dagbag.py:545} INFO - Filling up the DagBag from /home/airflow/.local/lib/python3.12/site-packages/airflow/example_dags/example_complex.py
[2024-07-01T18:42:09.531+0000] {processor.py:840} INFO - DAG(s) 'example_complex' retrieved from /home/airflow/.local/lib/python3.12/site-packages/airflow/example_dags/example_complex.py
[2024-07-01T18:42:09.688+0000] {logging_mixin.py:188} INFO - [2024-07-01T18:42:09.687+0000] {dag.py:3096} INFO - Sync 1 DAGs
[2024-07-01T18:42:09.733+0000] {logging_mixin.py:188} INFO - [2024-07-01T18:42:09.732+0000] {dag.py:3954} INFO - Setting next_dagrun for example_complex to None, run_after=None
[2024-07-01T18:42:09.803+0000] {processor.py:183} INFO - Processing /home/airflow/.local/lib/python3.12/site-packages/airflow/example_dags/example_complex.py took 0.394 seconds
[2024-07-01T18:42:40.298+0000] {processor.py:161} INFO - Started process (PID=356) to work on /home/airflow/.local/lib/python3.12/site-packages/airflow/example_dags/example_complex.py
[2024-07-01T18:42:40.301+0000] {processor.py:830} INFO - Processing file /home/airflow/.local/lib/python3.12/site-packages/airflow/example_dags/example_complex.py for tasks to queue
[2024-07-01T18:42:40.309+0000] {logging_mixin.py:188} INFO - [2024-07-01T18:42:40.306+0000] {dagbag.py:545} INFO - Filling up the DagBag from /home/airflow/.local/lib/python3.12/site-packages/airflow/example_dags/example_complex.py
[2024-07-01T18:42:40.379+0000] {processor.py:840} INFO - DAG(s) 'example_complex' retrieved from /home/airflow/.local/lib/python3.12/site-packages/airflow/example_dags/example_complex.py
[2024-07-01T18:42:40.600+0000] {logging_mixin.py:188} INFO - [2024-07-01T18:42:40.600+0000] {dag.py:3096} INFO - Sync 1 DAGs
[2024-07-01T18:42:40.643+0000] {logging_mixin.py:188} INFO - [2024-07-01T18:42:40.642+0000] {dag.py:3954} INFO - Setting next_dagrun for example_complex to None, run_after=None
[2024-07-01T18:42:40.734+0000] {processor.py:183} INFO - Processing /home/airflow/.local/lib/python3.12/site-packages/airflow/example_dags/example_complex.py took 0.455 seconds
[2024-07-01T18:43:11.038+0000] {processor.py:161} INFO - Started process (PID=413) to work on /home/airflow/.local/lib/python3.12/site-packages/airflow/example_dags/example_complex.py
[2024-07-01T18:43:11.040+0000] {processor.py:830} INFO - Processing file /home/airflow/.local/lib/python3.12/site-packages/airflow/example_dags/example_complex.py for tasks to queue
[2024-07-01T18:43:11.043+0000] {logging_mixin.py:188} INFO - [2024-07-01T18:43:11.042+0000] {dagbag.py:545} INFO - Filling up the DagBag from /home/airflow/.local/lib/python3.12/site-packages/airflow/example_dags/example_complex.py
[2024-07-01T18:43:11.061+0000] {processor.py:840} INFO - DAG(s) 'example_complex' retrieved from /home/airflow/.local/lib/python3.12/site-packages/airflow/example_dags/example_complex.py
[2024-07-01T18:43:11.222+0000] {logging_mixin.py:188} INFO - [2024-07-01T18:43:11.221+0000] {dag.py:3096} INFO - Sync 1 DAGs
[2024-07-01T18:43:11.263+0000] {logging_mixin.py:188} INFO - [2024-07-01T18:43:11.262+0000] {dag.py:3954} INFO - Setting next_dagrun for example_complex to None, run_after=None
[2024-07-01T18:43:11.336+0000] {processor.py:183} INFO - Processing /home/airflow/.local/lib/python3.12/site-packages/airflow/example_dags/example_complex.py took 0.306 seconds
[2024-07-01T18:43:42.104+0000] {processor.py:161} INFO - Started process (PID=471) to work on /home/airflow/.local/lib/python3.12/site-packages/airflow/example_dags/example_complex.py
[2024-07-01T18:43:42.107+0000] {processor.py:830} INFO - Processing file /home/airflow/.local/lib/python3.12/site-packages/airflow/example_dags/example_complex.py for tasks to queue
[2024-07-01T18:43:42.113+0000] {logging_mixin.py:188} INFO - [2024-07-01T18:43:42.112+0000] {dagbag.py:545} INFO - Filling up the DagBag from /home/airflow/.local/lib/python3.12/site-packages/airflow/example_dags/example_complex.py
[2024-07-01T18:43:42.162+0000] {processor.py:840} INFO - DAG(s) 'example_complex' retrieved from /home/airflow/.local/lib/python3.12/site-packages/airflow/example_dags/example_complex.py
[2024-07-01T18:43:42.311+0000] {logging_mixin.py:188} INFO - [2024-07-01T18:43:42.310+0000] {dag.py:3096} INFO - Sync 1 DAGs
[2024-07-01T18:43:42.378+0000] {logging_mixin.py:188} INFO - [2024-07-01T18:43:42.377+0000] {dag.py:3954} INFO - Setting next_dagrun for example_complex to None, run_after=None
[2024-07-01T18:43:42.479+0000] {processor.py:183} INFO - Processing /home/airflow/.local/lib/python3.12/site-packages/airflow/example_dags/example_complex.py took 0.392 seconds
[2024-07-01T18:44:12.608+0000] {processor.py:161} INFO - Started process (PID=529) to work on /home/airflow/.local/lib/python3.12/site-packages/airflow/example_dags/example_complex.py
[2024-07-01T18:44:12.611+0000] {processor.py:830} INFO - Processing file /home/airflow/.local/lib/python3.12/site-packages/airflow/example_dags/example_complex.py for tasks to queue
[2024-07-01T18:44:12.619+0000] {logging_mixin.py:188} INFO - [2024-07-01T18:44:12.618+0000] {dagbag.py:545} INFO - Filling up the DagBag from /home/airflow/.local/lib/python3.12/site-packages/airflow/example_dags/example_complex.py
[2024-07-01T18:44:12.646+0000] {processor.py:840} INFO - DAG(s) 'example_complex' retrieved from /home/airflow/.local/lib/python3.12/site-packages/airflow/example_dags/example_complex.py
[2024-07-01T18:44:12.737+0000] {logging_mixin.py:188} INFO - [2024-07-01T18:44:12.736+0000] {dag.py:3096} INFO - Sync 1 DAGs
[2024-07-01T18:44:12.774+0000] {logging_mixin.py:188} INFO - [2024-07-01T18:44:12.773+0000] {dag.py:3954} INFO - Setting next_dagrun for example_complex to None, run_after=None
[2024-07-01T18:44:12.835+0000] {processor.py:183} INFO - Processing /home/airflow/.local/lib/python3.12/site-packages/airflow/example_dags/example_complex.py took 0.241 seconds
