[2024-07-01T18:39:58.993+0000] {processor.py:161} INFO - Started process (PID=59) to work on /home/airflow/.local/lib/python3.12/site-packages/airflow/example_dags/example_setup_teardown_taskflow.py
[2024-07-01T18:39:58.996+0000] {processor.py:830} INFO - Processing file /home/airflow/.local/lib/python3.12/site-packages/airflow/example_dags/example_setup_teardown_taskflow.py for tasks to queue
[2024-07-01T18:39:59.000+0000] {logging_mixin.py:188} INFO - [2024-07-01T18:39:58.999+0000] {dagbag.py:545} INFO - Filling up the DagBag from /home/airflow/.local/lib/python3.12/site-packages/airflow/example_dags/example_setup_teardown_taskflow.py
[2024-07-01T18:39:59.024+0000] {processor.py:840} INFO - DAG(s) 'example_setup_teardown_taskflow' retrieved from /home/airflow/.local/lib/python3.12/site-packages/airflow/example_dags/example_setup_teardown_taskflow.py
[2024-07-01T18:39:59.599+0000] {logging_mixin.py:188} INFO - [2024-07-01T18:39:59.598+0000] {override.py:1829} INFO - Created Permission View: can read on DAG:example_setup_teardown_taskflow
[2024-07-01T18:39:59.661+0000] {logging_mixin.py:188} INFO - [2024-07-01T18:39:59.660+0000] {override.py:1829} INFO - Created Permission View: can delete on DAG:example_setup_teardown_taskflow
[2024-07-01T18:39:59.685+0000] {logging_mixin.py:188} INFO - [2024-07-01T18:39:59.684+0000] {override.py:1829} INFO - Created Permission View: can edit on DAG:example_setup_teardown_taskflow
[2024-07-01T18:39:59.687+0000] {logging_mixin.py:188} INFO - [2024-07-01T18:39:59.687+0000] {dag.py:3096} INFO - Sync 1 DAGs
[2024-07-01T18:39:59.737+0000] {logging_mixin.py:188} INFO - [2024-07-01T18:39:59.737+0000] {dag.py:3118} INFO - Creating ORM DAG for example_setup_teardown_taskflow
[2024-07-01T18:39:59.813+0000] {logging_mixin.py:188} INFO - [2024-07-01T18:39:59.812+0000] {dag.py:3954} INFO - Setting next_dagrun for example_setup_teardown_taskflow to 2024-06-30 00:00:00+00:00, run_after=2024-07-01 00:00:00+00:00
[2024-07-01T18:39:59.874+0000] {processor.py:183} INFO - Processing /home/airflow/.local/lib/python3.12/site-packages/airflow/example_dags/example_setup_teardown_taskflow.py took 0.894 seconds
[2024-07-01T18:40:30.619+0000] {processor.py:161} INFO - Started process (PID=117) to work on /home/airflow/.local/lib/python3.12/site-packages/airflow/example_dags/example_setup_teardown_taskflow.py
[2024-07-01T18:40:30.623+0000] {processor.py:830} INFO - Processing file /home/airflow/.local/lib/python3.12/site-packages/airflow/example_dags/example_setup_teardown_taskflow.py for tasks to queue
[2024-07-01T18:40:30.629+0000] {logging_mixin.py:188} INFO - [2024-07-01T18:40:30.628+0000] {dagbag.py:545} INFO - Filling up the DagBag from /home/airflow/.local/lib/python3.12/site-packages/airflow/example_dags/example_setup_teardown_taskflow.py
[2024-07-01T18:40:30.663+0000] {processor.py:840} INFO - DAG(s) 'example_setup_teardown_taskflow' retrieved from /home/airflow/.local/lib/python3.12/site-packages/airflow/example_dags/example_setup_teardown_taskflow.py
[2024-07-01T18:40:30.757+0000] {logging_mixin.py:188} INFO - [2024-07-01T18:40:30.756+0000] {dag.py:3096} INFO - Sync 1 DAGs
[2024-07-01T18:40:30.843+0000] {logging_mixin.py:188} INFO - [2024-07-01T18:40:30.842+0000] {dag.py:3954} INFO - Setting next_dagrun for example_setup_teardown_taskflow to 2024-06-30 00:00:00+00:00, run_after=2024-07-01 00:00:00+00:00
[2024-07-01T18:40:30.895+0000] {processor.py:183} INFO - Processing /home/airflow/.local/lib/python3.12/site-packages/airflow/example_dags/example_setup_teardown_taskflow.py took 0.289 seconds
[2024-07-01T18:41:02.040+0000] {processor.py:161} INFO - Started process (PID=174) to work on /home/airflow/.local/lib/python3.12/site-packages/airflow/example_dags/example_setup_teardown_taskflow.py
[2024-07-01T18:41:02.049+0000] {processor.py:830} INFO - Processing file /home/airflow/.local/lib/python3.12/site-packages/airflow/example_dags/example_setup_teardown_taskflow.py for tasks to queue
[2024-07-01T18:41:02.068+0000] {logging_mixin.py:188} INFO - [2024-07-01T18:41:02.067+0000] {dagbag.py:545} INFO - Filling up the DagBag from /home/airflow/.local/lib/python3.12/site-packages/airflow/example_dags/example_setup_teardown_taskflow.py
[2024-07-01T18:41:02.146+0000] {processor.py:840} INFO - DAG(s) 'example_setup_teardown_taskflow' retrieved from /home/airflow/.local/lib/python3.12/site-packages/airflow/example_dags/example_setup_teardown_taskflow.py
[2024-07-01T18:41:02.360+0000] {logging_mixin.py:188} INFO - [2024-07-01T18:41:02.359+0000] {dag.py:3096} INFO - Sync 1 DAGs
[2024-07-01T18:41:02.505+0000] {logging_mixin.py:188} INFO - [2024-07-01T18:41:02.505+0000] {dag.py:3954} INFO - Setting next_dagrun for example_setup_teardown_taskflow to 2024-06-30 00:00:00+00:00, run_after=2024-07-01 00:00:00+00:00
[2024-07-01T18:41:02.708+0000] {processor.py:183} INFO - Processing /home/airflow/.local/lib/python3.12/site-packages/airflow/example_dags/example_setup_teardown_taskflow.py took 0.703 seconds
[2024-07-01T18:41:33.034+0000] {processor.py:161} INFO - Started process (PID=231) to work on /home/airflow/.local/lib/python3.12/site-packages/airflow/example_dags/example_setup_teardown_taskflow.py
[2024-07-01T18:41:33.039+0000] {processor.py:830} INFO - Processing file /home/airflow/.local/lib/python3.12/site-packages/airflow/example_dags/example_setup_teardown_taskflow.py for tasks to queue
[2024-07-01T18:41:33.044+0000] {logging_mixin.py:188} INFO - [2024-07-01T18:41:33.043+0000] {dagbag.py:545} INFO - Filling up the DagBag from /home/airflow/.local/lib/python3.12/site-packages/airflow/example_dags/example_setup_teardown_taskflow.py
[2024-07-01T18:41:33.099+0000] {processor.py:840} INFO - DAG(s) 'example_setup_teardown_taskflow' retrieved from /home/airflow/.local/lib/python3.12/site-packages/airflow/example_dags/example_setup_teardown_taskflow.py
[2024-07-01T18:41:33.234+0000] {logging_mixin.py:188} INFO - [2024-07-01T18:41:33.232+0000] {dag.py:3096} INFO - Sync 1 DAGs
[2024-07-01T18:41:33.331+0000] {logging_mixin.py:188} INFO - [2024-07-01T18:41:33.330+0000] {dag.py:3954} INFO - Setting next_dagrun for example_setup_teardown_taskflow to 2024-06-30 00:00:00+00:00, run_after=2024-07-01 00:00:00+00:00
[2024-07-01T18:41:33.468+0000] {processor.py:183} INFO - Processing /home/airflow/.local/lib/python3.12/site-packages/airflow/example_dags/example_setup_teardown_taskflow.py took 0.459 seconds
[2024-07-01T18:42:04.188+0000] {processor.py:161} INFO - Started process (PID=289) to work on /home/airflow/.local/lib/python3.12/site-packages/airflow/example_dags/example_setup_teardown_taskflow.py
[2024-07-01T18:42:04.198+0000] {processor.py:830} INFO - Processing file /home/airflow/.local/lib/python3.12/site-packages/airflow/example_dags/example_setup_teardown_taskflow.py for tasks to queue
[2024-07-01T18:42:04.201+0000] {logging_mixin.py:188} INFO - [2024-07-01T18:42:04.201+0000] {dagbag.py:545} INFO - Filling up the DagBag from /home/airflow/.local/lib/python3.12/site-packages/airflow/example_dags/example_setup_teardown_taskflow.py
[2024-07-01T18:42:04.282+0000] {processor.py:840} INFO - DAG(s) 'example_setup_teardown_taskflow' retrieved from /home/airflow/.local/lib/python3.12/site-packages/airflow/example_dags/example_setup_teardown_taskflow.py
[2024-07-01T18:42:04.459+0000] {logging_mixin.py:188} INFO - [2024-07-01T18:42:04.458+0000] {dag.py:3096} INFO - Sync 1 DAGs
[2024-07-01T18:42:04.598+0000] {logging_mixin.py:188} INFO - [2024-07-01T18:42:04.598+0000] {dag.py:3954} INFO - Setting next_dagrun for example_setup_teardown_taskflow to 2024-06-30 00:00:00+00:00, run_after=2024-07-01 00:00:00+00:00
[2024-07-01T18:42:04.719+0000] {processor.py:183} INFO - Processing /home/airflow/.local/lib/python3.12/site-packages/airflow/example_dags/example_setup_teardown_taskflow.py took 0.549 seconds
[2024-07-01T18:42:35.669+0000] {processor.py:161} INFO - Started process (PID=346) to work on /home/airflow/.local/lib/python3.12/site-packages/airflow/example_dags/example_setup_teardown_taskflow.py
[2024-07-01T18:42:35.692+0000] {processor.py:830} INFO - Processing file /home/airflow/.local/lib/python3.12/site-packages/airflow/example_dags/example_setup_teardown_taskflow.py for tasks to queue
[2024-07-01T18:42:35.712+0000] {logging_mixin.py:188} INFO - [2024-07-01T18:42:35.711+0000] {dagbag.py:545} INFO - Filling up the DagBag from /home/airflow/.local/lib/python3.12/site-packages/airflow/example_dags/example_setup_teardown_taskflow.py
[2024-07-01T18:42:35.796+0000] {processor.py:840} INFO - DAG(s) 'example_setup_teardown_taskflow' retrieved from /home/airflow/.local/lib/python3.12/site-packages/airflow/example_dags/example_setup_teardown_taskflow.py
[2024-07-01T18:42:36.012+0000] {logging_mixin.py:188} INFO - [2024-07-01T18:42:36.011+0000] {dag.py:3096} INFO - Sync 1 DAGs
[2024-07-01T18:42:36.208+0000] {logging_mixin.py:188} INFO - [2024-07-01T18:42:36.197+0000] {dag.py:3954} INFO - Setting next_dagrun for example_setup_teardown_taskflow to 2024-06-30 00:00:00+00:00, run_after=2024-07-01 00:00:00+00:00
[2024-07-01T18:42:36.353+0000] {processor.py:183} INFO - Processing /home/airflow/.local/lib/python3.12/site-packages/airflow/example_dags/example_setup_teardown_taskflow.py took 0.710 seconds
[2024-07-01T18:43:06.640+0000] {processor.py:161} INFO - Started process (PID=404) to work on /home/airflow/.local/lib/python3.12/site-packages/airflow/example_dags/example_setup_teardown_taskflow.py
[2024-07-01T18:43:06.643+0000] {processor.py:830} INFO - Processing file /home/airflow/.local/lib/python3.12/site-packages/airflow/example_dags/example_setup_teardown_taskflow.py for tasks to queue
[2024-07-01T18:43:06.647+0000] {logging_mixin.py:188} INFO - [2024-07-01T18:43:06.647+0000] {dagbag.py:545} INFO - Filling up the DagBag from /home/airflow/.local/lib/python3.12/site-packages/airflow/example_dags/example_setup_teardown_taskflow.py
[2024-07-01T18:43:06.696+0000] {processor.py:840} INFO - DAG(s) 'example_setup_teardown_taskflow' retrieved from /home/airflow/.local/lib/python3.12/site-packages/airflow/example_dags/example_setup_teardown_taskflow.py
[2024-07-01T18:43:06.776+0000] {logging_mixin.py:188} INFO - [2024-07-01T18:43:06.775+0000] {dag.py:3096} INFO - Sync 1 DAGs
[2024-07-01T18:43:06.868+0000] {logging_mixin.py:188} INFO - [2024-07-01T18:43:06.867+0000] {dag.py:3954} INFO - Setting next_dagrun for example_setup_teardown_taskflow to 2024-06-30 00:00:00+00:00, run_after=2024-07-01 00:00:00+00:00
[2024-07-01T18:43:06.939+0000] {processor.py:183} INFO - Processing /home/airflow/.local/lib/python3.12/site-packages/airflow/example_dags/example_setup_teardown_taskflow.py took 0.333 seconds
[2024-07-01T18:43:37.185+0000] {processor.py:161} INFO - Started process (PID=462) to work on /home/airflow/.local/lib/python3.12/site-packages/airflow/example_dags/example_setup_teardown_taskflow.py
[2024-07-01T18:43:37.202+0000] {processor.py:830} INFO - Processing file /home/airflow/.local/lib/python3.12/site-packages/airflow/example_dags/example_setup_teardown_taskflow.py for tasks to queue
[2024-07-01T18:43:37.208+0000] {logging_mixin.py:188} INFO - [2024-07-01T18:43:37.208+0000] {dagbag.py:545} INFO - Filling up the DagBag from /home/airflow/.local/lib/python3.12/site-packages/airflow/example_dags/example_setup_teardown_taskflow.py
[2024-07-01T18:43:37.267+0000] {processor.py:840} INFO - DAG(s) 'example_setup_teardown_taskflow' retrieved from /home/airflow/.local/lib/python3.12/site-packages/airflow/example_dags/example_setup_teardown_taskflow.py
[2024-07-01T18:43:37.449+0000] {logging_mixin.py:188} INFO - [2024-07-01T18:43:37.448+0000] {dag.py:3096} INFO - Sync 1 DAGs
[2024-07-01T18:43:37.537+0000] {logging_mixin.py:188} INFO - [2024-07-01T18:43:37.536+0000] {dag.py:3954} INFO - Setting next_dagrun for example_setup_teardown_taskflow to 2024-06-30 00:00:00+00:00, run_after=2024-07-01 00:00:00+00:00
[2024-07-01T18:43:37.626+0000] {processor.py:183} INFO - Processing /home/airflow/.local/lib/python3.12/site-packages/airflow/example_dags/example_setup_teardown_taskflow.py took 0.455 seconds
[2024-07-01T18:44:08.022+0000] {processor.py:161} INFO - Started process (PID=520) to work on /home/airflow/.local/lib/python3.12/site-packages/airflow/example_dags/example_setup_teardown_taskflow.py
[2024-07-01T18:44:08.024+0000] {processor.py:830} INFO - Processing file /home/airflow/.local/lib/python3.12/site-packages/airflow/example_dags/example_setup_teardown_taskflow.py for tasks to queue
[2024-07-01T18:44:08.027+0000] {logging_mixin.py:188} INFO - [2024-07-01T18:44:08.026+0000] {dagbag.py:545} INFO - Filling up the DagBag from /home/airflow/.local/lib/python3.12/site-packages/airflow/example_dags/example_setup_teardown_taskflow.py
[2024-07-01T18:44:08.047+0000] {processor.py:840} INFO - DAG(s) 'example_setup_teardown_taskflow' retrieved from /home/airflow/.local/lib/python3.12/site-packages/airflow/example_dags/example_setup_teardown_taskflow.py
[2024-07-01T18:44:08.096+0000] {logging_mixin.py:188} INFO - [2024-07-01T18:44:08.095+0000] {dag.py:3096} INFO - Sync 1 DAGs
[2024-07-01T18:44:08.148+0000] {logging_mixin.py:188} INFO - [2024-07-01T18:44:08.147+0000] {dag.py:3954} INFO - Setting next_dagrun for example_setup_teardown_taskflow to 2024-06-30 00:00:00+00:00, run_after=2024-07-01 00:00:00+00:00
[2024-07-01T18:44:08.201+0000] {processor.py:183} INFO - Processing /home/airflow/.local/lib/python3.12/site-packages/airflow/example_dags/example_setup_teardown_taskflow.py took 0.189 seconds
