[2024-07-01T18:39:57.036+0000] {processor.py:161} INFO - Started process (PID=55) to work on /home/airflow/.local/lib/python3.12/site-packages/airflow/example_dags/example_short_circuit_operator.py
[2024-07-01T18:39:57.042+0000] {processor.py:830} INFO - Processing file /home/airflow/.local/lib/python3.12/site-packages/airflow/example_dags/example_short_circuit_operator.py for tasks to queue
[2024-07-01T18:39:57.052+0000] {logging_mixin.py:188} INFO - [2024-07-01T18:39:57.051+0000] {dagbag.py:545} INFO - Filling up the DagBag from /home/airflow/.local/lib/python3.12/site-packages/airflow/example_dags/example_short_circuit_operator.py
[2024-07-01T18:39:57.097+0000] {processor.py:840} INFO - DAG(s) 'example_short_circuit_operator' retrieved from /home/airflow/.local/lib/python3.12/site-packages/airflow/example_dags/example_short_circuit_operator.py
[2024-07-01T18:39:57.678+0000] {logging_mixin.py:188} INFO - [2024-07-01T18:39:57.677+0000] {override.py:1829} INFO - Created Permission View: can read on DAG:example_short_circuit_operator
[2024-07-01T18:39:57.753+0000] {logging_mixin.py:188} INFO - [2024-07-01T18:39:57.752+0000] {override.py:1829} INFO - Created Permission View: can delete on DAG:example_short_circuit_operator
[2024-07-01T18:39:57.788+0000] {logging_mixin.py:188} INFO - [2024-07-01T18:39:57.788+0000] {override.py:1829} INFO - Created Permission View: can edit on DAG:example_short_circuit_operator
[2024-07-01T18:39:57.796+0000] {logging_mixin.py:188} INFO - [2024-07-01T18:39:57.792+0000] {dag.py:3096} INFO - Sync 1 DAGs
[2024-07-01T18:39:57.854+0000] {logging_mixin.py:188} INFO - [2024-07-01T18:39:57.854+0000] {dag.py:3118} INFO - Creating ORM DAG for example_short_circuit_operator
[2024-07-01T18:39:57.891+0000] {logging_mixin.py:188} INFO - [2024-07-01T18:39:57.890+0000] {dag.py:3954} INFO - Setting next_dagrun for example_short_circuit_operator to 2024-06-30 00:00:00+00:00, run_after=2024-07-01 00:00:00+00:00
[2024-07-01T18:39:57.975+0000] {processor.py:183} INFO - Processing /home/airflow/.local/lib/python3.12/site-packages/airflow/example_dags/example_short_circuit_operator.py took 0.975 seconds
[2024-07-01T18:40:28.788+0000] {processor.py:161} INFO - Started process (PID=113) to work on /home/airflow/.local/lib/python3.12/site-packages/airflow/example_dags/example_short_circuit_operator.py
[2024-07-01T18:40:28.793+0000] {processor.py:830} INFO - Processing file /home/airflow/.local/lib/python3.12/site-packages/airflow/example_dags/example_short_circuit_operator.py for tasks to queue
[2024-07-01T18:40:28.803+0000] {logging_mixin.py:188} INFO - [2024-07-01T18:40:28.801+0000] {dagbag.py:545} INFO - Filling up the DagBag from /home/airflow/.local/lib/python3.12/site-packages/airflow/example_dags/example_short_circuit_operator.py
[2024-07-01T18:40:28.837+0000] {processor.py:840} INFO - DAG(s) 'example_short_circuit_operator' retrieved from /home/airflow/.local/lib/python3.12/site-packages/airflow/example_dags/example_short_circuit_operator.py
[2024-07-01T18:40:28.916+0000] {logging_mixin.py:188} INFO - [2024-07-01T18:40:28.915+0000] {dag.py:3096} INFO - Sync 1 DAGs
[2024-07-01T18:40:29.023+0000] {logging_mixin.py:188} INFO - [2024-07-01T18:40:29.023+0000] {dag.py:3954} INFO - Setting next_dagrun for example_short_circuit_operator to 2024-06-30 00:00:00+00:00, run_after=2024-07-01 00:00:00+00:00
[2024-07-01T18:40:29.150+0000] {processor.py:183} INFO - Processing /home/airflow/.local/lib/python3.12/site-packages/airflow/example_dags/example_short_circuit_operator.py took 0.382 seconds
[2024-07-01T18:40:59.995+0000] {processor.py:161} INFO - Started process (PID=169) to work on /home/airflow/.local/lib/python3.12/site-packages/airflow/example_dags/example_short_circuit_operator.py
[2024-07-01T18:41:00.039+0000] {processor.py:830} INFO - Processing file /home/airflow/.local/lib/python3.12/site-packages/airflow/example_dags/example_short_circuit_operator.py for tasks to queue
[2024-07-01T18:41:00.089+0000] {logging_mixin.py:188} INFO - [2024-07-01T18:41:00.081+0000] {dagbag.py:545} INFO - Filling up the DagBag from /home/airflow/.local/lib/python3.12/site-packages/airflow/example_dags/example_short_circuit_operator.py
[2024-07-01T18:41:00.144+0000] {processor.py:840} INFO - DAG(s) 'example_short_circuit_operator' retrieved from /home/airflow/.local/lib/python3.12/site-packages/airflow/example_dags/example_short_circuit_operator.py
[2024-07-01T18:41:00.377+0000] {logging_mixin.py:188} INFO - [2024-07-01T18:41:00.372+0000] {dag.py:3096} INFO - Sync 1 DAGs
[2024-07-01T18:41:00.634+0000] {logging_mixin.py:188} INFO - [2024-07-01T18:41:00.633+0000] {dag.py:3954} INFO - Setting next_dagrun for example_short_circuit_operator to 2024-06-30 00:00:00+00:00, run_after=2024-07-01 00:00:00+00:00
[2024-07-01T18:41:00.789+0000] {processor.py:183} INFO - Processing /home/airflow/.local/lib/python3.12/site-packages/airflow/example_dags/example_short_circuit_operator.py took 0.855 seconds
[2024-07-01T18:41:31.302+0000] {processor.py:161} INFO - Started process (PID=228) to work on /home/airflow/.local/lib/python3.12/site-packages/airflow/example_dags/example_short_circuit_operator.py
[2024-07-01T18:41:31.305+0000] {processor.py:830} INFO - Processing file /home/airflow/.local/lib/python3.12/site-packages/airflow/example_dags/example_short_circuit_operator.py for tasks to queue
[2024-07-01T18:41:31.310+0000] {logging_mixin.py:188} INFO - [2024-07-01T18:41:31.309+0000] {dagbag.py:545} INFO - Filling up the DagBag from /home/airflow/.local/lib/python3.12/site-packages/airflow/example_dags/example_short_circuit_operator.py
[2024-07-01T18:41:31.345+0000] {processor.py:840} INFO - DAG(s) 'example_short_circuit_operator' retrieved from /home/airflow/.local/lib/python3.12/site-packages/airflow/example_dags/example_short_circuit_operator.py
[2024-07-01T18:41:31.429+0000] {logging_mixin.py:188} INFO - [2024-07-01T18:41:31.429+0000] {dag.py:3096} INFO - Sync 1 DAGs
[2024-07-01T18:41:31.498+0000] {logging_mixin.py:188} INFO - [2024-07-01T18:41:31.498+0000] {dag.py:3954} INFO - Setting next_dagrun for example_short_circuit_operator to 2024-06-30 00:00:00+00:00, run_after=2024-07-01 00:00:00+00:00
[2024-07-01T18:41:31.577+0000] {processor.py:183} INFO - Processing /home/airflow/.local/lib/python3.12/site-packages/airflow/example_dags/example_short_circuit_operator.py took 0.290 seconds
[2024-07-01T18:42:01.830+0000] {processor.py:161} INFO - Started process (PID=286) to work on /home/airflow/.local/lib/python3.12/site-packages/airflow/example_dags/example_short_circuit_operator.py
[2024-07-01T18:42:01.832+0000] {processor.py:830} INFO - Processing file /home/airflow/.local/lib/python3.12/site-packages/airflow/example_dags/example_short_circuit_operator.py for tasks to queue
[2024-07-01T18:42:01.838+0000] {logging_mixin.py:188} INFO - [2024-07-01T18:42:01.836+0000] {dagbag.py:545} INFO - Filling up the DagBag from /home/airflow/.local/lib/python3.12/site-packages/airflow/example_dags/example_short_circuit_operator.py
[2024-07-01T18:42:01.859+0000] {processor.py:840} INFO - DAG(s) 'example_short_circuit_operator' retrieved from /home/airflow/.local/lib/python3.12/site-packages/airflow/example_dags/example_short_circuit_operator.py
[2024-07-01T18:42:01.932+0000] {logging_mixin.py:188} INFO - [2024-07-01T18:42:01.932+0000] {dag.py:3096} INFO - Sync 1 DAGs
[2024-07-01T18:42:02.000+0000] {logging_mixin.py:188} INFO - [2024-07-01T18:42:02.000+0000] {dag.py:3954} INFO - Setting next_dagrun for example_short_circuit_operator to 2024-06-30 00:00:00+00:00, run_after=2024-07-01 00:00:00+00:00
[2024-07-01T18:42:02.064+0000] {processor.py:183} INFO - Processing /home/airflow/.local/lib/python3.12/site-packages/airflow/example_dags/example_short_circuit_operator.py took 0.251 seconds
[2024-07-01T18:42:32.334+0000] {processor.py:161} INFO - Started process (PID=343) to work on /home/airflow/.local/lib/python3.12/site-packages/airflow/example_dags/example_short_circuit_operator.py
[2024-07-01T18:42:32.337+0000] {processor.py:830} INFO - Processing file /home/airflow/.local/lib/python3.12/site-packages/airflow/example_dags/example_short_circuit_operator.py for tasks to queue
[2024-07-01T18:42:32.351+0000] {logging_mixin.py:188} INFO - [2024-07-01T18:42:32.342+0000] {dagbag.py:545} INFO - Filling up the DagBag from /home/airflow/.local/lib/python3.12/site-packages/airflow/example_dags/example_short_circuit_operator.py
[2024-07-01T18:42:32.402+0000] {processor.py:840} INFO - DAG(s) 'example_short_circuit_operator' retrieved from /home/airflow/.local/lib/python3.12/site-packages/airflow/example_dags/example_short_circuit_operator.py
[2024-07-01T18:42:32.561+0000] {logging_mixin.py:188} INFO - [2024-07-01T18:42:32.559+0000] {dag.py:3096} INFO - Sync 1 DAGs
[2024-07-01T18:42:32.695+0000] {logging_mixin.py:188} INFO - [2024-07-01T18:42:32.694+0000] {dag.py:3954} INFO - Setting next_dagrun for example_short_circuit_operator to 2024-06-30 00:00:00+00:00, run_after=2024-07-01 00:00:00+00:00
[2024-07-01T18:42:32.828+0000] {processor.py:183} INFO - Processing /home/airflow/.local/lib/python3.12/site-packages/airflow/example_dags/example_short_circuit_operator.py took 0.519 seconds
[2024-07-01T18:43:03.052+0000] {processor.py:161} INFO - Started process (PID=401) to work on /home/airflow/.local/lib/python3.12/site-packages/airflow/example_dags/example_short_circuit_operator.py
[2024-07-01T18:43:03.054+0000] {processor.py:830} INFO - Processing file /home/airflow/.local/lib/python3.12/site-packages/airflow/example_dags/example_short_circuit_operator.py for tasks to queue
[2024-07-01T18:43:03.058+0000] {logging_mixin.py:188} INFO - [2024-07-01T18:43:03.057+0000] {dagbag.py:545} INFO - Filling up the DagBag from /home/airflow/.local/lib/python3.12/site-packages/airflow/example_dags/example_short_circuit_operator.py
[2024-07-01T18:43:03.088+0000] {processor.py:840} INFO - DAG(s) 'example_short_circuit_operator' retrieved from /home/airflow/.local/lib/python3.12/site-packages/airflow/example_dags/example_short_circuit_operator.py
[2024-07-01T18:43:03.143+0000] {logging_mixin.py:188} INFO - [2024-07-01T18:43:03.142+0000] {dag.py:3096} INFO - Sync 1 DAGs
[2024-07-01T18:43:03.204+0000] {logging_mixin.py:188} INFO - [2024-07-01T18:43:03.204+0000] {dag.py:3954} INFO - Setting next_dagrun for example_short_circuit_operator to 2024-06-30 00:00:00+00:00, run_after=2024-07-01 00:00:00+00:00
[2024-07-01T18:43:03.259+0000] {processor.py:183} INFO - Processing /home/airflow/.local/lib/python3.12/site-packages/airflow/example_dags/example_short_circuit_operator.py took 0.220 seconds
[2024-07-01T18:43:34.048+0000] {processor.py:161} INFO - Started process (PID=459) to work on /home/airflow/.local/lib/python3.12/site-packages/airflow/example_dags/example_short_circuit_operator.py
[2024-07-01T18:43:34.061+0000] {processor.py:830} INFO - Processing file /home/airflow/.local/lib/python3.12/site-packages/airflow/example_dags/example_short_circuit_operator.py for tasks to queue
[2024-07-01T18:43:34.069+0000] {logging_mixin.py:188} INFO - [2024-07-01T18:43:34.067+0000] {dagbag.py:545} INFO - Filling up the DagBag from /home/airflow/.local/lib/python3.12/site-packages/airflow/example_dags/example_short_circuit_operator.py
[2024-07-01T18:43:34.113+0000] {processor.py:840} INFO - DAG(s) 'example_short_circuit_operator' retrieved from /home/airflow/.local/lib/python3.12/site-packages/airflow/example_dags/example_short_circuit_operator.py
[2024-07-01T18:43:34.274+0000] {logging_mixin.py:188} INFO - [2024-07-01T18:43:34.273+0000] {dag.py:3096} INFO - Sync 1 DAGs
[2024-07-01T18:43:34.373+0000] {logging_mixin.py:188} INFO - [2024-07-01T18:43:34.373+0000] {dag.py:3954} INFO - Setting next_dagrun for example_short_circuit_operator to 2024-06-30 00:00:00+00:00, run_after=2024-07-01 00:00:00+00:00
[2024-07-01T18:43:34.464+0000] {processor.py:183} INFO - Processing /home/airflow/.local/lib/python3.12/site-packages/airflow/example_dags/example_short_circuit_operator.py took 0.444 seconds
[2024-07-01T18:44:04.729+0000] {processor.py:161} INFO - Started process (PID=517) to work on /home/airflow/.local/lib/python3.12/site-packages/airflow/example_dags/example_short_circuit_operator.py
[2024-07-01T18:44:04.731+0000] {processor.py:830} INFO - Processing file /home/airflow/.local/lib/python3.12/site-packages/airflow/example_dags/example_short_circuit_operator.py for tasks to queue
[2024-07-01T18:44:04.735+0000] {logging_mixin.py:188} INFO - [2024-07-01T18:44:04.735+0000] {dagbag.py:545} INFO - Filling up the DagBag from /home/airflow/.local/lib/python3.12/site-packages/airflow/example_dags/example_short_circuit_operator.py
[2024-07-01T18:44:04.753+0000] {processor.py:840} INFO - DAG(s) 'example_short_circuit_operator' retrieved from /home/airflow/.local/lib/python3.12/site-packages/airflow/example_dags/example_short_circuit_operator.py
[2024-07-01T18:44:04.803+0000] {logging_mixin.py:188} INFO - [2024-07-01T18:44:04.802+0000] {dag.py:3096} INFO - Sync 1 DAGs
[2024-07-01T18:44:04.846+0000] {logging_mixin.py:188} INFO - [2024-07-01T18:44:04.846+0000] {dag.py:3954} INFO - Setting next_dagrun for example_short_circuit_operator to 2024-06-30 00:00:00+00:00, run_after=2024-07-01 00:00:00+00:00
[2024-07-01T18:44:04.885+0000] {processor.py:183} INFO - Processing /home/airflow/.local/lib/python3.12/site-packages/airflow/example_dags/example_short_circuit_operator.py took 0.166 seconds
