[2024-07-01T18:39:54.501+0000] {processor.py:161} INFO - Started process (PID=51) to work on /home/airflow/.local/lib/python3.12/site-packages/airflow/example_dags/example_dynamic_task_mapping_with_no_taskflow_operators.py
[2024-07-01T18:39:54.505+0000] {processor.py:830} INFO - Processing file /home/airflow/.local/lib/python3.12/site-packages/airflow/example_dags/example_dynamic_task_mapping_with_no_taskflow_operators.py for tasks to queue
[2024-07-01T18:39:54.512+0000] {logging_mixin.py:188} INFO - [2024-07-01T18:39:54.510+0000] {dagbag.py:545} INFO - Filling up the DagBag from /home/airflow/.local/lib/python3.12/site-packages/airflow/example_dags/example_dynamic_task_mapping_with_no_taskflow_operators.py
[2024-07-01T18:39:54.532+0000] {processor.py:840} INFO - DAG(s) 'example_dynamic_task_mapping_with_no_taskflow_operators' retrieved from /home/airflow/.local/lib/python3.12/site-packages/airflow/example_dags/example_dynamic_task_mapping_with_no_taskflow_operators.py
[2024-07-01T18:39:55.388+0000] {logging_mixin.py:188} INFO - [2024-07-01T18:39:55.385+0000] {override.py:1829} INFO - Created Permission View: can read on DAG:example_dynamic_task_mapping_with_no_taskflow_operators
[2024-07-01T18:39:55.535+0000] {logging_mixin.py:188} INFO - [2024-07-01T18:39:55.534+0000] {override.py:1829} INFO - Created Permission View: can delete on DAG:example_dynamic_task_mapping_with_no_taskflow_operators
[2024-07-01T18:39:55.612+0000] {logging_mixin.py:188} INFO - [2024-07-01T18:39:55.612+0000] {override.py:1829} INFO - Created Permission View: can edit on DAG:example_dynamic_task_mapping_with_no_taskflow_operators
[2024-07-01T18:39:55.615+0000] {logging_mixin.py:188} INFO - [2024-07-01T18:39:55.614+0000] {dag.py:3096} INFO - Sync 1 DAGs
[2024-07-01T18:39:55.697+0000] {logging_mixin.py:188} INFO - [2024-07-01T18:39:55.696+0000] {dag.py:3118} INFO - Creating ORM DAG for example_dynamic_task_mapping_with_no_taskflow_operators
[2024-07-01T18:39:55.764+0000] {logging_mixin.py:188} INFO - [2024-07-01T18:39:55.764+0000] {dag.py:3954} INFO - Setting next_dagrun for example_dynamic_task_mapping_with_no_taskflow_operators to 2024-06-30 00:00:00+00:00, run_after=2024-07-01 00:00:00+00:00
[2024-07-01T18:39:55.847+0000] {processor.py:183} INFO - Processing /home/airflow/.local/lib/python3.12/site-packages/airflow/example_dags/example_dynamic_task_mapping_with_no_taskflow_operators.py took 1.357 seconds
[2024-07-01T18:40:26.095+0000] {processor.py:161} INFO - Started process (PID=109) to work on /home/airflow/.local/lib/python3.12/site-packages/airflow/example_dags/example_dynamic_task_mapping_with_no_taskflow_operators.py
[2024-07-01T18:40:26.098+0000] {processor.py:830} INFO - Processing file /home/airflow/.local/lib/python3.12/site-packages/airflow/example_dags/example_dynamic_task_mapping_with_no_taskflow_operators.py for tasks to queue
[2024-07-01T18:40:26.103+0000] {logging_mixin.py:188} INFO - [2024-07-01T18:40:26.102+0000] {dagbag.py:545} INFO - Filling up the DagBag from /home/airflow/.local/lib/python3.12/site-packages/airflow/example_dags/example_dynamic_task_mapping_with_no_taskflow_operators.py
[2024-07-01T18:40:26.136+0000] {processor.py:840} INFO - DAG(s) 'example_dynamic_task_mapping_with_no_taskflow_operators' retrieved from /home/airflow/.local/lib/python3.12/site-packages/airflow/example_dags/example_dynamic_task_mapping_with_no_taskflow_operators.py
[2024-07-01T18:40:26.216+0000] {logging_mixin.py:188} INFO - [2024-07-01T18:40:26.215+0000] {dag.py:3096} INFO - Sync 1 DAGs
[2024-07-01T18:40:26.336+0000] {logging_mixin.py:188} INFO - [2024-07-01T18:40:26.335+0000] {dag.py:3954} INFO - Setting next_dagrun for example_dynamic_task_mapping_with_no_taskflow_operators to 2024-06-30 00:00:00+00:00, run_after=2024-07-01 00:00:00+00:00
[2024-07-01T18:40:26.389+0000] {processor.py:183} INFO - Processing /home/airflow/.local/lib/python3.12/site-packages/airflow/example_dags/example_dynamic_task_mapping_with_no_taskflow_operators.py took 0.308 seconds
[2024-07-01T18:40:56.807+0000] {processor.py:161} INFO - Started process (PID=165) to work on /home/airflow/.local/lib/python3.12/site-packages/airflow/example_dags/example_dynamic_task_mapping_with_no_taskflow_operators.py
[2024-07-01T18:40:56.811+0000] {processor.py:830} INFO - Processing file /home/airflow/.local/lib/python3.12/site-packages/airflow/example_dags/example_dynamic_task_mapping_with_no_taskflow_operators.py for tasks to queue
[2024-07-01T18:40:56.829+0000] {logging_mixin.py:188} INFO - [2024-07-01T18:40:56.825+0000] {dagbag.py:545} INFO - Filling up the DagBag from /home/airflow/.local/lib/python3.12/site-packages/airflow/example_dags/example_dynamic_task_mapping_with_no_taskflow_operators.py
[2024-07-01T18:40:56.875+0000] {processor.py:840} INFO - DAG(s) 'example_dynamic_task_mapping_with_no_taskflow_operators' retrieved from /home/airflow/.local/lib/python3.12/site-packages/airflow/example_dags/example_dynamic_task_mapping_with_no_taskflow_operators.py
[2024-07-01T18:40:56.998+0000] {logging_mixin.py:188} INFO - [2024-07-01T18:40:56.998+0000] {dag.py:3096} INFO - Sync 1 DAGs
[2024-07-01T18:40:57.137+0000] {logging_mixin.py:188} INFO - [2024-07-01T18:40:57.136+0000] {dag.py:3954} INFO - Setting next_dagrun for example_dynamic_task_mapping_with_no_taskflow_operators to 2024-06-30 00:00:00+00:00, run_after=2024-07-01 00:00:00+00:00
[2024-07-01T18:40:57.242+0000] {processor.py:183} INFO - Processing /home/airflow/.local/lib/python3.12/site-packages/airflow/example_dags/example_dynamic_task_mapping_with_no_taskflow_operators.py took 0.465 seconds
[2024-07-01T18:41:27.774+0000] {processor.py:161} INFO - Started process (PID=223) to work on /home/airflow/.local/lib/python3.12/site-packages/airflow/example_dags/example_dynamic_task_mapping_with_no_taskflow_operators.py
[2024-07-01T18:41:27.799+0000] {processor.py:830} INFO - Processing file /home/airflow/.local/lib/python3.12/site-packages/airflow/example_dags/example_dynamic_task_mapping_with_no_taskflow_operators.py for tasks to queue
[2024-07-01T18:41:27.812+0000] {logging_mixin.py:188} INFO - [2024-07-01T18:41:27.811+0000] {dagbag.py:545} INFO - Filling up the DagBag from /home/airflow/.local/lib/python3.12/site-packages/airflow/example_dags/example_dynamic_task_mapping_with_no_taskflow_operators.py
[2024-07-01T18:41:27.861+0000] {processor.py:840} INFO - DAG(s) 'example_dynamic_task_mapping_with_no_taskflow_operators' retrieved from /home/airflow/.local/lib/python3.12/site-packages/airflow/example_dags/example_dynamic_task_mapping_with_no_taskflow_operators.py
[2024-07-01T18:41:28.022+0000] {logging_mixin.py:188} INFO - [2024-07-01T18:41:28.021+0000] {dag.py:3096} INFO - Sync 1 DAGs
[2024-07-01T18:41:28.200+0000] {logging_mixin.py:188} INFO - [2024-07-01T18:41:28.199+0000] {dag.py:3954} INFO - Setting next_dagrun for example_dynamic_task_mapping_with_no_taskflow_operators to 2024-06-30 00:00:00+00:00, run_after=2024-07-01 00:00:00+00:00
[2024-07-01T18:41:28.352+0000] {processor.py:183} INFO - Processing /home/airflow/.local/lib/python3.12/site-packages/airflow/example_dags/example_dynamic_task_mapping_with_no_taskflow_operators.py took 0.616 seconds
[2024-07-01T18:41:59.221+0000] {processor.py:161} INFO - Started process (PID=281) to work on /home/airflow/.local/lib/python3.12/site-packages/airflow/example_dags/example_dynamic_task_mapping_with_no_taskflow_operators.py
[2024-07-01T18:41:59.224+0000] {processor.py:830} INFO - Processing file /home/airflow/.local/lib/python3.12/site-packages/airflow/example_dags/example_dynamic_task_mapping_with_no_taskflow_operators.py for tasks to queue
[2024-07-01T18:41:59.228+0000] {logging_mixin.py:188} INFO - [2024-07-01T18:41:59.227+0000] {dagbag.py:545} INFO - Filling up the DagBag from /home/airflow/.local/lib/python3.12/site-packages/airflow/example_dags/example_dynamic_task_mapping_with_no_taskflow_operators.py
[2024-07-01T18:41:59.269+0000] {processor.py:840} INFO - DAG(s) 'example_dynamic_task_mapping_with_no_taskflow_operators' retrieved from /home/airflow/.local/lib/python3.12/site-packages/airflow/example_dags/example_dynamic_task_mapping_with_no_taskflow_operators.py
[2024-07-01T18:41:59.351+0000] {logging_mixin.py:188} INFO - [2024-07-01T18:41:59.350+0000] {dag.py:3096} INFO - Sync 1 DAGs
[2024-07-01T18:41:59.475+0000] {logging_mixin.py:188} INFO - [2024-07-01T18:41:59.471+0000] {dag.py:3954} INFO - Setting next_dagrun for example_dynamic_task_mapping_with_no_taskflow_operators to 2024-06-30 00:00:00+00:00, run_after=2024-07-01 00:00:00+00:00
[2024-07-01T18:41:59.543+0000] {processor.py:183} INFO - Processing /home/airflow/.local/lib/python3.12/site-packages/airflow/example_dags/example_dynamic_task_mapping_with_no_taskflow_operators.py took 0.344 seconds
[2024-07-01T18:42:29.863+0000] {processor.py:161} INFO - Started process (PID=338) to work on /home/airflow/.local/lib/python3.12/site-packages/airflow/example_dags/example_dynamic_task_mapping_with_no_taskflow_operators.py
[2024-07-01T18:42:29.899+0000] {processor.py:830} INFO - Processing file /home/airflow/.local/lib/python3.12/site-packages/airflow/example_dags/example_dynamic_task_mapping_with_no_taskflow_operators.py for tasks to queue
[2024-07-01T18:42:29.906+0000] {logging_mixin.py:188} INFO - [2024-07-01T18:42:29.905+0000] {dagbag.py:545} INFO - Filling up the DagBag from /home/airflow/.local/lib/python3.12/site-packages/airflow/example_dags/example_dynamic_task_mapping_with_no_taskflow_operators.py
[2024-07-01T18:42:29.968+0000] {processor.py:840} INFO - DAG(s) 'example_dynamic_task_mapping_with_no_taskflow_operators' retrieved from /home/airflow/.local/lib/python3.12/site-packages/airflow/example_dags/example_dynamic_task_mapping_with_no_taskflow_operators.py
[2024-07-01T18:42:30.091+0000] {logging_mixin.py:188} INFO - [2024-07-01T18:42:30.091+0000] {dag.py:3096} INFO - Sync 1 DAGs
[2024-07-01T18:42:30.287+0000] {logging_mixin.py:188} INFO - [2024-07-01T18:42:30.278+0000] {dag.py:3954} INFO - Setting next_dagrun for example_dynamic_task_mapping_with_no_taskflow_operators to 2024-06-30 00:00:00+00:00, run_after=2024-07-01 00:00:00+00:00
[2024-07-01T18:42:30.528+0000] {processor.py:183} INFO - Processing /home/airflow/.local/lib/python3.12/site-packages/airflow/example_dags/example_dynamic_task_mapping_with_no_taskflow_operators.py took 0.695 seconds
[2024-07-01T18:43:01.116+0000] {processor.py:161} INFO - Started process (PID=396) to work on /home/airflow/.local/lib/python3.12/site-packages/airflow/example_dags/example_dynamic_task_mapping_with_no_taskflow_operators.py
[2024-07-01T18:43:01.118+0000] {processor.py:830} INFO - Processing file /home/airflow/.local/lib/python3.12/site-packages/airflow/example_dags/example_dynamic_task_mapping_with_no_taskflow_operators.py for tasks to queue
[2024-07-01T18:43:01.122+0000] {logging_mixin.py:188} INFO - [2024-07-01T18:43:01.121+0000] {dagbag.py:545} INFO - Filling up the DagBag from /home/airflow/.local/lib/python3.12/site-packages/airflow/example_dags/example_dynamic_task_mapping_with_no_taskflow_operators.py
[2024-07-01T18:43:01.145+0000] {processor.py:840} INFO - DAG(s) 'example_dynamic_task_mapping_with_no_taskflow_operators' retrieved from /home/airflow/.local/lib/python3.12/site-packages/airflow/example_dags/example_dynamic_task_mapping_with_no_taskflow_operators.py
[2024-07-01T18:43:01.209+0000] {logging_mixin.py:188} INFO - [2024-07-01T18:43:01.208+0000] {dag.py:3096} INFO - Sync 1 DAGs
[2024-07-01T18:43:01.291+0000] {logging_mixin.py:188} INFO - [2024-07-01T18:43:01.290+0000] {dag.py:3954} INFO - Setting next_dagrun for example_dynamic_task_mapping_with_no_taskflow_operators to 2024-06-30 00:00:00+00:00, run_after=2024-07-01 00:00:00+00:00
[2024-07-01T18:43:01.364+0000] {processor.py:183} INFO - Processing /home/airflow/.local/lib/python3.12/site-packages/airflow/example_dags/example_dynamic_task_mapping_with_no_taskflow_operators.py took 0.260 seconds
[2024-07-01T18:43:31.822+0000] {processor.py:161} INFO - Started process (PID=454) to work on /home/airflow/.local/lib/python3.12/site-packages/airflow/example_dags/example_dynamic_task_mapping_with_no_taskflow_operators.py
[2024-07-01T18:43:31.825+0000] {processor.py:830} INFO - Processing file /home/airflow/.local/lib/python3.12/site-packages/airflow/example_dags/example_dynamic_task_mapping_with_no_taskflow_operators.py for tasks to queue
[2024-07-01T18:43:31.834+0000] {logging_mixin.py:188} INFO - [2024-07-01T18:43:31.833+0000] {dagbag.py:545} INFO - Filling up the DagBag from /home/airflow/.local/lib/python3.12/site-packages/airflow/example_dags/example_dynamic_task_mapping_with_no_taskflow_operators.py
[2024-07-01T18:43:31.863+0000] {processor.py:840} INFO - DAG(s) 'example_dynamic_task_mapping_with_no_taskflow_operators' retrieved from /home/airflow/.local/lib/python3.12/site-packages/airflow/example_dags/example_dynamic_task_mapping_with_no_taskflow_operators.py
[2024-07-01T18:43:31.927+0000] {logging_mixin.py:188} INFO - [2024-07-01T18:43:31.926+0000] {dag.py:3096} INFO - Sync 1 DAGs
[2024-07-01T18:43:32.002+0000] {logging_mixin.py:188} INFO - [2024-07-01T18:43:32.001+0000] {dag.py:3954} INFO - Setting next_dagrun for example_dynamic_task_mapping_with_no_taskflow_operators to 2024-06-30 00:00:00+00:00, run_after=2024-07-01 00:00:00+00:00
[2024-07-01T18:43:32.065+0000] {processor.py:183} INFO - Processing /home/airflow/.local/lib/python3.12/site-packages/airflow/example_dags/example_dynamic_task_mapping_with_no_taskflow_operators.py took 0.263 seconds
[2024-07-01T18:44:03.025+0000] {processor.py:161} INFO - Started process (PID=512) to work on /home/airflow/.local/lib/python3.12/site-packages/airflow/example_dags/example_dynamic_task_mapping_with_no_taskflow_operators.py
[2024-07-01T18:44:03.027+0000] {processor.py:830} INFO - Processing file /home/airflow/.local/lib/python3.12/site-packages/airflow/example_dags/example_dynamic_task_mapping_with_no_taskflow_operators.py for tasks to queue
[2024-07-01T18:44:03.036+0000] {logging_mixin.py:188} INFO - [2024-07-01T18:44:03.035+0000] {dagbag.py:545} INFO - Filling up the DagBag from /home/airflow/.local/lib/python3.12/site-packages/airflow/example_dags/example_dynamic_task_mapping_with_no_taskflow_operators.py
[2024-07-01T18:44:03.046+0000] {processor.py:840} INFO - DAG(s) 'example_dynamic_task_mapping_with_no_taskflow_operators' retrieved from /home/airflow/.local/lib/python3.12/site-packages/airflow/example_dags/example_dynamic_task_mapping_with_no_taskflow_operators.py
[2024-07-01T18:44:03.082+0000] {logging_mixin.py:188} INFO - [2024-07-01T18:44:03.081+0000] {dag.py:3096} INFO - Sync 1 DAGs
[2024-07-01T18:44:03.126+0000] {logging_mixin.py:188} INFO - [2024-07-01T18:44:03.126+0000] {dag.py:3954} INFO - Setting next_dagrun for example_dynamic_task_mapping_with_no_taskflow_operators to 2024-06-30 00:00:00+00:00, run_after=2024-07-01 00:00:00+00:00
[2024-07-01T18:44:03.170+0000] {processor.py:183} INFO - Processing /home/airflow/.local/lib/python3.12/site-packages/airflow/example_dags/example_dynamic_task_mapping_with_no_taskflow_operators.py took 0.154 seconds
