[2024-07-01T18:40:00.341+0000] {processor.py:161} INFO - Started process (PID=62) to work on /home/airflow/.local/lib/python3.12/site-packages/airflow/example_dags/tutorial_dag.py
[2024-07-01T18:40:00.344+0000] {processor.py:830} INFO - Processing file /home/airflow/.local/lib/python3.12/site-packages/airflow/example_dags/tutorial_dag.py for tasks to queue
[2024-07-01T18:40:00.356+0000] {logging_mixin.py:188} INFO - [2024-07-01T18:40:00.354+0000] {dagbag.py:545} INFO - Filling up the DagBag from /home/airflow/.local/lib/python3.12/site-packages/airflow/example_dags/tutorial_dag.py
[2024-07-01T18:40:00.372+0000] {processor.py:840} INFO - DAG(s) 'tutorial_dag' retrieved from /home/airflow/.local/lib/python3.12/site-packages/airflow/example_dags/tutorial_dag.py
[2024-07-01T18:40:00.769+0000] {logging_mixin.py:188} INFO - [2024-07-01T18:40:00.768+0000] {override.py:1829} INFO - Created Permission View: can read on DAG:tutorial_dag
[2024-07-01T18:40:00.813+0000] {logging_mixin.py:188} INFO - [2024-07-01T18:40:00.812+0000] {override.py:1829} INFO - Created Permission View: can delete on DAG:tutorial_dag
[2024-07-01T18:40:00.846+0000] {logging_mixin.py:188} INFO - [2024-07-01T18:40:00.844+0000] {override.py:1829} INFO - Created Permission View: can edit on DAG:tutorial_dag
[2024-07-01T18:40:00.848+0000] {logging_mixin.py:188} INFO - [2024-07-01T18:40:00.847+0000] {dag.py:3096} INFO - Sync 1 DAGs
[2024-07-01T18:40:00.903+0000] {logging_mixin.py:188} INFO - [2024-07-01T18:40:00.902+0000] {dag.py:3118} INFO - Creating ORM DAG for tutorial_dag
[2024-07-01T18:40:00.905+0000] {logging_mixin.py:188} INFO - [2024-07-01T18:40:00.904+0000] {dag.py:3954} INFO - Setting next_dagrun for tutorial_dag to None, run_after=None
[2024-07-01T18:40:00.973+0000] {processor.py:183} INFO - Processing /home/airflow/.local/lib/python3.12/site-packages/airflow/example_dags/tutorial_dag.py took 0.650 seconds
[2024-07-01T18:40:31.093+0000] {processor.py:161} INFO - Started process (PID=120) to work on /home/airflow/.local/lib/python3.12/site-packages/airflow/example_dags/tutorial_dag.py
[2024-07-01T18:40:31.099+0000] {processor.py:830} INFO - Processing file /home/airflow/.local/lib/python3.12/site-packages/airflow/example_dags/tutorial_dag.py for tasks to queue
[2024-07-01T18:40:31.107+0000] {logging_mixin.py:188} INFO - [2024-07-01T18:40:31.106+0000] {dagbag.py:545} INFO - Filling up the DagBag from /home/airflow/.local/lib/python3.12/site-packages/airflow/example_dags/tutorial_dag.py
[2024-07-01T18:40:31.128+0000] {processor.py:840} INFO - DAG(s) 'tutorial_dag' retrieved from /home/airflow/.local/lib/python3.12/site-packages/airflow/example_dags/tutorial_dag.py
[2024-07-01T18:40:31.202+0000] {logging_mixin.py:188} INFO - [2024-07-01T18:40:31.201+0000] {dag.py:3096} INFO - Sync 1 DAGs
[2024-07-01T18:40:31.265+0000] {logging_mixin.py:188} INFO - [2024-07-01T18:40:31.265+0000] {dag.py:3954} INFO - Setting next_dagrun for tutorial_dag to None, run_after=None
[2024-07-01T18:40:31.334+0000] {processor.py:183} INFO - Processing /home/airflow/.local/lib/python3.12/site-packages/airflow/example_dags/tutorial_dag.py took 0.259 seconds
[2024-07-01T18:41:04.046+0000] {processor.py:161} INFO - Started process (PID=178) to work on /home/airflow/.local/lib/python3.12/site-packages/airflow/example_dags/tutorial_dag.py
[2024-07-01T18:41:04.051+0000] {processor.py:830} INFO - Processing file /home/airflow/.local/lib/python3.12/site-packages/airflow/example_dags/tutorial_dag.py for tasks to queue
[2024-07-01T18:41:04.061+0000] {logging_mixin.py:188} INFO - [2024-07-01T18:41:04.060+0000] {dagbag.py:545} INFO - Filling up the DagBag from /home/airflow/.local/lib/python3.12/site-packages/airflow/example_dags/tutorial_dag.py
[2024-07-01T18:41:04.079+0000] {processor.py:840} INFO - DAG(s) 'tutorial_dag' retrieved from /home/airflow/.local/lib/python3.12/site-packages/airflow/example_dags/tutorial_dag.py
[2024-07-01T18:41:04.156+0000] {logging_mixin.py:188} INFO - [2024-07-01T18:41:04.154+0000] {dag.py:3096} INFO - Sync 1 DAGs
[2024-07-01T18:41:04.227+0000] {logging_mixin.py:188} INFO - [2024-07-01T18:41:04.227+0000] {dag.py:3954} INFO - Setting next_dagrun for tutorial_dag to None, run_after=None
[2024-07-01T18:41:04.327+0000] {processor.py:183} INFO - Processing /home/airflow/.local/lib/python3.12/site-packages/airflow/example_dags/tutorial_dag.py took 0.305 seconds
[2024-07-01T18:41:34.523+0000] {processor.py:161} INFO - Started process (PID=234) to work on /home/airflow/.local/lib/python3.12/site-packages/airflow/example_dags/tutorial_dag.py
[2024-07-01T18:41:34.525+0000] {processor.py:830} INFO - Processing file /home/airflow/.local/lib/python3.12/site-packages/airflow/example_dags/tutorial_dag.py for tasks to queue
[2024-07-01T18:41:34.529+0000] {logging_mixin.py:188} INFO - [2024-07-01T18:41:34.528+0000] {dagbag.py:545} INFO - Filling up the DagBag from /home/airflow/.local/lib/python3.12/site-packages/airflow/example_dags/tutorial_dag.py
[2024-07-01T18:41:34.543+0000] {processor.py:840} INFO - DAG(s) 'tutorial_dag' retrieved from /home/airflow/.local/lib/python3.12/site-packages/airflow/example_dags/tutorial_dag.py
[2024-07-01T18:41:34.606+0000] {logging_mixin.py:188} INFO - [2024-07-01T18:41:34.605+0000] {dag.py:3096} INFO - Sync 1 DAGs
[2024-07-01T18:41:34.644+0000] {logging_mixin.py:188} INFO - [2024-07-01T18:41:34.643+0000] {dag.py:3954} INFO - Setting next_dagrun for tutorial_dag to None, run_after=None
[2024-07-01T18:41:34.698+0000] {processor.py:183} INFO - Processing /home/airflow/.local/lib/python3.12/site-packages/airflow/example_dags/tutorial_dag.py took 0.190 seconds
[2024-07-01T18:42:05.148+0000] {processor.py:161} INFO - Started process (PID=292) to work on /home/airflow/.local/lib/python3.12/site-packages/airflow/example_dags/tutorial_dag.py
[2024-07-01T18:42:05.153+0000] {processor.py:830} INFO - Processing file /home/airflow/.local/lib/python3.12/site-packages/airflow/example_dags/tutorial_dag.py for tasks to queue
[2024-07-01T18:42:05.159+0000] {logging_mixin.py:188} INFO - [2024-07-01T18:42:05.158+0000] {dagbag.py:545} INFO - Filling up the DagBag from /home/airflow/.local/lib/python3.12/site-packages/airflow/example_dags/tutorial_dag.py
[2024-07-01T18:42:05.182+0000] {processor.py:840} INFO - DAG(s) 'tutorial_dag' retrieved from /home/airflow/.local/lib/python3.12/site-packages/airflow/example_dags/tutorial_dag.py
[2024-07-01T18:42:05.279+0000] {logging_mixin.py:188} INFO - [2024-07-01T18:42:05.278+0000] {dag.py:3096} INFO - Sync 1 DAGs
[2024-07-01T18:42:05.366+0000] {logging_mixin.py:188} INFO - [2024-07-01T18:42:05.365+0000] {dag.py:3954} INFO - Setting next_dagrun for tutorial_dag to None, run_after=None
[2024-07-01T18:42:05.501+0000] {processor.py:183} INFO - Processing /home/airflow/.local/lib/python3.12/site-packages/airflow/example_dags/tutorial_dag.py took 0.371 seconds
[2024-07-01T18:42:36.653+0000] {processor.py:161} INFO - Started process (PID=349) to work on /home/airflow/.local/lib/python3.12/site-packages/airflow/example_dags/tutorial_dag.py
[2024-07-01T18:42:36.658+0000] {processor.py:830} INFO - Processing file /home/airflow/.local/lib/python3.12/site-packages/airflow/example_dags/tutorial_dag.py for tasks to queue
[2024-07-01T18:42:36.671+0000] {logging_mixin.py:188} INFO - [2024-07-01T18:42:36.670+0000] {dagbag.py:545} INFO - Filling up the DagBag from /home/airflow/.local/lib/python3.12/site-packages/airflow/example_dags/tutorial_dag.py
[2024-07-01T18:42:36.691+0000] {processor.py:840} INFO - DAG(s) 'tutorial_dag' retrieved from /home/airflow/.local/lib/python3.12/site-packages/airflow/example_dags/tutorial_dag.py
[2024-07-01T18:42:36.772+0000] {logging_mixin.py:188} INFO - [2024-07-01T18:42:36.771+0000] {dag.py:3096} INFO - Sync 1 DAGs
[2024-07-01T18:42:36.826+0000] {logging_mixin.py:188} INFO - [2024-07-01T18:42:36.825+0000] {dag.py:3954} INFO - Setting next_dagrun for tutorial_dag to None, run_after=None
[2024-07-01T18:42:36.945+0000] {processor.py:183} INFO - Processing /home/airflow/.local/lib/python3.12/site-packages/airflow/example_dags/tutorial_dag.py took 0.315 seconds
[2024-07-01T18:43:07.144+0000] {processor.py:161} INFO - Started process (PID=407) to work on /home/airflow/.local/lib/python3.12/site-packages/airflow/example_dags/tutorial_dag.py
[2024-07-01T18:43:07.149+0000] {processor.py:830} INFO - Processing file /home/airflow/.local/lib/python3.12/site-packages/airflow/example_dags/tutorial_dag.py for tasks to queue
[2024-07-01T18:43:07.155+0000] {logging_mixin.py:188} INFO - [2024-07-01T18:43:07.154+0000] {dagbag.py:545} INFO - Filling up the DagBag from /home/airflow/.local/lib/python3.12/site-packages/airflow/example_dags/tutorial_dag.py
[2024-07-01T18:43:07.177+0000] {processor.py:840} INFO - DAG(s) 'tutorial_dag' retrieved from /home/airflow/.local/lib/python3.12/site-packages/airflow/example_dags/tutorial_dag.py
[2024-07-01T18:43:07.284+0000] {logging_mixin.py:188} INFO - [2024-07-01T18:43:07.281+0000] {dag.py:3096} INFO - Sync 1 DAGs
[2024-07-01T18:43:07.359+0000] {logging_mixin.py:188} INFO - [2024-07-01T18:43:07.359+0000] {dag.py:3954} INFO - Setting next_dagrun for tutorial_dag to None, run_after=None
[2024-07-01T18:43:07.483+0000] {processor.py:183} INFO - Processing /home/airflow/.local/lib/python3.12/site-packages/airflow/example_dags/tutorial_dag.py took 0.360 seconds
[2024-07-01T18:43:38.213+0000] {processor.py:161} INFO - Started process (PID=465) to work on /home/airflow/.local/lib/python3.12/site-packages/airflow/example_dags/tutorial_dag.py
[2024-07-01T18:43:38.215+0000] {processor.py:830} INFO - Processing file /home/airflow/.local/lib/python3.12/site-packages/airflow/example_dags/tutorial_dag.py for tasks to queue
[2024-07-01T18:43:38.220+0000] {logging_mixin.py:188} INFO - [2024-07-01T18:43:38.219+0000] {dagbag.py:545} INFO - Filling up the DagBag from /home/airflow/.local/lib/python3.12/site-packages/airflow/example_dags/tutorial_dag.py
[2024-07-01T18:43:38.239+0000] {processor.py:840} INFO - DAG(s) 'tutorial_dag' retrieved from /home/airflow/.local/lib/python3.12/site-packages/airflow/example_dags/tutorial_dag.py
[2024-07-01T18:43:38.309+0000] {logging_mixin.py:188} INFO - [2024-07-01T18:43:38.309+0000] {dag.py:3096} INFO - Sync 1 DAGs
[2024-07-01T18:43:38.352+0000] {logging_mixin.py:188} INFO - [2024-07-01T18:43:38.351+0000] {dag.py:3954} INFO - Setting next_dagrun for tutorial_dag to None, run_after=None
[2024-07-01T18:43:38.415+0000] {processor.py:183} INFO - Processing /home/airflow/.local/lib/python3.12/site-packages/airflow/example_dags/tutorial_dag.py took 0.219 seconds
[2024-07-01T18:44:08.542+0000] {processor.py:161} INFO - Started process (PID=523) to work on /home/airflow/.local/lib/python3.12/site-packages/airflow/example_dags/tutorial_dag.py
[2024-07-01T18:44:08.545+0000] {processor.py:830} INFO - Processing file /home/airflow/.local/lib/python3.12/site-packages/airflow/example_dags/tutorial_dag.py for tasks to queue
[2024-07-01T18:44:08.552+0000] {logging_mixin.py:188} INFO - [2024-07-01T18:44:08.551+0000] {dagbag.py:545} INFO - Filling up the DagBag from /home/airflow/.local/lib/python3.12/site-packages/airflow/example_dags/tutorial_dag.py
[2024-07-01T18:44:08.568+0000] {processor.py:840} INFO - DAG(s) 'tutorial_dag' retrieved from /home/airflow/.local/lib/python3.12/site-packages/airflow/example_dags/tutorial_dag.py
[2024-07-01T18:44:08.620+0000] {logging_mixin.py:188} INFO - [2024-07-01T18:44:08.619+0000] {dag.py:3096} INFO - Sync 1 DAGs
[2024-07-01T18:44:08.651+0000] {logging_mixin.py:188} INFO - [2024-07-01T18:44:08.650+0000] {dag.py:3954} INFO - Setting next_dagrun for tutorial_dag to None, run_after=None
[2024-07-01T18:44:08.704+0000] {processor.py:183} INFO - Processing /home/airflow/.local/lib/python3.12/site-packages/airflow/example_dags/tutorial_dag.py took 0.189 seconds
